C:\Program Files\MariaDB 10.4\bin\mysqld.exe, Version: 10.4.8-MariaDB (mariadb.org binary distribution). started with:
TCP Port: 3306, Named Pipe: MySQL
Time		    Id Command	Argument
191112  6:38:18	    84 Query	CREATE VIEW  orde_view AS SELECT customers.customerName AS customer, COUNT(products.productName) AS qty,
(SELECT GROUP_CONCAT(productName) FROM products LIMIT 10) AS product FROM orders JOIN orderdetails USING(orderNumber) JOIN products USING(productCode) JOIN customers USING (customerNumber) GROUP BY customerName ORDER BY qty ASC
191112  6:38:42	    84 Query	SELECT * FROM order_view
191112  6:38:52	    84 Query	SELECT * FROM orde_view
191112  6:39:33	    84 Query	CREATE PROCEDURE get_employee(id_employee INT)
BEGIN
SELECT * FROM employees WHERE employeeNumber = id_employee;
END
191112  6:39:43	    84 Query	CALL get_employee(1056)
191112  6:40:03	    84 Query	CREATE PROCEDURE get_products(IN id_product VARCHAR(10))
BEGIN
SELECT * FROM products WHERE productCode = id_product ;
END
191112  6:40:11	    84 Query	CALL get_products("S10_1678")
191112  6:40:28	    84 Query	CREATE PROCEDURE get_order(id_customer INT)
BEGIN
SELECT customerNumber, customers.customerName AS customer, COUNT(products.productName) AS qty, productName AS product FROM orders JOIN orderdetails USING(orderNumber) JOIN products USING(productCode) JOIN customers USING (customerNumber) WHERE customerNumber = id_customer GROUP BY customerName;
END
191112  6:40:34	    84 Query	CALL get_order(181)
