c:\xampp\mysql\bin\mysqld.exe, Version: 10.1.39-MariaDB (mariadb.org binary distribution). started with:
TCP Port: 3306, Named Pipe: C:/xampp/mysql/mysql.sock
Time                 Id Command    Argument
191015 19:40:24	    3 Query	create database world
191015 19:40:35	    3 Query	SELECT DATABASE()
		    3 Init DB	world
191015 19:41:57	    3 Quit	
191015 19:43:51	    4 Connect	root@localhost as anonymous on 
		    4 Query	select @@version_comment limit 1
191015 19:44:00	    4 Query	SELECT DATABASE()
		    4 Init DB	world
191015 19:44:07	    4 Query	show tables
191015 19:44:31	    4 Query	select * from tables_list_country
191015 19:44:43	    4 Query	select * from table_list_country
191015 19:45:49	    4 Query	show tables
191015 19:47:19	    4 Query	mysql -u root -p < world.sql
191015 19:47:35	    4 Quit	
191015 19:47:40	    5 Connect	root@localhost as anonymous on world
		    5 Query	/*!40101 SET @OLD_CHARACTER_SET_CLIENT=@@CHARACTER_SET_CLIENT */
		    5 Query	/*!40101 SET @OLD_CHARACTER_SET_RESULTS=@@CHARACTER_SET_RESULTS */
		    5 Query	/*!40101 SET @OLD_COLLATION_CONNECTION=@@COLLATION_CONNECTION */
		    5 Query	/*!40101 SET NAMES utf8mb4 */
		    5 Query	/*!40103 SET @OLD_TIME_ZONE=@@TIME_ZONE */
		    5 Query	/*!40103 SET TIME_ZONE='+00:00' */
		    5 Query	/*!40014 SET @OLD_UNIQUE_CHECKS=@@UNIQUE_CHECKS, UNIQUE_CHECKS=0 */
		    5 Query	/*!40014 SET @OLD_FOREIGN_KEY_CHECKS=@@FOREIGN_KEY_CHECKS, FOREIGN_KEY_CHECKS=0 */
		    5 Query	/*!40101 SET @OLD_SQL_MODE=@@SQL_MODE, SQL_MODE='NO_AUTO_VALUE_ON_ZERO' */
		    5 Query	/*!40111 SET @OLD_SQL_NOTES=@@SQL_NOTES, SQL_NOTES=0 */
		    5 Query	DROP TABLE IF EXISTS `table_list_country`
		    5 Query	/*!40101 SET @saved_cs_client     = @@character_set_client */
		    5 Query	/*!40101 SET character_set_client = utf8 */
		    5 Query	CREATE TABLE `table_list_country` (
  `iso_code` varchar(2) COLLATE utf8mb4_unicode_ci NOT NULL,
  `name` varchar(50) COLLATE utf8mb4_unicode_ci NOT NULL,
  `continent` varchar(50) COLLATE utf8mb4_unicode_ci NOT NULL,
  `region` varchar(100) COLLATE utf8mb4_unicode_ci NOT NULL,
  `capital` varchar(100) COLLATE utf8mb4_unicode_ci NOT NULL,
  `area` decimal(10,0) NOT NULL,
  `population` decimal(11,0) NOT NULL,
  `gdp` decimal(14,0) DEFAULT NULL,
  `currency` varchar(100) COLLATE utf8mb4_unicode_ci NOT NULL,
  `pop_density` int(4) NOT NULL,
  PRIMARY KEY (`iso_code`),
  UNIQUE KEY `name` (`name`)
) ENGINE=InnoDB DEFAULT CHARSET=utf8mb4 COLLATE=utf8mb4_unicode_ci
191015 19:47:41	    5 Query	/*!40101 SET character_set_client = @saved_cs_client */
		    5 Query	LOCK TABLES `table_list_country` WRITE
		    5 Query	/*!40000 ALTER TABLE `table_list_country` DISABLE KEYS */
		    5 Query	INSERT INTO `table_list_country` VALUES ('AF','Afghanistan','Asia','Central','Kabul',625090,29863010,7168,'Afghan afgani',46),('AL','Albani','Europe','South East','Tirana',28748,3129678,8379,'Albanian lek',109),('AR','Argentina','South America','South East','Bueno Aires',2780400,38747150,183309,'Argentine peso',13),('AT','Austria','Europe','South Central','Vienna',83858,8189444,304527,'Euro',98),('AU','Australia','Oceana','South West','Canberra',7741220,20155130,700672,'Autralian dollar',2),('BD','Bangladesh','Asia','South Central','Dhaka',143998,141822300,59958,'Bangladeshi taka',985),('BE','Belgium','Europe','Central West','Brussels',30528,10419050,364735,'Euro',341),('BG','Bulgaria','Europe','South East','Sofia',110912,7725965,26648,'Bulgarian Lev',70),('BH','Bahrain','Asia','South West','Manama',694,726617,12995,'Bahraini dinar',1047),('BN','Brunei','Asia','South East','Bandar Seri Begawan',5765,373819,9531,'Brunei dollar',65),('BR','Brazil','South America','North East','Brasilia',8514877,186404900,794098,'Brazillian real',22),('BT','Bhutan','Asia','South Central','Thimphu',47000,2162546,840,'Indian rupee',46),('CA','Canada','North America','North Central','Ottawa',9970610,32268240,1115192,'Canadian dollar',3),('CN','China','Asia','Central East','Beijing',9596961,1315844000,2228862,'Chinese yuan',137),('CO','Colombia','South America','North West','Bogota',1138914,45600240,122309,'Colombia peso',40),('CZ','Czech Republic','Europe','Central','Prague',78866,10219600,122345,'Czech koruna',130),('DE','Germany','Europe','Central','Berlin',357022,82689210,2781900,'Euro',232),('DK','Denmark','Europe','North Central','Copenhagen',43094,5430590,254401,'Danish krone',126),('DM','Dominican Republic','North America','South East','Santo Domingo',48671,8894907,28303,'Dominican peso',183),('DZ','Algeria','Africa','North Central','Algiers',2381741,32853800,102257,'Algerian dinar',13),('EG','Egypt','North Amerika','South East','Cairo',1001449,74032880,89336,'Egyptian pound',74),('ET','Ethiopia','Africa','Central East','Addis Ababa',1104300,77430700,11174,'Ethiopian birr',70),('FI','Finland','Europe','North East','Helsinki',338145,5249060,193176,'Euro',15),('FR','France','Europe','South West','Paris',551500,60495540,2110185,'Euro',110),('GH','Ghana','Africa','North West','Accra',238533,2212810,10695,'Ghanian cedi',137),('GT','Guatemala','North America','South East','Guatemala City',108889,12599060,31683,'Guatemalan quetzal',116),('HT','Haiti','Nort America','South East','Port-au-Prince',27750,8527777,4254,'Haitian gourde',307),('HU','Hungary','Europe','South East','Budapest',93032,10097730,109154,'Hungarian forint',109),('ID','Indonesia','Asia','South East','Jakarta',1904569,222781500,287217,'Indonesian rupiah',117),('IE','Ireland','Europe','North West','Dublin',70273,4147901,196388,'Euro',59),('IL','Israel','Asia','Central West','Jerusalem',22145,6724564,123434,'Israeli new shaqei',304),('IN','India','Asia','South Central','New Delhi',3287263,1103371000,785468,'Indian rupee',336),('IQ','Iraq','Asia','Central West','Baghdad',438317,28807190,438317,'Iraqi dinar',66),('IR','Iran','Asia','Central West','Tehran',1648195,69515210,196343,'Iranian rial',42),('IS','Iceland','Europe','North West','Reykjavik',103000,294561,15036,'Iceland krona',2),('IT','Italy','Europe','South Central','Rome',301318,58092740,1732044,'Euro',193),('JP','Japan','Asia','Central East','Tokyo',377873,128084700,4505912,'Japanese yen',339),('KH','Cambodia','Asia','South East','Phnom Penh',181035,14071010,5391,'Cambodian riel',78),('KP','Korea, North','Asia','Central East','Pyongyang',120538,22487660,5997,'North Korean won',187),('KR','Korea, South','Asia','Central East','Seoul',99538,48846823,787624,'South Korean won',480),('KZ','Kazakhstan','Asia','North West','Astana',2724900,14825110,56088,'Kazakhstani tenge',5),('LA','Laos','Asia','South East','Vientiane',236800,5924145,2855,'Lao kip',25),('LB','Lebanon','Asia','Central West','Beirut',10400,3576818,22210,'Lebanese lira',344),('MM','Myanmar','Asia','South East','Naypyidaw',676578,50519490,12151,'Myanmar kyat',75),('MX','Mexico','North America','South Central','Mexico City',1958201,107029400,768438,'Mexican peso',55),('MY','Malysia','Asia','South East','Putra Jaya',329847,25347370,130143,'Malaysian ringgit',77),('NL','Netherlands','Europe','Central West','Amsterdam',41528,16299170,594755,'Euro',392),('NZ','New Zealand','Oceana','South East','Wellington',270534,4028384,109041,'New Zealan dollar',14),('RU','Rusia','Asia','North West','Moscow',17098242,143201600,2855,'Russian ruble',8),('SA','Saudi Arabia','Asia','South West','Riyadh',2149690,24573100,309778,'Saudi riyal',11)
		    5 Query	/*!40000 ALTER TABLE `table_list_country` ENABLE KEYS */
		    5 Query	UNLOCK TABLES
		    5 Query	/*!40103 SET TIME_ZONE=@OLD_TIME_ZONE */
		    5 Query	/*!40101 SET SQL_MODE=@OLD_SQL_MODE */
		    5 Query	/*!40014 SET FOREIGN_KEY_CHECKS=@OLD_FOREIGN_KEY_CHECKS */
		    5 Query	/*!40014 SET UNIQUE_CHECKS=@OLD_UNIQUE_CHECKS */
		    5 Query	/*!40101 SET CHARACTER_SET_CLIENT=@OLD_CHARACTER_SET_CLIENT */
		    5 Query	/*!40101 SET CHARACTER_SET_RESULTS=@OLD_CHARACTER_SET_RESULTS */
		    5 Query	/*!40101 SET COLLATION_CONNECTION=@OLD_COLLATION_CONNECTION */
		    5 Query	/*!40111 SET SQL_NOTES=@OLD_SQL_NOTES */
		    5 Quit	
191015 19:47:56	    6 Connect	root@localhost as anonymous on 
		    6 Query	select @@version_comment limit 1
191015 19:48:01	    6 Query	SELECT DATABASE()
		    6 Init DB	world
191015 19:48:13	    6 Query	show tables
191015 19:48:23	    6 Query	select * from table_list_country
191015 19:49:08	    6 Query	select * table_list_country order by iso_code asc
191015 19:49:38	    6 Query	select * from table_list_country order by iso_code asc
191015 19:50:50	    6 Query	select * from table_list_country order by gdp desc limit 10
191015 19:51:11	    6 Query	select * from table_list_country order by area desc limit 10
191015 19:51:30	    6 Query	select * from table_list_country order by population desc limit 10
191015 19:52:01	    6 Query	select * from table_list_country order by pop_density asc limit 10
191015 19:56:54	    6 Query	select * from table_list_country where name like"
%a%" and name like"%i%" and name like"%u%" and name like"%e%" and name like"%o%"
191015 19:57:04	    6 Query	k
ffdjf
191015 19:59:59	    6 Query	select * from table_list_country where name capital"%a%"
191015 20:00:13	    6 Query	select * from table_list_country where name capital"a%"
191015 20:00:23	    6 Query	select * from table_list_country where name like"a%"
191015 20:00:51	    6 Query	select * from table_list_country where name like"%a%" and like "%e%"
191015 20:01:04	    6 Query	select * from table_list_country where name like "%e%"
191015 20:01:20	    6 Query	select * from table_list_country where name like "%u%"
191015 20:01:28	    6 Query	select * from table_list_country where name like "%e%"
191015 20:01:33	    6 Query	select * from table_list_country where name like "%o%"
191015 20:03:09	    6 Query	select * from table_list_country where name like "%i%"
191015 20:03:14	    6 Query	select * from table_list_country where name like "%u%"
191015 20:03:19	    6 Query	select * from table_list_country where name like "%o%"
191015 20:06:26	    6 Query	select * from table_list_country where area between 3000000
191015 20:12:48	    6 Query	select name, capital, iso_code, continent, region where name like "%a%"
191015 20:14:10	    6 Query	select name, capital, iso_code, continent, region where name, capital, iso_code, continent, region like "%a%"
191015 20:15:44	    6 Query	select name, capital, iso_code, continent, region where name like "%a%" or capital like "%a%"
191015 20:16:09	    6 Query	select name, capital, iso_code, continent, region where name like "%a%"
191015 20:17:01	    6 Query	select name, capital, iso_code, continent, region from table_list_country where name like "%a%" or capital like "%a%"
191015 20:17:19	    6 Query	select name, capital, iso_code, continent, region from table_list_country where name like "%a%" or capital like "%a%"
191015 20:19:11	    6 Query	select name, capital, iso_code, continent, region from table_list_country where
name like "%a%" or
name like "%i%" or
capital like "%a%"
191015 20:22:48	    6 Query	select name, capital, iso_code, continent, region from table_list_country where
name like "%a%" and
name like "%i%" and
capital like  "%a%"
191015 20:25:54	    6 Query	select name, capital, iso_code, continent, region from table_list_country where
name like "%a%" and
name like "%i%" and
name like "%u%" and
name like "%e%" and
name like "%o%"
191015 20:32:24	    6 Query	select name, area, population from table_list_country where area between 3000000
191015 20:32:41	    6 Query	select name, area, population from table_list_country where area between 3000000 and 4000000
191015 20:34:24	    6 Query	select name, area, population from table_list_country where area, population between 3000000 and 4000000
191015 20:36:03	    6 Query	select name, area, population from table_list_country where area>3000000 or population>25000000
191015 20:36:40	    6 Query	select name, area, population from table_list_country where area>3000000 or population>250000000
191015 20:36:56	    6 Query	select name, area, population from table_list_country where area>3000000 and population>250000000
191015 20:37:27	    6 Query	select name, area, population from table_list_country where area>3000000 or population>250000000
191015 20:41:21	    6 Query	select name, population, pop_density from table_list_country where continen="asia"
191015 20:41:28	    6 Query	select name, population, pop_density from table_list_country where continent="asia"
191015 20:42:20	    6 Query	select name, population, pop_density from table_list_country where continen="asia" and="south east"
191015 20:42:33	    6 Query	select name, population, pop_density from table_list_country where continent="asia" and="south east"
191015 20:43:21	    6 Query	select name, population, pop_density from table_list_country where continent="asia" and region="south east"
191015 20:44:30	    6 Query	select name, population, pop_density from table_list_country where continent="asia" and region="south east" and name like"i%"
191015 20:45:44	    6 Query	select name, population, pop_density from table_list_country where name like"i%"
191015 20:45:58	    6 Query	select name, population, pop_density from table_list_country where continent="asia" and region="south east" and name like"i%"
191015 20:46:00	    6 Query	select name, population, pop_density from table_list_country where name like"i%"
191015 20:46:02	    6 Query	select name, population, pop_density from table_list_country where continent="asia" and region="south east" and name like"i%"
191015 20:51:41	    6 Query	select name, population, pop_density from table_list_country where name like"i%"
