d:\php\mysql\bin\mysqld.exe, Version: 10.4.6-MariaDB (mariadb.org binary distribution). started with:
TCP Port: 3306, Named Pipe: D:/PHP/mysql/mysql.sock
Time		    Id Command	Argument
191029 11:45:39	    11 Query	create database data
191029 11:45:53	    11 Query	SELECT DATABASE()
		    11 Init DB	data
191029 11:46:28	    11 Query	create table fakultas
kode varchar(1) primary key,
nama varchar(100) not null)
191029 11:46:52	    11 Query	create table fakultas
(kode varchar(1) primary key,
nama varchar(100) not null)
191029 11:47:52	    11 Query	create table prodi
(kode int (2) zerofill primary key,
nama varchar (100) not null,
kode_fakultas varchar(1) not null)
191029 11:48:26	    11 Query	alter table prodi  add foreign key (kode_fakultas) references fakultas(kode)
191029 11:49:48	    11 Query	create table jalur_masuk
(kode enum('0' , '3' , '5') not null primary key,
nama enum ('SN' , 'SB' , 'Mandiri') not null)
191029 11:51:46	    11 Query	create table mahasiswa
id int(2) zerofill primary key auto_increment,
kode_fakultas varchar(1) not null ,
kode_prodi int(2) zerofill not null,
tahun_masuk int(4) not null,
jalur_masuk enum('0' , '3' , '5') not null,
nama varchar(100) not null)
191029 11:52:55	    11 Query	create table mahasiswa
(id int(2) zerofill primary key auto_increment,
kode_fakultas varchar(1) not null ,
kode_prodi int(2) zerofill not null,
tahun_masuk int(4) not null,
jalur_masuk enum('0' , '3' , '5') not null,
nama varchar(100) not null)
191029 11:53:35	    11 Query	alter table mahasiswa add foreign key (kode_fakultas) references fakultas(kode)
191029 11:53:53	    11 Query	alter table mahasiswa add foreign key (kode_prodi) references prodi(kode)
191029 11:54:14	    11 Query	alter table mahasiswa add foreign key (jalur_masuk) references jalur_masuk(kode)
191029 11:54:21	    11 Query	desc mahasiswa
191029 11:55:11	    11 Query	create table nim
(nama varchar (100) not null ,
nim varchar(10) not null)
191029 11:56:26	    11 Query	insert into fakultas values ('H' , 'MIPA')
191029 11:57:09	    11 Query	insert into prodi values ('07','Ilmu Komputer' ,'H')
191029 11:58:09	    11 Query	insert into jalur_masuk values (NULL,'H',07,2018,'0','Arika Putri')
191029 12:00:48	    11 Query	insert into jalur_masuk values ('0' , 'SN')
191029 12:01:53	    11 Query	insert into mahasiswa values (NULL ,'H',07,2018,'0','Arika Putri')
191029 12:16:56	    11 Query	insert into nim select mahasiswa.nama,CONCAT(mahasiswa.kode_fakultas,mahasiswa.kode_prodi,'1',RIGHT(mahasiswa.tahun_masuk,2),'1',mahasisw.jalur_masuk,mahasiswa.id) from mahasiswa join jalur_masuk ON mahasiswa.jalur_masuk = jalur_masuk.kode
join fakultas on mahasiswa.kode_fakultas = fakultas.kode
join prodi on mahasiswa.kode_prodi = prodi.kode)
191029 12:20:22	    11 Query	insert into nim select mahasiswa.nama,CONCAT(mahasiswa.kode_fakultas,mahasiswa.kode_prodi,'1',RIGHT(mahasiswa.tahun_masuk,2),'1',mahasiswa.jalur_masuk,mahasiswa.id) from mahasiswa join jalur_masuk ON mahasiswa.jalur_masuk = jalur_masuk.kode
join fakultas on mahasiswa.kode_fakultas = fakultas.kode
join prodi on mahasiswa.kode_prodi = prodi.kode
191029 12:26:09	    11 Query	select mahasiswa.nama AS NAMA, nim.nim AS NIM,fakultas.nama AS FAKULTAS,prodi.nama AS PRODI ,mahasiswa.tahun_masuk AS ANGKATAN,jalur_masuk.nama AS JALUR_MASUK FROM mahasiswa JOIN jalur_masuk ON mahasiswa.jalur_masuk = jalur_masuk.kode
JOIN fakultas on mahasiswa.kode_fakultas = fakultas.kode
join prodi on mahasiswa.kode_prodi = prodi.kode
join nim on mahasiswa.nama = nim.nama
191029 12:27:30	    11 Query	insert into mahasiswa values (null ,'H',07,2018,'0',Cecilia Tania Emanuella');
;;
kdjdjd;
!;
!!!!;
;;;;
uy'
191029 12:27:43	    11 Query	insert into mahasiswa values (null ,'H',07,2018,'0',('Cecilia Tania Emanuella')
191029 12:28:44	    11 Query	insert into mahasiswa values (null ,'H',07,2018,'0','Cecilia Tania Emanuella')
191029 12:40:19	    11 Query	insert into nim select mahasiswa.nama,CONCAT(mahasiswa.kode_fakultas,mahasiswa.kode_prodi,'1',RIGHT(mahasiswa.tahun_masuk,2),'1',mahasiswa.jalur_masuk , mahasiswa.id) from mahasiswa join jalur_masuk on mahasiswa.jalur_masuk =jalur_masuk.kode join fakultas on mahasiswa.kode_fakultas = fakultas.kode join prodi on mahasiswa.kode_prodi = prodi.kode where mahasiswa.id = 02
191029 12:40:23	    11 Query	insert into nim select mahasiswa.nama,CONCAT(mahasiswa.kode_fakultas,mahasiswa.kode_prodi,'1',RIGHT(mahasiswa.tahun_masuk,2),'1',mahasiswa.jalur_masuk , mahasiswa.id) from mahasiswa join jalur_masuk on mahasiswa.jalur_masuk =jalur_masuk.kode join fakultas on mahasiswa.kode_fakultas = fakultas.kode join prodi on mahasiswa.kode_prodi = prodi.kode where mahasiswa.id = 02
191029 12:40:40	    11 Query	select * from nim
191029 12:46:17	    11 Query	delete from mahasiswa where nama = Cecilia Tania Emanuella
191029 12:46:26	    11 Query	delete from mahasiswa where nama = 'Cecilia Tania Emanuella'
191029 12:46:35	    11 Query	select * from nim
191029 12:47:58	    11 Query	select * from mahasiswa
191029 12:48:23	    11 Query	delete from nim  where nama = 'Cecilia Tania Emanuella'
191029 12:49:36	    11 Query	select * from nim
191029 12:51:28	    11 Query	insert into mahasiswa values (null ,'H',07,2018,'0','Cecilia Tania Emanuella')
191029 12:51:36	    11 Query	insert into nim select mahasiswa.nama,CONCAT(mahasiswa.kode_fakultas,mahasiswa.kode_prodi,'1',RIGHT(mahasiswa.tahun_masuk,2),'1',mahasiswa.jalur_masuk , mahasiswa.id) from mahasiswa join jalur_masuk on mahasiswa.jalur_masuk =jalur_masuk.kode join fakultas on mahasiswa.kode_fakultas = fakultas.kode join prodi on mahasiswa.kode_prodi = prodi.kode where mahasiswa.id = 02
191029 12:51:47	    11 Query	select * from nim
191029 13:00:35	    11 Query	insert into nim select mahasiswa.nama , concat (mahasiswa.kode_fakultas,mahasiswa.kode_prodi,'1',RIGHT(mahasiswa.tahun_masuk,2)'1',mahasiswa.jalur_masuk,mahasiswa.id) from mahasiswa join jalur_masuk on mahasiswa.jalur_masuk = jalur_masuk.kode join fakultas on mahasiswa.kode_fakultas = fakultas.kode join prodi on mahasiswa.kode_prodi = prodi.kode where mahasiswa.id = 02
191029 13:02:30	    11 Query	insert into nim select mahasiswa.nama , concat (mahasiswa.kode_fakultas,mahasiswa.kode_prodi,'1',RIGHT(mahasiswa.tahun_masuk,2)'1',mahasiswa.jalur_masuk,mahasiswa.id) from mahasiswa join jalur_masuk on mahasiswa.jalur_masuk = jalur_masuk.kode join fakultas on mahasiswa.kode_fakultas = fakultas.kode join prodi on mahasiswa.kode_prodi = prodi.kode where mahasiswa.id = 02
191029 13:03:11	    11 Query	insert into nim select mahasiswa.nama , CONCAT (mahasiswa.kode_fakultas,mahasiswa.kode_prodi,'1',RIGHT(mahasiswa.tahun_masuk,2)'1',mahasiswa.jalur_masuk,mahasiswa.id) from mahasiswa join jalur_masuk on mahasiswa.jalur_masuk = jalur_masuk.kode join fakultas on mahasiswa.kode_fakultas = fakultas.kode join prodi on mahasiswa.kode_prodi = prodi.kode where mahasiswa.id = 02
191029 13:08:45	    11 Query	select mahasiswa.nama AS NAMA ,nim.nim AS NIM ,fakultas.nama AS FAKULTAS,prodi.nama AS PRODI, mahasiswa.tahun_masuk AS ANGKATAN, jalur_masuk .nama AS JALUR_MASUK FROM mahasiswa JOIN  jalur_masuk on mahasiswa.kode_fakultas = jalur_masuk.kode
join fakultas on mahasiswa.kode_fakultas = fakultas.kode
join prodi on mahasiswa.kode_prodi = prodi.kode
join nim on mahasiswa.nama = nim.nama
191029 13:10:41	    11 Query	insert into mahasiswa values (NULL,'H' ,07 ,2018,'0' ,'Hera Ariska')
191029 13:14:25	    11 Query	insert into nim select mahasiswa.nama , CONCAT(mahasiswa.kode_fakultas,mahasiswa.kode_prodi,'1',RIGHT(mahasiswa.tahun_masuk,2),'1',mahasiswa.jalur_masuk,mahasiswa.id) from mahasiswa joi jalur_masuk o mahasiswa.jalur_masuk = jalur_masuk.kode join fakultas on mahasiswa.kode_fakultas = fakultas.kode join prodi on mahasiswa.kode_prodi = prodi.kode where mahasiswa.id = 02
191029 13:14:29	    11 Query	insert into nim select mahasiswa.nama , CONCAT(mahasiswa.kode_fakultas,mahasiswa.kode_prodi,'1',RIGHT(mahasiswa.tahun_masuk,2),'1',mahasiswa.jalur_masuk,mahasiswa.id) from mahasiswa joi jalur_masuk o mahasiswa.jalur_masuk = jalur_masuk.kode join fakultas on mahasiswa.kode_fakultas = fakultas.kode join prodi on mahasiswa.kode_prodi = prodi.kode where mahasiswa.id = 03
191029 13:14:33	    11 Query	insert into nim select mahasiswa.nama , CONCAT(mahasiswa.kode_fakultas,mahasiswa.kode_prodi,'1',RIGHT(mahasiswa.tahun_masuk,2),'1',mahasiswa.jalur_masuk,mahasiswa.id) from mahasiswa joi jalur_masuk o mahasiswa.jalur_masuk = jalur_masuk.kode join fakultas on mahasiswa.kode_fakultas = fakultas.kode join prodi on mahasiswa.kode_prodi = prodi.kode where mahasiswa.id = 04
191029 13:17:07	    11 Query	insert into nim select mahasiswa.nama , CONCAT(mahasiswa.kode_fakultas,mahasiswa.kode_prodi,'1',RIGHT(mahasiswa.tahun_masuk,2),'1',mahasiswa.jalur_masuk,mahasiswa.id) from mahasiswa join jalur_masuk on mahasiswa.jalur_masuk = jalur_masuk.kode join fakultas on mahasiswa.kode_fakultas = fakultas.kode join prodi on mahasiswa.kode_prodi = prodi.kode where mahasiswa.id = 02
191029 13:17:57	    11 Query	select * from nim
191029 13:18:12	    11 Query	insert into nim select mahasiswa.nama , CONCAT(mahasiswa.kode_fakultas,mahasiswa.kode_prodi,'1',RIGHT(mahasiswa.tahun_masuk,2),'1',mahasiswa.jalur_masuk,mahasiswa.id) from mahasiswa join jalur_masuk on mahasiswa.jalur_masuk = jalur_masuk.kode join fakultas on mahasiswa.kode_fakultas = fakultas.kode join prodi on mahasiswa.kode_prodi = prodi.kode where mahasiswa.id = 03
191029 13:18:16	    11 Query	select * from nim
191029 13:19:24	    11 Query	insert into mahasiswa values (null ,'H',07,2018,'0','Hera Ariska')
191029 13:19:33	    11 Query	insert into nim select mahasiswa.nama , CONCAT(mahasiswa.kode_fakultas,mahasiswa.kode_prodi,'1',RIGHT(mahasiswa.tahun_masuk,2),'1',mahasiswa.jalur_masuk,mahasiswa.id) from mahasiswa join jalur_masuk on mahasiswa.jalur_masuk = jalur_masuk.kode join fakultas on mahasiswa.kode_fakultas = fakultas.kode join prodi on mahasiswa.kode_prodi = prodi.kode where mahasiswa.id = 17
191029 13:19:38	    11 Query	select * from nim
191029 13:19:44	    11 Query	insert into nim select mahasiswa.nama , CONCAT(mahasiswa.kode_fakultas,mahasiswa.kode_prodi,'1',RIGHT(mahasiswa.tahun_masuk,2),'1',mahasiswa.jalur_masuk,mahasiswa.id) from mahasiswa join jalur_masuk on mahasiswa.jalur_masuk = jalur_masuk.kode join fakultas on mahasiswa.kode_fakultas = fakultas.kode join prodi on mahasiswa.kode_prodi = prodi.kode where mahasiswa.id = 17
191029 13:19:57	    11 Query	insert into nim select mahasiswa.nama , CONCAT(mahasiswa.kode_fakultas,mahasiswa.kode_prodi,'1',RIGHT(mahasiswa.tahun_masuk,2),'1',mahasiswa.jalur_masuk,mahasiswa.id) from mahasiswa join jalur_masuk on mahasiswa.jalur_masuk = jalur_masuk.kode join fakultas on mahasiswa.kode_fakultas = fakultas.kode join prodi on mahasiswa.kode_prodi = prodi.kode where mahasiswa.id = 04
191029 13:20:03	    11 Query	select * from nim
191029 13:20:38	    11 Query	insert into mahasiswa values (null ,'H',07,2018,'0','Hera Ariska')
191029 13:20:44	    11 Query	insert into nim select mahasiswa.nama , CONCAT(mahasiswa.kode_fakultas,mahasiswa.kode_prodi,'1',RIGHT(mahasiswa.tahun_masuk,2),'1',mahasiswa.jalur_masuk,mahasiswa.id) from mahasiswa join jalur_masuk on mahasiswa.jalur_masuk = jalur_masuk.kode join fakultas on mahasiswa.kode_fakultas = fakultas.kode join prodi on mahasiswa.kode_prodi = prodi.kode where mahasiswa.id = 05
191029 13:20:47	    11 Query	select * from nim
191029 13:21:00	    11 Query	insert into mahasiswa values (null ,'H',07,2018,'0','Hera')
191029 13:21:06	    11 Query	insert into nim select mahasiswa.nama , CONCAT(mahasiswa.kode_fakultas,mahasiswa.kode_prodi,'1',RIGHT(mahasiswa.tahun_masuk,2),'1',mahasiswa.jalur_masuk,mahasiswa.id) from mahasiswa join jalur_masuk on mahasiswa.jalur_masuk = jalur_masuk.kode join fakultas on mahasiswa.kode_fakultas = fakultas.kode join prodi on mahasiswa.kode_prodi = prodi.kode where mahasiswa.id = 06
191029 13:21:10	    11 Query	select * from nim
191029 13:21:23	    11 Query	insert into mahasiswa values (null ,'H',07,2018,'0','ika')
191029 13:21:39	    11 Query	insert into nim select mahasiswa.nama , CONCAT(mahasiswa.kode_fakultas,mahasiswa.kode_prodi,'1',RIGHT(mahasiswa.tahun_masuk,2),'1',mahasiswa.jalur_masuk,mahasiswa.id) from mahasiswa join jalur_masuk on mahasiswa.jalur_masuk = jalur_masuk.kode join fakultas on mahasiswa.kode_fakultas = fakultas.kode join prodi on mahasiswa.kode_prodi = prodi.kode where mahasiswa.id = 07
191029 13:21:44	    11 Query	insert into mahasiswa values (null ,'H',07,2018,'0','ika')
191029 13:21:46	    11 Query	insert into mahasiswa values (null ,'H',07,2018,'0','ika')
191029 13:21:47	    11 Query	insert into mahasiswa values (null ,'H',07,2018,'0','ika')
191029 13:21:48	    11 Query	insert into mahasiswa values (null ,'H',07,2018,'0','ika')
191029 13:21:49	    11 Query	insert into mahasiswa values (null ,'H',07,2018,'0','ika')
		    11 Query	insert into mahasiswa values (null ,'H',07,2018,'0','ika')
191029 13:21:50	    11 Query	insert into mahasiswa values (null ,'H',07,2018,'0','ika')
191029 13:21:51	    11 Query	insert into mahasiswa values (null ,'H',07,2018,'0','ika')
		    11 Query	insert into mahasiswa values (null ,'H',07,2018,'0','ika')
191029 13:21:52	    11 Query	insert into mahasiswa values (null ,'H',07,2018,'0','ika')
191029 13:21:53	    11 Query	insert into mahasiswa values (null ,'H',07,2018,'0','ika')
191029 13:21:59	    11 Query	insert into nim select mahasiswa.nama , CONCAT(mahasiswa.kode_fakultas,mahasiswa.kode_prodi,'1',RIGHT(mahasiswa.tahun_masuk,2),'1',mahasiswa.jalur_masuk,mahasiswa.id) from mahasiswa join jalur_masuk on mahasiswa.jalur_masuk = jalur_masuk.kode join fakultas on mahasiswa.kode_fakultas = fakultas.kode join prodi on mahasiswa.kode_prodi = prodi.kode where mahasiswa.id = 17
191029 13:22:04	    11 Query	select * from nim
191029 13:22:39	    11 Query	insert into nim select mahasiswa.nama , CONCAT(mahasiswa.kode_fakultas,mahasiswa.kode_prodi,'1',RIGHT(mahasiswa.tahun_masuk,2),'1',mahasiswa.jalur_masuk,mahasiswa.id) from mahasiswa join jalur_masuk on mahasiswa.jalur_masuk = jalur_masuk.kode join fakultas on mahasiswa.kode_fakultas = fakultas.kode join prodi on mahasiswa.kode_prodi = prodi.kode where mahasiswa.id = 10
191029 13:22:41	    11 Query	select * from nim
191029 13:23:03	    11 Quit	
191029 13:24:28	    12 Connect	root@localhost as anonymous on HeraAriska_Tugas3
191029 13:26:21	    13 Connect	root@localhost as anonymous on data
191029 13:26:46	    13 Quit	
191029 13:27:45	    14 Connect	root@localhost as anonymous on 
		    14 Query	/*!40100 SET @@SQL_MODE='' */
		    14 Query	/*!40103 SET TIME_ZONE='+00:00' */
		    14 Query	set optimizer_switch='semijoin=off'
		    14 Query	SELECT LOGFILE_GROUP_NAME, FILE_NAME, TOTAL_EXTENTS, INITIAL_SIZE, ENGINE, EXTRA FROM INFORMATION_SCHEMA.FILES WHERE FILE_TYPE = 'UNDO LOG' AND FILE_NAME IS NOT NULL AND LOGFILE_GROUP_NAME IS NOT NULL AND LOGFILE_GROUP_NAME IN (SELECT DISTINCT LOGFILE_GROUP_NAME FROM INFORMATION_SCHEMA.FILES WHERE FILE_TYPE = 'DATAFILE' AND TABLESPACE_NAME IN (SELECT DISTINCT TABLESPACE_NAME FROM INFORMATION_SCHEMA.PARTITIONS WHERE TABLE_SCHEMA IN ('data'))) GROUP BY LOGFILE_GROUP_NAME, FILE_NAME, ENGINE, TOTAL_EXTENTS, INITIAL_SIZE ORDER BY LOGFILE_GROUP_NAME
		    14 Query	SELECT DISTINCT TABLESPACE_NAME, FILE_NAME, LOGFILE_GROUP_NAME, EXTENT_SIZE, INITIAL_SIZE, ENGINE FROM INFORMATION_SCHEMA.FILES WHERE FILE_TYPE = 'DATAFILE' AND TABLESPACE_NAME IN (SELECT DISTINCT TABLESPACE_NAME FROM INFORMATION_SCHEMA.PARTITIONS WHERE TABLE_SCHEMA IN ('data')) ORDER BY TABLESPACE_NAME, LOGFILE_GROUP_NAME
		    14 Query	set optimizer_switch=default
		    14 Init DB	data
		    14 Query	SHOW TABLES LIKE '%'
		    14 Query	LOCK TABLES `fakultas` READ /*!32311 LOCAL */,`jalur_masuk` READ /*!32311 LOCAL */,`mahasiswa` READ /*!32311 LOCAL */,`nim` READ /*!32311 LOCAL */,`prodi` READ /*!32311 LOCAL */
		    14 Query	SELECT engine FROM INFORMATION_SCHEMA.TABLES WHERE table_schema = DATABASE() AND table_name = 'fakultas'
		    14 Query	SET SQL_QUOTE_SHOW_CREATE=1
		    14 Query	SET SESSION character_set_results = 'binary'
		    14 Query	show create table `fakultas`
		    14 Query	SET SESSION character_set_results = 'utf8mb4'
		    14 Query	show fields from `fakultas`
		    14 Query	SELECT /*!40001 SQL_NO_CACHE */ `kode`, `nama` FROM `fakultas`
		    14 Query	SET SESSION character_set_results = 'binary'
		    14 Init DB	data
		    14 Query	select @@collation_database
		    14 Query	SELECT TRIGGER_NAME FROM INFORMATION_SCHEMA.TRIGGERS WHERE EVENT_OBJECT_SCHEMA = DATABASE() AND EVENT_OBJECT_TABLE = 'fakultas'
		    14 Query	SET SESSION character_set_results = 'utf8mb4'
		    14 Query	SELECT engine FROM INFORMATION_SCHEMA.TABLES WHERE table_schema = DATABASE() AND table_name = 'jalur_masuk'
		    14 Query	SET SQL_QUOTE_SHOW_CREATE=1
		    14 Query	SET SESSION character_set_results = 'binary'
		    14 Query	show create table `jalur_masuk`
		    14 Query	SET SESSION character_set_results = 'utf8mb4'
		    14 Query	show fields from `jalur_masuk`
		    14 Query	SELECT /*!40001 SQL_NO_CACHE */ `kode`, `nama` FROM `jalur_masuk`
		    14 Query	SET SESSION character_set_results = 'binary'
		    14 Init DB	data
		    14 Query	select @@collation_database
		    14 Query	SELECT TRIGGER_NAME FROM INFORMATION_SCHEMA.TRIGGERS WHERE EVENT_OBJECT_SCHEMA = DATABASE() AND EVENT_OBJECT_TABLE = 'jalur_masuk'
		    14 Query	SET SESSION character_set_results = 'utf8mb4'
		    14 Query	SELECT engine FROM INFORMATION_SCHEMA.TABLES WHERE table_schema = DATABASE() AND table_name = 'mahasiswa'
		    14 Query	SET SQL_QUOTE_SHOW_CREATE=1
		    14 Query	SET SESSION character_set_results = 'binary'
		    14 Query	show create table `mahasiswa`
		    14 Query	SET SESSION character_set_results = 'utf8mb4'
		    14 Query	show fields from `mahasiswa`
		    14 Query	SELECT /*!40001 SQL_NO_CACHE */ `id`, `kode_fakultas`, `kode_prodi`, `tahun_masuk`, `jalur_masuk`, `nama` FROM `mahasiswa`
		    14 Query	SET SESSION character_set_results = 'binary'
		    14 Init DB	data
		    14 Query	select @@collation_database
		    14 Query	SELECT TRIGGER_NAME FROM INFORMATION_SCHEMA.TRIGGERS WHERE EVENT_OBJECT_SCHEMA = DATABASE() AND EVENT_OBJECT_TABLE = 'mahasiswa'
		    14 Query	SET SESSION character_set_results = 'utf8mb4'
		    14 Query	SELECT engine FROM INFORMATION_SCHEMA.TABLES WHERE table_schema = DATABASE() AND table_name = 'nim'
		    14 Query	SET SQL_QUOTE_SHOW_CREATE=1
		    14 Query	SET SESSION character_set_results = 'binary'
		    14 Query	show create table `nim`
		    14 Query	SET SESSION character_set_results = 'utf8mb4'
		    14 Query	show fields from `nim`
		    14 Query	SELECT /*!40001 SQL_NO_CACHE */ `nama`, `nim` FROM `nim`
		    14 Query	SET SESSION character_set_results = 'binary'
		    14 Init DB	data
		    14 Query	select @@collation_database
		    14 Query	SELECT TRIGGER_NAME FROM INFORMATION_SCHEMA.TRIGGERS WHERE EVENT_OBJECT_SCHEMA = DATABASE() AND EVENT_OBJECT_TABLE = 'nim'
		    14 Query	SET SESSION character_set_results = 'utf8mb4'
		    14 Query	SELECT engine FROM INFORMATION_SCHEMA.TABLES WHERE table_schema = DATABASE() AND table_name = 'prodi'
		    14 Query	SET SQL_QUOTE_SHOW_CREATE=1
		    14 Query	SET SESSION character_set_results = 'binary'
		    14 Query	show create table `prodi`
		    14 Query	SET SESSION character_set_results = 'utf8mb4'
		    14 Query	show fields from `prodi`
		    14 Query	SELECT /*!40001 SQL_NO_CACHE */ `kode`, `nama`, `kode_fakultas` FROM `prodi`
		    14 Query	SET SESSION character_set_results = 'binary'
		    14 Init DB	data
		    14 Query	select @@collation_database
		    14 Query	SELECT TRIGGER_NAME FROM INFORMATION_SCHEMA.TRIGGERS WHERE EVENT_OBJECT_SCHEMA = DATABASE() AND EVENT_OBJECT_TABLE = 'prodi'
		    14 Query	SET SESSION character_set_results = 'utf8mb4'
		    14 Query	UNLOCK TABLES
		    14 Quit	
