c:\xampp\mysql\bin\mysqld.exe, Version: 10.4.6-MariaDB (mariadb.org binary distribution). started with:
TCP Port: 3306, Named Pipe: C:/xampp/mysql/mysql.sock
Time		    Id Command	Argument
191029  7:12:52	    11 Query	create database data_mahasiswa
191029  7:13:00	    11 Query	SELECT DATABASE()
		    11 Init DB	data_mahasiswa
191029  7:13:28	    11 Query	create table fakultas(
kode varchar(1) primary key,
nama varchar(100) not null)
191029  7:14:04	    11 Query	create table prodi(
kode int(2) zerofill primary key,
nama varchar(100) not null,
kode_fakultas varchar(1) not null)
191029  7:14:15	    11 Query	alter table prodi add foreign key(kode_fakultas) references fakultas(kode)
191029  7:14:56	    11 Query	create table jalur_masuk(
kode enum('0','3','5') not null primary key,
nama enum('SN','SB','Mandiri') not null)
191029  7:15:51	    11 Query	create table mahasiswa(
id int(2) primary key auto_increment,
kode_fakultas varchar(1) not null,
kode_prodi int(2) zerofill not null,
tahun_masuk int(4) not null,
jalur_masuk enum('0','3','5') not null,
nama varchar(100) not null)
191029  7:16:02	    11 Query	alter table mahasiswa add foreign key(kode_fakultas) references fakultas(kode)
191029  7:16:14	    11 Query	alter table mahasiswa add foreign key(jalur_masuk) references jalur_masuk(kode)
191029  7:16:40	    11 Query	create table nim(
nama varchar(100) not null,
nim varchar(10) not null)
191029  7:16:49	    11 Query	insert into fakultas values ('H','MIPA')
191029  7:16:57	    11 Query	insert into prodi values ('07','Ilmu Komputer','H')
191029  7:17:11	    11 Query	insert into jalur_masuk values ('0','SN')
191029  7:17:32	    11 Query	insert into mahasiswa values
(NULL,'H',07,2018,'0','Syarifah Asmul Fauziah')
191029  7:18:10	    11 Query	insert into nim select mahasiswa.nama, concat(mahasiswa.kode_fakultas,mahasiswa.kode_prodi,'1',right(mahasiswa.tahun_masuk,2),'1',mahasiswa.jalur_masuk, mahasiswa.id,'9') from mahasiswa join jalur_masuk on mahasiswa.jalur_masuk=jalur_masuk.kode join fakultas on mahasiswa.kode_fakultas=fakultas.kode join prodi on mahasiswa.kode_prodi=prodi.kode
191029  7:18:26	    11 Query	select mahasiswa.nama as NAMA, nim.nim as NIM, fakultas.nama as FAKULTAS, prodi.nama as PRODI, mahasiswa.tahun_masuk as ANGKATAN, jalur_masuk.nama as JALUR_MASUK from mahasiswa join jalur_masuk on mahasiswa.jalur_masuk=jalur_masuk.kode join fakultas on mahasiswa.kode_fakultas=fakultas.kode join prodi on mahasiswa.kode_prodi=prodi.kode join nim on mahasiswa.nama=nim.nama
191029  7:28:15	    11 Quit	
191029  7:29:15	    12 Connect	root@localhost as anonymous on 
		    12 Query	/*!40100 SET @@SQL_MODE='' */
		    12 Query	/*!40103 SET TIME_ZONE='+00:00' */
		    12 Query	set optimizer_switch='semijoin=off'
		    12 Query	SELECT LOGFILE_GROUP_NAME, FILE_NAME, TOTAL_EXTENTS, INITIAL_SIZE, ENGINE, EXTRA FROM INFORMATION_SCHEMA.FILES WHERE FILE_TYPE = 'UNDO LOG' AND FILE_NAME IS NOT NULL AND LOGFILE_GROUP_NAME IS NOT NULL AND LOGFILE_GROUP_NAME IN (SELECT DISTINCT LOGFILE_GROUP_NAME FROM INFORMATION_SCHEMA.FILES WHERE FILE_TYPE = 'DATAFILE' AND TABLESPACE_NAME IN (SELECT DISTINCT TABLESPACE_NAME FROM INFORMATION_SCHEMA.PARTITIONS WHERE TABLE_SCHEMA IN ('data_mahasiswa'))) GROUP BY LOGFILE_GROUP_NAME, FILE_NAME, ENGINE, TOTAL_EXTENTS, INITIAL_SIZE ORDER BY LOGFILE_GROUP_NAME
		    12 Query	SELECT DISTINCT TABLESPACE_NAME, FILE_NAME, LOGFILE_GROUP_NAME, EXTENT_SIZE, INITIAL_SIZE, ENGINE FROM INFORMATION_SCHEMA.FILES WHERE FILE_TYPE = 'DATAFILE' AND TABLESPACE_NAME IN (SELECT DISTINCT TABLESPACE_NAME FROM INFORMATION_SCHEMA.PARTITIONS WHERE TABLE_SCHEMA IN ('data_mahasiswa')) ORDER BY TABLESPACE_NAME, LOGFILE_GROUP_NAME
		    12 Query	set optimizer_switch=default
		    12 Init DB	data_mahasiswa
		    12 Query	SHOW TABLES LIKE '%'
		    12 Query	LOCK TABLES `fakultas` READ /*!32311 LOCAL */,`jalur_masuk` READ /*!32311 LOCAL */,`mahasiswa` READ /*!32311 LOCAL */,`nim` READ /*!32311 LOCAL */,`prodi` READ /*!32311 LOCAL */
		    12 Query	SELECT engine FROM INFORMATION_SCHEMA.TABLES WHERE table_schema = DATABASE() AND table_name = 'fakultas'
		    12 Query	SET SQL_QUOTE_SHOW_CREATE=1
		    12 Query	SET SESSION character_set_results = 'binary'
		    12 Query	show create table `fakultas`
		    12 Query	SET SESSION character_set_results = 'utf8mb4'
		    12 Query	show fields from `fakultas`
191029  7:29:16	    12 Query	SELECT /*!40001 SQL_NO_CACHE */ `kode`, `nama` FROM `fakultas`
		    12 Query	SET SESSION character_set_results = 'binary'
		    12 Init DB	data_mahasiswa
		    12 Query	select @@collation_database
		    12 Query	SELECT TRIGGER_NAME FROM INFORMATION_SCHEMA.TRIGGERS WHERE EVENT_OBJECT_SCHEMA = DATABASE() AND EVENT_OBJECT_TABLE = 'fakultas'
		    12 Query	SET SESSION character_set_results = 'utf8mb4'
		    12 Query	SELECT engine FROM INFORMATION_SCHEMA.TABLES WHERE table_schema = DATABASE() AND table_name = 'jalur_masuk'
		    12 Query	SET SQL_QUOTE_SHOW_CREATE=1
		    12 Query	SET SESSION character_set_results = 'binary'
		    12 Query	show create table `jalur_masuk`
		    12 Query	SET SESSION character_set_results = 'utf8mb4'
		    12 Query	show fields from `jalur_masuk`
		    12 Query	SELECT /*!40001 SQL_NO_CACHE */ `kode`, `nama` FROM `jalur_masuk`
		    12 Query	SET SESSION character_set_results = 'binary'
		    12 Init DB	data_mahasiswa
		    12 Query	select @@collation_database
		    12 Query	SELECT TRIGGER_NAME FROM INFORMATION_SCHEMA.TRIGGERS WHERE EVENT_OBJECT_SCHEMA = DATABASE() AND EVENT_OBJECT_TABLE = 'jalur_masuk'
		    12 Query	SET SESSION character_set_results = 'utf8mb4'
		    12 Query	SELECT engine FROM INFORMATION_SCHEMA.TABLES WHERE table_schema = DATABASE() AND table_name = 'mahasiswa'
		    12 Query	SET SQL_QUOTE_SHOW_CREATE=1
		    12 Query	SET SESSION character_set_results = 'binary'
		    12 Query	show create table `mahasiswa`
		    12 Query	SET SESSION character_set_results = 'utf8mb4'
		    12 Query	show fields from `mahasiswa`
		    12 Query	SELECT /*!40001 SQL_NO_CACHE */ `id`, `kode_fakultas`, `kode_prodi`, `tahun_masuk`, `jalur_masuk`, `nama` FROM `mahasiswa`
		    12 Query	SET SESSION character_set_results = 'binary'
		    12 Init DB	data_mahasiswa
		    12 Query	select @@collation_database
		    12 Query	SELECT TRIGGER_NAME FROM INFORMATION_SCHEMA.TRIGGERS WHERE EVENT_OBJECT_SCHEMA = DATABASE() AND EVENT_OBJECT_TABLE = 'mahasiswa'
		    12 Query	SET SESSION character_set_results = 'utf8mb4'
		    12 Query	SELECT engine FROM INFORMATION_SCHEMA.TABLES WHERE table_schema = DATABASE() AND table_name = 'nim'
		    12 Query	SET SQL_QUOTE_SHOW_CREATE=1
		    12 Query	SET SESSION character_set_results = 'binary'
		    12 Query	show create table `nim`
		    12 Query	SET SESSION character_set_results = 'utf8mb4'
		    12 Query	show fields from `nim`
		    12 Query	SELECT /*!40001 SQL_NO_CACHE */ `nama`, `nim` FROM `nim`
		    12 Query	SET SESSION character_set_results = 'binary'
		    12 Init DB	data_mahasiswa
		    12 Query	select @@collation_database
		    12 Query	SELECT TRIGGER_NAME FROM INFORMATION_SCHEMA.TRIGGERS WHERE EVENT_OBJECT_SCHEMA = DATABASE() AND EVENT_OBJECT_TABLE = 'nim'
		    12 Query	SET SESSION character_set_results = 'utf8mb4'
		    12 Query	SELECT engine FROM INFORMATION_SCHEMA.TABLES WHERE table_schema = DATABASE() AND table_name = 'prodi'
		    12 Query	SET SQL_QUOTE_SHOW_CREATE=1
		    12 Query	SET SESSION character_set_results = 'binary'
		    12 Query	show create table `prodi`
		    12 Query	SET SESSION character_set_results = 'utf8mb4'
		    12 Query	show fields from `prodi`
		    12 Query	SELECT /*!40001 SQL_NO_CACHE */ `kode`, `nama`, `kode_fakultas` FROM `prodi`
		    12 Query	SET SESSION character_set_results = 'binary'
		    12 Init DB	data_mahasiswa
		    12 Query	select @@collation_database
		    12 Query	SELECT TRIGGER_NAME FROM INFORMATION_SCHEMA.TRIGGERS WHERE EVENT_OBJECT_SCHEMA = DATABASE() AND EVENT_OBJECT_TABLE = 'prodi'
		    12 Query	SET SESSION character_set_results = 'utf8mb4'
		    12 Query	UNLOCK TABLES
		    12 Quit	
