d:\php\mysql\bin\mysqld.exe, Version: 10.4.6-MariaDB (mariadb.org binary distribution). started with:
TCP Port: 3306, Named Pipe: D:/PHP/mysql/mysql.sock
Time		    Id Command	Argument
191110  7:07:48	     8 Query	show databases
191110  7:08:08	     8 Query	SELECT DATABASE()
		     8 Init DB	classicmodels
191110  7:09:06	     8 Query	CREATE VIEW view_barang AS SELECT customers.customerName AS Customer,COUNT(products.productName) AS Qty,GROUP_CONCAT('[',products.productName,']' SEPARATOR " ") AS Products 
				FROM customers 
				JOIN orders ON customers.customerNumber = orders.customerNumber 
				JOIN orderdetails ON orders.orderNumber = orderdetails.orderNumber 
				JOIN products ON orderdetails.productCode = products.productCode 
				GROUP BY customers.customerName 
				ORDER BY COUNT(products.productName) ASC
191110  7:09:28	     8 Query	SELECT * FROM view_barang LIMIT 1
191110  7:09:51	     8 Query	CREATE PROCEDURE _employee(id INT) SELECT * FROM employees WHERE employeeNumber = id
191110  7:10:18	     8 Query	CALL _employee(1002)
191110  7:10:36	     8 Query	CREATE PROCEDURE _product(code VARCHAR(20)) SELECT * FROM products WHERE productCode = code
191110  7:10:51	     8 Query	CALL _product('S10_1678')
191110  7:11:08	     8 Query	CREATE PROCEDURE get_cust_product(id INT) SELECT orders.customerNumber AS Id,customers.customerName AS Customer,COUNT(products.productName) AS Qty,GROUP_CONCAT('[',products.productName,']' SEPARATOR " ") AS Products 
				FROM customers 
				JOIN orders ON customers.customerNumber = orders.customerNumber 
				JOIN orderdetails ON orders.orderNumber = orderdetails.orderNumber 
				JOIN products ON orderdetails.productCode = products.productCode 
				WHERE orders.customerNumber = id
191110  7:11:35	     8 Query	CALL get_cust_product(219)
191110  7:11:43	     8 Quit	
