c:\xampp\mysql\bin\mysqld.exe, Version: 10.4.6-MariaDB (mariadb.org binary distribution). started with:
TCP Port: 3306, Named Pipe: C:/xampp/mysql/mysql.sock
Time		    Id Command	Argument
191006 17:41:51	     8 Query	CREATE DATABASE tugas1
191006 17:42:01	     8 Query	SELECT DATABASE()
		     8 Init DB	tugas1
191006 17:44:26	     8 Query	CREATE TABLE table_mahasiswa (
id_mhs INT NOT NULL,
nim_mhs VARCHAR(10) PRIMARY KEY,
nama_mhs VARCHAR(50) NOT NULL,
)
191006 17:45:10	     8 Query	CREATE TABLE table_mahasiswa (
id_mhs INT NOT NULL,
nim_mhs VARCHAR(10) PRIMARY KEY,
nama_mhs VARCHAR(50) NOT NULL,
)
191006 17:45:20	     8 Query	CREATE TABLE table_mahasiswa (
id_mhs INT NOT NULL,
nim_mhs VARCHAR(10) PRIMARY KEY,
nama_mhs VARCHAR(50) NOT NULL
)
191006 17:46:16	     8 Query	CREATE TABLE table_matakuliah (
id_mk INT PRIMARY KEY
)
191006 17:46:59	     8 Query	ALTER TABLE table_mahasiswa ADD status_mhs ENUM('aktif', 'lulus')
191006 17:49:28	     8 Query	ALTER TABLE table_matakuliah ADD (kode_mk VARCHAR(5) NOT NULL, 
nama_mk VARCHAR(25) NOT NULL,
0
191006 17:50:46	     8 Query	ALTER TABLE table_matakuliah ADD (kode_mk VARCHAR(5) NOT NULL UNIQUE, 
nama_mk VARCHAR(25) NOT NULL,
sks_mk ENUM('2', '3', '4')
)
191006 17:51:12	     8 Query	DESCRIBE table_matakuliah
191006 17:55:04	     8 Query	RENAME TABLE table_mahasiswa TO tb_mahasiswa
191006 17:55:19	     8 Query	RENAME TABLE table_matakuliah TO tb_matakuliah
191006 17:59:56	     8 Query	SHOW TABLE
191006 18:00:37	     8 Query	SHOW TABLES
191006 18:03:04	     8 Query	ALTER TABLE tb_mahasiswa RENAME COLUMN id_mhs TO id
191006 18:04:33	     8 Query	DESCRIBE tb_mahasiswa
191006 18:05:12	     8 Query	ALTER TABLE tb_mahasiswa RENAME COLUMN id_mhs TO id
191006 18:07:06	     8 Query	ALTER TABLE tb_mahasiswa RENAME id_mhs TO id
191006 18:08:18	     8 Query	ALTER TABLE tb_mahasiswa CHANGE id_mhs id INT
191006 18:08:22	     8 Query	DESCRIBE tb_mahasiswa
191006 18:09:11	     8 Query	ALTER TABLE tb_mahasiswa CHANGE nim_mhs nim VARCHAR(10)
191006 18:09:15	     8 Query	DESCRIBE tb_mahasiswa
191006 18:09:34	     8 Query	ALTER TABLE tb_mahasiswa CHANGE nama_mhs nama VARCHAR(50)
191006 18:09:38	     8 Query	DESCRIBE tb_mahasiswa
191006 18:10:41	     8 Query	ALTER TABLE tb_mahasiswa CHANGE status_mhs status ENUM('aktif, 'lulus');
;asdf
;
'
-
191006 18:10:48	     8 Query	ALTER TABLE tb_mahasiswa CHANGE status_mhs status ENUM('aktif', 'lulus')
191006 18:10:52	     8 Query	DESCRIBE tb_mahasiswa
191006 18:11:26	     8 Query	ALTER TABLE tb_matakuliah CHANGE id_mhs id INT
191006 18:11:43	     8 Query	ALTER TABLE tb_matakuliah CHANGE id_mk id INT
191006 18:11:54	     8 Query	DESCRIBE tb_matakuliah
191006 18:12:15	     8 Query	ALTER TABLE tb_matakuliah CHANGE kode_mk kode VARCHAR(5)
191006 18:12:18	     8 Query	DESCRIBE tb_matakuliah
191006 18:14:36	     8 Query	ALTER TABLE tb_matakuliah CHANGE nama_mk nama VARCHAR(25)
191006 18:14:38	     8 Query	DESCRIBE tb_matakuliah
191006 18:15:10	     8 Query	ALTER TABLE tb_matakuliah CHANGE sks_mk sks ENUM('2', '3', '4')
191006 18:15:12	     8 Query	DESCRIBE tb_matakuliah
191006 18:32:32	     9 Connect	root@localhost as anonymous on 
		     9 Query	select @@version_comment limit 1
191006 18:34:54	     9 Query	SET GLOBAL general_log_file = 'tugas1.log'
c:\xampp\mysql\bin\mysqld.exe, Version: 10.4.6-MariaDB (mariadb.org binary distribution). started with:
TCP Port: 3306, Named Pipe: C:/xampp/mysql/mysql.sock
Time		    Id Command	Argument
191006 18:35:02	     9 Query	SET GLOBAL general_log = 1
191006 18:36:53	     9 Query	SHOW DATABASES
191006 18:37:05	     9 Query	CREATE DATABASE skripsi
191006 18:37:08	     9 Query	SHOW DATABASES
191006 18:37:16	     9 Query	SELECT DATABASE()
		     9 Init DB	skripsi
191006 18:40:42	     9 Query	CREATE TABLE untitled (
nama VARCHAR(255)
)
191006 18:40:57	     9 Query	DESCRIBE untitled
191006 18:41:49	     9 Query	DROP TABLE untitled
191006 18:42:16	     9 Query	CREATE TABLE untitled (
nama VARCHAR(255) NOT NULL
)
191006 18:57:35	     9 Query	CREATE TABLE tnilai (
id_nilai INT(2) PRIMARI KEY,
nilai_huruf VARCHAR(2) NOT NULL,
bobot_nilai DECIMAL(3,2) NOT NULL UNIQUE
191006 18:57:46	     9 Query	CREATE TABLE tnilai (
id_nilai INT(2) PRIMARI KEY,
nilai_huruf VARCHAR(2) NOT NULL,
bobot_nilai DECIMAL(3,2) NOT NULL UNIQUE
)
191006 19:00:26	     9 Query	CREATE TABLE  tnilai (
id_nilai INT(2) PRIMARY KEY,
nilai_huruf VARCHAR(2) NOT NULL,
bobot_nilai DECIMAL(3,2) NOT NULL UNIQUE
)
191006 19:00:36	     9 Query	DESCRIBE tnilai
191006 19:07:08	     9 Query	CREATE TABLE mahasisw_prodi (
nama VARCHAR(255) NOT NULL,
nim VARCHAR(10) NOT NULL,
jk CHAR(1) NOT NULL,
no_hp VARCHAR(2O) NOT NULL,
status VARCHAR(100) NOT NULL,
nama_prodi VARCHAR(200) NOT NULL,
tgl_masuk DATE NOT NULL,
tgl_lulus DATE NOT NULL
)
191006 19:11:33	     9 Query	CREATE TABLE mahasisw_prodi (
nama VARCHAR(255) NOT NULL,
jk CHAR(1) NOT NULL,
)
191006 19:12:48	     9 Query	CREATE TABLE mahasisw_prodi (
nama VARCHAR(255) NOT NULL,
nim VARCHAR(10) NOT NULL,
jk CHAR(1) NOT NULL,
no_hp VARCHAR(2O) NOT NULL,
status VARCHAR(100) NOT NULL,
nama_prodi VARCHAR(200) NOT NULL,
tgl_masuk DATE NOT NULL,
tgl_lulus DATE NOT NULL
)
191006 19:16:06	     9 Query	CREATE TABLE date (
tgl date not null
)
191006 19:16:27	     9 Query	DROP TABLE date
191006 19:19:24	     9 Query	CREATE TABLE mahasiswa_prodi (
nama varchar(255) not null,
nim varchar(10) not null,
jk char(1) not null,
no_hp varchar(20) not null,
status varchar(100) not null,
nama_prodi varchar(200) not null,
tgl_masuk date not null,
tgl_lulu date not null
)
191006 19:23:17	     9 Query	CREATE TABLE seminar_mahasiswa (
nama VARCHAR(255) NOT NULL,
nim VARCHAR(10) NOT NULL,
jk CHAR(1) NOT NULL,
tgl_seminar DATE NOT NULL,
jenis_seminar CHAR(1) NOT NULL,
status VARCHAR(20) NOT NULL,
dosen_penguji VARCHAR(200) NOT NULL,
nip VARCHAR(50) NOT NULL
)
191006 19:26:46	     9 Query	CREATE TABLE dosen_penguji (
nama VARCHAR(200) NOT NULL,
nip VARCHAR(50) NOT NULL,
kode_dosen VARCHAR(10) NOT NULL,
status VARCHAR(100) NOT NULL,
nama_prodi VARCHAR(200) NOT NULL,
jenis_penguji CHAR(1) NOT NULL
)
191006 19:29:09	     9 Query	CREATE TABLE tsk_pembimbing (
id_SK INT(4) PRIMARY KEY,
id_skripsi INT(5) UNIQUE NOT NULL,
id_semester INT(3) UNIQUE NOT NULL,
no_sk VARCHAR(20) NOT NULL,
tanggal_SK DATE NOT NULL
)
191006 19:29:55	     9 Query	SHOW TABLES
191006 19:35:58	     9 Query	CREATE TABLE skripsi_mahasiswa (
nama VARCHAR(10) NOT NULL,
nim VARCHAR(10) NOT NULL,
jk CHAR(1) NOT NULL,
nama_prodi VARCHAR(200) NOT NULL, 
judul_skripsi VARCHAR(255) NOT NULL,
dosen_pembimbing VARCHAR(200) NOT NULL,
tgl_sidang DATE NOT NULL,
nilai_sidang VARCHAR(2) NOT NULL,
nip VARCHAR(50) NOT NULL,
jenis_pembimbing VARCHAR(7) NOT NULL
)
191006 19:40:14	     9 Query	CREATE TABLE tseminar (
id_seminar INT(5) PRIMARY KEY,
tanggal DATE NOT NULL,
id_nilai INT(2) UNIQUE NOT NULL,
jenis_seminar CHAR(1) NOT NULL,
id_mahasiswa INT(255) UNIQUE NOT NULL,
status VARCHAR(20) NOT NULL,
id_pembimbing INT(255) UNIQUE NOT NULL,
id_penguji INT(255) UNIQUE NOT NULL
)
191006 19:46:24	     9 Query	CREATE TABLE tmahasiswa (
id_mahasiswa INT(255),
nama VARCHAR(255) NOT NULL,
nim VARCHAR(10),
jk CHAR(1) NOT NULL,
no_hp VARCHAR(20) NOT NULL,
alamat VARCHAR(255) NOT NULL,
tgl_masuk DATE NOT NULL,
tgl_lulus DATE NOT NULL,
status VARCHAR(100) NOT NULL,
id_prodi INT(5) UNIQUE NOT NULL,
PRIMARY KEY(id_mahasiswa, nim)
)
191006 19:46:41	     9 Query	SHOW TABLES
191006 19:48:54	     9 Query	CREATE TABLE tprodi (
id_prodi INT(5),
kode_prodi VARCHAR(5),
nama VARCHAR(200) NOT NULL,
status VARCHAR(100) NOT NULL,
PRIMARY KEY(id_prodi, kode_prodi)
)
191006 19:50:43	     9 Query	CREATE TABLE tpenguji (
id_penguji INT(255) PRIMARY KEY,
id_dosen INT (255) UNIQUE NOT NULL,
jenis_penguji CHAR(1) NOT NULL
)
191006 19:50:58	     9 Query	SHOW TABLES
191006 19:52:42	     9 Query	CREATE TABLE tsemester (
id_semester INT(3),
nama VARCHAR(20) NOT NULL,
kode_semester VARCHAR(10),
status VARCHAR(100) NOT NULL,
PRIMARY KEY(id_semester, kode_semester)
)
191006 19:57:21	     9 Query	CREATE TABLE tskripsi (
id_skripsi INT(5) PRIMARY KEY,
id_mahasiswa INT(255) UNIQUE NOT NULL,
judul VARCHAR(255) NOT NULL,
id_pembimbing INT(255) UNIQUE NOT NULL,
id_penguji INT(255) UNIQUE NOT NULL
)
191006 19:57:39	     9 Query	SHOW TABLES
191006 19:59:51	     9 Query	CREATE TABLE tdosen (
id_dosen INT(255),
nama VARCHAR(200) NOT NULL,
nip VARCHAR(50),
kode_dosen VARCHAR(10),
status VARCHAR(100) NOT NULL,
id_prodi INT(5) UNIQUE NOT NULL,
PRIMARY KEY(id_dosen, nip, kode_dosen)
)
191006 20:02:00	     9 Query	CREATE TABLE dosen_pembimbing (
nama VARCHAR(200) NOT NULL,
nip VARCHAR(50) NOT NULL,
kode_dosen VARCHAR(10) NOT NULL,
status VARCHAR(100) NOT NULL,
nama_prodi VARCHAR(200) NOT NULL,
jenis_pembimbing VARCHAR(7) NOT NULL
)
191006 20:02:21	     9 Query	SHOW TABLES
191006 20:04:17	     9 Query	CREATE TABLE tpembimbing (
id_pembimbing INT(255) PRIMARY KEY,
jenis_pembimbing VARCHAR(7) NOT NULL,
id_dosen INT(255) UNIQUE NOT NULL
)
191006 20:06:05	     9 Query	CREATE TABLE tsidang (
id_sidang INT(5) PRIMARY KEY,
id_mahasiswa INT(255) UNIQUE NOT NULL,
tanggal_sidang DATE NOT NULL,
id_nilai INT(2) UNIQUE NOT NULL,
status VARCHAR(20) NOT NULL
)
191006 20:06:13	     9 Query	SHOW TABLES
191006 20:10:56	    10 Connect	root@localhost as anonymous on 
		    10 Query	/*!40100 SET @@SQL_MODE='' */
		    10 Query	/*!40103 SET TIME_ZONE='+00:00' */
		    10 Query	set optimizer_switch='semijoin=off'
		    10 Query	SELECT LOGFILE_GROUP_NAME, FILE_NAME, TOTAL_EXTENTS, INITIAL_SIZE, ENGINE, EXTRA FROM INFORMATION_SCHEMA.FILES WHERE FILE_TYPE = 'UNDO LOG' AND FILE_NAME IS NOT NULL AND LOGFILE_GROUP_NAME IS NOT NULL AND LOGFILE_GROUP_NAME IN (SELECT DISTINCT LOGFILE_GROUP_NAME FROM INFORMATION_SCHEMA.FILES WHERE FILE_TYPE = 'DATAFILE' AND TABLESPACE_NAME IN (SELECT DISTINCT TABLESPACE_NAME FROM INFORMATION_SCHEMA.PARTITIONS WHERE TABLE_SCHEMA IN ('tugas1'))) GROUP BY LOGFILE_GROUP_NAME, FILE_NAME, ENGINE, TOTAL_EXTENTS, INITIAL_SIZE ORDER BY LOGFILE_GROUP_NAME
191006 20:10:57	    10 Query	SELECT DISTINCT TABLESPACE_NAME, FILE_NAME, LOGFILE_GROUP_NAME, EXTENT_SIZE, INITIAL_SIZE, ENGINE FROM INFORMATION_SCHEMA.FILES WHERE FILE_TYPE = 'DATAFILE' AND TABLESPACE_NAME IN (SELECT DISTINCT TABLESPACE_NAME FROM INFORMATION_SCHEMA.PARTITIONS WHERE TABLE_SCHEMA IN ('tugas1')) ORDER BY TABLESPACE_NAME, LOGFILE_GROUP_NAME
		    10 Query	set optimizer_switch=default
		    10 Init DB	tugas1
		    10 Query	SHOW TABLES LIKE '%'
		    10 Query	LOCK TABLES `tb_mahasiswa` READ /*!32311 LOCAL */,`tb_matakuliah` READ /*!32311 LOCAL */
		    10 Query	SELECT engine FROM INFORMATION_SCHEMA.TABLES WHERE table_schema = DATABASE() AND table_name = 'tb_mahasiswa'
		    10 Query	SET SQL_QUOTE_SHOW_CREATE=1
		    10 Query	SET SESSION character_set_results = 'binary'
		    10 Query	show create table `tb_mahasiswa`
		    10 Query	SET SESSION character_set_results = 'utf8mb4'
		    10 Query	show fields from `tb_mahasiswa`
		    10 Query	SELECT /*!40001 SQL_NO_CACHE */ `id`, `nim`, `nama`, `status` FROM `tb_mahasiswa`
		    10 Query	SET SESSION character_set_results = 'binary'
		    10 Init DB	tugas1
		    10 Query	select @@collation_database
		    10 Query	SELECT TRIGGER_NAME FROM INFORMATION_SCHEMA.TRIGGERS WHERE EVENT_OBJECT_SCHEMA = DATABASE() AND EVENT_OBJECT_TABLE = 'tb_mahasiswa'
		    10 Query	SET SESSION character_set_results = 'utf8mb4'
		    10 Query	SELECT engine FROM INFORMATION_SCHEMA.TABLES WHERE table_schema = DATABASE() AND table_name = 'tb_matakuliah'
		    10 Query	SET SQL_QUOTE_SHOW_CREATE=1
		    10 Query	SET SESSION character_set_results = 'binary'
		    10 Query	show create table `tb_matakuliah`
		    10 Query	SET SESSION character_set_results = 'utf8mb4'
		    10 Query	show fields from `tb_matakuliah`
		    10 Query	SELECT /*!40001 SQL_NO_CACHE */ `id`, `kode`, `nama`, `sks` FROM `tb_matakuliah`
		    10 Query	SET SESSION character_set_results = 'binary'
		    10 Init DB	tugas1
		    10 Query	select @@collation_database
		    10 Query	SELECT TRIGGER_NAME FROM INFORMATION_SCHEMA.TRIGGERS WHERE EVENT_OBJECT_SCHEMA = DATABASE() AND EVENT_OBJECT_TABLE = 'tb_matakuliah'
		    10 Query	SET SESSION character_set_results = 'utf8mb4'
		    10 Query	UNLOCK TABLES
		    10 Quit	
