C:\Program Files\MariaDB 10.4\bin\mysqld.exe, Version: 10.4.8-MariaDB (mariadb.org binary distribution). started with:
TCP Port: 3306, Named Pipe: MySQL
Time		    Id Command	Argument
191014 22:22:32	    11 Query	SELECT DATABASE()
		    11 Init DB	world
191014 22:22:42	    11 Query	SHOW TABLES
191014 22:22:52	    11 Query	DESC table_list_country
191014 22:23:09	    11 Query	SELECT * FROM table_list_country
191014 22:29:13	    11 Query	SELECT * FROM table_list_country WHERE iso_code ORDER BY ASC
191014 22:29:41	    11 Query	SELECT * FROM table_list_country ORDER BY iso_code ASC
191014 22:33:34	    11 Query	SELECT TOP 10 * FROM table_list_country ORDER BY gdp ASC
191014 22:34:51	    11 Query	SELECT * FROM table_list_country ORDER BY gdp ASC LIMIT 10
191014 22:35:06	    11 Query	SELECT * FROM table_list_country ORDER BY area ASC LIMIT 10
191014 22:35:31	    11 Query	SELECT * FROM table_list_country ORDER BY DESC LIMIT 10
191014 22:35:49	    11 Query	SELECT * FROM table_list_country ORDER BY gdp DESC LIMIT 10
191014 22:35:57	    11 Query	SELECT * FROM table_list_country ORDER BY area DESC LIMIT 10
191014 22:36:17	    11 Query	SELECT * FROM table_list_country ORDER BY population DESC LIMIT 10
191014 22:36:37	    11 Query	SELECT * FROM table_list_country ORDER BY pop_density ASC LIMIT 10
191014 22:39:18	    11 Query	SELECT (name,capital,iso_code,continent,region) FROM table_list_country WHERE
191014 22:39:24	    11 Quit	
191014 22:40:44	    12 Connect	root@localhost as anonymous on 
		    12 Query	select @@version_comment limit 1
191014 22:41:04	    12 Query	SELECT DATABASE()
		    12 Init DB	world
191014 22:44:19	    12 Quit	
191014 22:44:22	    13 Connect	root@localhost as anonymous on 
		    13 Query	select @@version_comment limit 1
191014 22:44:30	    13 Query	SELECT DATABASE()
		    13 Init DB	world
191014 22:44:50	    13 Quit	
191014 22:44:52	    14 Connect	root@localhost as anonymous on 
		    14 Query	select @@version_comment limit 1
191014 22:44:57	    14 Query	SELECT DATABASE()
		    14 Init DB	world
191014 22:46:26	    14 Quit	
191014 22:46:52	    15 Connect	root@localhost as anonymous on 
		    15 Query	select @@version_comment limit 1
191014 22:46:55	    15 Query	SELECT DATABASE()
		    15 Init DB	world
191014 22:47:21	    15 Query	DESC table_list_country
191014 22:49:46	    15 Query	SELECT iso_code, name, continent, region, capital FROM table_list_country WHERE name LIKE "%a%" AND name LIKE "%i%"
191014 22:50:30	    15 Query	SELECT iso_code, name, continent, region, capital FROM table_list_country WHERE name LIKE "%a%" AND name LIKE "%i%" AND name LIKE "%u%" AND name LIKE "%e%" AND name LIKE "%o%"
191014 22:53:22	    15 Query	SELECT name, area, population FROM table_list_country WHERE area > 3000000 OR population > 250000000
191014 22:56:23	    15 Query	SELECT name, population, pop_density WHERE continent LIKE "%Asia%" AND region LIKE "$Southeast%" AND name LIKE "i%"
191014 22:56:55	    15 Query	SELECT name, population, pop_density WHERE continent LIKE "%Asia%" AND region LIKE "$Southeast%"
191014 22:57:17	    15 Query	SELECT name, population, pop_density WHERE continent LIKE "%Asia%" AND region LIKE "$Southeast%"
191014 22:57:35	    15 Query	DESC table_list_country
191014 22:58:48	    15 Query	SELECT name, population, pop_density FROM table_list_country WHERE continent LIKE "%Asia%" AND region LIKE "%South east%" AND name LIKE "i%"
191014 23:00:56	    15 Query	SELECT * FROM table_list_country ORDER BY iso_code ASC
191014 23:01:13	    15 Query	SELECT * FROM table_list_country ORDER BY gdp DESC LIMIT 10
191014 23:01:20	    15 Query	SELECT * FROM table_list_country ORDER BY area DESC LIMIT 10
191014 23:01:22	    15 Query	SELECT * FROM table_list_country ORDER BY population DESC LIMIT 10
191014 23:01:27	    15 Query	SELECT * FROM table_list_country ORDER BY pop_density ASC LIMIT 10
191014 23:01:38	    15 Query	SELECT iso_code, name, continent, region, capital FROM table_list_country WHERE name LIKE "%a%" AND name LIKE "%i%" AND name LIKE "%u%" AND name LIKE "%e%" AND name LIKE "%o%"
191014 23:01:44	    15 Query	SELECT name, area, population FROM table_list_country WHERE area > 3000000 OR population > 250000000
191014 23:01:54	    15 Query	SELECT name, population, pop_density FROM table_list_country WHERE continent LIKE "%Asia%" AND region LIKE "%South east%" AND name LIKE "i%"
191014 23:03:13	    15 Quit	
191014 23:03:38	    16 Connect	root@localhost as anonymous on 
		    16 Query	/*!40100 SET @@SQL_MODE='' */
		    16 Query	/*!40103 SET TIME_ZONE='+00:00' */
		    16 Query	set optimizer_switch='semijoin=off'
		    16 Query	SELECT LOGFILE_GROUP_NAME, FILE_NAME, TOTAL_EXTENTS, INITIAL_SIZE, ENGINE, EXTRA FROM INFORMATION_SCHEMA.FILES WHERE FILE_TYPE = 'UNDO LOG' AND FILE_NAME IS NOT NULL AND LOGFILE_GROUP_NAME IS NOT NULL AND LOGFILE_GROUP_NAME IN (SELECT DISTINCT LOGFILE_GROUP_NAME FROM INFORMATION_SCHEMA.FILES WHERE FILE_TYPE = 'DATAFILE' AND TABLESPACE_NAME IN (SELECT DISTINCT TABLESPACE_NAME FROM INFORMATION_SCHEMA.PARTITIONS WHERE TABLE_SCHEMA IN ('World'))) GROUP BY LOGFILE_GROUP_NAME, FILE_NAME, ENGINE, TOTAL_EXTENTS, INITIAL_SIZE ORDER BY LOGFILE_GROUP_NAME
		    16 Query	SELECT DISTINCT TABLESPACE_NAME, FILE_NAME, LOGFILE_GROUP_NAME, EXTENT_SIZE, INITIAL_SIZE, ENGINE FROM INFORMATION_SCHEMA.FILES WHERE FILE_TYPE = 'DATAFILE' AND TABLESPACE_NAME IN (SELECT DISTINCT TABLESPACE_NAME FROM INFORMATION_SCHEMA.PARTITIONS WHERE TABLE_SCHEMA IN ('World')) ORDER BY TABLESPACE_NAME, LOGFILE_GROUP_NAME
		    16 Query	set optimizer_switch=default
		    16 Init DB	world
		    16 Query	SHOW TABLES LIKE '%'
		    16 Query	LOCK TABLES `table_list_country` READ /*!32311 LOCAL */
		    16 Query	SELECT engine FROM INFORMATION_SCHEMA.TABLES WHERE table_schema = DATABASE() AND table_name = 'table_list_country'
		    16 Query	SET SQL_QUOTE_SHOW_CREATE=1
		    16 Query	SET SESSION character_set_results = 'binary'
		    16 Query	show create table `table_list_country`
		    16 Query	SET SESSION character_set_results = 'utf8mb4'
		    16 Query	show fields from `table_list_country`
191014 23:03:39	    16 Query	SELECT /*!40001 SQL_NO_CACHE */ `iso_code`, `name`, `continent`, `region`, `capital`, `area`, `population`, `gdp`, `currency`, `pop_density` FROM `table_list_country`
		    16 Query	SET SESSION character_set_results = 'binary'
		    16 Init DB	world
		    16 Query	select @@collation_database
		    16 Query	SELECT TRIGGER_NAME FROM INFORMATION_SCHEMA.TRIGGERS WHERE EVENT_OBJECT_SCHEMA = DATABASE() AND EVENT_OBJECT_TABLE = 'table_list_country'
		    16 Query	SET SESSION character_set_results = 'utf8mb4'
		    16 Query	UNLOCK TABLES
		    16 Quit	
