c:\xamppp\mysql\bin\mysqld.exe, Version: 10.1.34-MariaDB (mariadb.org binary distribution). started with:
TCP Port: 3306, Named Pipe: C:/xamppp/mysql/mysql.sock
Time                 Id Command    Argument
191028 20:53:30	    4 Query	set global general_log = 1
191028 20:54:11	    4 Query	show databases
191028 20:54:24	    4 Query	SELECT DATABASE()
		    4 Init DB	db_mahasiswa
191028 20:55:34	    4 Query	create table fakultas(
kode varchar(1) primary key,
nama varchar(100) not null)
191028 20:55:45	    4 Query	desc fakultas
191028 21:02:44	    4 Query	create table prodi(
kode int(2) zerofill primary key,
nama varchar(100) not null,
kode_fakultas varchar(1) not null)
191028 21:02:54	    4 Query	desc prodi
191028 21:05:49	    4 Query	create table jalur_masuk(
kode enum('0','3','5') not null primary key,
nama enum('SN','SB','Mandiri') not null)
191028 21:06:04	    4 Query	desc jalur_masuk
191028 21:07:06	    4 Query	Alter table prodi add foreign key(kode_fakultas) references fakultas(kode)
191028 21:07:13	    4 Query	desc prodi
191028 21:14:19	    4 Query	create table mahasiswa(
id int(2) zerofill primary key auto_increment,
kode_fakultas varchar(1) not null,
kode_prodi int(2) zerofill not null,
tahun_masuk int(4) not null,
jalur_masuk enum('0','3','5') not null,
nama varchar(100) not null)
191028 21:14:34	    4 Query	desc mahasiswa
191028 21:15:57	    4 Query	Alter table mahasiswa add foreign key(kode_fakultas) references fakultas(kode)
191028 21:16:37	    4 Query	Alter table mahasiswa add foreign key(kode_prodi) references prodi(kode)
191028 21:17:31	    4 Query	Alter table mahasiswa add foreign key(jalur_masuk) references jalur_masuk(kode)
191028 21:17:39	    4 Query	desc mahasiswa
191028 21:19:52	    4 Query	create table nim(
nama varchar(100) not null,
nim varchar(10) not null)
191028 21:20:03	    4 Query	desc nim
191028 21:23:09	    4 Query	Insert into fakultas values ('H','Mipa')
191028 21:24:10	    4 Query	select * from fakultas
191028 21:25:18	    4 Query	Insert into prodi values ('07','Ilmu Komputer','H')
191028 21:25:27	    4 Query	select * from prodi
191028 21:26:36	    4 Query	Insert into jalur_masuk values ('0','SN')
191028 21:26:47	    4 Query	select * from jalur_masuk
191028 21:35:53	    4 Query	Insert into mahasiswa values ('null','H','07,2018,'0','Arika putri');
'
'
;
'
191028 21:36:17	    4 Query	Insert into mahasiswa values ('null','H','07',2018,'0','Arika putri')
191028 21:37:32	    4 Query	desc mahasiswa
191028 21:37:54	    4 Query	select * from mahasiswa
191028 21:45:49	    4 Query	insert into nim select mahasiswa.nama, concat(mahasiswa.kode_fakultas,mahasiswa.kode_prodi,'1', right(mahasiswa.tahun_masuk,2),'1',mahasiswa.jalur_masuk,mahasiswa.id) from mahasiswa join jalur_masuk on mahasiswa.jalur_masuk = jalur_masuk.kode join fakultas on mahasiswa.kode_fakultas = fakultas.kode join prodi on mahasiswa.kode_prodi = prodi.kode
191028 21:51:20	    4 Query	SELECT mahasiswa.nama AS NAMA, nim.nim AS NIM, fakultas.nama AS FAKULTAS, prodi.nama AS PRODI, mahasiswa.tahun_masuk AS ANGKATAN,jalur_masuk.nama AS JALUR_MASUK FROM mahasiswa JOIN jalur_masuk ON mahasiswa.jalur_masuk = jalur_masuk.kode JOIN fakultas ON mahasiswa.kode_fakultas = fakultas.kode JOIN prodi ON mahasiswa.kode_prodi = prodi.kode JOIN nim ON mahasiswa.nama=nim.nama
191028 21:52:32	    4 Query	Insert into mahasiswa values ('null','H','07',2018,'0','Eka Safitri')
191028 21:55:06	    4 Query	insert into nim select mahasiswa.nama, concat(mahasiswa.kode_fakultas,mahasiswa.kode_prodi,'1', right(mahasiswa.tahun_masuk,2),'1',mahasiswa.jalur_masuk,mahasiswa.id) from mahasiswa join jalur_masuk on mahasiswa.jalur_masuk = jalur_masuk.kode join fakultas on mahasiswa.kode_fakultas = fakultas.kode join prodi on mahasiswa.kode_prodi = prodi.kode where mahasiswa.id = 18
191028 21:55:19	    4 Query	SELECT mahasiswa.nama AS NAMA, nim.nim AS NIM, fakultas.nama AS FAKULTAS, prodi.nama AS PRODI, mahasiswa.tahun_masuk AS ANGKATAN,jalur_masuk.nama AS JALUR_MASUK FROM mahasiswa JOIN jalur_masuk ON mahasiswa.jalur_masuk = jalur_masuk.kode JOIN fakultas ON mahasiswa.kode_fakultas = fakultas.kode JOIN prodi ON mahasiswa.kode_prodi = prodi.kode JOIN nim ON mahasiswa.nama=nim.nama
191028 21:56:27	    4 Query	select * from nim
191028 21:56:51	    4 Query	select * from mahasiswa
191028 22:02:29	    4 Query	insert into nim select mahasiswa.nama, concat(mahasiswa.kode_fakultas,mahasiswa.kode_prodi,'1', right(mahasiswa.tahun_masuk,2),'1',mahasiswa.jalur_masuk,mahasiswa.id) from mahasiswa join jalur_masuk on mahasiswa.jalur_masuk = jalur_masuk.kode join fakultas on mahasiswa.kode_fakultas = fakultas.kode join prodi on mahasiswa.kode_prodi = prodi.kode where mahasiswa.id = 18
191028 22:02:33	    4 Query	SELECT mahasiswa.nama AS NAMA, nim.nim AS NIM, fakultas.nama AS FAKULTAS, prodi.nama AS PRODI, mahasiswa.tahun_masuk AS ANGKATAN,jalur_masuk.nama AS JALUR_MASUK FROM mahasiswa JOIN jalur_masuk ON mahasiswa.jalur_masuk = jalur_masuk.kode JOIN fakultas ON mahasiswa.kode_fakultas = fakultas.kode JOIN prodi ON mahasiswa.kode_prodi = prodi.kode JOIN nim ON mahasiswa.nama=nim.nama
191028 22:04:22	    5 Connect	root@localhost as anonymous on 
		    5 Query	/*!40100 SET @@SQL_MODE='' */
		    5 Query	/*!40103 SET TIME_ZONE='+00:00' */
		    5 Query	set optimizer_switch='semijoin=off'
		    5 Query	SELECT LOGFILE_GROUP_NAME, FILE_NAME, TOTAL_EXTENTS, INITIAL_SIZE, ENGINE, EXTRA FROM INFORMATION_SCHEMA.FILES WHERE FILE_TYPE = 'UNDO LOG' AND FILE_NAME IS NOT NULL AND LOGFILE_GROUP_NAME IN (SELECT DISTINCT LOGFILE_GROUP_NAME FROM INFORMATION_SCHEMA.FILES WHERE FILE_TYPE = 'DATAFILE' AND TABLESPACE_NAME IN (SELECT DISTINCT TABLESPACE_NAME FROM INFORMATION_SCHEMA.PARTITIONS WHERE TABLE_SCHEMA IN ('db_mahasiswa'))) GROUP BY LOGFILE_GROUP_NAME, FILE_NAME, ENGINE ORDER BY LOGFILE_GROUP_NAME
		    5 Query	SELECT DISTINCT TABLESPACE_NAME, FILE_NAME, LOGFILE_GROUP_NAME, EXTENT_SIZE, INITIAL_SIZE, ENGINE FROM INFORMATION_SCHEMA.FILES WHERE FILE_TYPE = 'DATAFILE' AND TABLESPACE_NAME IN (SELECT DISTINCT TABLESPACE_NAME FROM INFORMATION_SCHEMA.PARTITIONS WHERE TABLE_SCHEMA IN ('db_mahasiswa')) ORDER BY TABLESPACE_NAME, LOGFILE_GROUP_NAME
		    5 Query	set optimizer_switch=default
		    5 Init DB	db_mahasiswa
		    5 Query	show tables
		    5 Query	LOCK TABLES `fakultas` READ /*!32311 LOCAL */,`jalur_masuk` READ /*!32311 LOCAL */,`mahasiswa` READ /*!32311 LOCAL */,`nim` READ /*!32311 LOCAL */,`prodi` READ /*!32311 LOCAL */
		    5 Query	SELECT engine FROM INFORMATION_SCHEMA.TABLES WHERE table_schema = DATABASE() AND table_name = 'fakultas'
		    5 Query	SET SQL_QUOTE_SHOW_CREATE=1
		    5 Query	SET SESSION character_set_results = 'binary'
		    5 Query	show create table `fakultas`
		    5 Query	SET SESSION character_set_results = 'utf8'
		    5 Query	show fields from `fakultas`
191028 22:04:23	    5 Query	SELECT /*!40001 SQL_NO_CACHE */ * FROM `fakultas`
		    5 Query	SET SESSION character_set_results = 'binary'
		    5 Init DB	db_mahasiswa
		    5 Query	select @@collation_database
		    5 Query	SELECT TRIGGER_NAME FROM INFORMATION_SCHEMA.TRIGGERS WHERE EVENT_OBJECT_SCHEMA = DATABASE() AND EVENT_OBJECT_TABLE = 'fakultas'
		    5 Query	SET SESSION character_set_results = 'utf8'
		    5 Query	SELECT engine FROM INFORMATION_SCHEMA.TABLES WHERE table_schema = DATABASE() AND table_name = 'jalur_masuk'
		    5 Query	SET SQL_QUOTE_SHOW_CREATE=1
		    5 Query	SET SESSION character_set_results = 'binary'
		    5 Query	show create table `jalur_masuk`
		    5 Query	SET SESSION character_set_results = 'utf8'
		    5 Query	show fields from `jalur_masuk`
		    5 Query	SELECT /*!40001 SQL_NO_CACHE */ * FROM `jalur_masuk`
		    5 Query	SET SESSION character_set_results = 'binary'
		    5 Init DB	db_mahasiswa
		    5 Query	select @@collation_database
		    5 Query	SELECT TRIGGER_NAME FROM INFORMATION_SCHEMA.TRIGGERS WHERE EVENT_OBJECT_SCHEMA = DATABASE() AND EVENT_OBJECT_TABLE = 'jalur_masuk'
		    5 Query	SET SESSION character_set_results = 'utf8'
		    5 Query	SELECT engine FROM INFORMATION_SCHEMA.TABLES WHERE table_schema = DATABASE() AND table_name = 'mahasiswa'
		    5 Query	SET SQL_QUOTE_SHOW_CREATE=1
		    5 Query	SET SESSION character_set_results = 'binary'
		    5 Query	show create table `mahasiswa`
		    5 Query	SET SESSION character_set_results = 'utf8'
		    5 Query	show fields from `mahasiswa`
		    5 Query	SELECT /*!40001 SQL_NO_CACHE */ * FROM `mahasiswa`
		    5 Query	SET SESSION character_set_results = 'binary'
		    5 Init DB	db_mahasiswa
		    5 Query	select @@collation_database
		    5 Query	SELECT TRIGGER_NAME FROM INFORMATION_SCHEMA.TRIGGERS WHERE EVENT_OBJECT_SCHEMA = DATABASE() AND EVENT_OBJECT_TABLE = 'mahasiswa'
		    5 Query	SET SESSION character_set_results = 'utf8'
		    5 Query	SELECT engine FROM INFORMATION_SCHEMA.TABLES WHERE table_schema = DATABASE() AND table_name = 'nim'
		    5 Query	SET SQL_QUOTE_SHOW_CREATE=1
		    5 Query	SET SESSION character_set_results = 'binary'
		    5 Query	show create table `nim`
		    5 Query	SET SESSION character_set_results = 'utf8'
		    5 Query	show fields from `nim`
		    5 Query	SELECT /*!40001 SQL_NO_CACHE */ * FROM `nim`
		    5 Query	SET SESSION character_set_results = 'binary'
		    5 Init DB	db_mahasiswa
		    5 Query	select @@collation_database
		    5 Query	SELECT TRIGGER_NAME FROM INFORMATION_SCHEMA.TRIGGERS WHERE EVENT_OBJECT_SCHEMA = DATABASE() AND EVENT_OBJECT_TABLE = 'nim'
		    5 Query	SET SESSION character_set_results = 'utf8'
		    5 Query	SELECT engine FROM INFORMATION_SCHEMA.TABLES WHERE table_schema = DATABASE() AND table_name = 'prodi'
		    5 Query	SET SQL_QUOTE_SHOW_CREATE=1
		    5 Query	SET SESSION character_set_results = 'binary'
		    5 Query	show create table `prodi`
		    5 Query	SET SESSION character_set_results = 'utf8'
		    5 Query	show fields from `prodi`
		    5 Query	SELECT /*!40001 SQL_NO_CACHE */ * FROM `prodi`
		    5 Query	SET SESSION character_set_results = 'binary'
		    5 Init DB	db_mahasiswa
		    5 Query	select @@collation_database
		    5 Query	SELECT TRIGGER_NAME FROM INFORMATION_SCHEMA.TRIGGERS WHERE EVENT_OBJECT_SCHEMA = DATABASE() AND EVENT_OBJECT_TABLE = 'prodi'
		    5 Query	SET SESSION character_set_results = 'utf8'
		    5 Query	UNLOCK TABLES
		    5 Quit	
