c:\xampp\mysql\bin\mysqld.exe, Version: 10.4.6-MariaDB (mariadb.org binary distribution). started with:
TCP Port: 3306, Named Pipe: C:/xampp/mysql/mysql.sock
Time		    Id Command	Argument
191011  8:42:46	    13 Query	SHOW DATABASES
191011  8:43:37	    13 Query	CREATE DATABASE TUGAS
191011  8:43:44	    13 Query	SELECT DATABASE()
		    13 Init DB	tugas
191011  8:45:06	    13 Query	CREATE TABLE table_mahasiswa(
id_mhs INT NOT NULL AUTO_INCREMENT PRIMARY KEY,
nim_mhs VARCHAR(10) NOT NULL UNIQUE,
nama_mhs VARCHAR(100) NOT NULL)
191011  8:45:48	    13 Query	CREATE TABLE table_matakuliah(
id_mk INT NOT NULL AUTO_INCREMENT PRIMARY KEY)
191011  8:46:04	    13 Query	DESC table_mahasiswa
191011  8:46:18	    13 Query	DESC table_matakuliah
191011  8:47:15	    13 Query	ALTER TABLE table_mahasiswa ADD status_mhs ENUM("Aktif","Lulus") NOT NULL
191011  8:48:40	    13 Query	ALTER TABLE table_matakuliah ADD(
kode_mk VARCHAR(11) NOT NULL,
nama_mk VARCHAR(100) NOT NULL,
sks_mk ENUM("2","3","4") NOT NULL)
191011  8:48:47	    13 Query	SHOW TABLES
191011  8:49:33	    13 Query	ALTER TABLE table_mahasiswa RENAME TO tb_mahasiswa
191011  8:49:48	    13 Query	ALTER TABLE table_matakuliah RENAME TO tb_matakuliah
191011  8:49:58	    13 Query	SHOW TABLES
191011  8:50:44	    13 Query	ALTER TABLE tb_mahasiswa CHANGE id_mhs id INT NOT NULL AUTO_INCREMENT PRIMARY KEY
191011  8:50:55	    13 Query	ALTER TABLE tb_mahasiswa CHANGE id_mhs id INT NOT NULL AUTO_INCREMENT
191011  8:51:42	    13 Query	ALTER TABLE tb_mahasiswa CHANGE nim_mhs nim VARCHAR(10) NOT NULL
191011  8:52:02	    13 Query	ALTER TABLE tb_mahasiswa CHANGE nama_mhs nama VARCHAR(100) NOT NULL
191011  8:53:11	    13 Query	ALTER TABLE tb_mahasiswa CHANGE status_mhs status ENUM("Aktif,"Lulus") NOT NULL;
ALTER TABLE tb_mahasiswa CHANGE status_mhs status ENUM("Aktif,"Lulus") NOT NULL
191011  8:53:40	    13 Query	ALTER TABLE tb_mahasiswa CHANGE status_mhs status ENUM("Aktif","Lulus") NOT NULL
191011  8:53:49	    13 Query	DESC tb_mahasiswa
191011  8:54:41	    13 Query	ALTER TABLE tb_matakuliah CHANGE id_mk id INT NOT NULL AUTO_INCREMENT
191011  8:55:16	    13 Query	ALTER TABLE tb_matakuliah CHANGE kode_mk kode VARCHAR(11) NOT NULL
191011  8:55:34	    13 Query	ALTER TABLE tb_matakuliah CHANGE nama_mk nama VARCHAR(100) NOT NULL
191011  8:56:04	    13 Query	ALTER TABLE tb_matakuliah CHANGE sks_mk sks ENUM("2","3","4") NOT NULL
191011  8:56:14	    13 Query	DESC tb_matakuliah
191011  8:56:29	    13 Quit	
191011  8:56:35	    14 Connect	root@localhost as anonymous on 
		    14 Query	select @@version_comment limit 1
191011  8:56:44	    14 Query	SET global general_log=1
191011  8:56:56	    14 Query	SHOW DATABASES
191011  8:58:51	    14 Query	CREATE DATABASE SKRIPSI
191011  9:00:12	    14 Query	SELECT DATABASE()
		    14 Init DB	skripsi
191011  9:04:27	    14 Query	CREATE TABLE untitled(
nama VARCHAR(255) NOT NULL)
191011  9:07:16	    14 Query	CREATE TABLE mahasiswa_prodi(
nama VARCHAR(255) NOT NULL,
nim VARCHAR(10) NOT NULL,
jk CHAR(1) NOT NULL,
no_hp VARCHAR(20) NOT NULL,
status VARCHAR(100) NOT NULL,
nama_prodi VARCHAR(200) NOT NULL,
tgl_masuk DATE NOT NULL,
tgl_lulus DATE NOT NULL)
191011  9:10:40	    14 Query	CREATE TABLE seminar_mahasiswa(
nama VARCHAR(255) NOT NULL,
nim VARCHAR(10) NOT NULL,
jk CHAR(1) NOT NULL,
tgl_seminar DATE NOT NULL,
jenis_seminar CHAR(1) NOT NULL,
status VARCHAR(20) NOT NULL,
dosen_penguji VARCHAR(200) NOT NULL,
nip VARCHAR(50) NOT NULL)
191011  9:10:51	    14 Query	SHOW TABLES
191011  9:12:33	    14 Query	CREATE TABLE tnilai(
id_nilai INT(2) NOT NULL PRIMARY KEY,
nilai_huruf VARCHAR(2) NOT NULL,
bobot_nilai DECIMAL(3,2) NOT NULL UNIQUE)
191011  9:18:30	    14 Query	CREATE TABLE dosen_penguji(
nama VARCHAR(200) NOT NULL,
nip VARCHAR(50) NOT NULL,
kode_dosen VARCHAR(10) NOT NULL,
status VARCHAR(100) NOT NULL,
nama_prodi VARCHAR(200) NOT NULL,
jenis_penguji CHAR(1) NOT NULL)
191011  9:20:44	    14 Query	CREATE TABLE tsk_pembimbing(
id_SK INT(4) NOT NULL PRIMARY KEY,
id_skripsi INT(5) NOT NULL UNIQUE,
id_semester INT(3) NOT NULL UNIQUE,
no_sk VARCHAR(20) NOT NULL,
tanggal_SK DATE NOT NULL)
191011  9:24:15	    14 Query	CREATE TABLE skripsi_mahasiswa(
nama VARCHAR(255) NOT NULL,
nim VARCHAR(10) NOT NULL,
jk CHAR(1) NOT NULL,
nama_prodi VARCHAR(200) NOT NULL,
judul_skripsi VARCHAR(255) NOT NULL,
dosen_pembimbing VARCHAR(200) NOT NULL,
tgl_sidang DATE NOT NULL,
nilai_sidang VARCHAR(2) NOT NULL,
nip VARCHAR(50) NOT NULL,
jenis_pembimbing VARCHAR(7) NOT NULL)
191011  9:24:31	    14 Query	SHOW TABLES
191011  9:27:34	    14 Query	CREATE TABLE tseminar(
id_seminar INT(5) NOT NULL,
tanggal DATE NOT NULL,
id_nilai INT(2) NOT NULL UNIQUE,
jenis_seminar CHAR(1) NOT NULL,
id_mahasiswa INT(255) NOT NULL UNIQUE,
status VARCHAR(20) NOT NULL,
id_pembimbing INT(255) NOT NULL UNIQUE,
id_penguji INT(255) NOT NULL UNIQUE)
191011  9:38:25	    14 Query	CREATE TABLE tmahasiswa(
id_mahasiswa INT(255) NOT NULL,
nama VARCHAR(255) NOT NULL,
nim VARCHAR(10) NOT NULL,
jk CHAR(1) NOT NULL,
no_hp VARCHAR(20) NOT NULL,
alamat VARCHAR(255) NOT NULL,
tgl_masuk DATE NOT NULL,
tgl_lulus DATE NOT NULL,
status VARCHAR(100) NOT NULL,
id_prodi INT(5) NOT NULL UNIQUE,
PRIMARY KEY(id_mahasiswa,nim))
191011  9:38:51	    14 Query	SHOW TABLES
191011  9:40:51	    14 Query	CREATE TABLE tprodi(
id_prodi INT(5) NOT NULL,
kode_prodi VARCHAR(5) NOT NULL,
nama VARCHAR(200) NOT NULL,
status VARCHAR(100) NOT NULL,
PRIMARY KEY(id_prodi,kode_prodi))
191011  9:42:13	    14 Query	CREATE TABLE tpenguji(
id_penguji INT(255) NOT NULL PRIMARY KEY,
id_dosen INT(255) NOT NULL UNIQUE,
jenis_penguji CHAR(1) NOT NULL)
191011  9:44:26	    14 Query	CREATE TABLE tsemester(
id_semester INT(3) NOT NULL,
nama VARCHAR(20) NOT NULL,
kode_semester VARCHAR(10) NOT NULL,
status VARCHAR(100) NOT NULL,
PRIMARY KEY(id_semester,kode_semester)
191011  9:44:44	    14 Query	jenis_penguji CHAR(1) NOT NULL))
191011  9:45:25	    14 Query	CREATE TABLE tsemester(
id_semester INT(3) NOT NULL,
nama VARCHAR(20) NOT NULL,
kode_semester VARCHAR(10) NOT NULL,
status VARCHAR(100) NOT NULL,
PRIMARY KEY(id_semester,kode_semester))
191011  9:49:21	    14 Query	CREATE TABLE tskripsi(
id_skripsi INT(5) NOT NULL PRIMARY KEY,
id_mahasiswa INT(255) NOT NULL UNIQUE,
judul VARCHAR(255) NOT NULL,
id_pembimbing INT(255) NOT NULL UNIQUE,
id_penguji INT(255) NOT NULL UNIQUE)
191011  9:49:34	    14 Query	SHOW TABLES
191011  9:52:16	    14 Query	CREATE TABLE tdosen(
id_dosen INT(255) NOT NULL,
nama VARCHAR(200) NOT NULL,
nip VARCHAR(50) NOT NULL,
kode_dosen VARCHAR(10) NOT NULL,
status VARCHAR(100) NOT NULL,
id_prodi INT(5) NOT NULL UNIQUE,
PRIMARY KEY(id_dosen,nip,kode_dosen))
191011  9:54:03	    14 Query	CREATE TABLE tpembimbing(
id_pembimbing INT(255) NOT NULL PRIMARY KEY,
jenis_pembimbing VARCHAR(7) NOT NULL,
id_dosen INT(255) NOT NULL UNIQUE)
191011  9:54:13	    14 Query	SHOW TABLES
191011  9:56:54	    14 Query	CREATE TABLE dosen_pembimbing(
nama VARCHAR(200) NOT NULL,
nip VARCHAR(50) NOT NULL,
kode_dosen VARCHAR(10) NOT NULL,
status VARCHAR(100) NOT NULL,
nama_prodi VARCHAR(200) NOT NULL,
jenis_pembimbing VARCHAR(7) NOT NULL)
191011  9:58:45	    14 Query	CREATE TABLE tsidang(
id_sidang INT(5) NOT NULL PRIMARY KEY,
id_mahasiswa INT(255) NOT NULL UNIQUE,
tanggal_sidang DATE NOT NULL,
id_nilai INT(2) NOT NULL UNIQUE,
status VARCHAR(20) NOT NULL)
191011 10:08:05	    14 Query	DESC untitled
191011 10:08:18	    14 Query	DESC mahasiswa_prodi
191011 10:08:44	    14 Query	DESC seminar_mahasiswa
191011 10:09:08	    14 Query	DESC tnilai
191011 10:09:24	    14 Query	DESC dosen_penguji
191011 10:09:47	    14 Query	DESC tsk_pembimbing
191011 10:10:06	    14 Query	DESC tprodi
191011 10:10:25	    14 Query	DESC skripsi_mahasiswa
191011 10:10:55	    14 Query	DESC tpenguji
191011 10:11:05	    14 Query	DESC tdosen
191011 10:11:36	    14 Query	DESC dosen_pembimbing
191011 10:11:57	    14 Query	DESC tsidang
191011 10:12:51	    14 Query	DESC tsemester
191011 10:13:09	    14 Query	DESC tskripsi
191011 10:13:33	    14 Query	DESC tpembimbing
191011 10:15:00	    14 Query	DESC tseminar
191011 10:15:22	    14 Query	DESC tmahasiswa
191011 10:17:18	    14 Quit	
191011 10:20:01	    15 Connect	root@localhost as anonymous on 
		    15 Query	/*!40100 SET @@SQL_MODE='' */
		    15 Query	/*!40103 SET TIME_ZONE='+00:00' */
		    15 Query	set optimizer_switch='semijoin=off'
		    15 Query	SELECT LOGFILE_GROUP_NAME, FILE_NAME, TOTAL_EXTENTS, INITIAL_SIZE, ENGINE, EXTRA FROM INFORMATION_SCHEMA.FILES WHERE FILE_TYPE = 'UNDO LOG' AND FILE_NAME IS NOT NULL AND LOGFILE_GROUP_NAME IS NOT NULL AND LOGFILE_GROUP_NAME IN (SELECT DISTINCT LOGFILE_GROUP_NAME FROM INFORMATION_SCHEMA.FILES WHERE FILE_TYPE = 'DATAFILE' AND TABLESPACE_NAME IN (SELECT DISTINCT TABLESPACE_NAME FROM INFORMATION_SCHEMA.PARTITIONS WHERE TABLE_SCHEMA IN ('TUGAS'))) GROUP BY LOGFILE_GROUP_NAME, FILE_NAME, ENGINE, TOTAL_EXTENTS, INITIAL_SIZE ORDER BY LOGFILE_GROUP_NAME
		    15 Query	SELECT DISTINCT TABLESPACE_NAME, FILE_NAME, LOGFILE_GROUP_NAME, EXTENT_SIZE, INITIAL_SIZE, ENGINE FROM INFORMATION_SCHEMA.FILES WHERE FILE_TYPE = 'DATAFILE' AND TABLESPACE_NAME IN (SELECT DISTINCT TABLESPACE_NAME FROM INFORMATION_SCHEMA.PARTITIONS WHERE TABLE_SCHEMA IN ('TUGAS')) ORDER BY TABLESPACE_NAME, LOGFILE_GROUP_NAME
		    15 Query	set optimizer_switch=default
		    15 Init DB	tugas
		    15 Query	SHOW TABLES LIKE '%'
		    15 Query	LOCK TABLES `tb_mahasiswa` READ /*!32311 LOCAL */,`tb_matakuliah` READ /*!32311 LOCAL */
		    15 Query	SELECT engine FROM INFORMATION_SCHEMA.TABLES WHERE table_schema = DATABASE() AND table_name = 'tb_mahasiswa'
		    15 Query	SET SQL_QUOTE_SHOW_CREATE=1
		    15 Query	SET SESSION character_set_results = 'binary'
		    15 Query	show create table `tb_mahasiswa`
		    15 Query	SET SESSION character_set_results = 'utf8mb4'
		    15 Query	show fields from `tb_mahasiswa`
		    15 Query	SELECT /*!40001 SQL_NO_CACHE */ `id`, `nim`, `nama`, `status` FROM `tb_mahasiswa`
		    15 Query	SET SESSION character_set_results = 'binary'
		    15 Init DB	tugas
		    15 Query	select @@collation_database
		    15 Query	SELECT TRIGGER_NAME FROM INFORMATION_SCHEMA.TRIGGERS WHERE EVENT_OBJECT_SCHEMA = DATABASE() AND EVENT_OBJECT_TABLE = 'tb_mahasiswa'
		    15 Query	SET SESSION character_set_results = 'utf8mb4'
		    15 Query	SELECT engine FROM INFORMATION_SCHEMA.TABLES WHERE table_schema = DATABASE() AND table_name = 'tb_matakuliah'
		    15 Query	SET SQL_QUOTE_SHOW_CREATE=1
		    15 Query	SET SESSION character_set_results = 'binary'
		    15 Query	show create table `tb_matakuliah`
		    15 Query	SET SESSION character_set_results = 'utf8mb4'
		    15 Query	show fields from `tb_matakuliah`
		    15 Query	SELECT /*!40001 SQL_NO_CACHE */ `id`, `kode`, `nama`, `sks` FROM `tb_matakuliah`
		    15 Query	SET SESSION character_set_results = 'binary'
		    15 Init DB	tugas
		    15 Query	select @@collation_database
		    15 Query	SELECT TRIGGER_NAME FROM INFORMATION_SCHEMA.TRIGGERS WHERE EVENT_OBJECT_SCHEMA = DATABASE() AND EVENT_OBJECT_TABLE = 'tb_matakuliah'
		    15 Query	SET SESSION character_set_results = 'utf8mb4'
		    15 Query	UNLOCK TABLES
		    15 Quit	
191011 10:21:16	    16 Connect	root@localhost as anonymous on 
		    16 Query	/*!40100 SET @@SQL_MODE='' */
		    16 Query	/*!40103 SET TIME_ZONE='+00:00' */
		    16 Query	set optimizer_switch='semijoin=off'
		    16 Query	SELECT LOGFILE_GROUP_NAME, FILE_NAME, TOTAL_EXTENTS, INITIAL_SIZE, ENGINE, EXTRA FROM INFORMATION_SCHEMA.FILES WHERE FILE_TYPE = 'UNDO LOG' AND FILE_NAME IS NOT NULL AND LOGFILE_GROUP_NAME IS NOT NULL AND LOGFILE_GROUP_NAME IN (SELECT DISTINCT LOGFILE_GROUP_NAME FROM INFORMATION_SCHEMA.FILES WHERE FILE_TYPE = 'DATAFILE' AND TABLESPACE_NAME IN (SELECT DISTINCT TABLESPACE_NAME FROM INFORMATION_SCHEMA.PARTITIONS WHERE TABLE_SCHEMA IN ('SKRIPSI'))) GROUP BY LOGFILE_GROUP_NAME, FILE_NAME, ENGINE, TOTAL_EXTENTS, INITIAL_SIZE ORDER BY LOGFILE_GROUP_NAME
		    16 Query	SELECT DISTINCT TABLESPACE_NAME, FILE_NAME, LOGFILE_GROUP_NAME, EXTENT_SIZE, INITIAL_SIZE, ENGINE FROM INFORMATION_SCHEMA.FILES WHERE FILE_TYPE = 'DATAFILE' AND TABLESPACE_NAME IN (SELECT DISTINCT TABLESPACE_NAME FROM INFORMATION_SCHEMA.PARTITIONS WHERE TABLE_SCHEMA IN ('SKRIPSI')) ORDER BY TABLESPACE_NAME, LOGFILE_GROUP_NAME
		    16 Query	set optimizer_switch=default
		    16 Init DB	skripsi
		    16 Query	SHOW TABLES LIKE '%'
		    16 Query	LOCK TABLES `dosen_pembimbing` READ /*!32311 LOCAL */,`dosen_penguji` READ /*!32311 LOCAL */,`mahasiswa_prodi` READ /*!32311 LOCAL */,`seminar_mahasiswa` READ /*!32311 LOCAL */,`skripsi_mahasiswa` READ /*!32311 LOCAL */,`tdosen` READ /*!32311 LOCAL */,`tmahasiswa` READ /*!32311 LOCAL */,`tnilai` READ /*!32311 LOCAL */,`tpembimbing` READ /*!32311 LOCAL */,`tpenguji` READ /*!32311 LOCAL */,`tprodi` READ /*!32311 LOCAL */,`tsemester` READ /*!32311 LOCAL */,`tseminar` READ /*!32311 LOCAL */,`tsidang` READ /*!32311 LOCAL */,`tsk_pembimbing` READ /*!32311 LOCAL */,`tskripsi` READ /*!32311 LOCAL */,`untitled` READ /*!32311 LOCAL */
		    16 Query	SELECT engine FROM INFORMATION_SCHEMA.TABLES WHERE table_schema = DATABASE() AND table_name = 'dosen_pembimbing'
		    16 Query	SET SQL_QUOTE_SHOW_CREATE=1
		    16 Query	SET SESSION character_set_results = 'binary'
		    16 Query	show create table `dosen_pembimbing`
		    16 Query	SET SESSION character_set_results = 'utf8mb4'
		    16 Query	show fields from `dosen_pembimbing`
		    16 Query	SELECT /*!40001 SQL_NO_CACHE */ `nama`, `nip`, `kode_dosen`, `status`, `nama_prodi`, `jenis_pembimbing` FROM `dosen_pembimbing`
		    16 Query	SET SESSION character_set_results = 'binary'
		    16 Init DB	skripsi
		    16 Query	select @@collation_database
		    16 Query	SELECT TRIGGER_NAME FROM INFORMATION_SCHEMA.TRIGGERS WHERE EVENT_OBJECT_SCHEMA = DATABASE() AND EVENT_OBJECT_TABLE = 'dosen_pembimbing'
		    16 Query	SET SESSION character_set_results = 'utf8mb4'
		    16 Query	SELECT engine FROM INFORMATION_SCHEMA.TABLES WHERE table_schema = DATABASE() AND table_name = 'dosen_penguji'
		    16 Query	SET SQL_QUOTE_SHOW_CREATE=1
		    16 Query	SET SESSION character_set_results = 'binary'
		    16 Query	show create table `dosen_penguji`
		    16 Query	SET SESSION character_set_results = 'utf8mb4'
		    16 Query	show fields from `dosen_penguji`
		    16 Query	SELECT /*!40001 SQL_NO_CACHE */ `nama`, `nip`, `kode_dosen`, `status`, `nama_prodi`, `jenis_penguji` FROM `dosen_penguji`
		    16 Query	SET SESSION character_set_results = 'binary'
		    16 Init DB	skripsi
		    16 Query	select @@collation_database
		    16 Query	SELECT TRIGGER_NAME FROM INFORMATION_SCHEMA.TRIGGERS WHERE EVENT_OBJECT_SCHEMA = DATABASE() AND EVENT_OBJECT_TABLE = 'dosen_penguji'
		    16 Query	SET SESSION character_set_results = 'utf8mb4'
		    16 Query	SELECT engine FROM INFORMATION_SCHEMA.TABLES WHERE table_schema = DATABASE() AND table_name = 'mahasiswa_prodi'
		    16 Query	SET SQL_QUOTE_SHOW_CREATE=1
		    16 Query	SET SESSION character_set_results = 'binary'
		    16 Query	show create table `mahasiswa_prodi`
		    16 Query	SET SESSION character_set_results = 'utf8mb4'
		    16 Query	show fields from `mahasiswa_prodi`
		    16 Query	SELECT /*!40001 SQL_NO_CACHE */ `nama`, `nim`, `jk`, `no_hp`, `status`, `nama_prodi`, `tgl_masuk`, `tgl_lulus` FROM `mahasiswa_prodi`
		    16 Query	SET SESSION character_set_results = 'binary'
		    16 Init DB	skripsi
		    16 Query	select @@collation_database
		    16 Query	SELECT TRIGGER_NAME FROM INFORMATION_SCHEMA.TRIGGERS WHERE EVENT_OBJECT_SCHEMA = DATABASE() AND EVENT_OBJECT_TABLE = 'mahasiswa_prodi'
		    16 Query	SET SESSION character_set_results = 'utf8mb4'
		    16 Query	SELECT engine FROM INFORMATION_SCHEMA.TABLES WHERE table_schema = DATABASE() AND table_name = 'seminar_mahasiswa'
		    16 Query	SET SQL_QUOTE_SHOW_CREATE=1
		    16 Query	SET SESSION character_set_results = 'binary'
		    16 Query	show create table `seminar_mahasiswa`
		    16 Query	SET SESSION character_set_results = 'utf8mb4'
		    16 Query	show fields from `seminar_mahasiswa`
		    16 Query	SELECT /*!40001 SQL_NO_CACHE */ `nama`, `nim`, `jk`, `tgl_seminar`, `jenis_seminar`, `status`, `dosen_penguji`, `nip` FROM `seminar_mahasiswa`
		    16 Query	SET SESSION character_set_results = 'binary'
		    16 Init DB	skripsi
		    16 Query	select @@collation_database
		    16 Query	SELECT TRIGGER_NAME FROM INFORMATION_SCHEMA.TRIGGERS WHERE EVENT_OBJECT_SCHEMA = DATABASE() AND EVENT_OBJECT_TABLE = 'seminar_mahasiswa'
		    16 Query	SET SESSION character_set_results = 'utf8mb4'
		    16 Query	SELECT engine FROM INFORMATION_SCHEMA.TABLES WHERE table_schema = DATABASE() AND table_name = 'skripsi_mahasiswa'
		    16 Query	SET SQL_QUOTE_SHOW_CREATE=1
		    16 Query	SET SESSION character_set_results = 'binary'
		    16 Query	show create table `skripsi_mahasiswa`
		    16 Query	SET SESSION character_set_results = 'utf8mb4'
		    16 Query	show fields from `skripsi_mahasiswa`
		    16 Query	SELECT /*!40001 SQL_NO_CACHE */ `nama`, `nim`, `jk`, `nama_prodi`, `judul_skripsi`, `dosen_pembimbing`, `tgl_sidang`, `nilai_sidang`, `nip`, `jenis_pembimbing` FROM `skripsi_mahasiswa`
		    16 Query	SET SESSION character_set_results = 'binary'
		    16 Init DB	skripsi
		    16 Query	select @@collation_database
		    16 Query	SELECT TRIGGER_NAME FROM INFORMATION_SCHEMA.TRIGGERS WHERE EVENT_OBJECT_SCHEMA = DATABASE() AND EVENT_OBJECT_TABLE = 'skripsi_mahasiswa'
		    16 Query	SET SESSION character_set_results = 'utf8mb4'
		    16 Query	SELECT engine FROM INFORMATION_SCHEMA.TABLES WHERE table_schema = DATABASE() AND table_name = 'tdosen'
		    16 Query	SET SQL_QUOTE_SHOW_CREATE=1
		    16 Query	SET SESSION character_set_results = 'binary'
		    16 Query	show create table `tdosen`
		    16 Query	SET SESSION character_set_results = 'utf8mb4'
		    16 Query	show fields from `tdosen`
		    16 Query	SELECT /*!40001 SQL_NO_CACHE */ `id_dosen`, `nama`, `nip`, `kode_dosen`, `status`, `id_prodi` FROM `tdosen`
		    16 Query	SET SESSION character_set_results = 'binary'
		    16 Init DB	skripsi
		    16 Query	select @@collation_database
		    16 Query	SELECT TRIGGER_NAME FROM INFORMATION_SCHEMA.TRIGGERS WHERE EVENT_OBJECT_SCHEMA = DATABASE() AND EVENT_OBJECT_TABLE = 'tdosen'
		    16 Query	SET SESSION character_set_results = 'utf8mb4'
		    16 Query	SELECT engine FROM INFORMATION_SCHEMA.TABLES WHERE table_schema = DATABASE() AND table_name = 'tmahasiswa'
		    16 Query	SET SQL_QUOTE_SHOW_CREATE=1
		    16 Query	SET SESSION character_set_results = 'binary'
		    16 Query	show create table `tmahasiswa`
		    16 Query	SET SESSION character_set_results = 'utf8mb4'
		    16 Query	show fields from `tmahasiswa`
		    16 Query	SELECT /*!40001 SQL_NO_CACHE */ `id_mahasiswa`, `nama`, `nim`, `jk`, `no_hp`, `alamat`, `tgl_masuk`, `tgl_lulus`, `status`, `id_prodi` FROM `tmahasiswa`
		    16 Query	SET SESSION character_set_results = 'binary'
		    16 Init DB	skripsi
		    16 Query	select @@collation_database
		    16 Query	SELECT TRIGGER_NAME FROM INFORMATION_SCHEMA.TRIGGERS WHERE EVENT_OBJECT_SCHEMA = DATABASE() AND EVENT_OBJECT_TABLE = 'tmahasiswa'
		    16 Query	SET SESSION character_set_results = 'utf8mb4'
		    16 Query	SELECT engine FROM INFORMATION_SCHEMA.TABLES WHERE table_schema = DATABASE() AND table_name = 'tnilai'
		    16 Query	SET SQL_QUOTE_SHOW_CREATE=1
		    16 Query	SET SESSION character_set_results = 'binary'
		    16 Query	show create table `tnilai`
		    16 Query	SET SESSION character_set_results = 'utf8mb4'
		    16 Query	show fields from `tnilai`
		    16 Query	SELECT /*!40001 SQL_NO_CACHE */ `id_nilai`, `nilai_huruf`, `bobot_nilai` FROM `tnilai`
		    16 Query	SET SESSION character_set_results = 'binary'
		    16 Init DB	skripsi
		    16 Query	select @@collation_database
		    16 Query	SELECT TRIGGER_NAME FROM INFORMATION_SCHEMA.TRIGGERS WHERE EVENT_OBJECT_SCHEMA = DATABASE() AND EVENT_OBJECT_TABLE = 'tnilai'
		    16 Query	SET SESSION character_set_results = 'utf8mb4'
		    16 Query	SELECT engine FROM INFORMATION_SCHEMA.TABLES WHERE table_schema = DATABASE() AND table_name = 'tpembimbing'
		    16 Query	SET SQL_QUOTE_SHOW_CREATE=1
		    16 Query	SET SESSION character_set_results = 'binary'
		    16 Query	show create table `tpembimbing`
		    16 Query	SET SESSION character_set_results = 'utf8mb4'
		    16 Query	show fields from `tpembimbing`
		    16 Query	SELECT /*!40001 SQL_NO_CACHE */ `id_pembimbing`, `jenis_pembimbing`, `id_dosen` FROM `tpembimbing`
		    16 Query	SET SESSION character_set_results = 'binary'
		    16 Init DB	skripsi
		    16 Query	select @@collation_database
		    16 Query	SELECT TRIGGER_NAME FROM INFORMATION_SCHEMA.TRIGGERS WHERE EVENT_OBJECT_SCHEMA = DATABASE() AND EVENT_OBJECT_TABLE = 'tpembimbing'
		    16 Query	SET SESSION character_set_results = 'utf8mb4'
		    16 Query	SELECT engine FROM INFORMATION_SCHEMA.TABLES WHERE table_schema = DATABASE() AND table_name = 'tpenguji'
		    16 Query	SET SQL_QUOTE_SHOW_CREATE=1
		    16 Query	SET SESSION character_set_results = 'binary'
		    16 Query	show create table `tpenguji`
		    16 Query	SET SESSION character_set_results = 'utf8mb4'
		    16 Query	show fields from `tpenguji`
191011 10:21:17	    16 Query	SELECT /*!40001 SQL_NO_CACHE */ `id_penguji`, `id_dosen`, `jenis_penguji` FROM `tpenguji`
		    16 Query	SET SESSION character_set_results = 'binary'
		    16 Init DB	skripsi
		    16 Query	select @@collation_database
		    16 Query	SELECT TRIGGER_NAME FROM INFORMATION_SCHEMA.TRIGGERS WHERE EVENT_OBJECT_SCHEMA = DATABASE() AND EVENT_OBJECT_TABLE = 'tpenguji'
		    16 Query	SET SESSION character_set_results = 'utf8mb4'
		    16 Query	SELECT engine FROM INFORMATION_SCHEMA.TABLES WHERE table_schema = DATABASE() AND table_name = 'tprodi'
		    16 Query	SET SQL_QUOTE_SHOW_CREATE=1
		    16 Query	SET SESSION character_set_results = 'binary'
		    16 Query	show create table `tprodi`
		    16 Query	SET SESSION character_set_results = 'utf8mb4'
		    16 Query	show fields from `tprodi`
		    16 Query	SELECT /*!40001 SQL_NO_CACHE */ `id_prodi`, `kode_prodi`, `nama`, `status` FROM `tprodi`
		    16 Query	SET SESSION character_set_results = 'binary'
		    16 Init DB	skripsi
		    16 Query	select @@collation_database
		    16 Query	SELECT TRIGGER_NAME FROM INFORMATION_SCHEMA.TRIGGERS WHERE EVENT_OBJECT_SCHEMA = DATABASE() AND EVENT_OBJECT_TABLE = 'tprodi'
		    16 Query	SET SESSION character_set_results = 'utf8mb4'
		    16 Query	SELECT engine FROM INFORMATION_SCHEMA.TABLES WHERE table_schema = DATABASE() AND table_name = 'tsemester'
		    16 Query	SET SQL_QUOTE_SHOW_CREATE=1
		    16 Query	SET SESSION character_set_results = 'binary'
		    16 Query	show create table `tsemester`
		    16 Query	SET SESSION character_set_results = 'utf8mb4'
		    16 Query	show fields from `tsemester`
		    16 Query	SELECT /*!40001 SQL_NO_CACHE */ `id_semester`, `nama`, `kode_semester`, `status` FROM `tsemester`
		    16 Query	SET SESSION character_set_results = 'binary'
		    16 Init DB	skripsi
		    16 Query	select @@collation_database
		    16 Query	SELECT TRIGGER_NAME FROM INFORMATION_SCHEMA.TRIGGERS WHERE EVENT_OBJECT_SCHEMA = DATABASE() AND EVENT_OBJECT_TABLE = 'tsemester'
		    16 Query	SET SESSION character_set_results = 'utf8mb4'
		    16 Query	SELECT engine FROM INFORMATION_SCHEMA.TABLES WHERE table_schema = DATABASE() AND table_name = 'tseminar'
		    16 Query	SET SQL_QUOTE_SHOW_CREATE=1
		    16 Query	SET SESSION character_set_results = 'binary'
		    16 Query	show create table `tseminar`
		    16 Query	SET SESSION character_set_results = 'utf8mb4'
		    16 Query	show fields from `tseminar`
		    16 Query	SELECT /*!40001 SQL_NO_CACHE */ `id_seminar`, `tanggal`, `id_nilai`, `jenis_seminar`, `id_mahasiswa`, `status`, `id_pembimbing`, `id_penguji` FROM `tseminar`
		    16 Query	SET SESSION character_set_results = 'binary'
		    16 Init DB	skripsi
		    16 Query	select @@collation_database
		    16 Query	SELECT TRIGGER_NAME FROM INFORMATION_SCHEMA.TRIGGERS WHERE EVENT_OBJECT_SCHEMA = DATABASE() AND EVENT_OBJECT_TABLE = 'tseminar'
		    16 Query	SET SESSION character_set_results = 'utf8mb4'
		    16 Query	SELECT engine FROM INFORMATION_SCHEMA.TABLES WHERE table_schema = DATABASE() AND table_name = 'tsidang'
		    16 Query	SET SQL_QUOTE_SHOW_CREATE=1
		    16 Query	SET SESSION character_set_results = 'binary'
		    16 Query	show create table `tsidang`
		    16 Query	SET SESSION character_set_results = 'utf8mb4'
		    16 Query	show fields from `tsidang`
		    16 Query	SELECT /*!40001 SQL_NO_CACHE */ `id_sidang`, `id_mahasiswa`, `tanggal_sidang`, `id_nilai`, `status` FROM `tsidang`
		    16 Query	SET SESSION character_set_results = 'binary'
		    16 Init DB	skripsi
		    16 Query	select @@collation_database
		    16 Query	SELECT TRIGGER_NAME FROM INFORMATION_SCHEMA.TRIGGERS WHERE EVENT_OBJECT_SCHEMA = DATABASE() AND EVENT_OBJECT_TABLE = 'tsidang'
		    16 Query	SET SESSION character_set_results = 'utf8mb4'
		    16 Query	SELECT engine FROM INFORMATION_SCHEMA.TABLES WHERE table_schema = DATABASE() AND table_name = 'tsk_pembimbing'
		    16 Query	SET SQL_QUOTE_SHOW_CREATE=1
		    16 Query	SET SESSION character_set_results = 'binary'
		    16 Query	show create table `tsk_pembimbing`
		    16 Query	SET SESSION character_set_results = 'utf8mb4'
		    16 Query	show fields from `tsk_pembimbing`
		    16 Query	SELECT /*!40001 SQL_NO_CACHE */ `id_SK`, `id_skripsi`, `id_semester`, `no_sk`, `tanggal_SK` FROM `tsk_pembimbing`
		    16 Query	SET SESSION character_set_results = 'binary'
		    16 Init DB	skripsi
		    16 Query	select @@collation_database
		    16 Query	SELECT TRIGGER_NAME FROM INFORMATION_SCHEMA.TRIGGERS WHERE EVENT_OBJECT_SCHEMA = DATABASE() AND EVENT_OBJECT_TABLE = 'tsk_pembimbing'
		    16 Query	SET SESSION character_set_results = 'utf8mb4'
		    16 Query	SELECT engine FROM INFORMATION_SCHEMA.TABLES WHERE table_schema = DATABASE() AND table_name = 'tskripsi'
		    16 Query	SET SQL_QUOTE_SHOW_CREATE=1
		    16 Query	SET SESSION character_set_results = 'binary'
		    16 Query	show create table `tskripsi`
		    16 Query	SET SESSION character_set_results = 'utf8mb4'
		    16 Query	show fields from `tskripsi`
		    16 Query	SELECT /*!40001 SQL_NO_CACHE */ `id_skripsi`, `id_mahasiswa`, `judul`, `id_pembimbing`, `id_penguji` FROM `tskripsi`
		    16 Query	SET SESSION character_set_results = 'binary'
		    16 Init DB	skripsi
		    16 Query	select @@collation_database
		    16 Query	SELECT TRIGGER_NAME FROM INFORMATION_SCHEMA.TRIGGERS WHERE EVENT_OBJECT_SCHEMA = DATABASE() AND EVENT_OBJECT_TABLE = 'tskripsi'
		    16 Query	SET SESSION character_set_results = 'utf8mb4'
		    16 Query	SELECT engine FROM INFORMATION_SCHEMA.TABLES WHERE table_schema = DATABASE() AND table_name = 'untitled'
		    16 Query	SET SQL_QUOTE_SHOW_CREATE=1
		    16 Query	SET SESSION character_set_results = 'binary'
		    16 Query	show create table `untitled`
		    16 Query	SET SESSION character_set_results = 'utf8mb4'
		    16 Query	show fields from `untitled`
		    16 Query	SELECT /*!40001 SQL_NO_CACHE */ `nama` FROM `untitled`
		    16 Query	SET SESSION character_set_results = 'binary'
		    16 Init DB	skripsi
		    16 Query	select @@collation_database
		    16 Query	SELECT TRIGGER_NAME FROM INFORMATION_SCHEMA.TRIGGERS WHERE EVENT_OBJECT_SCHEMA = DATABASE() AND EVENT_OBJECT_TABLE = 'untitled'
		    16 Query	SET SESSION character_set_results = 'utf8mb4'
		    16 Query	UNLOCK TABLES
		    16 Quit	
