c:\xampp\mysql\bin\mysqld.exe, Version: 10.1.39-MariaDB (mariadb.org binary distribution). started with:
TCP Port: 3306, Named Pipe: C:/xampp/mysql/mysql.sock
Time                 Id Command    Argument
191012  0:11:25	  468 Query	set global general_log = 1
191012  0:16:00	  468 Query	create table table_mahasiswa(
id_mhs int(10) not null auto_inrecement,
nim_mhs varchar(10) not null,
nama_mhs char(20) not null,
primary key(id_mhs))
191012  0:16:56	  468 Query	create table table_mahasiswa(
id_mhs int(10) not null,
nim_mhs varchar(10) not null,
nama_mhs char(20) not null,
primary key(id_mhs))
191012  0:17:59	  468 Query	create table_matakuliah(
id_mk int(10) not null primary key
191012  0:18:26	  468 Query	create table_matakuliah(
id_mk int(10) not null primary key)
191012  0:18:54	  468 Query	create table table_matakuliah(
id_mk int(10) not null primary key)
191012  0:20:03	  468 Query	alter table table mahasiswa add status_mhs enum(aktif,lulus)
191012  0:20:18	  468 Query	alter table table mahasiswa add status_mhs enum('aktif','lulus')
191012  0:20:29	  468 Query	alter table table_mahasiswa add status_mhs enum('aktif','lulus')
191012  0:20:50	  468 Query	alter table table_mahasiswa add status_mhs enum('aktif','lulus')
191012  0:22:56	  468 Query	alter table table_mahasiswa add
kode_mk varchar(10) not null,
nama_mk varchar(20) not null,
sks_mk enum('2','3','4')
191012  0:23:41	  468 Query	alter table table_mahasiswa add(
kode_mk varchar(10) not null,
kode_mk varchar(10) not null,
nama_mk varchar(20) not null,
sks_mk enum('2','3','4')
191012  0:24:19	  468 Query	alter table table_mahasiswa add (
kode_mk varchar(10) not null,
nama_mk varchar(20) not null,
sks_mk enum('2','3','4'))
191012  0:26:25	  468 Query	rename table_mahasiswa tb_mahasiswa
191012  0:26:50	  469 Connect	pma@localhost as anonymous on 
		  470 Connect	root@localhost as anonymous on 
		  470 Query	SELECT @@version, @@version_comment
		  470 Query	SET NAMES 'utf8mb4' COLLATE 'utf8mb4_general_ci'
		  470 Query	SET lc_messages = 'id_ID'
		  469 Query	SELECT `config_data`, UNIX_TIMESTAMP(`timevalue`) ts FROM `phpmyadmin`.`pma__userconfig` WHERE `username` = 'root'
		  469 Query	SELECT `config_data`, UNIX_TIMESTAMP(`timevalue`) ts FROM `phpmyadmin`.`pma__userconfig` WHERE `username` = 'root'
		  470 Query	SET collation_connection = 'utf8mb4_unicode_ci'
		  470 Query	SHOW TABLES FROM `skripsi`
		  470 Query	SELECT `PRIVILEGE_TYPE` FROM `INFORMATION_SCHEMA`.`USER_PRIVILEGES` WHERE GRANTEE='''root''@''localhost''' AND PRIVILEGE_TYPE='EVENT'
		  470 Query	SELECT `PRIVILEGE_TYPE` FROM `INFORMATION_SCHEMA`.`USER_PRIVILEGES` WHERE GRANTEE='''root''@''localhost''' AND PRIVILEGE_TYPE='TRIGGER'
		  469 Query	SELECT `comment`
                FROM `phpmyadmin`.`pma__column_info`
                WHERE db_name     = 'skripsi'
                    AND table_name  = ''
                    AND column_name = '(db_comment)'
		  469 Query	SELECT `comment`
                FROM `phpmyadmin`.`pma__column_info`
                WHERE db_name     = 'skripsi'
                    AND table_name  = ''
                    AND column_name = '(db_comment)'
		  470 Query	SHOW TABLES FROM `skripsi`
		  470 Query	SELECT `PRIVILEGE_TYPE` FROM `INFORMATION_SCHEMA`.`USER_PRIVILEGES` WHERE GRANTEE='''root''@''localhost''' AND PRIVILEGE_TYPE='EVENT'
		  470 Query	SELECT `PRIVILEGE_TYPE` FROM `INFORMATION_SCHEMA`.`USER_PRIVILEGES` WHERE GRANTEE='''root''@''localhost''' AND PRIVILEGE_TYPE='TRIGGER'
		  470 Quit	
		  469 Quit	
191012  0:27:06	  468 Query	rename table_mahasiswa to tb_mahasiswa
191012  0:27:57	  468 Query	rename table_mahasiswa to tb_mahasiswa
191012  0:28:27	  468 Query	alter table_mahasiswa to tb_mahasiswa
191012  0:29:18	  468 Query	rename table_mahasiswa to tb_mahasiswa
191012  0:31:17	  468 Query	rename table_matakuliah to tb_matakuliah
191012  0:31:40	  468 Query	show tables
191012  0:33:39	  471 Connect	pma@localhost as anonymous on 
		  472 Connect	root@localhost as anonymous on 
		  472 Query	SELECT @@version, @@version_comment
		  472 Query	SET NAMES 'utf8mb4' COLLATE 'utf8mb4_general_ci'
		  472 Query	SET lc_messages = 'id_ID'
		  471 Query	SELECT `config_data`, UNIX_TIMESTAMP(`timevalue`) ts FROM `phpmyadmin`.`pma__userconfig` WHERE `username` = 'root'
		  472 Query	SET collation_connection = 'utf8mb4_unicode_ci'
		  472 Query	SHOW TABLES FROM `skripsi`
		  472 Query	SELECT `PRIVILEGE_TYPE` FROM `INFORMATION_SCHEMA`.`USER_PRIVILEGES` WHERE GRANTEE='''root''@''localhost''' AND PRIVILEGE_TYPE='EVENT'
		  472 Query	SELECT `PRIVILEGE_TYPE` FROM `INFORMATION_SCHEMA`.`USER_PRIVILEGES` WHERE GRANTEE='''root''@''localhost''' AND PRIVILEGE_TYPE='TRIGGER'
		  471 Query	SELECT `comment`
                FROM `phpmyadmin`.`pma__column_info`
                WHERE db_name     = 'skripsi'
                    AND table_name  = ''
                    AND column_name = '(db_comment)'
		  471 Query	SELECT `comment`
                FROM `phpmyadmin`.`pma__column_info`
                WHERE db_name     = 'skripsi'
                    AND table_name  = ''
                    AND column_name = '(db_comment)'
		  472 Query	SHOW TABLES FROM `skripsi`
		  472 Query	SELECT `PRIVILEGE_TYPE` FROM `INFORMATION_SCHEMA`.`USER_PRIVILEGES` WHERE GRANTEE='''root''@''localhost''' AND PRIVILEGE_TYPE='EVENT'
		  472 Query	SELECT `PRIVILEGE_TYPE` FROM `INFORMATION_SCHEMA`.`USER_PRIVILEGES` WHERE GRANTEE='''root''@''localhost''' AND PRIVILEGE_TYPE='TRIGGER'
		  472 Quit	
		  471 Quit	
191012  0:33:40	  473 Connect	pma@localhost as anonymous on 
		  474 Connect	root@localhost as anonymous on 
		  474 Query	SELECT @@version, @@version_comment
		  474 Query	SET NAMES 'utf8mb4' COLLATE 'utf8mb4_general_ci'
		  474 Query	SET lc_messages = 'id_ID'
191012  0:33:41	  473 Query	SELECT `config_data`, UNIX_TIMESTAMP(`timevalue`) ts FROM `phpmyadmin`.`pma__userconfig` WHERE `username` = 'root'
		  474 Query	SET collation_connection = 'utf8mb4_unicode_ci'
		  474 Query	SHOW TABLES FROM `skripsi`
		  474 Query	SELECT `PRIVILEGE_TYPE` FROM `INFORMATION_SCHEMA`.`USER_PRIVILEGES` WHERE GRANTEE='''root''@''localhost''' AND PRIVILEGE_TYPE='EVENT'
		  474 Query	SELECT `PRIVILEGE_TYPE` FROM `INFORMATION_SCHEMA`.`USER_PRIVILEGES` WHERE GRANTEE='''root''@''localhost''' AND PRIVILEGE_TYPE='TRIGGER'
		  473 Query	SELECT `comment`
                FROM `phpmyadmin`.`pma__column_info`
                WHERE db_name     = 'skripsi'
                    AND table_name  = ''
                    AND column_name = '(db_comment)'
		  473 Query	SELECT `comment`
                FROM `phpmyadmin`.`pma__column_info`
                WHERE db_name     = 'skripsi'
                    AND table_name  = ''
                    AND column_name = '(db_comment)'
		  474 Query	SHOW TABLES FROM `skripsi`
		  474 Query	SELECT `PRIVILEGE_TYPE` FROM `INFORMATION_SCHEMA`.`USER_PRIVILEGES` WHERE GRANTEE='''root''@''localhost''' AND PRIVILEGE_TYPE='EVENT'
		  474 Query	SELECT `PRIVILEGE_TYPE` FROM `INFORMATION_SCHEMA`.`USER_PRIVILEGES` WHERE GRANTEE='''root''@''localhost''' AND PRIVILEGE_TYPE='TRIGGER'
		  474 Quit	
		  473 Quit	
191012  0:33:53	  468 Query	alter table table_mahasiswa rename to tb_mahasiswa
191012  0:34:15	  468 Query	alter table table_matakuliah rename to tb_matakuliah
191012  0:35:38	  468 Query	alter table tb_mahasiswa change id_mhs id
191012  0:36:06	  468 Query	alter table tb_mahasiswa change id_mhs id int(10) not null
191012  0:36:43	  468 Query	alter table tb_mahasiswa change nim_mhs nim varchar(10) not null
191012  0:37:06	  468 Query	alter table tb_mahasiswa change nama_mhs nama varchar(20) not null
191012  0:37:36	  468 Query	alter table tb_mahasiswa change status_mhs status varchar(20) not null
191012  0:37:57	  468 Query	describe tb_mahasiswa
191012  0:39:56	  468 Query	alter table tb_mahasiswa drop kode_mk
191012  0:40:08	  468 Query	alter table tb_mahasiswa drop nama_mk
191012  0:40:17	  468 Query	alter table tb_mahasiswa drop sks_mk
191012  0:41:07	  468 Query	alter table tb_mahasiswa change status status enum('aktif','lulus')
191012  0:43:25	  468 Query	alter table table_matakuliah add (
id_mk int(10) not null primary key),
kode_mk varchar(10) not null,
nama_mk varchar(20) not null,
sks_mk enum('2','3','4'))
191012  0:43:48	  468 Query	describe matakuliah
191012  0:43:56	  468 Query	describe tb_matakuliah
191012  0:44:10	  468 Query	alter table table_matakuliah add (
kode_mk varchar(10) not null,
nama_mk varchar(20) not null,
sks_mk enum('2','3','4'))
191012  0:44:32	  468 Query	alter table tb_matakuliah add (
kode_mk varchar(10) not null,
nama_mk varchar(20) not null,
sks_mk enum('2','3','4'))
191012  0:44:47	  468 Query	describe tb_matakuliah
191012  0:45:27	  468 Query	alter table tb_mahasiswa change id_mk id int(10)
191012  0:45:41	  468 Query	alter table tb_matakuliah change id_mk id int(10)
191012  0:46:04	  468 Query	alter table tb_matakuliah change kode_mk kode varchar(10)
191012  0:46:37	  468 Query	alter table tb_matakuliah change nama_mk nama varchar(20) not null
191012  0:47:20	  468 Query	alter table tb_matakuliah change sks_mk sks enum('2','3','4') not null
191012  0:47:33	  468 Query	describe tb_matakuliah
191012  0:47:53	  468 Query	describe tb_mahasiswa
191012  0:48:23	  468 Quit	
191012  0:48:41	  475 Connect	root@localhost as anonymous on 
		  475 Query	select @@version_comment limit 1
191012  0:49:02	  475 Query	create database skripsi10
191012  0:49:11	  475 Query	SELECT DATABASE()
		  475 Init DB	skripsi10
191012  0:57:41	  476 Connect	pma@localhost as anonymous on 
		  477 Connect	root@localhost as anonymous on 
		  477 Query	SELECT @@version, @@version_comment
		  477 Query	SET NAMES 'utf8mb4' COLLATE 'utf8mb4_general_ci'
		  477 Query	SET lc_messages = 'id_ID'
		  476 Query	SELECT `config_data`, UNIX_TIMESTAMP(`timevalue`) ts FROM `phpmyadmin`.`pma__userconfig` WHERE `username` = 'root'
		  477 Query	SET collation_connection = 'utf8mb4_unicode_ci'
		  477 Query	SHOW TABLES FROM `skripsi`
		  477 Query	SELECT `PRIVILEGE_TYPE` FROM `INFORMATION_SCHEMA`.`USER_PRIVILEGES` WHERE GRANTEE='''root''@''localhost''' AND PRIVILEGE_TYPE='EVENT'
		  477 Query	SELECT `PRIVILEGE_TYPE` FROM `INFORMATION_SCHEMA`.`USER_PRIVILEGES` WHERE GRANTEE='''root''@''localhost''' AND PRIVILEGE_TYPE='TRIGGER'
		  476 Query	SELECT `comment`
                FROM `phpmyadmin`.`pma__column_info`
                WHERE db_name     = 'skripsi'
                    AND table_name  = ''
                    AND column_name = '(db_comment)'
		  476 Query	SELECT `comment`
                FROM `phpmyadmin`.`pma__column_info`
                WHERE db_name     = 'skripsi'
                    AND table_name  = ''
                    AND column_name = '(db_comment)'
		  477 Query	SHOW TABLES FROM `skripsi`
		  477 Query	SELECT `PRIVILEGE_TYPE` FROM `INFORMATION_SCHEMA`.`USER_PRIVILEGES` WHERE GRANTEE='''root''@''localhost''' AND PRIVILEGE_TYPE='EVENT'
		  477 Query	SELECT `PRIVILEGE_TYPE` FROM `INFORMATION_SCHEMA`.`USER_PRIVILEGES` WHERE GRANTEE='''root''@''localhost''' AND PRIVILEGE_TYPE='TRIGGER'
		  477 Quit	
		  476 Quit	
191012  0:57:43	  478 Connect	pma@localhost as anonymous on 
		  479 Connect	root@localhost as anonymous on 
		  479 Query	SELECT @@version, @@version_comment
		  479 Query	SET NAMES 'utf8mb4' COLLATE 'utf8mb4_general_ci'
		  479 Query	SET lc_messages = 'id_ID'
		  478 Query	SELECT `config_data`, UNIX_TIMESTAMP(`timevalue`) ts FROM `phpmyadmin`.`pma__userconfig` WHERE `username` = 'root'
		  479 Query	SET collation_connection = 'utf8mb4_unicode_ci'
		  479 Query	SHOW TABLES FROM `skripsi`
		  479 Query	SELECT `PRIVILEGE_TYPE` FROM `INFORMATION_SCHEMA`.`USER_PRIVILEGES` WHERE GRANTEE='''root''@''localhost''' AND PRIVILEGE_TYPE='EVENT'
		  479 Query	SELECT `PRIVILEGE_TYPE` FROM `INFORMATION_SCHEMA`.`USER_PRIVILEGES` WHERE GRANTEE='''root''@''localhost''' AND PRIVILEGE_TYPE='TRIGGER'
		  478 Query	SELECT `comment`
                FROM `phpmyadmin`.`pma__column_info`
                WHERE db_name     = 'skripsi'
                    AND table_name  = ''
                    AND column_name = '(db_comment)'
		  478 Query	SELECT `comment`
                FROM `phpmyadmin`.`pma__column_info`
                WHERE db_name     = 'skripsi'
                    AND table_name  = ''
                    AND column_name = '(db_comment)'
		  479 Query	SHOW TABLES FROM `skripsi`
		  479 Query	SELECT `PRIVILEGE_TYPE` FROM `INFORMATION_SCHEMA`.`USER_PRIVILEGES` WHERE GRANTEE='''root''@''localhost''' AND PRIVILEGE_TYPE='EVENT'
		  479 Query	SELECT `PRIVILEGE_TYPE` FROM `INFORMATION_SCHEMA`.`USER_PRIVILEGES` WHERE GRANTEE='''root''@''localhost''' AND PRIVILEGE_TYPE='TRIGGER'
		  479 Quit	
		  478 Quit	
191012  1:32:43	  475 Query	set global general_log = 'on'
191012  1:33:40	  475 Query	set global general_log_file = 'skripsi.log'
