c:\xampp\mysql\bin\mysqld.exe, Version: 10.4.6-MariaDB (mariadb.org binary distribution). started with:
TCP Port: 3306, Named Pipe: C:/xampp/mysql/mysql.sock
Time		    Id Command	Argument
191015  2:28:09	     8 Query	CREATE DATABASE world
191015  2:28:13	     8 Quit	
191015  2:35:57	     9 Connect	root@localhost as anonymous on 
		     9 Query	select @@version_comment limit 1
191015  2:36:01	     9 Query	SET global log_output ='file'
191015  2:36:05	     9 Query	SET global general_log=1
191015  2:36:08	     9 Query	SET global general_log_file='H071181305_nurulfitrihasarir.log'
c:\xampp\mysql\bin\mysqld.exe, Version: 10.4.6-MariaDB (mariadb.org binary distribution). started with:
TCP Port: 3306, Named Pipe: C:/xampp/mysql/mysql.sock
Time		    Id Command	Argument
191015  2:36:41	     9 Query	SHOW DATABASES
191015  2:37:01	     9 Query	SELECT DATABASE()
		     9 Init DB	world
191015  2:37:16	     9 Query	SHOW table
191015  2:37:24	     9 Query	SHOW TABLES
191015  2:41:30	     9 Quit	
191015  2:42:18	    10 Connect	nurulfitrihasarir@localhost as anonymous on world
		    10 Connect	Access denied for user 'nurulfitrihasarir'@'localhost' (using password: NO)
191015  2:42:33	    11 Connect	nurulfitrihasarir@localhost as anonymous on world
		    11 Connect	Access denied for user 'nurulfitrihasarir'@'localhost' (using password: NO)
191015  2:44:29	    12 Connect	root@localhost as anonymous on world
		    12 Query	/*!40101 SET @OLD_CHARACTER_SET_CLIENT=@@CHARACTER_SET_CLIENT */
		    12 Query	/*!40101 SET @OLD_CHARACTER_SET_RESULTS=@@CHARACTER_SET_RESULTS */
		    12 Query	/*!40101 SET @OLD_COLLATION_CONNECTION=@@COLLATION_CONNECTION */
		    12 Query	/*!40101 SET NAMES utf8mb4 */
		    12 Query	/*!40103 SET @OLD_TIME_ZONE=@@TIME_ZONE */
		    12 Query	/*!40103 SET TIME_ZONE='+00:00' */
		    12 Query	/*!40014 SET @OLD_UNIQUE_CHECKS=@@UNIQUE_CHECKS, UNIQUE_CHECKS=0 */
		    12 Query	/*!40014 SET @OLD_FOREIGN_KEY_CHECKS=@@FOREIGN_KEY_CHECKS, FOREIGN_KEY_CHECKS=0 */
		    12 Query	/*!40101 SET @OLD_SQL_MODE=@@SQL_MODE, SQL_MODE='NO_AUTO_VALUE_ON_ZERO' */
		    12 Query	/*!40111 SET @OLD_SQL_NOTES=@@SQL_NOTES, SQL_NOTES=0 */
		    12 Query	DROP TABLE IF EXISTS `table_list_country`
		    12 Query	/*!40101 SET @saved_cs_client     = @@character_set_client */
		    12 Query	/*!40101 SET character_set_client = utf8 */
		    12 Query	CREATE TABLE `table_list_country` (
  `iso_code` varchar(2) COLLATE utf8mb4_unicode_ci NOT NULL,
  `name` varchar(50) COLLATE utf8mb4_unicode_ci NOT NULL,
  `continent` varchar(50) COLLATE utf8mb4_unicode_ci NOT NULL,
  `region` varchar(100) COLLATE utf8mb4_unicode_ci NOT NULL,
  `capital` varchar(100) COLLATE utf8mb4_unicode_ci NOT NULL,
  `area` decimal(10,0) NOT NULL,
  `population` decimal(11,0) NOT NULL,
  `gdp` decimal(14,0) DEFAULT NULL,
  `currency` varchar(100) COLLATE utf8mb4_unicode_ci NOT NULL,
  `pop_density` int(4) NOT NULL,
  PRIMARY KEY (`iso_code`),
  UNIQUE KEY `name` (`name`)
) ENGINE=InnoDB DEFAULT CHARSET=utf8mb4 COLLATE=utf8mb4_unicode_ci
		    12 Query	/*!40101 SET character_set_client = @saved_cs_client */
		    12 Query	LOCK TABLES `table_list_country` WRITE
		    12 Query	/*!40000 ALTER TABLE `table_list_country` DISABLE KEYS */
		    12 Query	INSERT INTO `table_list_country` VALUES ('AF','Afghanistan','Asia','Central','Kabul',625090,29863010,7168,'Afghan afgani',46),('AL','Albani','Europe','South East','Tirana',28748,3129678,8379,'Albanian lek',109),('AR','Argentina','South America','South East','Bueno Aires',2780400,38747150,183309,'Argentine peso',13),('AT','Austria','Europe','South Central','Vienna',83858,8189444,304527,'Euro',98),('AU','Australia','Oceana','South West','Canberra',7741220,20155130,700672,'Autralian dollar',2),('BD','Bangladesh','Asia','South Central','Dhaka',143998,141822300,59958,'Bangladeshi taka',985),('BE','Belgium','Europe','Central West','Brussels',30528,10419050,364735,'Euro',341),('BG','Bulgaria','Europe','South East','Sofia',110912,7725965,26648,'Bulgarian Lev',70),('BH','Bahrain','Asia','South West','Manama',694,726617,12995,'Bahraini dinar',1047),('BN','Brunei','Asia','South East','Bandar Seri Begawan',5765,373819,9531,'Brunei dollar',65),('BR','Brazil','South America','North East','Brasilia',8514877,186404900,794098,'Brazillian real',22),('BT','Bhutan','Asia','South Central','Thimphu',47000,2162546,840,'Indian rupee',46),('CA','Canada','North America','North Central','Ottawa',9970610,32268240,1115192,'Canadian dollar',3),('CN','China','Asia','Central East','Beijing',9596961,1315844000,2228862,'Chinese yuan',137),('CO','Colombia','South America','North West','Bogota',1138914,45600240,122309,'Colombia peso',40),('CZ','Czech Republic','Europe','Central','Prague',78866,10219600,122345,'Czech koruna',130),('DE','Germany','Europe','Central','Berlin',357022,82689210,2781900,'Euro',232),('DK','Denmark','Europe','North Central','Copenhagen',43094,5430590,254401,'Danish krone',126),('DM','Dominican Republic','North America','South East','Santo Domingo',48671,8894907,28303,'Dominican peso',183),('DZ','Algeria','Africa','North Central','Algiers',2381741,32853800,102257,'Algerian dinar',13),('EG','Egypt','North Amerika','South East','Cairo',1001449,74032880,89336,'Egyptian pound',74),('ET','Ethiopia','Africa','Central East','Addis Ababa',1104300,77430700,11174,'Ethiopian birr',70),('FI','Finland','Europe','North East','Helsinki',338145,5249060,193176,'Euro',15),('FR','France','Europe','South West','Paris',551500,60495540,2110185,'Euro',110),('GH','Ghana','Africa','North West','Accra',238533,2212810,10695,'Ghanian cedi',137),('GT','Guatemala','North America','South East','Guatemala City',108889,12599060,31683,'Guatemalan quetzal',116),('HT','Haiti','Nort America','South East','Port-au-Prince',27750,8527777,4254,'Haitian gourde',307),('HU','Hungary','Europe','South East','Budapest',93032,10097730,109154,'Hungarian forint',109),('ID','Indonesia','Asia','South East','Jakarta',1904569,222781500,287217,'Indonesian rupiah',117),('IE','Ireland','Europe','North West','Dublin',70273,4147901,196388,'Euro',59),('IL','Israel','Asia','Central West','Jerusalem',22145,6724564,123434,'Israeli new shaqei',304),('IN','India','Asia','South Central','New Delhi',3287263,1103371000,785468,'Indian rupee',336),('IQ','Iraq','Asia','Central West','Baghdad',438317,28807190,438317,'Iraqi dinar',66),('IR','Iran','Asia','Central West','Tehran',1648195,69515210,196343,'Iranian rial',42),('IS','Iceland','Europe','North West','Reykjavik',103000,294561,15036,'Iceland krona',2),('IT','Italy','Europe','South Central','Rome',301318,58092740,1732044,'Euro',193),('JP','Japan','Asia','Central East','Tokyo',377873,128084700,4505912,'Japanese yen',339),('KH','Cambodia','Asia','South East','Phnom Penh',181035,14071010,5391,'Cambodian riel',78),('KP','Korea, North','Asia','Central East','Pyongyang',120538,22487660,5997,'North Korean won',187),('KR','Korea, South','Asia','Central East','Seoul',99538,48846823,787624,'South Korean won',480),('KZ','Kazakhstan','Asia','North West','Astana',2724900,14825110,56088,'Kazakhstani tenge',5),('LA','Laos','Asia','South East','Vientiane',236800,5924145,2855,'Lao kip',25),('LB','Lebanon','Asia','Central West','Beirut',10400,3576818,22210,'Lebanese lira',344),('MM','Myanmar','Asia','South East','Naypyidaw',676578,50519490,12151,'Myanmar kyat',75),('MX','Mexico','North America','South Central','Mexico City',1958201,107029400,768438,'Mexican peso',55),('MY','Malysia','Asia','South East','Putra Jaya',329847,25347370,130143,'Malaysian ringgit',77),('NL','Netherlands','Europe','Central West','Amsterdam',41528,16299170,594755,'Euro',392),('NZ','New Zealand','Oceana','South East','Wellington',270534,4028384,109041,'New Zealan dollar',14),('RU','Rusia','Asia','North West','Moscow',17098242,143201600,2855,'Russian ruble',8),('SA','Saudi Arabia','Asia','South West','Riyadh',2149690,24573100,309778,'Saudi riyal',11)
		    12 Query	/*!40000 ALTER TABLE `table_list_country` ENABLE KEYS */
		    12 Query	UNLOCK TABLES
		    12 Query	/*!40103 SET TIME_ZONE=@OLD_TIME_ZONE */
		    12 Query	/*!40101 SET SQL_MODE=@OLD_SQL_MODE */
		    12 Query	/*!40014 SET FOREIGN_KEY_CHECKS=@OLD_FOREIGN_KEY_CHECKS */
		    12 Query	/*!40014 SET UNIQUE_CHECKS=@OLD_UNIQUE_CHECKS */
		    12 Query	/*!40101 SET CHARACTER_SET_CLIENT=@OLD_CHARACTER_SET_CLIENT */
		    12 Query	/*!40101 SET CHARACTER_SET_RESULTS=@OLD_CHARACTER_SET_RESULTS */
		    12 Query	/*!40101 SET COLLATION_CONNECTION=@OLD_COLLATION_CONNECTION */
		    12 Query	/*!40111 SET SQL_NOTES=@OLD_SQL_NOTES */
		    12 Quit	
191015  2:44:48	    13 Connect	root@localhost as anonymous on 
		    13 Query	select @@version_comment limit 1
191015  2:44:56	    13 Query	SELECT DATABASE()
		    13 Init DB	world
191015  2:45:11	    13 Query	show tables
191015  2:45:35	    13 Query	select * from table_list_country
191015  2:46:19	    13 Quit	
191015  2:47:30	    14 Connect	rppt@localhost as anonymous on 
		    14 Connect	Access denied for user 'rppt'@'localhost' (using password: NO)
191015  2:47:35	    15 Connect	root@localhost as anonymous on 
		    15 Query	select @@version_comment limit 1
191015  2:47:47	    15 Query	SET global log_output ='file'
191015  2:47:50	    15 Query	SET global general_log=1
191015  2:47:56	    15 Query	SET global general_log_file='H071181305_nurulfitrihasarir.log'
c:\xampp\mysql\bin\mysqld.exe, Version: 10.4.6-MariaDB (mariadb.org binary distribution). started with:
TCP Port: 3306, Named Pipe: C:/xampp/mysql/mysql.sock
Time		    Id Command	Argument
191015  2:48:46	    15 Query	SELECT DATABASE()
191015  2:48:53	    15 Query	show databases
191015  2:49:04	    15 Query	SELECT DATABASE()
		    15 Init DB	world
191015  2:49:29	    15 Query	show tables
191015  2:50:10	    15 Query	select * from table_list_country
191015  3:23:55	    15 Query	SELECT * table_list_country order by iso_code asc
191015  3:24:21	    15 Query	SELECT * FROM table_list_country order by iso_code asc
191015  4:19:53	    15 Query	SELECT * FROM table_list_country order by gdp desc limit 10
191015  4:24:09	    15 Query	SELECT * FROM table_list_country order by area desc limit 10
191015  4:24:50	    15 Query	SELECT * FROM table_list_country order by population desc limit 10
191015  4:25:40	    15 Query	SELECT * FROM table_list_country order by pop_density asc limit 10
191015  4:57:45	    15 Query	SELECT * FROM table_list_country where  name like "%a%", name like "%i%", name like "%u%", name like "%e%", name like "%o%"
191015  4:58:56	    15 Query	SELECT * FROM table_list_country where  name like "%a%",and name like "%i%",and name like "%u%", and name like "%e%", and name like "%o%"
191015  4:59:33	    15 Query	SELECT * FROM table_list_country where  name like "%a%" and name like "%i%" and name like "%u%" and name like "%e%" and name like "%o%"
191015  5:04:53	    15 Query	SELECT * FROM table_list_country where  capital like "%a%" and capital like "%i%" and capital like "%u%" and capital like "%e%" and capital like "%o%"
191015  5:06:24	    15 Query	SELECT * FROM table_list_country where iso_code like "%a%" and iso_code like "%i%" and iso_code like "%u%" and iso_code like "%e%" and iso_code like "%o%"
191015  5:08:09	    15 Query	SELECT * FROM table_list_country where continent like "%a%" and continent like "%i%" and continent like "%u%" and continent like "%e%" and continent like "%o%"
191015  5:12:12	    15 Query	SELECT * FROM table_list_country where  region like "%a%" and region like "%i%" and region like "%u%" and region like "%e%" and region like "%o%"
191015  5:27:38	    15 Query	SELECT name,capital,iso_code,continent,region FROM table_list_country where  name like "%a%",and name like "%i%",and name like "%u%", and name like "%e%", and name like "%o%"
191015  5:28:42	    15 Query	SELECT name,capital,iso_code,continent,region FROM table_list_country where  name like "%a%" and name like "%i%" and name like "%u%"  and name like "%e%" and name like "%o%"
191015  5:37:27	    15 Query	SELECT name,area,population FROM table_list_country WHERE area>3000000 OR population>250000000
191015  5:47:17	    15 Query	SELECT name,population,pop_density FROM table_list_country WHERE continent="Asia"
191015  5:48:58	    15 Query	SELECT name,population,pop_density FROM table_list_country WHERE continent="Asia" AND region="South East"
191015  5:49:59	    15 Query	SELECT name,population,pop_density FROM table_list_country WHERE name like"i%"
191015  6:03:46	    15 Quit	
191015  6:10:07	    16 Connect	root@localhost as anonymous on 
		    16 Query	/*!40100 SET @@SQL_MODE='' */
		    16 Query	/*!40103 SET TIME_ZONE='+00:00' */
		    16 Query	set optimizer_switch='semijoin=off'
		    16 Query	SELECT LOGFILE_GROUP_NAME, FILE_NAME, TOTAL_EXTENTS, INITIAL_SIZE, ENGINE, EXTRA FROM INFORMATION_SCHEMA.FILES WHERE FILE_TYPE = 'UNDO LOG' AND FILE_NAME IS NOT NULL AND LOGFILE_GROUP_NAME IS NOT NULL AND LOGFILE_GROUP_NAME IN (SELECT DISTINCT LOGFILE_GROUP_NAME FROM INFORMATION_SCHEMA.FILES WHERE FILE_TYPE = 'DATAFILE' AND TABLESPACE_NAME IN (SELECT DISTINCT TABLESPACE_NAME FROM INFORMATION_SCHEMA.PARTITIONS WHERE TABLE_SCHEMA IN ('world'))) GROUP BY LOGFILE_GROUP_NAME, FILE_NAME, ENGINE, TOTAL_EXTENTS, INITIAL_SIZE ORDER BY LOGFILE_GROUP_NAME
		    16 Query	SELECT DISTINCT TABLESPACE_NAME, FILE_NAME, LOGFILE_GROUP_NAME, EXTENT_SIZE, INITIAL_SIZE, ENGINE FROM INFORMATION_SCHEMA.FILES WHERE FILE_TYPE = 'DATAFILE' AND TABLESPACE_NAME IN (SELECT DISTINCT TABLESPACE_NAME FROM INFORMATION_SCHEMA.PARTITIONS WHERE TABLE_SCHEMA IN ('world')) ORDER BY TABLESPACE_NAME, LOGFILE_GROUP_NAME
		    16 Query	set optimizer_switch=default
		    16 Init DB	world
		    16 Query	SHOW TABLES LIKE '%'
		    16 Query	LOCK TABLES `table_list_country` READ /*!32311 LOCAL */
		    16 Query	SELECT engine FROM INFORMATION_SCHEMA.TABLES WHERE table_schema = DATABASE() AND table_name = 'table_list_country'
		    16 Query	SET SQL_QUOTE_SHOW_CREATE=1
		    16 Query	SET SESSION character_set_results = 'binary'
		    16 Query	show create table `table_list_country`
		    16 Query	SET SESSION character_set_results = 'utf8mb4'
		    16 Query	show fields from `table_list_country`
		    16 Query	SELECT /*!40001 SQL_NO_CACHE */ `iso_code`, `name`, `continent`, `region`, `capital`, `area`, `population`, `gdp`, `currency`, `pop_density` FROM `table_list_country`
		    16 Query	SET SESSION character_set_results = 'binary'
		    16 Init DB	world
		    16 Query	select @@collation_database
		    16 Query	SELECT TRIGGER_NAME FROM INFORMATION_SCHEMA.TRIGGERS WHERE EVENT_OBJECT_SCHEMA = DATABASE() AND EVENT_OBJECT_TABLE = 'table_list_country'
		    16 Query	SET SESSION character_set_results = 'utf8mb4'
		    16 Query	UNLOCK TABLES
		    16 Quit	
