c:\xampp\mysql\bin\mysqld.exe, Version: 10.4.6-MariaDB (mariadb.org binary distribution). started with:
TCP Port: 3306, Named Pipe: C:/xampp/mysql/mysql.sock
Time		    Id Command	Argument
191011 13:11:48	     8 Query	show databases
191011 13:12:50	     8 Query	create database tugas_simbad1
191011 13:13:03	     8 Query	show databases
191011 13:13:35	     8 Query	SELECT DATABASE()
		     8 Init DB	tugas_simbad1
191011 13:15:24	     8 Query	create table tb_mk (id_mk
int (10) auto_increment primary key)
191011 13:15:52	     8 Query	desc tb-mk
191011 13:16:21	     8 Query	describe tb_mk
191011 13:37:22	     8 Query	alter table tb_mk add column
kode_mk
191011 13:38:28	     8 Query	drop table tb_mk
191011 13:38:49	     8 Query	desc tugas_simbad1
191011 13:41:03	     8 Query	create table table_mahasiswa
191011 13:48:52	     8 Query	create table table_mahasiswa(
id_mhs int(10) auto_increment primary key, 
nim_mhs int(10) unique not null, 
nama_mhs varchar(25) not null)
191011 13:53:20	     8 Query	alter table_mahasiswa
ADD column
status_mhs ENUM("Aktif","Lulus")
191011 13:54:11	     8 Query	alter table table_mahasiswa
ADD column
status_mhs ENUM("Aktif","Lulus")
191011 13:54:33	     8 Query	desc table_mahasiswa
191011 14:01:44	     8 Query	alter table_mahasiswa enum("aktif, lulus") not null
191011 14:02:07	     8 Query	alter table table_mahasiswa enum("aktif, lulus") not null
191011 14:05:00	     8 Query	alter table table_mahasiswa drop not null, add not null(id_mahasiswa, nim_mahasiswa, nama_mahasiswa, status_mahasiswa)
191011 14:05:27	     8 Query	alter table table_mahasiswa drop not null, add not null(id_mahasiswa, nim_mahasiswa, nama_mahasiswa, status_mahasiswa)
191011 14:06:37	     8 Query	drop column status_mahasiwa
191011 14:08:25	     8 Query	show tugas_simbad1
191011 14:08:49	     8 Query	show databases
191011 14:09:11	     8 Query	SELECT DATABASE()
		     8 Init DB	tugas_simbad1
191011 14:09:47	     8 Query	describe tugas_simbad1
191011 14:10:28	     8 Query	describe table_mahasiswa
191011 14:11:16	     8 Query	create table table_matakuliah
191011 14:11:32	     8 Query	create table table_matakuliah
9
191011 14:19:02	     8 Query	create table table_matakuliah(
id_mk int(10) auto_increment primary key)
191011 14:19:27	     8 Query	desc table_matakuliah
191011 14:21:07	     8 Query	desc
191011 14:23:28	     8 Query	alter table table_matakuliah
add column
kode_mk int(15)not null
191011 14:24:45	     8 Query	alter table table_matakuliah
add column
nama_mk varchar(25) not null
191011 14:26:39	     8 Query	alter table table_matakuliah
add column
sks_mk enum("1","2","3")not null
191011 14:28:08	     8 Query	alter table table_matakuliah change sks_mk sks_mk enum("2","3","4")
191011 14:28:30	     8 Query	desc table_matakuliah
191011 14:30:33	     8 Query	show databases
191011 14:30:55	     8 Query	SELECT DATABASE()
		     8 Init DB	tugas_simbad1
191011 14:33:39	     8 Query	rename table table_mahasiswa to tb_mahasiswa
191011 14:34:07	     8 Query	alter table_matakuliah to tb_matakuliah
191011 14:34:30	     8 Query	alter table table_matakuliah to tb_matakuliah
191011 14:34:58	     8 Query	rename table table_matakuliah to tb_matakuliah
191011 14:35:22	     8 Query	desc tugas_simad1
191011 14:35:57	     8 Query	show table tugas_simbad1
191011 14:37:12	     8 Query	show tables tugas_simbad1
191011 14:37:34	     8 Query	show tables
191011 14:38:18	     8 Query	SELECT DATABASE()
191011 14:39:07	     8 Query	desc tb_mahasiswa
191011 14:46:19	     8 Query	alter table tb_mahasiswa change column
id_mhs id int(10)
191011 14:46:48	     8 Query	alter table tb_mahasiswa change column
nim_mhs nim int(10)
191011 14:48:20	     8 Query	alter table tb_mahasiswa change column
nama_mhs nama varchar(25)
191011 14:50:53	     8 Query	alter table tb_mahasiswa change column
status_mhs status enum("aktif","lulus")
191011 14:51:12	     8 Query	desc tb_mahasiswa
191011 14:56:18	     8 Query	alter table tb_mahasiswa change nim nim int(10) unique not null
191011 14:56:28	     8 Query	desc tb_mahasiswa
191011 14:57:00	     8 Query	alter table tb_mahasiswa change nama nama varchar(25) not null
191011 14:57:38	     8 Query	alter table tb_mahasiswa change status status enum("aktif","lulus") not null
191011 14:57:55	     8 Query	desc tb_mahasiswa
191011 15:01:01	     8 Query	alter table tb_matakuliah change column
id_mk id int(10)
191011 15:01:55	     8 Query	alter table tb_matakuliah change column
kode_mk int(15) not null
191011 15:02:10	     8 Query	kode_mk kode int(15) not null
191011 15:02:28	     8 Query	alter table tb_matakuliah change column
kode_mk kode int(15) not null
191011 15:03:24	     8 Query	alter table tb_matakuliah change column
nama_mk nama varchar(25) not null
191011 15:04:12	     8 Query	alter table tb_matakuliah change column
sks_mk sks enum("2","3","4") not null
191011 15:04:27	     8 Query	desc tb_matakuliah
191011 15:09:36	     8 Query	show databases
191011 15:10:49	     8 Query	create database tugas simbad2
191011 15:13:11	     8 Query	create database tugas_simbad2
191011 15:13:31	     8 Query	SELECT DATABASE()
		     8 Init DB	tugas_simbad2
191011 15:19:54	     8 Query	create table mahasiswa_prodi
191011 15:24:17	     8 Query	create table mahasiswa_prodi(
nama varchar(255) not null,
nim varchar(10) not null,
jk char(1) not null,
no_hp varchar(20) not null,
status varchar(100) not null,
nama_prodi varchar(200),
tgl_masuk date not null,
tgl_lulus date not null)
191011 15:26:22	     8 Query	alter table tugas_simbad change nama_prodi nama_prodi varchar(200) not null
191011 15:26:52	     8 Query	alter table mahasiswa_prodi change nama_prodi nama_prodi varchar(200) not null
191011 15:27:07	     8 Query	desc mahasiswa_prodi
191011 15:28:21	     8 Query	create table untitled
191011 15:28:57	     8 Query	create table untitled(
nama varchar(255) not null)
191011 15:29:17	     8 Query	desc untitled
191011 15:33:45	     8 Query	create table seminar_mahasiswa(
nama varchar(255) not null,
nim varchar(10) not null,
jk chae(1) not null,
tgl_seminar date not null,
jenis-seminar char(1) not null,
status varchar(20) not null,
dosen_penguji varchar(200) not null,
nip varchar(50) not null)
191011 15:36:43	     8 Query	create table seminar_mahasiswa(
nama varchar(255) not null,
nim varchar(10) not null,
jk char(1) not null,
tgl_seminar date not null,
jenis_seminar char(1) not null,
status varchar(20) not null,
dosen_penguji varchar(200) not null,
nip varchar(50) not null)
191011 15:37:00	     8 Query	desc seminar_mahasiswa
191011 15:40:05	     8 Query	create table dosen_penguji(
nama varchar(200) not null,
nip varchar(50) not null,
kode_dosen varchar(10) not null,
status varchar(100) not null,
nama_prodi varchar(200) not null,
jenis_penguji char(1) not null)
191011 15:40:59	     8 Query	desc dosen_penguji
191011 15:44:01	     8 Query	create table tsk_pembimbing(
id_SK int(4) primary key,
id_skripsi int(5) not null,
id_semester int(3) not nul,
no_sk varchar(20) not null,
tanggal_SK date not null)
191011 15:45:13	     8 Query	create table tsk_pembimbing(
id_SK int(4) primary key,
id_skripsi int(5) not null,
id_semester int(3) not null,
no_sk varchar(20) not null,
tanggal_SK date not null)
191011 15:45:31	     8 Query	desc tsk_pembimbing
191011 15:51:31	     8 Query	create table skripsi_mahasiswa(
nama varchar(255) not null,
nim varchar(10) not null,
jk char(1) not null,
nama_prodi varchar(200) not null,
judul_skripsi varchar(255) not null,
dosen_pembimbing varchar(200) not null,
tgl_sidang date not null,
nilai_sidang varchar(2) not null,
nip varchar(50) not null,
jenis_pembimbing varchar(7) not null)
191011 15:51:48	     8 Query	desc skripsi_mahasiswa
191011 15:55:20	     8 Query	create table dosen_pembimbing(
nama varchar(200) not null,
nip varchar(50) not null,
kode_dosen varchar(10) not null,
status varchar(100) not null,
nama_prodi varchar(200)not null,
jenis_pembimbing varchar(7) not null)
191011 15:55:37	     8 Query	desc dosen_pembimbing
191011 15:58:32	     8 Query	create table tnilai(
id_nilai int(2) primary key,
nilai_huruf varchar(2) not null,
bobot_nilai decimal(3,2) not null
)
191011 15:58:42	     8 Query	desc tnilai
191011 16:01:24	     8 Query	create table tseminar(
id_seminar int(5) primary key,
tanggal date not null,
id_nilai int(2) not null,
jenis seminar char(1) noot null,
191011 16:04:02	     8 Query	create table tseminar(
id_seminar int(5) primary key,
tanggal date not null,
id_nilai int(2) not null,
jenis_seminar char(1) not null,
id_mahasiswa int(255)not null,
status varchar(20) not null,
id_pembimbing int(255) not null,
id_penguji int(255) not null)
191011 16:04:15	     8 Query	desc tseminar
191011 16:06:50	     8 Query	create table tsemester(
id_semester int(3) not null,
nama varchar(20) not null,
kode_semester varchar(10) not null,
status varchar(100) not null)
191011 16:07:01	     8 Query	desc tsemester
191011 16:09:45	     8 Query	alter table tsemester add primary key(id_semester, kode_semester)
191011 16:09:58	     8 Query	desc tsemester
191011 16:12:19	     8 Query	create table tpenguji(
id_penguji int(255) primary key,
id_dosen int(255) not null,
jenis_penguji char(1)not null)
191011 16:12:28	     8 Query	desc tpengji
191011 16:12:37	     8 Query	desc tpenguji
191011 16:16:35	     8 Query	create table tmahasiswa(
id_mahasiswa int(255) not null,
nama varchar(255) not null,
nim varchar(10) not null,
jk char(1) not null,
no_hp varchar(20) not null,
alamat varchar(255) not null,
tgl_masuk date not null,
tgl_lulus date not null,
status varchar(100) not null,
id_prodi int(5) not null)
191011 16:16:45	     8 Query	desc tmahasiswa
191011 16:18:00	     8 Query	alter table tmahasiswa add primary key(id_mahasiswa, nim)
191011 16:18:17	     8 Query	desc tmahasiswa
191011 16:20:50	     8 Query	create table tprodi(
id_prodi int(5) not null,
kode_prodi varchar(5) not null,
nama varchar(200) not null,
status varchar(10) not null)
191011 16:21:05	     8 Query	desc tprodi
191011 16:22:41	     8 Query	alter table tprodi add primary key(id_prodi, kode_prodi)
191011 16:22:51	     8 Query	desc tprodi
191011 16:26:23	     8 Query	create table tskripsi(
id_skripsi int(5) primary key,
id_mahasiswa int(255) not null,
judul varchar(255) not null,
id_pembimbing int(255) not null,
id_penguji int(255)not null)
191011 16:26:33	     8 Query	desc tskripsi
191011 16:28:37	     8 Query	create table tpembimbing(
id_pembimbing int(255) primary key,
jenis_pembimbing varchar(7) not null,
id_dosen int(255) not null)
191011 16:28:49	     8 Query	desc tpembimbing
191011 16:31:14	     8 Query	create table tsidang(
id_sidang int(5) primary key,
id_mahasiswa int(255) not null,
tanggal_sidang date not null,
id_nilai int(2) not null,
status varchar(20) not null)
191011 16:31:25	     8 Query	desc tsidang
191011 16:34:05	     8 Query	create table tdosen(
id_dosen int(255) not null,
nama varchar(200) not null,
nip varchar(50) not null,
kode_dosen varchar(10) not null,
status varchar(100) not null,
id_prodi int(5) not null)
191011 16:34:17	     8 Query	desc tdosen
191011 16:35:38	     8 Query	alter table tdosen add primary key(id_dosen, nip, kode_dosen)
191011 16:35:48	     8 Query	desc tdosen
191011 16:36:14	     8 Query	show databases
191011 16:36:33	     8 Query	SELECT DATABASE()
		     8 Init DB	tugas_simbad2
191011 16:37:11	     8 Query	show tables
191011 17:25:25	     8 Quit	
191011 17:36:24	    11 Connect	root@localhost as anonymous on tugas_simbad1
191011 17:39:39	    11 Quit	
191011 17:39:54	    12 Connect	root@localhost as anonymous on tugas_simbad1
191011 17:40:02	    12 Quit	
191011 17:42:32	    13 Connect	root@localhost as anonymous on 
		    13 Query	/*!40100 SET @@SQL_MODE='' */
		    13 Query	/*!40103 SET TIME_ZONE='+00:00' */
		    13 Query	set optimizer_switch='semijoin=off'
		    13 Query	SELECT LOGFILE_GROUP_NAME, FILE_NAME, TOTAL_EXTENTS, INITIAL_SIZE, ENGINE, EXTRA FROM INFORMATION_SCHEMA.FILES WHERE FILE_TYPE = 'UNDO LOG' AND FILE_NAME IS NOT NULL AND LOGFILE_GROUP_NAME IS NOT NULL AND LOGFILE_GROUP_NAME IN (SELECT DISTINCT LOGFILE_GROUP_NAME FROM INFORMATION_SCHEMA.FILES WHERE FILE_TYPE = 'DATAFILE' AND TABLESPACE_NAME IN (SELECT DISTINCT TABLESPACE_NAME FROM INFORMATION_SCHEMA.PARTITIONS WHERE TABLE_SCHEMA IN ('tugas_simbad1'))) GROUP BY LOGFILE_GROUP_NAME, FILE_NAME, ENGINE, TOTAL_EXTENTS, INITIAL_SIZE ORDER BY LOGFILE_GROUP_NAME
		    13 Query	SELECT DISTINCT TABLESPACE_NAME, FILE_NAME, LOGFILE_GROUP_NAME, EXTENT_SIZE, INITIAL_SIZE, ENGINE FROM INFORMATION_SCHEMA.FILES WHERE FILE_TYPE = 'DATAFILE' AND TABLESPACE_NAME IN (SELECT DISTINCT TABLESPACE_NAME FROM INFORMATION_SCHEMA.PARTITIONS WHERE TABLE_SCHEMA IN ('tugas_simbad1')) ORDER BY TABLESPACE_NAME, LOGFILE_GROUP_NAME
		    13 Query	set optimizer_switch=default
		    13 Init DB	tugas_simbad1
		    13 Query	SHOW TABLES LIKE '%'
		    13 Query	LOCK TABLES `tb_mahasiswa` READ /*!32311 LOCAL */,`tb_matakuliah` READ /*!32311 LOCAL */
		    13 Query	SELECT engine FROM INFORMATION_SCHEMA.TABLES WHERE table_schema = DATABASE() AND table_name = 'tb_mahasiswa'
		    13 Query	SET SQL_QUOTE_SHOW_CREATE=1
		    13 Query	SET SESSION character_set_results = 'binary'
		    13 Query	show create table `tb_mahasiswa`
		    13 Query	SET SESSION character_set_results = 'utf8mb4'
		    13 Query	show fields from `tb_mahasiswa`
		    13 Query	SELECT /*!40001 SQL_NO_CACHE */ `id`, `nim`, `nama`, `status` FROM `tb_mahasiswa`
		    13 Query	SET SESSION character_set_results = 'binary'
		    13 Init DB	tugas_simbad1
		    13 Query	select @@collation_database
		    13 Query	SELECT TRIGGER_NAME FROM INFORMATION_SCHEMA.TRIGGERS WHERE EVENT_OBJECT_SCHEMA = DATABASE() AND EVENT_OBJECT_TABLE = 'tb_mahasiswa'
		    13 Query	SET SESSION character_set_results = 'utf8mb4'
		    13 Query	SELECT engine FROM INFORMATION_SCHEMA.TABLES WHERE table_schema = DATABASE() AND table_name = 'tb_matakuliah'
		    13 Query	SET SQL_QUOTE_SHOW_CREATE=1
		    13 Query	SET SESSION character_set_results = 'binary'
		    13 Query	show create table `tb_matakuliah`
		    13 Query	SET SESSION character_set_results = 'utf8mb4'
		    13 Query	show fields from `tb_matakuliah`
		    13 Query	SELECT /*!40001 SQL_NO_CACHE */ `id`, `kode`, `nama`, `sks` FROM `tb_matakuliah`
		    13 Query	SET SESSION character_set_results = 'binary'
		    13 Init DB	tugas_simbad1
		    13 Query	select @@collation_database
		    13 Query	SELECT TRIGGER_NAME FROM INFORMATION_SCHEMA.TRIGGERS WHERE EVENT_OBJECT_SCHEMA = DATABASE() AND EVENT_OBJECT_TABLE = 'tb_matakuliah'
		    13 Query	SET SESSION character_set_results = 'utf8mb4'
		    13 Query	UNLOCK TABLES
		    13 Quit	
191011 17:43:23	    14 Connect	root@localhost as anonymous on 
		    14 Query	/*!40100 SET @@SQL_MODE='' */
		    14 Query	/*!40103 SET TIME_ZONE='+00:00' */
		    14 Query	set optimizer_switch='semijoin=off'
		    14 Query	SELECT LOGFILE_GROUP_NAME, FILE_NAME, TOTAL_EXTENTS, INITIAL_SIZE, ENGINE, EXTRA FROM INFORMATION_SCHEMA.FILES WHERE FILE_TYPE = 'UNDO LOG' AND FILE_NAME IS NOT NULL AND LOGFILE_GROUP_NAME IS NOT NULL AND LOGFILE_GROUP_NAME IN (SELECT DISTINCT LOGFILE_GROUP_NAME FROM INFORMATION_SCHEMA.FILES WHERE FILE_TYPE = 'DATAFILE' AND TABLESPACE_NAME IN (SELECT DISTINCT TABLESPACE_NAME FROM INFORMATION_SCHEMA.PARTITIONS WHERE TABLE_SCHEMA IN ('tugas_simbad2'))) GROUP BY LOGFILE_GROUP_NAME, FILE_NAME, ENGINE, TOTAL_EXTENTS, INITIAL_SIZE ORDER BY LOGFILE_GROUP_NAME
		    14 Query	SELECT DISTINCT TABLESPACE_NAME, FILE_NAME, LOGFILE_GROUP_NAME, EXTENT_SIZE, INITIAL_SIZE, ENGINE FROM INFORMATION_SCHEMA.FILES WHERE FILE_TYPE = 'DATAFILE' AND TABLESPACE_NAME IN (SELECT DISTINCT TABLESPACE_NAME FROM INFORMATION_SCHEMA.PARTITIONS WHERE TABLE_SCHEMA IN ('tugas_simbad2')) ORDER BY TABLESPACE_NAME, LOGFILE_GROUP_NAME
		    14 Query	set optimizer_switch=default
		    14 Init DB	tugas_simbad2
		    14 Query	SHOW TABLES LIKE '%'
		    14 Query	LOCK TABLES `dosen_pembimbing` READ /*!32311 LOCAL */,`dosen_penguji` READ /*!32311 LOCAL */,`mahasiswa_prodi` READ /*!32311 LOCAL */,`seminar_mahasiswa` READ /*!32311 LOCAL */,`skripsi_mahasiswa` READ /*!32311 LOCAL */,`tdosen` READ /*!32311 LOCAL */,`tmahasiswa` READ /*!32311 LOCAL */,`tnilai` READ /*!32311 LOCAL */,`tpembimbing` READ /*!32311 LOCAL */,`tpenguji` READ /*!32311 LOCAL */,`tprodi` READ /*!32311 LOCAL */,`tsemester` READ /*!32311 LOCAL */,`tseminar` READ /*!32311 LOCAL */,`tsidang` READ /*!32311 LOCAL */,`tsk_pembimbing` READ /*!32311 LOCAL */,`tskripsi` READ /*!32311 LOCAL */,`untitled` READ /*!32311 LOCAL */
		    14 Query	SELECT engine FROM INFORMATION_SCHEMA.TABLES WHERE table_schema = DATABASE() AND table_name = 'dosen_pembimbing'
		    14 Query	SET SQL_QUOTE_SHOW_CREATE=1
		    14 Query	SET SESSION character_set_results = 'binary'
		    14 Query	show create table `dosen_pembimbing`
		    14 Query	SET SESSION character_set_results = 'utf8mb4'
		    14 Query	show fields from `dosen_pembimbing`
		    14 Query	SELECT /*!40001 SQL_NO_CACHE */ `nama`, `nip`, `kode_dosen`, `status`, `nama_prodi`, `jenis_pembimbing` FROM `dosen_pembimbing`
		    14 Query	SET SESSION character_set_results = 'binary'
		    14 Init DB	tugas_simbad2
		    14 Query	select @@collation_database
		    14 Query	SELECT TRIGGER_NAME FROM INFORMATION_SCHEMA.TRIGGERS WHERE EVENT_OBJECT_SCHEMA = DATABASE() AND EVENT_OBJECT_TABLE = 'dosen_pembimbing'
		    14 Query	SET SESSION character_set_results = 'utf8mb4'
		    14 Query	SELECT engine FROM INFORMATION_SCHEMA.TABLES WHERE table_schema = DATABASE() AND table_name = 'dosen_penguji'
		    14 Query	SET SQL_QUOTE_SHOW_CREATE=1
		    14 Query	SET SESSION character_set_results = 'binary'
		    14 Query	show create table `dosen_penguji`
		    14 Query	SET SESSION character_set_results = 'utf8mb4'
		    14 Query	show fields from `dosen_penguji`
		    14 Query	SELECT /*!40001 SQL_NO_CACHE */ `nama`, `nip`, `kode_dosen`, `status`, `nama_prodi`, `jenis_penguji` FROM `dosen_penguji`
		    14 Query	SET SESSION character_set_results = 'binary'
		    14 Init DB	tugas_simbad2
		    14 Query	select @@collation_database
		    14 Query	SELECT TRIGGER_NAME FROM INFORMATION_SCHEMA.TRIGGERS WHERE EVENT_OBJECT_SCHEMA = DATABASE() AND EVENT_OBJECT_TABLE = 'dosen_penguji'
		    14 Query	SET SESSION character_set_results = 'utf8mb4'
		    14 Query	SELECT engine FROM INFORMATION_SCHEMA.TABLES WHERE table_schema = DATABASE() AND table_name = 'mahasiswa_prodi'
		    14 Query	SET SQL_QUOTE_SHOW_CREATE=1
		    14 Query	SET SESSION character_set_results = 'binary'
		    14 Query	show create table `mahasiswa_prodi`
		    14 Query	SET SESSION character_set_results = 'utf8mb4'
		    14 Query	show fields from `mahasiswa_prodi`
		    14 Query	SELECT /*!40001 SQL_NO_CACHE */ `nama`, `nim`, `jk`, `no_hp`, `status`, `nama_prodi`, `tgl_masuk`, `tgl_lulus` FROM `mahasiswa_prodi`
		    14 Query	SET SESSION character_set_results = 'binary'
		    14 Init DB	tugas_simbad2
		    14 Query	select @@collation_database
		    14 Query	SELECT TRIGGER_NAME FROM INFORMATION_SCHEMA.TRIGGERS WHERE EVENT_OBJECT_SCHEMA = DATABASE() AND EVENT_OBJECT_TABLE = 'mahasiswa_prodi'
		    14 Query	SET SESSION character_set_results = 'utf8mb4'
		    14 Query	SELECT engine FROM INFORMATION_SCHEMA.TABLES WHERE table_schema = DATABASE() AND table_name = 'seminar_mahasiswa'
		    14 Query	SET SQL_QUOTE_SHOW_CREATE=1
		    14 Query	SET SESSION character_set_results = 'binary'
		    14 Query	show create table `seminar_mahasiswa`
		    14 Query	SET SESSION character_set_results = 'utf8mb4'
		    14 Query	show fields from `seminar_mahasiswa`
		    14 Query	SELECT /*!40001 SQL_NO_CACHE */ `nama`, `nim`, `jk`, `tgl_seminar`, `jenis_seminar`, `status`, `dosen_penguji`, `nip` FROM `seminar_mahasiswa`
		    14 Query	SET SESSION character_set_results = 'binary'
		    14 Init DB	tugas_simbad2
		    14 Query	select @@collation_database
		    14 Query	SELECT TRIGGER_NAME FROM INFORMATION_SCHEMA.TRIGGERS WHERE EVENT_OBJECT_SCHEMA = DATABASE() AND EVENT_OBJECT_TABLE = 'seminar_mahasiswa'
		    14 Query	SET SESSION character_set_results = 'utf8mb4'
		    14 Query	SELECT engine FROM INFORMATION_SCHEMA.TABLES WHERE table_schema = DATABASE() AND table_name = 'skripsi_mahasiswa'
		    14 Query	SET SQL_QUOTE_SHOW_CREATE=1
		    14 Query	SET SESSION character_set_results = 'binary'
		    14 Query	show create table `skripsi_mahasiswa`
		    14 Query	SET SESSION character_set_results = 'utf8mb4'
		    14 Query	show fields from `skripsi_mahasiswa`
		    14 Query	SELECT /*!40001 SQL_NO_CACHE */ `nama`, `nim`, `jk`, `nama_prodi`, `judul_skripsi`, `dosen_pembimbing`, `tgl_sidang`, `nilai_sidang`, `nip`, `jenis_pembimbing` FROM `skripsi_mahasiswa`
		    14 Query	SET SESSION character_set_results = 'binary'
		    14 Init DB	tugas_simbad2
		    14 Query	select @@collation_database
		    14 Query	SELECT TRIGGER_NAME FROM INFORMATION_SCHEMA.TRIGGERS WHERE EVENT_OBJECT_SCHEMA = DATABASE() AND EVENT_OBJECT_TABLE = 'skripsi_mahasiswa'
		    14 Query	SET SESSION character_set_results = 'utf8mb4'
		    14 Query	SELECT engine FROM INFORMATION_SCHEMA.TABLES WHERE table_schema = DATABASE() AND table_name = 'tdosen'
		    14 Query	SET SQL_QUOTE_SHOW_CREATE=1
		    14 Query	SET SESSION character_set_results = 'binary'
		    14 Query	show create table `tdosen`
		    14 Query	SET SESSION character_set_results = 'utf8mb4'
		    14 Query	show fields from `tdosen`
		    14 Query	SELECT /*!40001 SQL_NO_CACHE */ `id_dosen`, `nama`, `nip`, `kode_dosen`, `status`, `id_prodi` FROM `tdosen`
		    14 Query	SET SESSION character_set_results = 'binary'
		    14 Init DB	tugas_simbad2
		    14 Query	select @@collation_database
		    14 Query	SELECT TRIGGER_NAME FROM INFORMATION_SCHEMA.TRIGGERS WHERE EVENT_OBJECT_SCHEMA = DATABASE() AND EVENT_OBJECT_TABLE = 'tdosen'
		    14 Query	SET SESSION character_set_results = 'utf8mb4'
		    14 Query	SELECT engine FROM INFORMATION_SCHEMA.TABLES WHERE table_schema = DATABASE() AND table_name = 'tmahasiswa'
		    14 Query	SET SQL_QUOTE_SHOW_CREATE=1
		    14 Query	SET SESSION character_set_results = 'binary'
		    14 Query	show create table `tmahasiswa`
		    14 Query	SET SESSION character_set_results = 'utf8mb4'
		    14 Query	show fields from `tmahasiswa`
		    14 Query	SELECT /*!40001 SQL_NO_CACHE */ `id_mahasiswa`, `nama`, `nim`, `jk`, `no_hp`, `alamat`, `tgl_masuk`, `tgl_lulus`, `status`, `id_prodi` FROM `tmahasiswa`
		    14 Query	SET SESSION character_set_results = 'binary'
		    14 Init DB	tugas_simbad2
		    14 Query	select @@collation_database
		    14 Query	SELECT TRIGGER_NAME FROM INFORMATION_SCHEMA.TRIGGERS WHERE EVENT_OBJECT_SCHEMA = DATABASE() AND EVENT_OBJECT_TABLE = 'tmahasiswa'
		    14 Query	SET SESSION character_set_results = 'utf8mb4'
		    14 Query	SELECT engine FROM INFORMATION_SCHEMA.TABLES WHERE table_schema = DATABASE() AND table_name = 'tnilai'
		    14 Query	SET SQL_QUOTE_SHOW_CREATE=1
		    14 Query	SET SESSION character_set_results = 'binary'
		    14 Query	show create table `tnilai`
		    14 Query	SET SESSION character_set_results = 'utf8mb4'
		    14 Query	show fields from `tnilai`
		    14 Query	SELECT /*!40001 SQL_NO_CACHE */ `id_nilai`, `nilai_huruf`, `bobot_nilai` FROM `tnilai`
		    14 Query	SET SESSION character_set_results = 'binary'
		    14 Init DB	tugas_simbad2
		    14 Query	select @@collation_database
		    14 Query	SELECT TRIGGER_NAME FROM INFORMATION_SCHEMA.TRIGGERS WHERE EVENT_OBJECT_SCHEMA = DATABASE() AND EVENT_OBJECT_TABLE = 'tnilai'
		    14 Query	SET SESSION character_set_results = 'utf8mb4'
		    14 Query	SELECT engine FROM INFORMATION_SCHEMA.TABLES WHERE table_schema = DATABASE() AND table_name = 'tpembimbing'
		    14 Query	SET SQL_QUOTE_SHOW_CREATE=1
		    14 Query	SET SESSION character_set_results = 'binary'
		    14 Query	show create table `tpembimbing`
		    14 Query	SET SESSION character_set_results = 'utf8mb4'
		    14 Query	show fields from `tpembimbing`
		    14 Query	SELECT /*!40001 SQL_NO_CACHE */ `id_pembimbing`, `jenis_pembimbing`, `id_dosen` FROM `tpembimbing`
		    14 Query	SET SESSION character_set_results = 'binary'
		    14 Init DB	tugas_simbad2
		    14 Query	select @@collation_database
		    14 Query	SELECT TRIGGER_NAME FROM INFORMATION_SCHEMA.TRIGGERS WHERE EVENT_OBJECT_SCHEMA = DATABASE() AND EVENT_OBJECT_TABLE = 'tpembimbing'
		    14 Query	SET SESSION character_set_results = 'utf8mb4'
		    14 Query	SELECT engine FROM INFORMATION_SCHEMA.TABLES WHERE table_schema = DATABASE() AND table_name = 'tpenguji'
		    14 Query	SET SQL_QUOTE_SHOW_CREATE=1
		    14 Query	SET SESSION character_set_results = 'binary'
		    14 Query	show create table `tpenguji`
		    14 Query	SET SESSION character_set_results = 'utf8mb4'
		    14 Query	show fields from `tpenguji`
191011 17:43:24	    14 Query	SELECT /*!40001 SQL_NO_CACHE */ `id_penguji`, `id_dosen`, `jenis_penguji` FROM `tpenguji`
		    14 Query	SET SESSION character_set_results = 'binary'
		    14 Init DB	tugas_simbad2
		    14 Query	select @@collation_database
		    14 Query	SELECT TRIGGER_NAME FROM INFORMATION_SCHEMA.TRIGGERS WHERE EVENT_OBJECT_SCHEMA = DATABASE() AND EVENT_OBJECT_TABLE = 'tpenguji'
		    14 Query	SET SESSION character_set_results = 'utf8mb4'
		    14 Query	SELECT engine FROM INFORMATION_SCHEMA.TABLES WHERE table_schema = DATABASE() AND table_name = 'tprodi'
		    14 Query	SET SQL_QUOTE_SHOW_CREATE=1
		    14 Query	SET SESSION character_set_results = 'binary'
		    14 Query	show create table `tprodi`
		    14 Query	SET SESSION character_set_results = 'utf8mb4'
		    14 Query	show fields from `tprodi`
		    14 Query	SELECT /*!40001 SQL_NO_CACHE */ `id_prodi`, `kode_prodi`, `nama`, `status` FROM `tprodi`
		    14 Query	SET SESSION character_set_results = 'binary'
		    14 Init DB	tugas_simbad2
		    14 Query	select @@collation_database
		    14 Query	SELECT TRIGGER_NAME FROM INFORMATION_SCHEMA.TRIGGERS WHERE EVENT_OBJECT_SCHEMA = DATABASE() AND EVENT_OBJECT_TABLE = 'tprodi'
		    14 Query	SET SESSION character_set_results = 'utf8mb4'
		    14 Query	SELECT engine FROM INFORMATION_SCHEMA.TABLES WHERE table_schema = DATABASE() AND table_name = 'tsemester'
		    14 Query	SET SQL_QUOTE_SHOW_CREATE=1
		    14 Query	SET SESSION character_set_results = 'binary'
		    14 Query	show create table `tsemester`
		    14 Query	SET SESSION character_set_results = 'utf8mb4'
		    14 Query	show fields from `tsemester`
		    14 Query	SELECT /*!40001 SQL_NO_CACHE */ `id_semester`, `nama`, `kode_semester`, `status` FROM `tsemester`
		    14 Query	SET SESSION character_set_results = 'binary'
		    14 Init DB	tugas_simbad2
		    14 Query	select @@collation_database
		    14 Query	SELECT TRIGGER_NAME FROM INFORMATION_SCHEMA.TRIGGERS WHERE EVENT_OBJECT_SCHEMA = DATABASE() AND EVENT_OBJECT_TABLE = 'tsemester'
		    14 Query	SET SESSION character_set_results = 'utf8mb4'
		    14 Query	SELECT engine FROM INFORMATION_SCHEMA.TABLES WHERE table_schema = DATABASE() AND table_name = 'tseminar'
		    14 Query	SET SQL_QUOTE_SHOW_CREATE=1
		    14 Query	SET SESSION character_set_results = 'binary'
		    14 Query	show create table `tseminar`
		    14 Query	SET SESSION character_set_results = 'utf8mb4'
		    14 Query	show fields from `tseminar`
		    14 Query	SELECT /*!40001 SQL_NO_CACHE */ `id_seminar`, `tanggal`, `id_nilai`, `jenis_seminar`, `id_mahasiswa`, `status`, `id_pembimbing`, `id_penguji` FROM `tseminar`
		    14 Query	SET SESSION character_set_results = 'binary'
		    14 Init DB	tugas_simbad2
		    14 Query	select @@collation_database
		    14 Query	SELECT TRIGGER_NAME FROM INFORMATION_SCHEMA.TRIGGERS WHERE EVENT_OBJECT_SCHEMA = DATABASE() AND EVENT_OBJECT_TABLE = 'tseminar'
		    14 Query	SET SESSION character_set_results = 'utf8mb4'
		    14 Query	SELECT engine FROM INFORMATION_SCHEMA.TABLES WHERE table_schema = DATABASE() AND table_name = 'tsidang'
		    14 Query	SET SQL_QUOTE_SHOW_CREATE=1
		    14 Query	SET SESSION character_set_results = 'binary'
		    14 Query	show create table `tsidang`
		    14 Query	SET SESSION character_set_results = 'utf8mb4'
		    14 Query	show fields from `tsidang`
		    14 Query	SELECT /*!40001 SQL_NO_CACHE */ `id_sidang`, `id_mahasiswa`, `tanggal_sidang`, `id_nilai`, `status` FROM `tsidang`
		    14 Query	SET SESSION character_set_results = 'binary'
		    14 Init DB	tugas_simbad2
		    14 Query	select @@collation_database
		    14 Query	SELECT TRIGGER_NAME FROM INFORMATION_SCHEMA.TRIGGERS WHERE EVENT_OBJECT_SCHEMA = DATABASE() AND EVENT_OBJECT_TABLE = 'tsidang'
		    14 Query	SET SESSION character_set_results = 'utf8mb4'
		    14 Query	SELECT engine FROM INFORMATION_SCHEMA.TABLES WHERE table_schema = DATABASE() AND table_name = 'tsk_pembimbing'
		    14 Query	SET SQL_QUOTE_SHOW_CREATE=1
		    14 Query	SET SESSION character_set_results = 'binary'
		    14 Query	show create table `tsk_pembimbing`
		    14 Query	SET SESSION character_set_results = 'utf8mb4'
		    14 Query	show fields from `tsk_pembimbing`
		    14 Query	SELECT /*!40001 SQL_NO_CACHE */ `id_SK`, `id_skripsi`, `id_semester`, `no_sk`, `tanggal_SK` FROM `tsk_pembimbing`
		    14 Query	SET SESSION character_set_results = 'binary'
		    14 Init DB	tugas_simbad2
		    14 Query	select @@collation_database
		    14 Query	SELECT TRIGGER_NAME FROM INFORMATION_SCHEMA.TRIGGERS WHERE EVENT_OBJECT_SCHEMA = DATABASE() AND EVENT_OBJECT_TABLE = 'tsk_pembimbing'
		    14 Query	SET SESSION character_set_results = 'utf8mb4'
		    14 Query	SELECT engine FROM INFORMATION_SCHEMA.TABLES WHERE table_schema = DATABASE() AND table_name = 'tskripsi'
		    14 Query	SET SQL_QUOTE_SHOW_CREATE=1
		    14 Query	SET SESSION character_set_results = 'binary'
		    14 Query	show create table `tskripsi`
		    14 Query	SET SESSION character_set_results = 'utf8mb4'
		    14 Query	show fields from `tskripsi`
		    14 Query	SELECT /*!40001 SQL_NO_CACHE */ `id_skripsi`, `id_mahasiswa`, `judul`, `id_pembimbing`, `id_penguji` FROM `tskripsi`
		    14 Query	SET SESSION character_set_results = 'binary'
		    14 Init DB	tugas_simbad2
		    14 Query	select @@collation_database
		    14 Query	SELECT TRIGGER_NAME FROM INFORMATION_SCHEMA.TRIGGERS WHERE EVENT_OBJECT_SCHEMA = DATABASE() AND EVENT_OBJECT_TABLE = 'tskripsi'
		    14 Query	SET SESSION character_set_results = 'utf8mb4'
		    14 Query	SELECT engine FROM INFORMATION_SCHEMA.TABLES WHERE table_schema = DATABASE() AND table_name = 'untitled'
		    14 Query	SET SQL_QUOTE_SHOW_CREATE=1
		    14 Query	SET SESSION character_set_results = 'binary'
		    14 Query	show create table `untitled`
		    14 Query	SET SESSION character_set_results = 'utf8mb4'
		    14 Query	show fields from `untitled`
		    14 Query	SELECT /*!40001 SQL_NO_CACHE */ `nama` FROM `untitled`
		    14 Query	SET SESSION character_set_results = 'binary'
		    14 Init DB	tugas_simbad2
		    14 Query	select @@collation_database
		    14 Query	SELECT TRIGGER_NAME FROM INFORMATION_SCHEMA.TRIGGERS WHERE EVENT_OBJECT_SCHEMA = DATABASE() AND EVENT_OBJECT_TABLE = 'untitled'
		    14 Query	SET SESSION character_set_results = 'utf8mb4'
		    14 Query	UNLOCK TABLES
		    14 Quit	
