c:\xampp\mysql\bin\mysqld.exe, Version: 10.4.6-MariaDB (mariadb.org binary distribution). started with:
TCP Port: 3306, Named Pipe: C:/xampp/mysql/mysql.sock
Time		    Id Command	Argument
191111  5:01:20	     8 Query	show databases
191111  5:01:38	     8 Query	SELECT DATABASE()
		     8 Init DB	classicmodels
191111  5:01:49	     8 Query	show tables
191111  5:07:08	     8 Query	CREATE VIEW view_products AS SELECT customers.customerNumber AS id,customerName AS customer,COUNT(*) AS qty,GROUP_CONCAT('[',productName,']' SEPARATOR ' ') AS productsFROM products JOIN orderdetails ON products.productCode=orderdetails.productCode JOIN orders ON orderdetails.orderNumber=orders.orderNumber JOIN customers ON orders.customerNumber=customers.customerNumber GROUP BY customerName ORDER BY qty
191111  5:09:08	     8 Query	CREATE VIEW view_products AS
SELECT customers.customerNumber AS id,
customerName AS customer,
COUNT(*) AS qty,
GROUP_CONCAT('[',productName,']' SEPARATOR ' ') AS products
FROM products JOIN orderdetails ON products.productCode=orderdetails.productCode
JOIN orders ON orderdetails.orderNumber=orders.orderNumber
JOIN customers ON orders.customerNumber=customers.customerNumber
GROUP BY customerName
ORDER BY qty
191111  5:09:25	     8 Query	SELECT * FROM view_products
191111  5:10:27	     8 Query	CREATE PROCEDURE getEmployees(id INT) SELECT * FROM employees WHERE employeeNumber=id CALL getEmployees(1002)
191111  5:10:37	     8 Query	CREATE PROCEDURE getEmployees(id INT) SELECT * FROM employees WHERE employeeNumber=id, CALL getEmployees(1002)
191111  5:11:09	     8 Query	CREATE PROCEDURE getEmployees(id INT) SELECT * FROM employees WHERE employeeNumber=id,
CALL getEmployees(1002)
191111  5:11:48	     8 Query	CREATE PROCEDURE getEmployees(id INT) SELECT * FROM employees WHERE employeeNumber=id
191111  5:11:52	     8 Query	CALL getEmployees(1002)
191111  5:12:12	     8 Query	CREATE PROCEDURE getProducts(code VARCHAR(15)) SELECT * FROM products WHERE productCode=code
191111  5:12:29	     8 Query	CALL getProducts('S10_1678')
191111  5:12:55	     8 Query	CREATE PROCEDURE getOrders(ids INT) SELECT customers.customerNumber AS id,
customerName AS customers,
COUNT(*) AS qty,
GROUP_CONCAT('[',productName,']' SEPARATOR ' ') AS products
FROM products JOIN orderdetails ON products.productCode=orderdetails.productCode
JOIN orders ON orderdetails.orderNumber=orders.orderNumber
JOIN customers ON orders.customerNumber=customers.customerNumber
WHERE customers.customerNumber=ids
191111  5:13:09	     8 Query	CALL getOrders(103)
191111  5:29:22	     8 Quit	
