c:\xampp\mysql\bin\mysqld.exe, Version: 10.4.6-MariaDB (mariadb.org binary distribution). started with:
TCP Port: 3306, Named Pipe: C:/xampp/mysql/mysql.sock
Time		    Id Command	Argument
191011 11:08:00	    11 Query	show databases
191011 11:08:22	    11 Query	create database akademik
191011 11:08:24	    11 Query	show databases
191011 11:08:37	    11 Query	SELECT DATABASE()
		    11 Init DB	akademik
191011 11:10:17	    11 Query	create table table_mahasiswa(
id_mahasiswa int(11) auto_increment primary key
191011 11:10:44	    11 Query	create table table_mahasiswa(
id_mahasiswa int(11) auto_increment primary key,
nim_maha
191011 11:11:01	    11 Query	create table table_mahasiswa(
id_mhs int(11) auto_increment primary key
191011 11:13:39	    11 Query	create table table_mahasiswa(
id_mhs int(11) auto_increment primary key,
nim_mhs int(10) unique not null,
nama_mhs vachar(50) not null)
191011 11:14:23	    11 Query	create table table_mahasiswa(
id_mhs int(11) auto_increment primary key
191011 11:14:55	    11 Query	create table table_mahasiswa(
id_mhs int(11) auto_increment primary key,
nim_mhs int(10) unique not null,
nama_mhs vachar(50) not null)
191011 11:16:00	    11 Query	create table table_mahasiswa(
id_mhs int(11) auto_increment primary key,
nim_mhs int(10) not null unique,
nama_mhs varchar(50) not null)
191011 11:16:24	    11 Query	desc table_mahasiswa
191011 11:17:17	    11 Query	create table table_matakuliah(
id_mk int(20) auto_increment primary key,
)
191011 11:17:32	    11 Query	create table table_matakuliah(
id_mk int(20) auto_increment primary key)
191011 11:19:30	    11 Query	alter table table_mahasiswa 
add column
status_mhs enum("aktif","lulus")
191011 11:19:39	    11 Query	desc table_mahasiswa
191011 11:21:02	    11 Query	alter table table_mahasiswa change status_mhs status_mhs enum("aktif","lulus") not null
191011 11:21:06	    11 Query	desc table_mahasiswa
191011 11:22:16	    11 Query	desc table_matakuliah
191011 11:24:25	    11 Query	create table table_matakuliah(
kode_mk int(15) primary key,
nama_mk varchar(20) not null,
sks_mk varchar(10) not null)
191011 11:25:14	    11 Query	alter table table_matakuliah(
kode_mk int(15) primary key,
nama_mk varchar(20) not null,
sks_mk varchar(10) not null)
191011 11:26:24	    11 Query	alter table table_matakuliah
add column
kode_mk int(15) primary key,
nama_mk varchar(20) not null,
sks_mk varchar(10) not null
191011 11:29:06	    11 Query	alter table table_matakuliah add column kode_mk int(15) not null
191011 11:29:39	    11 Query	alter table table_matakuliah add column nama_mk varchar(20) not null
191011 11:29:56	    11 Query	alter table table_matakuliah add column sks_mk varchar(10) not null
191011 11:31:29	    11 Query	alter table table_matakuliah change sks_mk sks_mk enum('2','3','4') not null
191011 11:31:59	    11 Query	desc table_matakuliah
191011 11:35:26	    11 Query	rename table_mahasiswa to tb_mahasiswa
191011 11:36:03	    11 Query	alter table rename table_mahasiswa to tb_mahasiswa
191011 11:36:31	    11 Query	rename table table_mahasiswa to tb_mahasiswa
191011 11:36:52	    11 Query	rename table table_matakuliah to tb_matakuliah
191011 11:38:58	    11 Query	alter table table_mahasiswa change status_mhs status enum("aktif","lulus") not null
191011 11:41:31	    11 Query	alter table table_matakuliah change id_mk id int(4) auto_increment primary key
191011 11:42:45	    11 Query	alter table tb_matakuliah change id_mk id int(4) auto_increment primary key
191011 11:43:08	    11 Query	alter table tb_matakuliah change id_mk id int(20) auto_increment primary key
191011 11:44:02	    11 Query	alter table tb_matakuliah change id_mk id int(20) not null
191011 11:44:08	    11 Query	alter table tb_matakuliah change id_mk id int(20) auto_increment primary key
191011 11:44:27	    11 Query	alter table tb_matakuliah change id_mk id int(20) auto_increment primary key
191011 11:44:52	    11 Query	alter table tb_matakuliah change id_mk id int(20) not null
191011 11:44:59	    11 Query	alter table tb_matakuliah change id_mk id int(20) auto_increment primary key
191011 11:45:15	    11 Query	alter table tb_matakuliah change id id int(20) auto_increment primary key
191011 11:45:25	    11 Query	alter table tb_matakuliah change id id- int(20) auto_increment primary key
191011 11:45:34	    11 Query	alter table tb_matakuliah change id idl int(20) auto_increment primary key
191011 11:46:03	    11 Query	alter table tb_matakuliah change id id int(20) primary key
191011 11:46:28	    11 Query	desc table_matakuliah
191011 11:46:36	    11 Query	desc tb_matakuliah
191011 11:47:26	    11 Query	alter table tb_matakuliah change kode_mk kode int(15) not null
191011 11:48:01	    11 Query	alter table tb_matakuliah change nama_mk nama varchar(20) not null
191011 11:48:39	    11 Query	alter table tb_matakuliah change sk_mk sk enum('2','3','4') not null
191011 11:49:16	    11 Query	desc table_matakuliah
191011 11:49:30	    11 Query	desc tb_matakuliah
191011 11:49:43	    11 Query	alter table tb_matakuliah change sks_mk sks enum('2','3','4') not null
191011 11:49:45	    11 Query	desc tb_matakuliah
191011 11:50:12	    11 Query	desc tb_mahasiswa
191011 11:51:14	    11 Query	alter table tb_mahasiswa change id_mhs id int(11) auto_increment primary key
191011 11:51:18	    11 Query	desc tb_mahasiswa
191011 11:51:35	    11 Query	alter table tb_mahasiswa change id_mhs id int(11) auto_increment primary key not null
191011 11:52:05	    11 Query	alter table tb_mahasiswa change id_mhs id int(11) auto_increment primary key
191011 11:52:27	    11 Query	alter table tb_mahasiswa change id_mhs id int(11) primary key
191011 11:52:34	    11 Query	alter table tb_mahasiswa change id_mhs id int(11) auto_increment
191011 11:52:38	    11 Query	desc tb_mahasiswa
191011 11:53:19	    11 Query	alter table tb_mahasiswa change nim_mhs nim int(10) unique not null
191011 11:54:01	    11 Query	alter table tb_mahasiswa change nama_mhs nama varchar(50) not null
191011 11:54:50	    11 Query	alter table tb_mahasiswa change status_mhs status enum("aktif","lulus") not null
191011 11:54:54	    11 Query	desc tb_mahasiswa
191011 11:59:36	    11 Query	create database ddl_asignment
191011 11:59:51	    11 Query	SELECT DATABASE()
		    11 Init DB	ddl_asignment
191011 12:03:56	    11 Query	create table mahasiswa_prodi(
nama varchar(255) not null,
nim varchar(10) not null,
jk char(1) not null,
no_hp varchar(20) not null,
status varchar(100) not null,
nama_prodi varchar(200) not null,
tgl_masuk date not null,
tgl_lulus date not null)
191011 12:12:19	    11 Query	create table seminar_mahasiswa(
nama varchar(255) not null,
nim varchar(10) not null,
jk char(1) not null,
tgl_seminar date not null,
jenis_seminar char(1) not null,
status varchar(20) not null,
dosen_penguji varchar(200) not null,
nip varchar(50) not null)
191011 12:19:37	    11 Query	create table skripsi_mahasiswa(
nama varchar(255) not null,
nim varchar(10) not null,
jk char(1) not null,
nama_prodi varchar(200) not null,
judul_skripsi varchar(255) not null,
dosen_pembimbing varchar(200) not null,
tgl_sidang date not null,
nilai_sidang varchar(2) not null,
nip varchar(50) not null,
jenis_pembimbing varchar(7) not null)
191011 12:20:45	    11 Query	create table untitled(
nama varchar(255) not null)
191011 12:22:57	    11 Query	create table tnilai
id_nilai int(2) auto_increment primary key,
nilai_huruf varchar(2) not null,
bobot_nilai decimal(3,2) not null
191011 12:24:23	    11 Query	create table tnilai
id_nilai int(2) auto_increment primary key
nilai_huruf varchar(2) not null
bobot_nilai decimal(3,2) not null
191011 12:27:15	    11 Query	create table tnilai
id_nilai int(2) auto_increment primary key,
nilai_huruf varchar(2) not null,
bobot_nilai decimal(3,2) not null
191011 12:27:30	    11 Query	create table tnilai(
id_nilai int(2) auto_increment primary key,
nilai_huruf varchar(2) not null,
bobot_nilai decimal(3,2) not null
191011 12:27:47	    11 Query	create table tnilai(
id_nilai int(2) auto_increment primary key,
nilai_huruf varchar(2) not null,
bobot_nilai decimal(3,2) not null)
191011 12:31:32	    11 Query	create table dosen_penguji(
nama varchar(200) not null,
nip varchar(50) not null,
kode_dosen varchar(10) not null,
status varchar(100) not null,
nama_prodi varchar(200) not null,
jenis_penguji char(1) not null)
191011 12:33:16	    11 Query	create table tpenguji(
id_penguji int(255) auto_increment primary key,
id_dosen int(255) not null,
jenis_penguji char(1) not null)
191011 13:07:33	    11 Query	create table tsk_pembimbing(
id_SK int 4 auto_increment primary key,
id_skripsi int(5) not null,
id_semester int(3) not null,
no_sk varchar(20) not null,
tanggal_SK date not null)
191011 13:08:23	    11 Query	create table tsk_pembimbing(
id_SK int(4) auto_increment primary key,
id_skripsi int(5) not null,
id_semester int(3) not null,
no_sk varchar(20) not null,
tanggal_SK date not null)
191011 13:13:06	    11 Query	create table tskripsi(
id_skripsi int(5) auto_increment primary key,
id_mahasiswa int(255) not null,
judul varchar(255) not null,
id_pembimbing int(255) not null,
id_penguji int(255) not null)
191011 13:15:20	    11 Query	create table tsidang(
id_sidang int(5) auto_increment primary key,
id_mahasiswa int(255) not null,
tanggal_sidang date not null,
id_nilai int(2) not null,
status varchar(20) not null)
191011 13:21:30	    11 Query	create table tpembimbing(
id_pembimbing int(255) auto_increment primary key,
jenis_pembimbing varchar(7) not null,
id_dosen int(255) not null)
191011 13:22:32	    11 Query	desc tseminar
191011 13:23:10	    11 Query	create table tseminar(
id_seminar int(5) auto_increment primary key,
tanggal date not null
191011 13:25:55	    11 Query	create table tseminar(
id_seminar int(5) auto_increment primary key,
tanggal date not null,
id_nilai int(2) not null,
jenis_seminar char(1) not null,
id_mahasiswa int(255) not null,
status varchar(20) not null,
id_pembimbing int(255) not null,
id_penguji int(255) not null)
191011 13:28:37	    11 Query	create table tsemester(
id semester int(3) ,
nama varchar(20) not null,
kode_semester varchar(10),
status_varchar(100) not null)
191011 13:29:14	    11 Query	create table tsemester(
id semester int(3) not null,
nama varchar(20) not null,
kode_semester varchar(10)not null,
status_varchar(100) not null)
191011 13:29:50	    11 Query	create table tsemester(
id_mahasiswa int(255) not null,
status varchar(20) not null,
191011 13:30:14	    11 Query	create table tsemester(
id semester int(3) not null,
nama varchar(20) not null,
kode_semester varchar(10)not null,
status varchar(100) not null)
191011 13:31:18	    11 Query	create table tsemester(
id semester int(3) not null,
nama varchar(20) not null,
kode_semester varchar(10) not null,
status varchar(100) not null)
191011 13:31:34	    11 Query	desc tsemester
191011 13:32:50	    11 Query	create table tsemester(
id_semester int(3) not null,
nama varchar(20) not null,
kode_semester varchar(10) not null,
status varchar(100) not null)
191011 13:35:13	    11 Query	alter table tsemester add primary key(id_semester,kode_semester)
191011 13:35:29	    11 Query	desc tsemester
191011 13:38:19	    11 Query	create table tprodi(
id_prodi int(5) not null,
kode_prodi varchar(5) not null,
nama varchar(200) not null,
status varchar(100) not null,
)
191011 13:38:35	    11 Query	create table tprodi(
id_prodi int(5) not null,
kode_prodi varchar(5) not null,
nama varchar(200) not null,
status varchar(100) not null)
191011 13:39:08	    11 Query	alter table tprodi add primary key(id_prodi,kode_prodi)
191011 13:41:29	    11 Query	create table tmahasiswa(
id_mahasiswa int(255) not null,
nama varchar(255) not null,
nim varchar(10) not null,
191011 13:43:45	    11 Query	create table tmahasiswa(
id_mahasiswa int(255) not null,
nama varchar(255) not null,
nim varchar(10) not null,
jk char(1) not null,
no_hp varchar(20) not null,
alamat varchar(255) not null,
tgl_masuk date not null,
tgl_lulus date not null,
status varchar(100) not null,
id_prodi int(5) not null)
191011 13:44:21	    11 Query	alter table tmahasiswa add primary key(id_mahasiswa,nim)
191011 13:48:29	    11 Query	create table tdosen(
id_dosen int(255) not null,
nama varchar(200) not null,
nip varchar(50) not null,
kode_dosen varchar(10) not null,
status varchar(100) not null,
id_prodi int(5) not null,
191011 13:48:52	    11 Query	create table tdosen(
id_dosen int(255) not null,
nama varchar(200) not null,
nip varchar(50) not null,
kode_dosen varchar(10) not null,
status varchar(100) not null,
id_prodi int(5) not null)
191011 13:55:30	    11 Query	create table dosen_pembimbing(
nama varchar(200) not null,
nip varchar(50) not null,
kode_dosen varchar(10) not null,
status varchar(100) not null,
id_prodi int(5) not null)
191011 14:34:58	    11 Query	show databases
191011 15:00:42	    11 Query	mysqldump -u root -p akademik > c:\alwaasiu_H071181007.sql
mysqldump -u root -p akademik > c:\ alwaasiu_H071181007.sql
mysqldump -u root -p akademik > c:/ alwaasiu_H071181007.sql
191011 15:01:03	    11 Query	mysqldump -u root -p akademik > c:/ alwaasiu_H071181007.sql
191011 15:03:05	    11 Query	mysqldump -u root -p akademik > D:\ alwaasiu_H071181007.sql
191011 15:07:23	    11 Query	mysqldump -u root -p akademik > D: alwaasiu_H071181007.sql
191011 15:13:04	    11 Query	mysqldump -u root -p akademik > c:\alwaasiu_H071181007.sql
191011 15:14:00	    11 Query	mysqldump -u root -p akademik > c:\ alwaasiu_H071181007.sql
mysqldump -u root -p akademik > D:\ alwaasiu_H071181007.sql
mysqldump -u root -p akademik > D:\ alwaasiu.sql
191011 15:22:58	    11 Query	mysqldump -u ALWAASIU -p akademik > D:\ alwaasiu.sql
191011 15:28:42	    11 Query	mysqldump -u root -p akademik > C:\ alwaasiu_H071181007.msql
191011 15:32:29	    11 Query	mysqldump -u root -p ddl_assignment > c:/ALWAASIU_H071181007.msql
191011 15:32:44	    11 Query	mysqldump -u root -p ddl_assignment > c:/ALWAASIU_H071181007.sql
191011 15:36:24	    11 Query	mysqldump -u root -p ddl_assignment > c:/ALWAASIU_H071181007.msql
191011 15:36:49	    11 Query	mysqldump -u root -p ddl_assignment > c:\ALWAASIU_H071181007.msql
191011 15:39:53	    11 Query	mysqldump -u root -p ddl_assignment > d:\ALWAASIU_H071181007.msql
191011 15:40:27	    11 Query	mysqldump -u root -p ddl_assignment > c:\('ALWAASIU_H071181007').msql
191011 15:57:03	    11 Query	mysqldump -u root -p ddl_assignment > c:\'ALWAASIU_H071181007'.msql;
;
.
xssasasc,;.'.
191011 17:06:21	    11 Quit	
191011 17:07:52	    12 Connect	root@localhost as anonymous on 
		    12 Query	/*!40100 SET @@SQL_MODE='' */
		    12 Query	/*!40103 SET TIME_ZONE='+00:00' */
		    12 Query	set optimizer_switch='semijoin=off'
		    12 Query	SELECT LOGFILE_GROUP_NAME, FILE_NAME, TOTAL_EXTENTS, INITIAL_SIZE, ENGINE, EXTRA FROM INFORMATION_SCHEMA.FILES WHERE FILE_TYPE = 'UNDO LOG' AND FILE_NAME IS NOT NULL AND LOGFILE_GROUP_NAME IS NOT NULL AND LOGFILE_GROUP_NAME IN (SELECT DISTINCT LOGFILE_GROUP_NAME FROM INFORMATION_SCHEMA.FILES WHERE FILE_TYPE = 'DATAFILE' AND TABLESPACE_NAME IN (SELECT DISTINCT TABLESPACE_NAME FROM INFORMATION_SCHEMA.PARTITIONS WHERE TABLE_SCHEMA='akademik' AND TABLE_NAME IN ('WAASIU(tgs1).sql'))) GROUP BY LOGFILE_GROUP_NAME, FILE_NAME, ENGINE, TOTAL_EXTENTS, INITIAL_SIZE ORDER BY LOGFILE_GROUP_NAME
		    12 Query	SELECT DISTINCT TABLESPACE_NAME, FILE_NAME, LOGFILE_GROUP_NAME, EXTENT_SIZE, INITIAL_SIZE, ENGINE FROM INFORMATION_SCHEMA.FILES WHERE FILE_TYPE = 'DATAFILE' AND TABLESPACE_NAME IN (SELECT DISTINCT TABLESPACE_NAME FROM INFORMATION_SCHEMA.PARTITIONS WHERE TABLE_SCHEMA='akademik' AND TABLE_NAME IN ('WAASIU(tgs1).sql')) ORDER BY TABLESPACE_NAME, LOGFILE_GROUP_NAME
		    12 Query	set optimizer_switch=default
		    12 Init DB	akademik
		    12 Query	SHOW VARIABLES LIKE 'lower_case_table_names'
		    12 Query	SELECT table_name FROM INFORMATION_SCHEMA.TABLES WHERE table_schema = DATABASE() AND table_name = 'WAASIU(tgs1).sql'
		    12 Quit	
191011 17:08:08	    13 Connect	root@localhost as anonymous on 
		    13 Query	/*!40100 SET @@SQL_MODE='' */
		    13 Query	/*!40103 SET TIME_ZONE='+00:00' */
		    13 Query	set optimizer_switch='semijoin=off'
		    13 Query	SELECT LOGFILE_GROUP_NAME, FILE_NAME, TOTAL_EXTENTS, INITIAL_SIZE, ENGINE, EXTRA FROM INFORMATION_SCHEMA.FILES WHERE FILE_TYPE = 'UNDO LOG' AND FILE_NAME IS NOT NULL AND LOGFILE_GROUP_NAME IS NOT NULL AND LOGFILE_GROUP_NAME IN (SELECT DISTINCT LOGFILE_GROUP_NAME FROM INFORMATION_SCHEMA.FILES WHERE FILE_TYPE = 'DATAFILE' AND TABLESPACE_NAME IN (SELECT DISTINCT TABLESPACE_NAME FROM INFORMATION_SCHEMA.PARTITIONS WHERE TABLE_SCHEMA IN ('akademik'))) GROUP BY LOGFILE_GROUP_NAME, FILE_NAME, ENGINE, TOTAL_EXTENTS, INITIAL_SIZE ORDER BY LOGFILE_GROUP_NAME
		    13 Query	SELECT DISTINCT TABLESPACE_NAME, FILE_NAME, LOGFILE_GROUP_NAME, EXTENT_SIZE, INITIAL_SIZE, ENGINE FROM INFORMATION_SCHEMA.FILES WHERE FILE_TYPE = 'DATAFILE' AND TABLESPACE_NAME IN (SELECT DISTINCT TABLESPACE_NAME FROM INFORMATION_SCHEMA.PARTITIONS WHERE TABLE_SCHEMA IN ('akademik')) ORDER BY TABLESPACE_NAME, LOGFILE_GROUP_NAME
		    13 Query	set optimizer_switch=default
		    13 Init DB	akademik
		    13 Query	SHOW TABLES LIKE '%'
		    13 Query	LOCK TABLES `tb_mahasiswa` READ /*!32311 LOCAL */,`tb_matakuliah` READ /*!32311 LOCAL */
		    13 Query	SELECT engine FROM INFORMATION_SCHEMA.TABLES WHERE table_schema = DATABASE() AND table_name = 'tb_mahasiswa'
		    13 Query	SET SQL_QUOTE_SHOW_CREATE=1
		    13 Query	SET SESSION character_set_results = 'binary'
		    13 Query	show create table `tb_mahasiswa`
		    13 Query	SET SESSION character_set_results = 'utf8mb4'
		    13 Query	show fields from `tb_mahasiswa`
		    13 Query	SELECT /*!40001 SQL_NO_CACHE */ `id`, `nim`, `nama`, `status` FROM `tb_mahasiswa`
		    13 Query	SET SESSION character_set_results = 'binary'
		    13 Init DB	akademik
		    13 Query	select @@collation_database
		    13 Query	SELECT TRIGGER_NAME FROM INFORMATION_SCHEMA.TRIGGERS WHERE EVENT_OBJECT_SCHEMA = DATABASE() AND EVENT_OBJECT_TABLE = 'tb_mahasiswa'
		    13 Query	SET SESSION character_set_results = 'utf8mb4'
		    13 Query	SELECT engine FROM INFORMATION_SCHEMA.TABLES WHERE table_schema = DATABASE() AND table_name = 'tb_matakuliah'
		    13 Query	SET SQL_QUOTE_SHOW_CREATE=1
		    13 Query	SET SESSION character_set_results = 'binary'
		    13 Query	show create table `tb_matakuliah`
		    13 Query	SET SESSION character_set_results = 'utf8mb4'
		    13 Query	show fields from `tb_matakuliah`
		    13 Query	SELECT /*!40001 SQL_NO_CACHE */ `id`, `kode`, `nama`, `sks` FROM `tb_matakuliah`
		    13 Query	SET SESSION character_set_results = 'binary'
		    13 Init DB	akademik
		    13 Query	select @@collation_database
		    13 Query	SELECT TRIGGER_NAME FROM INFORMATION_SCHEMA.TRIGGERS WHERE EVENT_OBJECT_SCHEMA = DATABASE() AND EVENT_OBJECT_TABLE = 'tb_matakuliah'
		    13 Query	SET SESSION character_set_results = 'utf8mb4'
		    13 Query	UNLOCK TABLES
		    13 Quit	
191011 17:22:05	    14 Connect	root@localhost as anonymous on 
		    14 Query	/*!40100 SET @@SQL_MODE='' */
		    14 Query	/*!40103 SET TIME_ZONE='+00:00' */
		    14 Query	set optimizer_switch='semijoin=off'
		    14 Query	SELECT LOGFILE_GROUP_NAME, FILE_NAME, TOTAL_EXTENTS, INITIAL_SIZE, ENGINE, EXTRA FROM INFORMATION_SCHEMA.FILES WHERE FILE_TYPE = 'UNDO LOG' AND FILE_NAME IS NOT NULL AND LOGFILE_GROUP_NAME IS NOT NULL AND LOGFILE_GROUP_NAME IN (SELECT DISTINCT LOGFILE_GROUP_NAME FROM INFORMATION_SCHEMA.FILES WHERE FILE_TYPE = 'DATAFILE' AND TABLESPACE_NAME IN (SELECT DISTINCT TABLESPACE_NAME FROM INFORMATION_SCHEMA.PARTITIONS WHERE TABLE_SCHEMA IN ('ddl_assignment'))) GROUP BY LOGFILE_GROUP_NAME, FILE_NAME, ENGINE, TOTAL_EXTENTS, INITIAL_SIZE ORDER BY LOGFILE_GROUP_NAME
		    14 Query	SELECT DISTINCT TABLESPACE_NAME, FILE_NAME, LOGFILE_GROUP_NAME, EXTENT_SIZE, INITIAL_SIZE, ENGINE FROM INFORMATION_SCHEMA.FILES WHERE FILE_TYPE = 'DATAFILE' AND TABLESPACE_NAME IN (SELECT DISTINCT TABLESPACE_NAME FROM INFORMATION_SCHEMA.PARTITIONS WHERE TABLE_SCHEMA IN ('ddl_assignment')) ORDER BY TABLESPACE_NAME, LOGFILE_GROUP_NAME
		    14 Query	set optimizer_switch=default
		    14 Quit	
191011 17:45:30	    15 Connect	root@localhost as anonymous on 
		    15 Query	/*!40100 SET @@SQL_MODE='' */
		    15 Query	/*!40103 SET TIME_ZONE='+00:00' */
		    15 Query	set optimizer_switch='semijoin=off'
		    15 Query	SELECT LOGFILE_GROUP_NAME, FILE_NAME, TOTAL_EXTENTS, INITIAL_SIZE, ENGINE, EXTRA FROM INFORMATION_SCHEMA.FILES WHERE FILE_TYPE = 'UNDO LOG' AND FILE_NAME IS NOT NULL AND LOGFILE_GROUP_NAME IS NOT NULL AND LOGFILE_GROUP_NAME IN (SELECT DISTINCT LOGFILE_GROUP_NAME FROM INFORMATION_SCHEMA.FILES WHERE FILE_TYPE = 'DATAFILE' AND TABLESPACE_NAME IN (SELECT DISTINCT TABLESPACE_NAME FROM INFORMATION_SCHEMA.PARTITIONS WHERE TABLE_SCHEMA IN ('ddl_assignment'))) GROUP BY LOGFILE_GROUP_NAME, FILE_NAME, ENGINE, TOTAL_EXTENTS, INITIAL_SIZE ORDER BY LOGFILE_GROUP_NAME
		    15 Query	SELECT DISTINCT TABLESPACE_NAME, FILE_NAME, LOGFILE_GROUP_NAME, EXTENT_SIZE, INITIAL_SIZE, ENGINE FROM INFORMATION_SCHEMA.FILES WHERE FILE_TYPE = 'DATAFILE' AND TABLESPACE_NAME IN (SELECT DISTINCT TABLESPACE_NAME FROM INFORMATION_SCHEMA.PARTITIONS WHERE TABLE_SCHEMA IN ('ddl_assignment')) ORDER BY TABLESPACE_NAME, LOGFILE_GROUP_NAME
		    15 Query	set optimizer_switch=default
		    15 Quit	
191011 17:46:25	    16 Connect	root@localhost as anonymous on 
		    16 Query	/*!40100 SET @@SQL_MODE='' */
		    16 Query	/*!40103 SET TIME_ZONE='+00:00' */
		    16 Query	set optimizer_switch='semijoin=off'
		    16 Query	SELECT LOGFILE_GROUP_NAME, FILE_NAME, TOTAL_EXTENTS, INITIAL_SIZE, ENGINE, EXTRA FROM INFORMATION_SCHEMA.FILES WHERE FILE_TYPE = 'UNDO LOG' AND FILE_NAME IS NOT NULL AND LOGFILE_GROUP_NAME IS NOT NULL AND LOGFILE_GROUP_NAME IN (SELECT DISTINCT LOGFILE_GROUP_NAME FROM INFORMATION_SCHEMA.FILES WHERE FILE_TYPE = 'DATAFILE' AND TABLESPACE_NAME IN (SELECT DISTINCT TABLESPACE_NAME FROM INFORMATION_SCHEMA.PARTITIONS WHERE TABLE_SCHEMA IN ('ddl_assignment'))) GROUP BY LOGFILE_GROUP_NAME, FILE_NAME, ENGINE, TOTAL_EXTENTS, INITIAL_SIZE ORDER BY LOGFILE_GROUP_NAME
		    16 Query	SELECT DISTINCT TABLESPACE_NAME, FILE_NAME, LOGFILE_GROUP_NAME, EXTENT_SIZE, INITIAL_SIZE, ENGINE FROM INFORMATION_SCHEMA.FILES WHERE FILE_TYPE = 'DATAFILE' AND TABLESPACE_NAME IN (SELECT DISTINCT TABLESPACE_NAME FROM INFORMATION_SCHEMA.PARTITIONS WHERE TABLE_SCHEMA IN ('ddl_assignment')) ORDER BY TABLESPACE_NAME, LOGFILE_GROUP_NAME
		    16 Query	set optimizer_switch=default
		    16 Quit	
191011 17:47:31	    17 Connect	root@localhost as anonymous on 
		    17 Query	/*!40100 SET @@SQL_MODE='' */
		    17 Query	/*!40103 SET TIME_ZONE='+00:00' */
		    17 Query	set optimizer_switch='semijoin=off'
		    17 Query	SELECT LOGFILE_GROUP_NAME, FILE_NAME, TOTAL_EXTENTS, INITIAL_SIZE, ENGINE, EXTRA FROM INFORMATION_SCHEMA.FILES WHERE FILE_TYPE = 'UNDO LOG' AND FILE_NAME IS NOT NULL AND LOGFILE_GROUP_NAME IS NOT NULL AND LOGFILE_GROUP_NAME IN (SELECT DISTINCT LOGFILE_GROUP_NAME FROM INFORMATION_SCHEMA.FILES WHERE FILE_TYPE = 'DATAFILE' AND TABLESPACE_NAME IN (SELECT DISTINCT TABLESPACE_NAME FROM INFORMATION_SCHEMA.PARTITIONS WHERE TABLE_SCHEMA IN ('ddl_assignment'))) GROUP BY LOGFILE_GROUP_NAME, FILE_NAME, ENGINE, TOTAL_EXTENTS, INITIAL_SIZE ORDER BY LOGFILE_GROUP_NAME
		    17 Query	SELECT DISTINCT TABLESPACE_NAME, FILE_NAME, LOGFILE_GROUP_NAME, EXTENT_SIZE, INITIAL_SIZE, ENGINE FROM INFORMATION_SCHEMA.FILES WHERE FILE_TYPE = 'DATAFILE' AND TABLESPACE_NAME IN (SELECT DISTINCT TABLESPACE_NAME FROM INFORMATION_SCHEMA.PARTITIONS WHERE TABLE_SCHEMA IN ('ddl_assignment')) ORDER BY TABLESPACE_NAME, LOGFILE_GROUP_NAME
		    17 Query	set optimizer_switch=default
		    17 Quit	
191011 17:48:07	    18 Connect	root@localhost as anonymous on 
		    18 Query	/*!40100 SET @@SQL_MODE='' */
		    18 Query	/*!40103 SET TIME_ZONE='+00:00' */
		    18 Query	set optimizer_switch='semijoin=off'
		    18 Query	SELECT LOGFILE_GROUP_NAME, FILE_NAME, TOTAL_EXTENTS, INITIAL_SIZE, ENGINE, EXTRA FROM INFORMATION_SCHEMA.FILES WHERE FILE_TYPE = 'UNDO LOG' AND FILE_NAME IS NOT NULL AND LOGFILE_GROUP_NAME IS NOT NULL AND LOGFILE_GROUP_NAME IN (SELECT DISTINCT LOGFILE_GROUP_NAME FROM INFORMATION_SCHEMA.FILES WHERE FILE_TYPE = 'DATAFILE' AND TABLESPACE_NAME IN (SELECT DISTINCT TABLESPACE_NAME FROM INFORMATION_SCHEMA.PARTITIONS WHERE TABLE_SCHEMA IN ('ddl_assignment'))) GROUP BY LOGFILE_GROUP_NAME, FILE_NAME, ENGINE, TOTAL_EXTENTS, INITIAL_SIZE ORDER BY LOGFILE_GROUP_NAME
		    18 Query	SELECT DISTINCT TABLESPACE_NAME, FILE_NAME, LOGFILE_GROUP_NAME, EXTENT_SIZE, INITIAL_SIZE, ENGINE FROM INFORMATION_SCHEMA.FILES WHERE FILE_TYPE = 'DATAFILE' AND TABLESPACE_NAME IN (SELECT DISTINCT TABLESPACE_NAME FROM INFORMATION_SCHEMA.PARTITIONS WHERE TABLE_SCHEMA IN ('ddl_assignment')) ORDER BY TABLESPACE_NAME, LOGFILE_GROUP_NAME
		    18 Query	set optimizer_switch=default
		    18 Quit	
191011 17:50:42	    19 Connect	root@localhost as anonymous on 
		    19 Query	/*!40100 SET @@SQL_MODE='' */
		    19 Query	/*!40103 SET TIME_ZONE='+00:00' */
		    19 Query	set optimizer_switch='semijoin=off'
		    19 Query	SELECT LOGFILE_GROUP_NAME, FILE_NAME, TOTAL_EXTENTS, INITIAL_SIZE, ENGINE, EXTRA FROM INFORMATION_SCHEMA.FILES WHERE FILE_TYPE = 'UNDO LOG' AND FILE_NAME IS NOT NULL AND LOGFILE_GROUP_NAME IS NOT NULL AND LOGFILE_GROUP_NAME IN (SELECT DISTINCT LOGFILE_GROUP_NAME FROM INFORMATION_SCHEMA.FILES WHERE FILE_TYPE = 'DATAFILE' AND TABLESPACE_NAME IN (SELECT DISTINCT TABLESPACE_NAME FROM INFORMATION_SCHEMA.PARTITIONS WHERE TABLE_SCHEMA IN ('ddl_assigment'))) GROUP BY LOGFILE_GROUP_NAME, FILE_NAME, ENGINE, TOTAL_EXTENTS, INITIAL_SIZE ORDER BY LOGFILE_GROUP_NAME
		    19 Query	SELECT DISTINCT TABLESPACE_NAME, FILE_NAME, LOGFILE_GROUP_NAME, EXTENT_SIZE, INITIAL_SIZE, ENGINE FROM INFORMATION_SCHEMA.FILES WHERE FILE_TYPE = 'DATAFILE' AND TABLESPACE_NAME IN (SELECT DISTINCT TABLESPACE_NAME FROM INFORMATION_SCHEMA.PARTITIONS WHERE TABLE_SCHEMA IN ('ddl_assigment')) ORDER BY TABLESPACE_NAME, LOGFILE_GROUP_NAME
		    19 Query	set optimizer_switch=default
		    19 Init DB	ddl_assigment
		    19 Query	SHOW TABLES LIKE '%'
		    19 Query	LOCK TABLES `dosen_pembimbing` READ /*!32311 LOCAL */,`dosen_penguji` READ /*!32311 LOCAL */,`mahasiswa_prodi` READ /*!32311 LOCAL */,`seminar_mahasiswa` READ /*!32311 LOCAL */,`skripsi_mahasiswa` READ /*!32311 LOCAL */,`tdosen` READ /*!32311 LOCAL */,`tmahasiswa` READ /*!32311 LOCAL */,`tnilai` READ /*!32311 LOCAL */,`tpembimbing` READ /*!32311 LOCAL */,`tpenguji` READ /*!32311 LOCAL */,`tprodi` READ /*!32311 LOCAL */,`tsemester` READ /*!32311 LOCAL */,`tseminar` READ /*!32311 LOCAL */,`tsidang` READ /*!32311 LOCAL */,`tsk_pembimbing` READ /*!32311 LOCAL */,`tskripsi` READ /*!32311 LOCAL */,`untitled` READ /*!32311 LOCAL */
191011 17:50:43	    19 Query	SELECT engine FROM INFORMATION_SCHEMA.TABLES WHERE table_schema = DATABASE() AND table_name = 'dosen_pembimbing'
		    19 Query	SET SQL_QUOTE_SHOW_CREATE=1
		    19 Query	SET SESSION character_set_results = 'binary'
		    19 Query	show create table `dosen_pembimbing`
		    19 Query	SET SESSION character_set_results = 'utf8mb4'
		    19 Query	show fields from `dosen_pembimbing`
		    19 Query	SELECT /*!40001 SQL_NO_CACHE */ `nama`, `nip`, `kode_dosen`, `status`, `jenis_pembimbing` FROM `dosen_pembimbing`
		    19 Query	SET SESSION character_set_results = 'binary'
		    19 Init DB	ddl_assigment
		    19 Query	select @@collation_database
		    19 Query	SELECT TRIGGER_NAME FROM INFORMATION_SCHEMA.TRIGGERS WHERE EVENT_OBJECT_SCHEMA = DATABASE() AND EVENT_OBJECT_TABLE = 'dosen_pembimbing'
		    19 Query	SET SESSION character_set_results = 'utf8mb4'
		    19 Query	SELECT engine FROM INFORMATION_SCHEMA.TABLES WHERE table_schema = DATABASE() AND table_name = 'dosen_penguji'
		    19 Query	SET SQL_QUOTE_SHOW_CREATE=1
		    19 Query	SET SESSION character_set_results = 'binary'
		    19 Query	show create table `dosen_penguji`
		    19 Query	SET SESSION character_set_results = 'utf8mb4'
		    19 Query	show fields from `dosen_penguji`
		    19 Query	SELECT /*!40001 SQL_NO_CACHE */ `nama`, `nip`, `kode_dosen`, `status`, `nama_prodi`, `jenis_penguji` FROM `dosen_penguji`
		    19 Query	SET SESSION character_set_results = 'binary'
		    19 Init DB	ddl_assigment
		    19 Query	select @@collation_database
		    19 Query	SELECT TRIGGER_NAME FROM INFORMATION_SCHEMA.TRIGGERS WHERE EVENT_OBJECT_SCHEMA = DATABASE() AND EVENT_OBJECT_TABLE = 'dosen_penguji'
		    19 Query	SET SESSION character_set_results = 'utf8mb4'
		    19 Query	SELECT engine FROM INFORMATION_SCHEMA.TABLES WHERE table_schema = DATABASE() AND table_name = 'mahasiswa_prodi'
		    19 Query	SET SQL_QUOTE_SHOW_CREATE=1
		    19 Query	SET SESSION character_set_results = 'binary'
		    19 Query	show create table `mahasiswa_prodi`
		    19 Query	SET SESSION character_set_results = 'utf8mb4'
		    19 Query	show fields from `mahasiswa_prodi`
		    19 Query	SELECT /*!40001 SQL_NO_CACHE */ `nama`, `nim`, `jk`, `no_hp`, `status`, `nama_prodi`, `tgl_masuk`, `tgl_lulus` FROM `mahasiswa_prodi`
		    19 Query	SET SESSION character_set_results = 'binary'
		    19 Init DB	ddl_assigment
		    19 Query	select @@collation_database
		    19 Query	SELECT TRIGGER_NAME FROM INFORMATION_SCHEMA.TRIGGERS WHERE EVENT_OBJECT_SCHEMA = DATABASE() AND EVENT_OBJECT_TABLE = 'mahasiswa_prodi'
		    19 Query	SET SESSION character_set_results = 'utf8mb4'
		    19 Query	SELECT engine FROM INFORMATION_SCHEMA.TABLES WHERE table_schema = DATABASE() AND table_name = 'seminar_mahasiswa'
		    19 Query	SET SQL_QUOTE_SHOW_CREATE=1
		    19 Query	SET SESSION character_set_results = 'binary'
		    19 Query	show create table `seminar_mahasiswa`
		    19 Query	SET SESSION character_set_results = 'utf8mb4'
		    19 Query	show fields from `seminar_mahasiswa`
		    19 Query	SELECT /*!40001 SQL_NO_CACHE */ `nama`, `nim`, `jk`, `tgl_seminar`, `jenis_seminar`, `status`, `dosen_penguji`, `nip` FROM `seminar_mahasiswa`
		    19 Query	SET SESSION character_set_results = 'binary'
		    19 Init DB	ddl_assigment
		    19 Query	select @@collation_database
		    19 Query	SELECT TRIGGER_NAME FROM INFORMATION_SCHEMA.TRIGGERS WHERE EVENT_OBJECT_SCHEMA = DATABASE() AND EVENT_OBJECT_TABLE = 'seminar_mahasiswa'
		    19 Query	SET SESSION character_set_results = 'utf8mb4'
		    19 Query	SELECT engine FROM INFORMATION_SCHEMA.TABLES WHERE table_schema = DATABASE() AND table_name = 'skripsi_mahasiswa'
		    19 Query	SET SQL_QUOTE_SHOW_CREATE=1
		    19 Query	SET SESSION character_set_results = 'binary'
		    19 Query	show create table `skripsi_mahasiswa`
		    19 Query	SET SESSION character_set_results = 'utf8mb4'
		    19 Query	show fields from `skripsi_mahasiswa`
		    19 Query	SELECT /*!40001 SQL_NO_CACHE */ `nama`, `nim`, `jk`, `nama_prodi`, `judul_skripsi`, `dosen_pembimbing`, `tgl_sidang`, `nilai_sidang`, `nip`, `jenis_pembimbing` FROM `skripsi_mahasiswa`
		    19 Query	SET SESSION character_set_results = 'binary'
		    19 Init DB	ddl_assigment
		    19 Query	select @@collation_database
		    19 Query	SELECT TRIGGER_NAME FROM INFORMATION_SCHEMA.TRIGGERS WHERE EVENT_OBJECT_SCHEMA = DATABASE() AND EVENT_OBJECT_TABLE = 'skripsi_mahasiswa'
		    19 Query	SET SESSION character_set_results = 'utf8mb4'
		    19 Query	SELECT engine FROM INFORMATION_SCHEMA.TABLES WHERE table_schema = DATABASE() AND table_name = 'tdosen'
		    19 Query	SET SQL_QUOTE_SHOW_CREATE=1
		    19 Query	SET SESSION character_set_results = 'binary'
		    19 Query	show create table `tdosen`
		    19 Query	SET SESSION character_set_results = 'utf8mb4'
		    19 Query	show fields from `tdosen`
		    19 Query	SELECT /*!40001 SQL_NO_CACHE */ `id_dosen`, `nama`, `nip`, `kode_dosen`, `status`, `id_prodi` FROM `tdosen`
		    19 Query	SET SESSION character_set_results = 'binary'
		    19 Init DB	ddl_assigment
		    19 Query	select @@collation_database
		    19 Query	SELECT TRIGGER_NAME FROM INFORMATION_SCHEMA.TRIGGERS WHERE EVENT_OBJECT_SCHEMA = DATABASE() AND EVENT_OBJECT_TABLE = 'tdosen'
		    19 Query	SET SESSION character_set_results = 'utf8mb4'
		    19 Query	SELECT engine FROM INFORMATION_SCHEMA.TABLES WHERE table_schema = DATABASE() AND table_name = 'tmahasiswa'
		    19 Query	SET SQL_QUOTE_SHOW_CREATE=1
		    19 Query	SET SESSION character_set_results = 'binary'
		    19 Query	show create table `tmahasiswa`
		    19 Query	SET SESSION character_set_results = 'utf8mb4'
		    19 Query	show fields from `tmahasiswa`
		    19 Query	SELECT /*!40001 SQL_NO_CACHE */ `id_mahasiswa`, `nama`, `nim`, `jk`, `no_hp`, `alamat`, `tgl_masuk`, `tgl_lulus`, `status`, `id_prodi` FROM `tmahasiswa`
		    19 Query	SET SESSION character_set_results = 'binary'
		    19 Init DB	ddl_assigment
		    19 Query	select @@collation_database
		    19 Query	SELECT TRIGGER_NAME FROM INFORMATION_SCHEMA.TRIGGERS WHERE EVENT_OBJECT_SCHEMA = DATABASE() AND EVENT_OBJECT_TABLE = 'tmahasiswa'
		    19 Query	SET SESSION character_set_results = 'utf8mb4'
		    19 Query	SELECT engine FROM INFORMATION_SCHEMA.TABLES WHERE table_schema = DATABASE() AND table_name = 'tnilai'
		    19 Query	SET SQL_QUOTE_SHOW_CREATE=1
		    19 Query	SET SESSION character_set_results = 'binary'
		    19 Query	show create table `tnilai`
		    19 Query	SET SESSION character_set_results = 'utf8mb4'
		    19 Query	show fields from `tnilai`
		    19 Query	SELECT /*!40001 SQL_NO_CACHE */ `id_nilai`, `nilai_huruf`, `bobot_nilai` FROM `tnilai`
		    19 Query	SET SESSION character_set_results = 'binary'
		    19 Init DB	ddl_assigment
		    19 Query	select @@collation_database
		    19 Query	SELECT TRIGGER_NAME FROM INFORMATION_SCHEMA.TRIGGERS WHERE EVENT_OBJECT_SCHEMA = DATABASE() AND EVENT_OBJECT_TABLE = 'tnilai'
		    19 Query	SET SESSION character_set_results = 'utf8mb4'
		    19 Query	SELECT engine FROM INFORMATION_SCHEMA.TABLES WHERE table_schema = DATABASE() AND table_name = 'tpembimbing'
		    19 Query	SET SQL_QUOTE_SHOW_CREATE=1
		    19 Query	SET SESSION character_set_results = 'binary'
		    19 Query	show create table `tpembimbing`
		    19 Query	SET SESSION character_set_results = 'utf8mb4'
		    19 Query	show fields from `tpembimbing`
		    19 Query	SELECT /*!40001 SQL_NO_CACHE */ `id_pembimbing`, `jenis_pembimbing`, `id_dosen` FROM `tpembimbing`
		    19 Query	SET SESSION character_set_results = 'binary'
		    19 Init DB	ddl_assigment
		    19 Query	select @@collation_database
		    19 Query	SELECT TRIGGER_NAME FROM INFORMATION_SCHEMA.TRIGGERS WHERE EVENT_OBJECT_SCHEMA = DATABASE() AND EVENT_OBJECT_TABLE = 'tpembimbing'
		    19 Query	SET SESSION character_set_results = 'utf8mb4'
		    19 Query	SELECT engine FROM INFORMATION_SCHEMA.TABLES WHERE table_schema = DATABASE() AND table_name = 'tpenguji'
		    19 Query	SET SQL_QUOTE_SHOW_CREATE=1
		    19 Query	SET SESSION character_set_results = 'binary'
		    19 Query	show create table `tpenguji`
		    19 Query	SET SESSION character_set_results = 'utf8mb4'
		    19 Query	show fields from `tpenguji`
		    19 Query	SELECT /*!40001 SQL_NO_CACHE */ `id_penguji`, `id_dosen`, `jenis_penguji` FROM `tpenguji`
		    19 Query	SET SESSION character_set_results = 'binary'
		    19 Init DB	ddl_assigment
		    19 Query	select @@collation_database
		    19 Query	SELECT TRIGGER_NAME FROM INFORMATION_SCHEMA.TRIGGERS WHERE EVENT_OBJECT_SCHEMA = DATABASE() AND EVENT_OBJECT_TABLE = 'tpenguji'
		    19 Query	SET SESSION character_set_results = 'utf8mb4'
		    19 Query	SELECT engine FROM INFORMATION_SCHEMA.TABLES WHERE table_schema = DATABASE() AND table_name = 'tprodi'
		    19 Query	SET SQL_QUOTE_SHOW_CREATE=1
		    19 Query	SET SESSION character_set_results = 'binary'
		    19 Query	show create table `tprodi`
		    19 Query	SET SESSION character_set_results = 'utf8mb4'
		    19 Query	show fields from `tprodi`
		    19 Query	SELECT /*!40001 SQL_NO_CACHE */ `id_prodi`, `kode_prodi`, `nama`, `status` FROM `tprodi`
		    19 Query	SET SESSION character_set_results = 'binary'
		    19 Init DB	ddl_assigment
		    19 Query	select @@collation_database
		    19 Query	SELECT TRIGGER_NAME FROM INFORMATION_SCHEMA.TRIGGERS WHERE EVENT_OBJECT_SCHEMA = DATABASE() AND EVENT_OBJECT_TABLE = 'tprodi'
		    19 Query	SET SESSION character_set_results = 'utf8mb4'
		    19 Query	SELECT engine FROM INFORMATION_SCHEMA.TABLES WHERE table_schema = DATABASE() AND table_name = 'tsemester'
		    19 Query	SET SQL_QUOTE_SHOW_CREATE=1
		    19 Query	SET SESSION character_set_results = 'binary'
		    19 Query	show create table `tsemester`
		    19 Query	SET SESSION character_set_results = 'utf8mb4'
		    19 Query	show fields from `tsemester`
		    19 Query	SELECT /*!40001 SQL_NO_CACHE */ `id_semester`, `nama`, `kode_semester`, `status` FROM `tsemester`
		    19 Query	SET SESSION character_set_results = 'binary'
		    19 Init DB	ddl_assigment
		    19 Query	select @@collation_database
		    19 Query	SELECT TRIGGER_NAME FROM INFORMATION_SCHEMA.TRIGGERS WHERE EVENT_OBJECT_SCHEMA = DATABASE() AND EVENT_OBJECT_TABLE = 'tsemester'
		    19 Query	SET SESSION character_set_results = 'utf8mb4'
		    19 Query	SELECT engine FROM INFORMATION_SCHEMA.TABLES WHERE table_schema = DATABASE() AND table_name = 'tseminar'
		    19 Query	SET SQL_QUOTE_SHOW_CREATE=1
		    19 Query	SET SESSION character_set_results = 'binary'
		    19 Query	show create table `tseminar`
		    19 Query	SET SESSION character_set_results = 'utf8mb4'
		    19 Query	show fields from `tseminar`
		    19 Query	SELECT /*!40001 SQL_NO_CACHE */ `id_seminar`, `tanggal`, `id_nilai`, `jenis_seminar`, `id_mahasiswa`, `status`, `id_pembimbing`, `id_penguji` FROM `tseminar`
		    19 Query	SET SESSION character_set_results = 'binary'
		    19 Init DB	ddl_assigment
		    19 Query	select @@collation_database
		    19 Query	SELECT TRIGGER_NAME FROM INFORMATION_SCHEMA.TRIGGERS WHERE EVENT_OBJECT_SCHEMA = DATABASE() AND EVENT_OBJECT_TABLE = 'tseminar'
		    19 Query	SET SESSION character_set_results = 'utf8mb4'
		    19 Query	SELECT engine FROM INFORMATION_SCHEMA.TABLES WHERE table_schema = DATABASE() AND table_name = 'tsidang'
		    19 Query	SET SQL_QUOTE_SHOW_CREATE=1
		    19 Query	SET SESSION character_set_results = 'binary'
		    19 Query	show create table `tsidang`
		    19 Query	SET SESSION character_set_results = 'utf8mb4'
		    19 Query	show fields from `tsidang`
		    19 Query	SELECT /*!40001 SQL_NO_CACHE */ `id_sidang`, `id_mahasiswa`, `tanggal_sidang`, `id_nilai`, `status` FROM `tsidang`
		    19 Query	SET SESSION character_set_results = 'binary'
		    19 Init DB	ddl_assigment
		    19 Query	select @@collation_database
		    19 Query	SELECT TRIGGER_NAME FROM INFORMATION_SCHEMA.TRIGGERS WHERE EVENT_OBJECT_SCHEMA = DATABASE() AND EVENT_OBJECT_TABLE = 'tsidang'
		    19 Query	SET SESSION character_set_results = 'utf8mb4'
		    19 Query	SELECT engine FROM INFORMATION_SCHEMA.TABLES WHERE table_schema = DATABASE() AND table_name = 'tsk_pembimbing'
		    19 Query	SET SQL_QUOTE_SHOW_CREATE=1
		    19 Query	SET SESSION character_set_results = 'binary'
		    19 Query	show create table `tsk_pembimbing`
		    19 Query	SET SESSION character_set_results = 'utf8mb4'
		    19 Query	show fields from `tsk_pembimbing`
		    19 Query	SELECT /*!40001 SQL_NO_CACHE */ `id_SK`, `id_skripsi`, `id_semester`, `no_sk`, `tanggal_SK` FROM `tsk_pembimbing`
		    19 Query	SET SESSION character_set_results = 'binary'
		    19 Init DB	ddl_assigment
		    19 Query	select @@collation_database
		    19 Query	SELECT TRIGGER_NAME FROM INFORMATION_SCHEMA.TRIGGERS WHERE EVENT_OBJECT_SCHEMA = DATABASE() AND EVENT_OBJECT_TABLE = 'tsk_pembimbing'
		    19 Query	SET SESSION character_set_results = 'utf8mb4'
		    19 Query	SELECT engine FROM INFORMATION_SCHEMA.TABLES WHERE table_schema = DATABASE() AND table_name = 'tskripsi'
		    19 Query	SET SQL_QUOTE_SHOW_CREATE=1
		    19 Query	SET SESSION character_set_results = 'binary'
		    19 Query	show create table `tskripsi`
		    19 Query	SET SESSION character_set_results = 'utf8mb4'
		    19 Query	show fields from `tskripsi`
		    19 Query	SELECT /*!40001 SQL_NO_CACHE */ `id_skripsi`, `id_mahasiswa`, `judul`, `id_pembimbing`, `id_penguji` FROM `tskripsi`
		    19 Query	SET SESSION character_set_results = 'binary'
		    19 Init DB	ddl_assigment
		    19 Query	select @@collation_database
		    19 Query	SELECT TRIGGER_NAME FROM INFORMATION_SCHEMA.TRIGGERS WHERE EVENT_OBJECT_SCHEMA = DATABASE() AND EVENT_OBJECT_TABLE = 'tskripsi'
		    19 Query	SET SESSION character_set_results = 'utf8mb4'
		    19 Query	SELECT engine FROM INFORMATION_SCHEMA.TABLES WHERE table_schema = DATABASE() AND table_name = 'untitled'
		    19 Query	SET SQL_QUOTE_SHOW_CREATE=1
		    19 Query	SET SESSION character_set_results = 'binary'
		    19 Query	show create table `untitled`
		    19 Query	SET SESSION character_set_results = 'utf8mb4'
		    19 Query	show fields from `untitled`
191011 17:50:44	    19 Query	SELECT /*!40001 SQL_NO_CACHE */ `nama` FROM `untitled`
		    19 Query	SET SESSION character_set_results = 'binary'
		    19 Init DB	ddl_assigment
		    19 Query	select @@collation_database
		    19 Query	SELECT TRIGGER_NAME FROM INFORMATION_SCHEMA.TRIGGERS WHERE EVENT_OBJECT_SCHEMA = DATABASE() AND EVENT_OBJECT_TABLE = 'untitled'
		    19 Query	SET SESSION character_set_results = 'utf8mb4'
		    19 Query	UNLOCK TABLES
		    19 Quit	
191011 17:56:03	    20 Connect	root@localhost as anonymous on 
		    20 Query	/*!40100 SET @@SQL_MODE='' */
		    20 Query	/*!40103 SET TIME_ZONE='+00:00' */
		    20 Query	set optimizer_switch='semijoin=off'
		    20 Query	SELECT LOGFILE_GROUP_NAME, FILE_NAME, TOTAL_EXTENTS, INITIAL_SIZE, ENGINE, EXTRA FROM INFORMATION_SCHEMA.FILES WHERE FILE_TYPE = 'UNDO LOG' AND FILE_NAME IS NOT NULL AND LOGFILE_GROUP_NAME IS NOT NULL AND LOGFILE_GROUP_NAME IN (SELECT DISTINCT LOGFILE_GROUP_NAME FROM INFORMATION_SCHEMA.FILES WHERE FILE_TYPE = 'DATAFILE' AND TABLESPACE_NAME IN (SELECT DISTINCT TABLESPACE_NAME FROM INFORMATION_SCHEMA.PARTITIONS WHERE TABLE_SCHEMA IN ('ddl_assignment'))) GROUP BY LOGFILE_GROUP_NAME, FILE_NAME, ENGINE, TOTAL_EXTENTS, INITIAL_SIZE ORDER BY LOGFILE_GROUP_NAME
		    20 Query	SELECT DISTINCT TABLESPACE_NAME, FILE_NAME, LOGFILE_GROUP_NAME, EXTENT_SIZE, INITIAL_SIZE, ENGINE FROM INFORMATION_SCHEMA.FILES WHERE FILE_TYPE = 'DATAFILE' AND TABLESPACE_NAME IN (SELECT DISTINCT TABLESPACE_NAME FROM INFORMATION_SCHEMA.PARTITIONS WHERE TABLE_SCHEMA IN ('ddl_assignment')) ORDER BY TABLESPACE_NAME, LOGFILE_GROUP_NAME
		    20 Query	set optimizer_switch=default
		    20 Quit	
