d:\aplikasi fita\xampp\mysql\bin\mysqld.exe, Version: 10.4.8-MariaDB (mariadb.org binary distribution). started with:
TCP Port: 3306, Named Pipe: D:/APLIKASI FITA/XAMPP/mysql/mysql.sock
Time		    Id Command	Argument
191011 19:51:00	     8 Query	SET GLOBAL general_log = 1
191011 19:57:41	     8 Quit	
191011 19:58:08	     9 Connect	root@localhost as anonymous on 
		     9 Query	select @@version_comment limit 1
191011 19:58:28	     9 Quit	
191011 19:58:33	    10 Connect	root@localhost as anonymous on 
		    10 Query	select @@version_comment limit 1
191011 19:58:36	    10 Query	SHOW DATABASE
191011 19:58:59	    10 Query	create database tugas_1
191011 19:59:09	    10 Query	show databases
d:\aplikasi fita\xampp\mysql\bin\mysqld.exe, Version: 10.4.8-MariaDB (mariadb.org binary distribution). started with:
TCP Port: 3306, Named Pipe: D:/APLIKASI FITA/XAMPP/mysql/mysql.sock
Time		    Id Command	Argument
191012  6:19:31	     8 Query	SET GLOBAL general_log_file = 1
191012  6:19:41	     8 Query	SET GLOBAL general_log = 1
191012  6:21:36	     8 Query	create database tugas_1
191012  6:21:55	     8 Query	show databases
191012  6:22:12	     8 Query	SELECT DATABASE()
		     8 Init DB	tugas_1
191012  6:22:24	     8 Query	show tables
191012  6:28:25	     8 Query	create table table_mahasiswa(
id_mhs int primary key ,
nim_mhs varchar (10) not null unique,
nama_mhs varchar (100) not null)
191012  6:29:04	     8 Query	describe table_mahasiswa
191012  6:31:44	     8 Query	alter table_mahasiswa add status_mhs enum('Aktif' , 'Lulus') not null
191012  6:33:13	     8 Query	alter table table_mahasiswa add status_mhs enum('Aktif','Lulus') not null
191012  6:33:34	     8 Query	describe table_mahasiswa
191012  6:35:25	     8 Query	create table_matakuliah(
191012  6:36:29	     8 Query	create table table_matakuliah(
id_mk int not null primary key)
191012  6:36:47	     8 Query	describe table_matakuliah
191012  6:40:14	     8 Query	alter table table_matakuliah add(
kode_mk varchar (11) not null,
nama_mk varchar (100) not null,
sks_mk enum ('2','3','4') not null)
191012  6:40:30	     8 Query	describe table_matakuliah
191012  6:41:45	     8 Query	alter table table_mahasiswa rename to tb_mahasiswa
191012  6:42:05	     8 Query	alter table table_matakuliah rename to tb_matakuliah
191012  6:42:18	     8 Query	show tables
191012  6:44:40	     8 Query	alter table tb_mahasiswa change id_mhs id int not null
191012  6:46:33	     8 Query	alter table tb_mahasiswa change nim_mhs nim varchar (10) not null unique
191012  6:47:15	     8 Query	alter table tb_mahasiswa change nama_mhs nama varchar (100) not null
191012  6:47:34	     8 Query	describe tb_mahasiswa
191012  6:48:56	     8 Query	alter table tb_mahasiswa change status_mhs status enum ('Aktif' 'Lulus') not null
191012  6:49:09	     8 Query	alter table tb_mahasiswa change status_mhs status enum ('Aktif', 'Lulus') not null
191012  6:49:21	     8 Query	describe tb_mahasiswa
191012  6:51:00	     8 Query	alter table tb_mahasiswa change id_mk id int not null
191012  6:51:16	     8 Query	alter table tb_matakuliah change id_mk id int not null
191012  6:52:18	     8 Query	describe tb_matakuliah
191012  6:52:48	     8 Query	alter table tb_matakuliah change kode_mk kode varchar (11) not null
191012  6:53:18	     8 Query	alter table tb_matakuliah change nama_mk nama varchar (100) not null
191012  6:53:48	     8 Query	alter table tb_matakuliah change sks_mk sks enum ('2','3','4') not null
191012  6:54:06	     8 Query	describe tb_matakuliah
191012  6:55:15	     8 Query	create database tugas_2
191012  6:55:25	     8 Query	show databases
191012  6:55:37	     8 Query	SELECT DATABASE()
		     8 Init DB	tugas_2
191012  7:06:23	     8 Query	create table untitled(
nama varchar (255) not null,
)
191012  7:06:39	     8 Query	create table untitled(
nama varchar (255) not null)
191012  7:06:59	     8 Query	describe untitled
191012  7:10:26	     8 Query	create table mahasisw_prodi(
nama varchar(255) not null,
nim varchar (10) not null,
jk char (1) not null,
no_hp varchar (20) not null,
status varchar (100) not null,
nama_prodi varchar (200) not null,
tgl_masuk date not null,
tgl_lulus date not null)
191012  7:11:52	     8 Query	alter table mahasisw_prodi rename to mahasiswa_prodi
191012  7:12:08	     8 Query	describe mahasiswa_prodi
191012  7:14:53	     8 Query	create table tnilai(
id_nilai int(2),
nilai_huruf varchar(2),
bobot_nilai decimal(3,2) not null)
191012  7:18:50	     8 Query	alter table tnilai add primary key (id_nilai)
191012  7:20:42	     8 Query	alter table tnilai change nilai_huruf nilai_huruf varchar(2) not null
191012  7:20:59	     8 Query	describe tnilai
191012  7:23:58	     8 Query	create table dosen_penguji(
nama varchar (200) not null,
nip varchar (50) not null,
kode_dosen varchar (10) not null,
status varchar(100) not null,
nama_prodi vRCHAR (200) NOT NULL,
jenis_penguji char(1) not null)
191012  7:25:46	     8 Query	create table dosen_penguji(
nama varchar (200) not null,
nip varchar (50) not null,
kode_dosen varchar (10) not null,
status varchar(100) not null,
nama_prodi varchar(200) not null,
jenis_penguji char(1) not null)
191012  7:26:03	     8 Query	describe dosen_penguji
191012  7:29:46	     8 Query	create table tsk_pembimbing(
id_SK int(4) primary key,
id_skripsi int(5) not null,
id_semester int(3) not null,
no_sk varchar (20) not null,
tanggal_SK date not null)
191012  7:29:59	     8 Query	describe tsk_pembimbing
191012  7:31:34	     8 Query	create table tseminar(
id_seminar int(5) not null,
191012  7:34:03	     8 Query	create table tseminar(
id_seminar int(5) primary key,
tanggal date not null,
id_nilai int (2) not null,
jenis_seminar char(1) not null,
id_mahasiswa int(255) not null,
status varchar (20) not null,
id_pembimbing int (255) not null,
id_penguji int(255) not null)
191012  7:34:18	     8 Query	describe tseminar
191012  7:35:37	     8 Query	create table tpenguji(
id penguji int (255) primary key,
191012  7:36:27	     8 Query	create table tpenguji(
id_penguji int (255) primary key,
id_dosen int (225) not null,
jenis_penguji char(1) not null)
191012  7:36:36	     8 Query	describe tpenguji
191012  7:38:38	     8 Query	create table tmahasiswa(
id_mahasiswa int(255) primary key,
nama varchar (255) not null,
nim varchar(10) primary key)
191012  7:41:50	     8 Query	create table tmahasiswa(
id_mahasiswa int(255) not null,
nama varchar (255) not null,
nim varchar(10) not null,
jk char(1) not null,
no_hp varchar(20) not null,
alamat varchar (255) not nill,
tgl_masuk date not null,
tgl_lulus date not null,
status varchar(100) not null,
id_prodi int(5) not null)
191012  7:43:14	     8 Query	create table tmahasiswa(
id_mahasiswa int(255) not null,
nama varchar (255) not null,
nim varchar(10) not null,
jk char(1) not null,
no_hp varchar(20) not null,
alamat varchar (255) not null,
tgl_masuk date not null,
tgl_lulus date not null,
status varchar(100) not null,
id_prodi int(5) not null)
191012  7:44:25	     8 Query	alter table tmahasiswa add primary key (id_mahasiswa, nim)
191012  7:44:40	     8 Query	describe tmahasiswa
191012  7:45:28	     8 Query	show databases
191012  7:45:39	     8 Query	show tables
191012  7:47:57	     8 Query	create table tprodi(
id_prodi int(5) not null,
kode_prodi varchar(5) not null,
nama varchar (200) not null,
status varchar (100) not null)
191012  7:48:38	     8 Query	alter table tprodi add primary key (id_prodi,kode_prodi)
191012  7:48:50	     8 Query	describe tprodi
191012  7:50:24	     8 Query	create table tsemester(
id_semester int (3) not null,
nama varchar (20) not null,
kode_semester varchar(10) not null,
status varchar(100) not null)
191012  7:50:53	     8 Query	alter table tsemester add primary key (id_semester,kode_semester)
191012  7:51:02	     8 Query	describe tsemester
191012  7:53:16	     8 Query	create tskripsi(
id_skripsi int(5) primary key,
id_mahasiswa int(255) not null,
judul varchar(255) not null,
id_pembimbing int(255) not null,
id_penguji int(255) not null)
191012  7:54:01	     8 Query	create table tskripsi(
id_skripsi int(5) primary key,
id_mahasiswa int(255) not null,
judul varchar(255) not null,
id_pembimbing int(255) not null,
id_penguji int(255) not null)
191012  7:54:11	     8 Query	describe tskripsi
191012  7:56:17	     8 Query	create table tdosen(
id_dosen int(255) not null,
nama varchar(200) not null,
nip varchar(50) not null,
kode_dosen varchar(10) not null,
status varchar(100) not null,
id_prodi int(5) not null)
191012  7:57:02	     8 Query	alter table tdosen add primary key (id_dosen,nip,kode_dosen)
191012  7:57:08	     8 Query	describe tdosen
191012  7:59:31	     8 Query	create table dosen_pembimbing(
nama varchar(200) not null,
nip varchar(50) not null,
kode_dosen varchar(10) not null,
status varchar(100) not null,
nama_prodi varchar(200) not null,
jenis_pembimbing varchar(7) not null)
191012  7:59:44	     8 Query	describe dosen_pembimbing
191012  8:01:35	     8 Query	create table tpembimbing(
id_pembimbing int(255) primary key,
jenis_pembimbing varchar(7) not null,
id_dosen int(255) not null)
191012  8:01:45	     8 Query	describe tpembimbing
191012  8:03:00	     8 Query	create table tsidang(
id_sidang int(5) primary key,
id_mahasiswa int(255) not null,
tanggal_sidang date not null,
id_nilai int(2) not null,
status varchar(20))
191012  8:03:05	     8 Query	describe tsidang
191012  8:05:36	     8 Query	create seminar_mahasiswa(
nama varchar(255) not null,
nim varchar(10) not null,
jk char(1) not null,
tgl_seminar date not null,
jenis_seminar char(1) not null,
status varchar(20) not null,
dosen_penguji varchar(200) notnull,
nip varchar(50) not null)
191012  8:06:34	     8 Query	create table seminar_mahasiswa(
nama varchar(255) not null,
nim varchar(10) not null,
jk char(1) not null,
tgl_seminar date not null,
jenis_seminar char(1) not null,
status varchar(20) not null,
dosen_penguji varchar(200) notnull,
nip varchar(50) not null)
191012  8:08:21	     8 Query	create table seminar_mahasiswa(
nama varchar(255) not null,
nim varchar(10) not null,
jk char(1) not null,
tgl_seminar date not null,
jenis_seminar char(1) not null,
status varchar(20) not null,
dosen_penguji varchar(200) notnull,
status varchar(20) not null,
191012  8:09:34	     8 Query	create table seminar_mahasiswa(
nama varchar(255) not null,
nim varchar(10) not null,
jk char(1) not null,
tgl_seminar date not null,
jenis_seminar char(1) not null,
status varchar(20) not null,
dosen_penguji varchar(200) not null,
nip varchar(50) not null)
191012  8:09:46	     8 Query	describe seminar_mahasiswa
191012  8:12:50	     8 Query	create table skripsi_mahasiswa(
nama varchar(255) not null,
nim varchar(10) not null,
jk char(1) not null,
nama_prodi varchar(200) not null,
judul_skripsi varchar (255) not null,
dosen_pembimbing varchar(200) not null,
tgl_sidang date not null,
nilai_sidang varchar(2) not null,
nip varchar(50) not null,
jenis_pembimbing varchar(7) not null)
191012  8:13:01	     8 Query	describe skripsi_mahasiswa
191012  8:13:08	     8 Query	show tables
191012  8:19:32	     9 Connect	root@localhost as anonymous on 
		     9 Query	/*!40100 SET @@SQL_MODE='' */
		     9 Query	/*!40103 SET TIME_ZONE='+00:00' */
		     9 Query	set optimizer_switch='semijoin=off'
		     9 Query	SELECT LOGFILE_GROUP_NAME, FILE_NAME, TOTAL_EXTENTS, INITIAL_SIZE, ENGINE, EXTRA FROM INFORMATION_SCHEMA.FILES WHERE FILE_TYPE = 'UNDO LOG' AND FILE_NAME IS NOT NULL AND LOGFILE_GROUP_NAME IS NOT NULL AND LOGFILE_GROUP_NAME IN (SELECT DISTINCT LOGFILE_GROUP_NAME FROM INFORMATION_SCHEMA.FILES WHERE FILE_TYPE = 'DATAFILE' AND TABLESPACE_NAME IN (SELECT DISTINCT TABLESPACE_NAME FROM INFORMATION_SCHEMA.PARTITIONS WHERE TABLE_SCHEMA IN ('tugas_1'))) GROUP BY LOGFILE_GROUP_NAME, FILE_NAME, ENGINE, TOTAL_EXTENTS, INITIAL_SIZE ORDER BY LOGFILE_GROUP_NAME
		     9 Query	SELECT DISTINCT TABLESPACE_NAME, FILE_NAME, LOGFILE_GROUP_NAME, EXTENT_SIZE, INITIAL_SIZE, ENGINE FROM INFORMATION_SCHEMA.FILES WHERE FILE_TYPE = 'DATAFILE' AND TABLESPACE_NAME IN (SELECT DISTINCT TABLESPACE_NAME FROM INFORMATION_SCHEMA.PARTITIONS WHERE TABLE_SCHEMA IN ('tugas_1')) ORDER BY TABLESPACE_NAME, LOGFILE_GROUP_NAME
		     9 Query	set optimizer_switch=default
		     9 Init DB	tugas_1
		     9 Query	SHOW TABLES LIKE '%'
		     9 Query	LOCK TABLES `tb_mahasiswa` READ /*!32311 LOCAL */,`tb_matakuliah` READ /*!32311 LOCAL */
		     9 Query	SELECT engine FROM INFORMATION_SCHEMA.TABLES WHERE table_schema = DATABASE() AND table_name = 'tb_mahasiswa'
		     9 Query	SET SQL_QUOTE_SHOW_CREATE=1
		     9 Query	SET SESSION character_set_results = 'binary'
		     9 Query	show create table `tb_mahasiswa`
		     9 Query	SET SESSION character_set_results = 'utf8mb4'
		     9 Query	show fields from `tb_mahasiswa`
		     9 Query	SELECT /*!40001 SQL_NO_CACHE */ `id`, `nim`, `nama`, `status` FROM `tb_mahasiswa`
		     9 Query	SET SESSION character_set_results = 'binary'
		     9 Init DB	tugas_1
		     9 Query	select @@collation_database
		     9 Query	SELECT TRIGGER_NAME FROM INFORMATION_SCHEMA.TRIGGERS WHERE EVENT_OBJECT_SCHEMA = DATABASE() AND EVENT_OBJECT_TABLE = 'tb_mahasiswa'
		     9 Query	SET SESSION character_set_results = 'utf8mb4'
		     9 Query	SELECT engine FROM INFORMATION_SCHEMA.TABLES WHERE table_schema = DATABASE() AND table_name = 'tb_matakuliah'
		     9 Query	SET SQL_QUOTE_SHOW_CREATE=1
		     9 Query	SET SESSION character_set_results = 'binary'
		     9 Query	show create table `tb_matakuliah`
		     9 Query	SET SESSION character_set_results = 'utf8mb4'
		     9 Query	show fields from `tb_matakuliah`
		     9 Query	SELECT /*!40001 SQL_NO_CACHE */ `id`, `kode`, `nama`, `sks` FROM `tb_matakuliah`
		     9 Query	SET SESSION character_set_results = 'binary'
		     9 Init DB	tugas_1
		     9 Query	select @@collation_database
		     9 Query	SELECT TRIGGER_NAME FROM INFORMATION_SCHEMA.TRIGGERS WHERE EVENT_OBJECT_SCHEMA = DATABASE() AND EVENT_OBJECT_TABLE = 'tb_matakuliah'
		     9 Query	SET SESSION character_set_results = 'utf8mb4'
		     9 Query	UNLOCK TABLES
		     9 Quit	
191012  8:19:49	    10 Connect	root@localhost as anonymous on 
		    10 Query	/*!40100 SET @@SQL_MODE='' */
		    10 Query	/*!40103 SET TIME_ZONE='+00:00' */
		    10 Query	set optimizer_switch='semijoin=off'
		    10 Query	SELECT LOGFILE_GROUP_NAME, FILE_NAME, TOTAL_EXTENTS, INITIAL_SIZE, ENGINE, EXTRA FROM INFORMATION_SCHEMA.FILES WHERE FILE_TYPE = 'UNDO LOG' AND FILE_NAME IS NOT NULL AND LOGFILE_GROUP_NAME IS NOT NULL AND LOGFILE_GROUP_NAME IN (SELECT DISTINCT LOGFILE_GROUP_NAME FROM INFORMATION_SCHEMA.FILES WHERE FILE_TYPE = 'DATAFILE' AND TABLESPACE_NAME IN (SELECT DISTINCT TABLESPACE_NAME FROM INFORMATION_SCHEMA.PARTITIONS WHERE TABLE_SCHEMA IN ('tugas_2'))) GROUP BY LOGFILE_GROUP_NAME, FILE_NAME, ENGINE, TOTAL_EXTENTS, INITIAL_SIZE ORDER BY LOGFILE_GROUP_NAME
		    10 Query	SELECT DISTINCT TABLESPACE_NAME, FILE_NAME, LOGFILE_GROUP_NAME, EXTENT_SIZE, INITIAL_SIZE, ENGINE FROM INFORMATION_SCHEMA.FILES WHERE FILE_TYPE = 'DATAFILE' AND TABLESPACE_NAME IN (SELECT DISTINCT TABLESPACE_NAME FROM INFORMATION_SCHEMA.PARTITIONS WHERE TABLE_SCHEMA IN ('tugas_2')) ORDER BY TABLESPACE_NAME, LOGFILE_GROUP_NAME
		    10 Query	set optimizer_switch=default
		    10 Init DB	tugas_2
		    10 Query	SHOW TABLES LIKE '%'
		    10 Query	LOCK TABLES `dosen_pembimbing` READ /*!32311 LOCAL */,`dosen_penguji` READ /*!32311 LOCAL */,`mahasiswa_prodi` READ /*!32311 LOCAL */,`seminar_mahasiswa` READ /*!32311 LOCAL */,`skripsi_mahasiswa` READ /*!32311 LOCAL */,`tdosen` READ /*!32311 LOCAL */,`tmahasiswa` READ /*!32311 LOCAL */,`tnilai` READ /*!32311 LOCAL */,`tpembimbing` READ /*!32311 LOCAL */,`tpenguji` READ /*!32311 LOCAL */,`tprodi` READ /*!32311 LOCAL */,`tsemester` READ /*!32311 LOCAL */,`tseminar` READ /*!32311 LOCAL */,`tsidang` READ /*!32311 LOCAL */,`tsk_pembimbing` READ /*!32311 LOCAL */,`tskripsi` READ /*!32311 LOCAL */,`untitled` READ /*!32311 LOCAL */
		    10 Query	SELECT engine FROM INFORMATION_SCHEMA.TABLES WHERE table_schema = DATABASE() AND table_name = 'dosen_pembimbing'
		    10 Query	SET SQL_QUOTE_SHOW_CREATE=1
		    10 Query	SET SESSION character_set_results = 'binary'
		    10 Query	show create table `dosen_pembimbing`
		    10 Query	SET SESSION character_set_results = 'utf8mb4'
		    10 Query	show fields from `dosen_pembimbing`
		    10 Query	SELECT /*!40001 SQL_NO_CACHE */ `nama`, `nip`, `kode_dosen`, `status`, `nama_prodi`, `jenis_pembimbing` FROM `dosen_pembimbing`
		    10 Query	SET SESSION character_set_results = 'binary'
		    10 Init DB	tugas_2
		    10 Query	select @@collation_database
		    10 Query	SELECT TRIGGER_NAME FROM INFORMATION_SCHEMA.TRIGGERS WHERE EVENT_OBJECT_SCHEMA = DATABASE() AND EVENT_OBJECT_TABLE = 'dosen_pembimbing'
		    10 Query	SET SESSION character_set_results = 'utf8mb4'
		    10 Query	SELECT engine FROM INFORMATION_SCHEMA.TABLES WHERE table_schema = DATABASE() AND table_name = 'dosen_penguji'
		    10 Query	SET SQL_QUOTE_SHOW_CREATE=1
		    10 Query	SET SESSION character_set_results = 'binary'
		    10 Query	show create table `dosen_penguji`
		    10 Query	SET SESSION character_set_results = 'utf8mb4'
		    10 Query	show fields from `dosen_penguji`
		    10 Query	SELECT /*!40001 SQL_NO_CACHE */ `nama`, `nip`, `kode_dosen`, `status`, `nama_prodi`, `jenis_penguji` FROM `dosen_penguji`
		    10 Query	SET SESSION character_set_results = 'binary'
		    10 Init DB	tugas_2
		    10 Query	select @@collation_database
		    10 Query	SELECT TRIGGER_NAME FROM INFORMATION_SCHEMA.TRIGGERS WHERE EVENT_OBJECT_SCHEMA = DATABASE() AND EVENT_OBJECT_TABLE = 'dosen_penguji'
		    10 Query	SET SESSION character_set_results = 'utf8mb4'
		    10 Query	SELECT engine FROM INFORMATION_SCHEMA.TABLES WHERE table_schema = DATABASE() AND table_name = 'mahasiswa_prodi'
		    10 Query	SET SQL_QUOTE_SHOW_CREATE=1
		    10 Query	SET SESSION character_set_results = 'binary'
		    10 Query	show create table `mahasiswa_prodi`
		    10 Query	SET SESSION character_set_results = 'utf8mb4'
		    10 Query	show fields from `mahasiswa_prodi`
		    10 Query	SELECT /*!40001 SQL_NO_CACHE */ `nama`, `nim`, `jk`, `no_hp`, `status`, `nama_prodi`, `tgl_masuk`, `tgl_lulus` FROM `mahasiswa_prodi`
		    10 Query	SET SESSION character_set_results = 'binary'
		    10 Init DB	tugas_2
		    10 Query	select @@collation_database
		    10 Query	SELECT TRIGGER_NAME FROM INFORMATION_SCHEMA.TRIGGERS WHERE EVENT_OBJECT_SCHEMA = DATABASE() AND EVENT_OBJECT_TABLE = 'mahasiswa_prodi'
		    10 Query	SET SESSION character_set_results = 'utf8mb4'
		    10 Query	SELECT engine FROM INFORMATION_SCHEMA.TABLES WHERE table_schema = DATABASE() AND table_name = 'seminar_mahasiswa'
		    10 Query	SET SQL_QUOTE_SHOW_CREATE=1
		    10 Query	SET SESSION character_set_results = 'binary'
		    10 Query	show create table `seminar_mahasiswa`
		    10 Query	SET SESSION character_set_results = 'utf8mb4'
		    10 Query	show fields from `seminar_mahasiswa`
		    10 Query	SELECT /*!40001 SQL_NO_CACHE */ `nama`, `nim`, `jk`, `tgl_seminar`, `jenis_seminar`, `status`, `dosen_penguji`, `nip` FROM `seminar_mahasiswa`
		    10 Query	SET SESSION character_set_results = 'binary'
		    10 Init DB	tugas_2
		    10 Query	select @@collation_database
		    10 Query	SELECT TRIGGER_NAME FROM INFORMATION_SCHEMA.TRIGGERS WHERE EVENT_OBJECT_SCHEMA = DATABASE() AND EVENT_OBJECT_TABLE = 'seminar_mahasiswa'
		    10 Query	SET SESSION character_set_results = 'utf8mb4'
		    10 Query	SELECT engine FROM INFORMATION_SCHEMA.TABLES WHERE table_schema = DATABASE() AND table_name = 'skripsi_mahasiswa'
		    10 Query	SET SQL_QUOTE_SHOW_CREATE=1
		    10 Query	SET SESSION character_set_results = 'binary'
		    10 Query	show create table `skripsi_mahasiswa`
		    10 Query	SET SESSION character_set_results = 'utf8mb4'
		    10 Query	show fields from `skripsi_mahasiswa`
		    10 Query	SELECT /*!40001 SQL_NO_CACHE */ `nama`, `nim`, `jk`, `nama_prodi`, `judul_skripsi`, `dosen_pembimbing`, `tgl_sidang`, `nilai_sidang`, `nip`, `jenis_pembimbing` FROM `skripsi_mahasiswa`
		    10 Query	SET SESSION character_set_results = 'binary'
		    10 Init DB	tugas_2
		    10 Query	select @@collation_database
		    10 Query	SELECT TRIGGER_NAME FROM INFORMATION_SCHEMA.TRIGGERS WHERE EVENT_OBJECT_SCHEMA = DATABASE() AND EVENT_OBJECT_TABLE = 'skripsi_mahasiswa'
		    10 Query	SET SESSION character_set_results = 'utf8mb4'
		    10 Query	SELECT engine FROM INFORMATION_SCHEMA.TABLES WHERE table_schema = DATABASE() AND table_name = 'tdosen'
		    10 Query	SET SQL_QUOTE_SHOW_CREATE=1
		    10 Query	SET SESSION character_set_results = 'binary'
		    10 Query	show create table `tdosen`
		    10 Query	SET SESSION character_set_results = 'utf8mb4'
		    10 Query	show fields from `tdosen`
		    10 Query	SELECT /*!40001 SQL_NO_CACHE */ `id_dosen`, `nama`, `nip`, `kode_dosen`, `status`, `id_prodi` FROM `tdosen`
		    10 Query	SET SESSION character_set_results = 'binary'
		    10 Init DB	tugas_2
		    10 Query	select @@collation_database
		    10 Query	SELECT TRIGGER_NAME FROM INFORMATION_SCHEMA.TRIGGERS WHERE EVENT_OBJECT_SCHEMA = DATABASE() AND EVENT_OBJECT_TABLE = 'tdosen'
		    10 Query	SET SESSION character_set_results = 'utf8mb4'
		    10 Query	SELECT engine FROM INFORMATION_SCHEMA.TABLES WHERE table_schema = DATABASE() AND table_name = 'tmahasiswa'
		    10 Query	SET SQL_QUOTE_SHOW_CREATE=1
		    10 Query	SET SESSION character_set_results = 'binary'
		    10 Query	show create table `tmahasiswa`
		    10 Query	SET SESSION character_set_results = 'utf8mb4'
		    10 Query	show fields from `tmahasiswa`
		    10 Query	SELECT /*!40001 SQL_NO_CACHE */ `id_mahasiswa`, `nama`, `nim`, `jk`, `no_hp`, `alamat`, `tgl_masuk`, `tgl_lulus`, `status`, `id_prodi` FROM `tmahasiswa`
		    10 Query	SET SESSION character_set_results = 'binary'
		    10 Init DB	tugas_2
		    10 Query	select @@collation_database
		    10 Query	SELECT TRIGGER_NAME FROM INFORMATION_SCHEMA.TRIGGERS WHERE EVENT_OBJECT_SCHEMA = DATABASE() AND EVENT_OBJECT_TABLE = 'tmahasiswa'
		    10 Query	SET SESSION character_set_results = 'utf8mb4'
		    10 Query	SELECT engine FROM INFORMATION_SCHEMA.TABLES WHERE table_schema = DATABASE() AND table_name = 'tnilai'
		    10 Query	SET SQL_QUOTE_SHOW_CREATE=1
		    10 Query	SET SESSION character_set_results = 'binary'
		    10 Query	show create table `tnilai`
		    10 Query	SET SESSION character_set_results = 'utf8mb4'
		    10 Query	show fields from `tnilai`
		    10 Query	SELECT /*!40001 SQL_NO_CACHE */ `id_nilai`, `nilai_huruf`, `bobot_nilai` FROM `tnilai`
		    10 Query	SET SESSION character_set_results = 'binary'
		    10 Init DB	tugas_2
		    10 Query	select @@collation_database
		    10 Query	SELECT TRIGGER_NAME FROM INFORMATION_SCHEMA.TRIGGERS WHERE EVENT_OBJECT_SCHEMA = DATABASE() AND EVENT_OBJECT_TABLE = 'tnilai'
		    10 Query	SET SESSION character_set_results = 'utf8mb4'
		    10 Query	SELECT engine FROM INFORMATION_SCHEMA.TABLES WHERE table_schema = DATABASE() AND table_name = 'tpembimbing'
		    10 Query	SET SQL_QUOTE_SHOW_CREATE=1
		    10 Query	SET SESSION character_set_results = 'binary'
		    10 Query	show create table `tpembimbing`
		    10 Query	SET SESSION character_set_results = 'utf8mb4'
		    10 Query	show fields from `tpembimbing`
		    10 Query	SELECT /*!40001 SQL_NO_CACHE */ `id_pembimbing`, `jenis_pembimbing`, `id_dosen` FROM `tpembimbing`
		    10 Query	SET SESSION character_set_results = 'binary'
		    10 Init DB	tugas_2
		    10 Query	select @@collation_database
		    10 Query	SELECT TRIGGER_NAME FROM INFORMATION_SCHEMA.TRIGGERS WHERE EVENT_OBJECT_SCHEMA = DATABASE() AND EVENT_OBJECT_TABLE = 'tpembimbing'
		    10 Query	SET SESSION character_set_results = 'utf8mb4'
		    10 Query	SELECT engine FROM INFORMATION_SCHEMA.TABLES WHERE table_schema = DATABASE() AND table_name = 'tpenguji'
		    10 Query	SET SQL_QUOTE_SHOW_CREATE=1
		    10 Query	SET SESSION character_set_results = 'binary'
		    10 Query	show create table `tpenguji`
		    10 Query	SET SESSION character_set_results = 'utf8mb4'
		    10 Query	show fields from `tpenguji`
		    10 Query	SELECT /*!40001 SQL_NO_CACHE */ `id_penguji`, `id_dosen`, `jenis_penguji` FROM `tpenguji`
		    10 Query	SET SESSION character_set_results = 'binary'
		    10 Init DB	tugas_2
		    10 Query	select @@collation_database
		    10 Query	SELECT TRIGGER_NAME FROM INFORMATION_SCHEMA.TRIGGERS WHERE EVENT_OBJECT_SCHEMA = DATABASE() AND EVENT_OBJECT_TABLE = 'tpenguji'
		    10 Query	SET SESSION character_set_results = 'utf8mb4'
		    10 Query	SELECT engine FROM INFORMATION_SCHEMA.TABLES WHERE table_schema = DATABASE() AND table_name = 'tprodi'
		    10 Query	SET SQL_QUOTE_SHOW_CREATE=1
		    10 Query	SET SESSION character_set_results = 'binary'
		    10 Query	show create table `tprodi`
		    10 Query	SET SESSION character_set_results = 'utf8mb4'
		    10 Query	show fields from `tprodi`
		    10 Query	SELECT /*!40001 SQL_NO_CACHE */ `id_prodi`, `kode_prodi`, `nama`, `status` FROM `tprodi`
		    10 Query	SET SESSION character_set_results = 'binary'
		    10 Init DB	tugas_2
		    10 Query	select @@collation_database
		    10 Query	SELECT TRIGGER_NAME FROM INFORMATION_SCHEMA.TRIGGERS WHERE EVENT_OBJECT_SCHEMA = DATABASE() AND EVENT_OBJECT_TABLE = 'tprodi'
		    10 Query	SET SESSION character_set_results = 'utf8mb4'
		    10 Query	SELECT engine FROM INFORMATION_SCHEMA.TABLES WHERE table_schema = DATABASE() AND table_name = 'tsemester'
		    10 Query	SET SQL_QUOTE_SHOW_CREATE=1
		    10 Query	SET SESSION character_set_results = 'binary'
		    10 Query	show create table `tsemester`
		    10 Query	SET SESSION character_set_results = 'utf8mb4'
		    10 Query	show fields from `tsemester`
		    10 Query	SELECT /*!40001 SQL_NO_CACHE */ `id_semester`, `nama`, `kode_semester`, `status` FROM `tsemester`
		    10 Query	SET SESSION character_set_results = 'binary'
		    10 Init DB	tugas_2
		    10 Query	select @@collation_database
		    10 Query	SELECT TRIGGER_NAME FROM INFORMATION_SCHEMA.TRIGGERS WHERE EVENT_OBJECT_SCHEMA = DATABASE() AND EVENT_OBJECT_TABLE = 'tsemester'
		    10 Query	SET SESSION character_set_results = 'utf8mb4'
		    10 Query	SELECT engine FROM INFORMATION_SCHEMA.TABLES WHERE table_schema = DATABASE() AND table_name = 'tseminar'
		    10 Query	SET SQL_QUOTE_SHOW_CREATE=1
		    10 Query	SET SESSION character_set_results = 'binary'
		    10 Query	show create table `tseminar`
		    10 Query	SET SESSION character_set_results = 'utf8mb4'
		    10 Query	show fields from `tseminar`
		    10 Query	SELECT /*!40001 SQL_NO_CACHE */ `id_seminar`, `tanggal`, `id_nilai`, `jenis_seminar`, `id_mahasiswa`, `status`, `id_pembimbing`, `id_penguji` FROM `tseminar`
		    10 Query	SET SESSION character_set_results = 'binary'
		    10 Init DB	tugas_2
		    10 Query	select @@collation_database
		    10 Query	SELECT TRIGGER_NAME FROM INFORMATION_SCHEMA.TRIGGERS WHERE EVENT_OBJECT_SCHEMA = DATABASE() AND EVENT_OBJECT_TABLE = 'tseminar'
		    10 Query	SET SESSION character_set_results = 'utf8mb4'
		    10 Query	SELECT engine FROM INFORMATION_SCHEMA.TABLES WHERE table_schema = DATABASE() AND table_name = 'tsidang'
		    10 Query	SET SQL_QUOTE_SHOW_CREATE=1
		    10 Query	SET SESSION character_set_results = 'binary'
		    10 Query	show create table `tsidang`
		    10 Query	SET SESSION character_set_results = 'utf8mb4'
		    10 Query	show fields from `tsidang`
		    10 Query	SELECT /*!40001 SQL_NO_CACHE */ `id_sidang`, `id_mahasiswa`, `tanggal_sidang`, `id_nilai`, `status` FROM `tsidang`
		    10 Query	SET SESSION character_set_results = 'binary'
		    10 Init DB	tugas_2
		    10 Query	select @@collation_database
		    10 Query	SELECT TRIGGER_NAME FROM INFORMATION_SCHEMA.TRIGGERS WHERE EVENT_OBJECT_SCHEMA = DATABASE() AND EVENT_OBJECT_TABLE = 'tsidang'
		    10 Query	SET SESSION character_set_results = 'utf8mb4'
		    10 Query	SELECT engine FROM INFORMATION_SCHEMA.TABLES WHERE table_schema = DATABASE() AND table_name = 'tsk_pembimbing'
		    10 Query	SET SQL_QUOTE_SHOW_CREATE=1
		    10 Query	SET SESSION character_set_results = 'binary'
		    10 Query	show create table `tsk_pembimbing`
		    10 Query	SET SESSION character_set_results = 'utf8mb4'
		    10 Query	show fields from `tsk_pembimbing`
		    10 Query	SELECT /*!40001 SQL_NO_CACHE */ `id_SK`, `id_skripsi`, `id_semester`, `no_sk`, `tanggal_SK` FROM `tsk_pembimbing`
		    10 Query	SET SESSION character_set_results = 'binary'
		    10 Init DB	tugas_2
		    10 Query	select @@collation_database
		    10 Query	SELECT TRIGGER_NAME FROM INFORMATION_SCHEMA.TRIGGERS WHERE EVENT_OBJECT_SCHEMA = DATABASE() AND EVENT_OBJECT_TABLE = 'tsk_pembimbing'
		    10 Query	SET SESSION character_set_results = 'utf8mb4'
		    10 Query	SELECT engine FROM INFORMATION_SCHEMA.TABLES WHERE table_schema = DATABASE() AND table_name = 'tskripsi'
		    10 Query	SET SQL_QUOTE_SHOW_CREATE=1
		    10 Query	SET SESSION character_set_results = 'binary'
		    10 Query	show create table `tskripsi`
		    10 Query	SET SESSION character_set_results = 'utf8mb4'
		    10 Query	show fields from `tskripsi`
		    10 Query	SELECT /*!40001 SQL_NO_CACHE */ `id_skripsi`, `id_mahasiswa`, `judul`, `id_pembimbing`, `id_penguji` FROM `tskripsi`
		    10 Query	SET SESSION character_set_results = 'binary'
		    10 Init DB	tugas_2
		    10 Query	select @@collation_database
		    10 Query	SELECT TRIGGER_NAME FROM INFORMATION_SCHEMA.TRIGGERS WHERE EVENT_OBJECT_SCHEMA = DATABASE() AND EVENT_OBJECT_TABLE = 'tskripsi'
		    10 Query	SET SESSION character_set_results = 'utf8mb4'
		    10 Query	SELECT engine FROM INFORMATION_SCHEMA.TABLES WHERE table_schema = DATABASE() AND table_name = 'untitled'
		    10 Query	SET SQL_QUOTE_SHOW_CREATE=1
		    10 Query	SET SESSION character_set_results = 'binary'
		    10 Query	show create table `untitled`
		    10 Query	SET SESSION character_set_results = 'utf8mb4'
		    10 Query	show fields from `untitled`
		    10 Query	SELECT /*!40001 SQL_NO_CACHE */ `nama` FROM `untitled`
191012  8:19:50	    10 Query	SET SESSION character_set_results = 'binary'
		    10 Init DB	tugas_2
		    10 Query	select @@collation_database
		    10 Query	SELECT TRIGGER_NAME FROM INFORMATION_SCHEMA.TRIGGERS WHERE EVENT_OBJECT_SCHEMA = DATABASE() AND EVENT_OBJECT_TABLE = 'untitled'
		    10 Query	SET SESSION character_set_results = 'utf8mb4'
		    10 Query	UNLOCK TABLES
		    10 Quit	
