c:\xampp\mysql\bin\mysqld.exe, Version: 10.4.6-MariaDB (mariadb.org binary distribution). started with:
TCP Port: 3306, Named Pipe: C:/xampp/mysql/mysql.sock
Time		    Id Command	Argument
191011 23:10:25	    12 Query	SET GLOBAL general_log = 1
191011 23:10:39	    12 Query	SHOW DATABASES
191011 23:11:51	    12 Query	CREATE DATABASE tugas1
191011 23:13:38	    12 Query	SHOW DATABASES
191011 23:14:08	    12 Query	SELECT DATABASE()
		    12 Init DB	tugas1
191011 23:18:34	    12 Query	CREAT TABLE table_mahasiswa(
id_mhs INT(10) AUTO_INCREMENT PRIMARY KEY,
nim_mhs INT(10) UNIQUE NOT NULL,
nama_mhs VARCHAR(25) NOT NULL)
191011 23:19:55	    12 Query	CREAT TABLE table_mahasiswa(
id_mhs INT(10) PRIMARY KEY,
nim_mhs INT(10) UNIQUE NOT NULL,
nama_mhs VARCHAR(25) NOT NULL)
191011 23:24:41	    12 Query	CREAT TABLE table_mahasiswa(
id_mhs INT(10) NOT NULL AUTO_INCREMENT PRIMARY KEY,
nim_mhs VARCHAR(10) NOT NULL UNIQUE,
nama_mhs VARCHAR(25) NOT NULL)
191011 23:26:01	    12 Query	CREATE TABLE table_mahasiswa(
id_mhs INT(10) NOT NULL AUTO_INCREMENT PRIMARY KEY,
nim_mhs INT(10) UNIQUE NOT NULL,
nama_mhs VARCHAR(25) NOT NULL)
191011 23:32:54	    12 Query	CREATE TABLE table_matakuliah(
id_mk INT NOT NULL AUTO_INCREMENT PRIMARY KEY)
191011 23:34:46	    12 Query	DESC table_mahasiswa
191011 23:42:18	    12 Query	ALTER TABLE table_mahasiswa ADD COLUMN status_mhs enum ('aktif','lulus') NOT NULL
191011 23:45:47	    12 Query	CREATE TABLE table_matakuliah(
kode_mk VARCHAR(11) NOT NULL,
nama_mk VARCHAR(25) NOT NULL)
191011 23:46:29	    12 Query	CREATE TABLE table_matakuliah(
kode_mk VARCHAR(11) NOT NULL UNIQUE,
nama_mk VARCHAR(25) NOT NULL)
191011 23:47:45	    12 Query	CREATE TABLE table_matakuliah ADD COLUMN kode_mk NOT NULL
191011 23:52:12	    12 Query	CREATE TABLE table_matakuliah(
kode_mk VARCHAR(11) NOT NULL
191011 23:53:16	    12 Query	ALTER TABLE table_matkuliah ADD COLUMN kode_mk VARCHAR(11) NOT NULL
191011 23:54:30	    12 Query	ALTER TABLE table_matakuliah ADD COLUMN kode__mk varchar(11) not null
191011 23:55:46	    12 Query	ALTER TABLE table_matakuliah ADD COLUMN nama_mk varchar(25) not null
191011 23:56:59	    12 Query	ALTER TABLE table_matakuliah ADD COLUMN sks_mk varchar enum('2','3','4') not null
191012  0:00:10	    12 Query	ALTER TABLE table_matakuliah ADD COLUMN sks_mk varchar enum('2','3','4') not null
191012  0:01:29	    12 Query	ALTER TABLE table_matakuliah ADD COLUMN sks enum('2','3','4') not null
191012  0:03:48	    12 Query	ALTER TABLE table_mahasiswa RENAME TO tb_mahasiswa
191012  0:04:30	    12 Query	ALTER TABLE table_matakuliah RENAME TO tb_matakuliah
191012  0:08:36	    12 Query	ALTER TABLE table_mahasiswa CHANGE id_mhs id int NOT NULL AUTO INCREMENT
191012  0:10:32	    12 Query	ALTER TABLE tb_mahasiswa CHANGE id_mhs id int NOT NULL AUTO_INCREMENT
191012  0:18:03	    12 Query	ALTER TABLE tb_mahasiswa CHANGE nim_mhs nim VARCHAR (10) NOT NULL
191012  0:19:28	    12 Query	ALTER TABLE tb_mahasiswa CHANGE nama_mahasiswa nama VARCHAR (25) NOT NULL
191012  0:20:02	    12 Query	ALTER TABLE tb_mahasiswa CHANGE nama_mhs nama VARCHAR (25) NOT NULL
191012  0:21:26	    12 Query	CREATE DATABASE ddl_assignment
191012  0:21:38	    12 Query	SHOW DATABASES
191012  0:21:56	    12 Query	SELECT DATABASE()
		    12 Init DB	ddl_assignment
191012  0:25:33	    12 Query	CREATE TABLE untitled(
nama VARCHAR(255) NOT NULL
191012  0:26:19	    12 Query	CREATE TABLE untitled(
nama VARCHAR(255) NOT NULL)
191012  0:29:55	    12 Query	CREATE TABLE tnilai(
id_nilai int(2) PRIMARY KEY,
nilai_huruf varchar(2) NOT NULL,
bobot_nilai decimal(3,2) NOT NULL)
191012  0:43:57	    12 Query	CREATE TABLE mahasiswa_prodi(
nama varchar(255) NOT NULL,
nim varchar(10) NOT NULL,
jk char(1) NOT NULL,
no_hp varchar(20) NOT NULL,
status varchar(100) NOT NULL,
nama_prodi varchar(200) NOT NULL,
tgl_masuk date NOT NULL,
tgl_lulus date NOT NULL)
191012  0:48:40	    12 Query	CREATE TABLE dosen_penguji(
nama varchar(200) NOT NULL,
nip varchar(50) NOT NULL,
kode_dosen varchar(10), 
status varchar(100) NOT NULL,
nama_prodi varchar(200) NOT NULL,
jenis_penguji char(1) NOT NULL)
191012  0:50:00	    12 Query	ALTER TABLE dosen_penguji CHANGE kode_dosen kode dosen varchar(10) NOT NULL
191012  0:50:36	    12 Query	ALTER TABLE dosen_penguji CHANGE kode_dosen kode_dosen varchar(10) NOT NULL
191012  0:54:12	    12 Query	CREATE TABLE tsk_pembimbing(
id_SK int(4) PRIMARY KEY,
id_skripsi int(5) NOT NULL,
id_semester int(3) NOT NULL,
no_sk varchar(20) NOT NULL,
tanggal_SK date NOT NULL)
191012  0:58:44	    12 Query	CREATE TABLE seminar_mahasiswa(
nama varchar(255) NOT NULL,
nim varchar(10) NOT NULL,
jk chan(1) NOT NULL,
tgl_seminar date NOT NULL,
jenis_seminar char(1) NOT NULL,
status varchar(20) NOT NULL,
dosen_penguji varchar(200) NOT NULL,
nip varchar(50) NOT NULL)
191012  1:02:35	    12 Query	CREATE TABLE seminar_mahasiswa(
nama varchar(255) NOT NULL,
nim varchar(10) NOT NULL,
jk char(1) NOT NULL,
tgl_seminar date NOT NULL,
jenis_seminar char(1) NOT NULL,
status varchar(20) NOT NULL,
dosen_penguji varchar(200) NOT NULL,
nip varchar(50) NOT NULL)
191012  1:08:04	    12 Query	CREATE TABLE skripsi_mahasiswa(
nama varchar(255),
nim varchar(10),
jk char(1) NOT NULL,
nama_prodi varchar(200) NOT NULL,
judul_skripsi varchar(255) NOT NULL,
dosen_pembimbing varchar(200) NOT NULL,
tgl_sidang date NOT NULL,
nilai_sidang varchar(2) NOT NULL,
nip varchar(50) NOT NULL,
jenis_pembimbing varchar(7) NOT NULL)
191012  1:10:44	    12 Query	ALTER TABLE skripsi_mahasiswa CHANGE nama nama varchar(255) NOT NULL
191012  1:11:34	    12 Query	ALTER TABLE skripsi_mahasiswa CHANGE nim nim varchar(10) NOT NULL
191012  1:17:14	    12 Query	CREATE TABLE tseminar(
id_seminar int(5) PRIMARY KEY,
tanggal date NOT NULL,
id_nilai int(2) NOT NULL, 
jenis_seminar char(1) NOT NULL,
id_mahasiswa int(255) NOT NULL,
status varchar(20) NOT NULL,
id_pembimbing int(255) NOT NULL,
id_penguji int(255) NOT NULL)
191012  1:25:41	    12 Query	CREATE TABLE tmahasiswa(
id_mahasiswa int(255) PRIMARY KEY,
nama varchar(255) NOT NULL,
nim varchar(10) NOT NULL,
jk char(1) NOT NULL,
no_hp varchar(20) NOT NULL,
alamat varchar(255) NOT NULL,
tgl_masuk date NOT NULL,
tgl_lulus date NOT NULL,
status varchar(100) NOT NULL.
id-prodi int(5) NOT NULL)
191012  1:33:35	    12 Query	CREATE TABLE tmahasiswa(
id_mahasiswa int(255) PRIMARY KEY,
nama varchar(255) NOT NULL,
nim varchar(10) PRIMARY KEY,
jk char(1) NOT NULL,
no_hp varchar(20) NOT NULL,
alamat varchar(255) NOT NULL,
tgl_masuk date NOT NULL,
tgl_lulus date NOT NULL,
status varchar(100) NOT NULL,
id_prodi int(5) NOT NULL)
191012  1:35:11	    12 Query	ALTER TABLE tmasiswa DROP PRIMARY  KEY, ADD PRIMARY KEY(id_mahasiswa, nim)
191012  1:36:08	    12 Query	ALTER TABLE tmahasiswa DROP PRIMARY KEY, ADD PRIMARY KEY(id_mahasiswa, nim)
191012  1:38:31	    12 Query	ALTER TABLE tmahasiswa DROP PRIMARY KEY, ADD PRIMARY KEY(id_mahasiswa, nim)
191012  1:44:43	    12 Query	CREATE TABLE tmahasiswa(
id_mahasiswa int(255) NOT NULL,
nama varchar(255) NOT NULL,
nim varchar(10) NOT NULL,
jk char(1) NOT NULL,
no_hp varchar(20) NOT NULL,
alamat varchar(255) NOT NULL,
tanggal_masuk date NOT NULL,
tgl_lulus date NOT NULL,
status varchar(100) NOT NULL.
id-prodi int(5) NOT NULL)
191012  1:49:00	    12 Query	CREATE TABLE tmahasiswa(
id_mahasiswa int(255) NOT NULL,
nama varchar(255) NOT NULL,
nim varchar(10) NOT NULL,
jk char(1) NOT NULL,
no_hp varchar(20) NOT NULL,
alamat varchar(255) NOT NULL,
tgl_masuk date NOT NULL,
tgl_lulus date NOT NULL,
status varchar(100) NOT NULL,
id_prodi int(5) NOT NULL)
191012  1:52:54	    12 Query	ALTER TABLE tmahasiswa ADD PRIMARY KEY(id_mahasiswa, nim)
191012  1:56:34	    12 Query	CREATE tprodi(
id_prodi int(5) NOT NULL,
kode_prodi varchar(5) NOT NULL,
nama varchar(200) NOT NULL,
status varchar(100) NOT NULL)
191012  2:00:27	    12 Query	CREATE TABLE tprodi(
id_prodi int(5) NOT NULL,
	kode_prodi varchar(5) NOT NULL,
nama varchar(100)(200) NOT NULL,
status varchar(100) NOT NULL)
191012  2:04:14	    12 Query	CREATE TABLE tprodi(
id_prodi int(5) NOT NULL,
kode_prodi varchar(5
nama varchar(200) NOT NULL,
status varchar(100) NOT NULL)
191012  2:07:45	    12 Query	CREATE TABLE tprodi(
id_prodi int(5) NOT NULL,
kode_prodi varchar(5
nama varchar(200) NOT NULL,
status varchar(100) NOT NULL)
191012  2:09:17	    12 Query	CREATE TABLE tprodi(
id_prodi int(5) NOT NULL,
kode_prodi varchar(5) NOT NULL,
nama varchar(200) NOT NULL,
status varchar(100) NOT NULL)
191012  2:10:30	    12 Query	ALTER TABLE tprodi ADD PRIMARY KEY(id_prodi, kode_prodi)
191012  2:14:46	    12 Query	CREATE TABLE tsemester(
id_semester int(3) NOT NULL,
nama varhar(20) NOT NULL,
kode_semester varchar(10) NOT NULL,
status varchar(100
status varchar(100) NOT NULL)
191012  2:16:09	    12 Query	CREATE TABLE tsemester(
id_semester int(3) NOT NULL,
nama varhar(20) NOT NULL,
kode_semester varchar(10) NOT NULL,
status varchar(100) NOT NULL)
191012  2:20:19	    12 Query	CREATE TABLE tsemester(
id_semester int(3) NOT NULL,
nama varchar(20) NOT NULL,
kode_semester varchar(10) NOT NULL,
status varchar(100) NOT NULL)
191012  2:21:26	    12 Query	ALTER TABLE tsemester DDA PRIMARY KEY(id_semester, kode_semester)
191012  2:23:43	    12 Query	ALTER TABLE tsemester ADD PRIMARY KEY(id_semester, kode_semester)
191012  2:27:41	    12 Query	CREATE TABLE tskripsi(
id_skripsi int(5) PRIMARY KEY,
id_mahasiswa int(255) NOT NULL,
judul varchar(255) NOT NULL,
id_pembimbing int(255) NOT NULL,
id_penguji int(255) NOT NULL)
191012  2:31:05	    12 Query	CREATE TABLE tpembimbing(
id_pembimbing int(255) PRIMARY KEY,
jenis_pembimbing varchar(7),
id_dosen int(255) NOT NULL)
191012  2:37:20	    12 Query	ALTER TABLE tpembimbing CHANGE jenis_pembimbing jenis_pembimbing varchar(7) NOT NULL
191012  2:40:10	    12 Query	CREATE TABLE tpenguji(
id_penguji int(255) PRIMARY KEY,
id_dosen int(255) NOT NULL,
jenis_penguji char(1) NOT NULL)
191012  2:44:48	    12 Query	CREATE TABLE tdosen(
id_dosen int(255) NOT NULL,
nama varcher(200) NOT NULL,
nip varchar(50) NOT NULL,
kode_dosen varchar(10) NOT NULL,
status varchar(100) NOT NULL,
id_prodi int(5) NOT NULL)
191012  2:47:12	    12 Query	CREATE TABLE tdosen(
id_dosen int(255) NOT NULL,
nama varchar(200) NOT NULL,
nip varchar(50) NOT NULL,
kode_dosen varchar(10) NOT NULL,
status varchar(100) NOT NULL,
id_prodi int(5) NOT NULL)
191012  2:49:54	    12 Query	ALTER TABLE tdosen ADD PRIMARY KEY(id_dosen, nip, kode_dosen)
191012  2:54:32	    12 Query	CREATE TABLE dosen_pembimbing(
nama varcher(200) NOT NULL,
nip varchar(50) NOT NULL,
kode_dosen varchar(10) NOT NULL,
status varchar(100) NOT NULL,
nama_prodi varchar(200) NOT NULL,
jenis_pembimbing varchar(7) NOT NULL)
191012  2:57:12	    12 Query	CREATE TABLE dosen_pembimbing(
nama varchar(200) NOT NULL,
nip varchar(50) NOT NULL,
kode_dosen varchar(10) NOT NULL,
status varchar(100) NOT NULL,
nama_prodi varchar(200) NOT NULL,
jenis_pembimbing vrchar(7) NOT NULL)
191012  2:59:03	    12 Query	CREATE TABLE dosen_pembimbing(
nama varcher(200) NOT NULL,
nip varchar(50) NOT NULL,
kode_dosen varchar(10) NOT NULL,
status varchar(100) NOT NULL,
nama_prodi varchar(200) NOT NULL,
jenis_pembimbing varchar(7) NOT NULL)
191012  3:02:49	    12 Query	CREATE TABLE dosen_pembimbing(
nama varchar(200) NOT NULL,
nip varchar(50) NOT NULL,
kode_dosen varchar(10) NOT NULL,
status varchar(100) NOT NULL,
nama)_prodi varchar(200) NOT NULL,
jenis_pembimbing varchar(7) NOT NULL)
191012  3:04:33	    12 Query	CREATE TABLE dosen_pembimbing(
nama varchar(200) NOT NULL,
nip varchar(50) NOT NULL,
kode_dosen varchar(10) NOT NULL,
status varchar(100) NOT NULL,
nama_prodi varchar(200) NOT NULL,
jenis_pembimbing varchar(7) NOT NULL)
191012  3:07:48	    12 Query	CREATE TABLE tsidang(
id_sidang int(5) PRIMARY KEY,
id_mahasiswa int(255) NOT NULL,
tanggal_sidang date NOT NULL,
id_nilai int(2) NOT NULL,
status varchar(20) NOT NULL)
191012  3:08:27	    12 Query	SHOW TABLES
191012  3:23:06	    13 Connect	root@localhost as anonymous on 
		    13 Query	/*!40100 SET @@SQL_MODE='' */
		    13 Query	/*!40103 SET TIME_ZONE='+00:00' */
		    13 Query	set optimizer_switch='semijoin=off'
		    13 Query	SELECT LOGFILE_GROUP_NAME, FILE_NAME, TOTAL_EXTENTS, INITIAL_SIZE, ENGINE, EXTRA FROM INFORMATION_SCHEMA.FILES WHERE FILE_TYPE = 'UNDO LOG' AND FILE_NAME IS NOT NULL AND LOGFILE_GROUP_NAME IS NOT NULL AND LOGFILE_GROUP_NAME IN (SELECT DISTINCT LOGFILE_GROUP_NAME FROM INFORMATION_SCHEMA.FILES WHERE FILE_TYPE = 'DATAFILE' AND TABLESPACE_NAME IN (SELECT DISTINCT TABLESPACE_NAME FROM INFORMATION_SCHEMA.PARTITIONS WHERE TABLE_SCHEMA IN ('tugas1'))) GROUP BY LOGFILE_GROUP_NAME, FILE_NAME, ENGINE, TOTAL_EXTENTS, INITIAL_SIZE ORDER BY LOGFILE_GROUP_NAME
191012  3:23:07	    13 Query	SELECT DISTINCT TABLESPACE_NAME, FILE_NAME, LOGFILE_GROUP_NAME, EXTENT_SIZE, INITIAL_SIZE, ENGINE FROM INFORMATION_SCHEMA.FILES WHERE FILE_TYPE = 'DATAFILE' AND TABLESPACE_NAME IN (SELECT DISTINCT TABLESPACE_NAME FROM INFORMATION_SCHEMA.PARTITIONS WHERE TABLE_SCHEMA IN ('tugas1')) ORDER BY TABLESPACE_NAME, LOGFILE_GROUP_NAME
		    13 Query	set optimizer_switch=default
		    13 Init DB	tugas1
		    13 Query	SHOW TABLES LIKE '%'
		    13 Query	LOCK TABLES `tb_mahasiswa` READ /*!32311 LOCAL */,`tb_matakuliah` READ /*!32311 LOCAL */
		    13 Query	SELECT engine FROM INFORMATION_SCHEMA.TABLES WHERE table_schema = DATABASE() AND table_name = 'tb_mahasiswa'
		    13 Query	SET SQL_QUOTE_SHOW_CREATE=1
		    13 Query	SET SESSION character_set_results = 'binary'
		    13 Query	show create table `tb_mahasiswa`
		    13 Query	SET SESSION character_set_results = 'utf8mb4'
		    13 Query	show fields from `tb_mahasiswa`
		    13 Query	SELECT /*!40001 SQL_NO_CACHE */ `id`, `nim`, `nama`, `status_mhs` FROM `tb_mahasiswa`
		    13 Query	SET SESSION character_set_results = 'binary'
		    13 Init DB	tugas1
		    13 Query	select @@collation_database
		    13 Query	SELECT TRIGGER_NAME FROM INFORMATION_SCHEMA.TRIGGERS WHERE EVENT_OBJECT_SCHEMA = DATABASE() AND EVENT_OBJECT_TABLE = 'tb_mahasiswa'
		    13 Query	SET SESSION character_set_results = 'utf8mb4'
		    13 Query	SELECT engine FROM INFORMATION_SCHEMA.TABLES WHERE table_schema = DATABASE() AND table_name = 'tb_matakuliah'
		    13 Query	SET SQL_QUOTE_SHOW_CREATE=1
		    13 Query	SET SESSION character_set_results = 'binary'
		    13 Query	show create table `tb_matakuliah`
		    13 Query	SET SESSION character_set_results = 'utf8mb4'
		    13 Query	show fields from `tb_matakuliah`
		    13 Query	SELECT /*!40001 SQL_NO_CACHE */ `id_mk`, `kode__mk`, `nama_mk`, `sks` FROM `tb_matakuliah`
		    13 Query	SET SESSION character_set_results = 'binary'
		    13 Init DB	tugas1
		    13 Query	select @@collation_database
		    13 Query	SELECT TRIGGER_NAME FROM INFORMATION_SCHEMA.TRIGGERS WHERE EVENT_OBJECT_SCHEMA = DATABASE() AND EVENT_OBJECT_TABLE = 'tb_matakuliah'
		    13 Query	SET SESSION character_set_results = 'utf8mb4'
		    13 Query	UNLOCK TABLES
		    13 Quit	
