c:\newx\mysql\bin\mysqld.exe, Version: 10.4.6-MariaDB (mariadb.org binary distribution). started with:
TCP Port: 3306, Named Pipe: C:/newx/mysql/mysql.sock
Time		    Id Command	Argument
191011 20:58:34	    16 Query	show databases
191011 20:59:59	    16 Query	CREATE DATABASE db_satu
191011 21:00:25	    16 Query	SELECT DATABASE()
		    16 Init DB	db_satu
191011 21:01:18	    16 Query	CREATE TABLE table_mahasiswa (id_mhs int (10) NOT NULL PRIMARY KEY)
191011 21:02:25	    16 Query	CREATE TABLE table_matakuliah (id_mk int(10) NOT NULL PRIMARY KEY)
191011 21:03:30	    16 Query	ALTER TABLE table_mahasiswa
ADD COLUMN 
nim_mhs VARCHAR (10) NOT NULL UNIQUE
191011 21:04:07	    16 Query	ALTER TABLE table_mahasiswa
ADD COLUMN 
nama_mhs VARCHAR (25)
191011 21:05:01	    16 Query	ALTER TABLE table_mahasiswa
ADD COLUMN 
status_mhs ENUM ('aktif','lulus')
191011 21:05:10	    16 Query	desc table_mahasiswa
191011 21:05:49	    16 Query	ALTER TABLE table_matakuliah
ADD COLUMN 
kode_mk VARCHAR (11)
191011 21:06:07	    16 Query	ALTER TABLE table_matakuliah
ADD COLUMN 
nama_mk VARCHAR (25)
191011 21:06:31	    16 Query	ALTER TABLE table_matakuliah
ADD COLUMN 
sks_mk ENUM ('2','3','4')
191011 21:07:56	    16 Query	ALTER TABLE table_mahasiswa RENAME TO tb_mahasiswa
191011 21:08:15	    16 Query	ALTER TABLE table_matakuliah RENAME TO tb_matakuliah
191011 21:08:55	    16 Query	DESC tb_mahasiswa
191011 21:09:19	    16 Query	ALTER TABLE tb_mahasiswa CHANGE id_mhs int (10)
191011 21:09:27	    16 Query	ALTER TABLE tb_mahasiswa CHANGE id_mhs id int (10)
191011 21:09:45	    16 Query	ALTER TABLE tb_mahasiswa CHANGE nim_mhs nim varchar (10)
191011 21:10:22	    16 Query	ALTER TABLE tb_mahasiswa CHANGE nama_mhs nama varchar (25)
191011 21:10:49	    16 Query	ALTER TABLE tb_mahasiswa CHANGE status_mhs status ENUM ('2','3','4')
191011 21:11:07	    16 Query	DESC tb_matakuliah
191011 21:11:59	    16 Query	desc tb_mahasiswa
191011 21:12:17	    16 Query	ALTER TABLE tb_mahasiswa CHANGE status_mhs status ENUM ('aktif','lulus')
191011 21:12:44	    16 Query	ALTER TABLE tb_mahasiswa CHANGE status status ENUM ('aktif','lulus')
191011 21:12:53	    16 Query	desc tb_mahasiswa
191011 21:13:22	    16 Query	ALTER TABLE tb_matakuliah CHANGE id_mk id int (10)
191011 21:13:41	    16 Query	ALTER TABLE tb_matakuliah CHANGE kode_mk kode varchar (11)
191011 21:14:00	    16 Query	ALTER TABLE tb_matakuliah CHANGE nama_mk nama varchar (25)
191011 21:14:18	    16 Query	desc tb_matakuliah
191011 21:14:34	    16 Query	show databases
191011 21:14:49	    16 Query	create database db_dua
191011 21:14:58	    16 Query	SELECT DATABASE()
		    16 Init DB	db_dua
191011 21:16:54	    16 Query	CREATE TABLE untitled (nama varchar (255)
191011 21:17:00	    16 Query	CREATE TABLE untitled (nama varchar (255))
191011 21:17:41	    16 Query	CREATE TABLE mahasiswa_prodi (nama varchar (255))
191011 21:20:23	    16 Query	ALTER TABLE mahasiswa_prodi 
ADD COLUMN
nim varchar (10)
ADD COLUMN 
jk char (1)
191011 21:20:34	    16 Query	ALTER TABLE mahasiswa_prodi 
ADD COLUMN 
nim varchar (10)
191011 21:20:49	    16 Query	ALTER TABLE mahasiswa_prodi 
ADD COLUMN 
jk char (1)
191011 21:21:21	    16 Query	ALTER TABLE mahasiswa_prodi 
ADD COLUMN  no_hp varchar (20)
191011 21:21:42	    16 Query	ALTER TABLE mahasiswa_prodi 
ADD COLUMN status varchar (100)
191011 21:21:58	    16 Query	ALTER TABLE mahasiswa_prodi 
ADD COLUMN status tgl_masuk date
191011 21:22:47	    16 Query	ALTER TABLE mahasiswa_prodi 
ADD COLUMN nama_prodi varchar (200)
191011 21:23:03	    16 Query	ALTER TABLE mahasiswa_prodi 
ADD COLUMN tgl_masuk date
191011 21:23:13	    16 Query	ALTER TABLE mahasiswa_prodi 
ADD COLUMN tgl_lulus date
191011 21:23:58	    16 Query	CREATE TABLE seminar_mahasiswa (nama varchar (255))
191011 21:24:28	    16 Query	ALTER TABLE seminar_mahasiswa
ADD COLUM nim varchar (10)
191011 21:24:38	    16 Query	ADD COLUMN nim varchar (10)
191011 21:24:47	    16 Query	ALTER TABLE seminar_mahasiswa
ADD COLUMN nim varchar (10)
191011 21:25:04	    16 Query	ALTER TABLE seminar_mahasiswa
ADD COLUMN jk char (1)
191011 21:25:17	    16 Query	ALTER TABLE seminar_mahasiswa
ADD COLUMN tgl_seminar date
191011 21:25:38	    16 Query	ALTER TABLE seminar_mahasiswa
ADD COLUMN jenis_seminar char (1)
191011 21:25:52	    16 Query	ALTER TABLE seminar_mahasiswa
ADD COLUMN status varchar (20)
191011 21:26:09	    16 Query	ALTER TABLE seminar_mahasiswa
ADD COLUMN dosen_penguji varchar (200)
191011 21:26:26	    16 Query	ALTER TABLE seminar_mahasiswa
ADD COLUMN nip varchar (50)
191011 21:27:07	    16 Query	CREATE TABLE skripsi_mahasiswa (nama varchar (255))
191011 21:27:51	    16 Query	ALTER TABLE skripsi_mahasiswa
ADD COLUMN nim varchar (10)
191011 21:29:30	    16 Query	ALTER TABLE skripsi_mahasiswa
ADD COLUMN jk char (1)
191011 21:29:54	    16 Query	ALTER TABLE skripsi_mahasiswa
ADD COLUMN nama_prodi varchar (200)
191011 21:30:15	    16 Query	ALTER TABLE skripsi_mahasiswa
ADD COLUMN judul_skripsi varchar (255)
191011 21:30:40	    16 Query	ALTER TABLE skripsi_mahasiswa
ADD COLUMN dosen_pembimbing varchar (200)
191011 21:30:54	    16 Query	ALTER TABLE skripsi_mahasiswa
ADD COLUMN tgl sidang date
191011 21:31:02	    16 Query	ADD COLUMN tgl_sidang date
191011 21:31:13	    16 Query	ALTER TABLE skripsi_mahasiswa
ADD COLUMN tgl_sidang date
191011 21:31:40	    16 Query	ALTER TABLE skripsi_mahasiswa
ADD COLUMN nilai_sidang varchar (2)
191011 21:31:55	    16 Query	ALTER TABLE skripsi_mahasiswa
ADD COLUMN nip varchar (50)
191011 21:32:16	    16 Query	ALTER TABLE skripsi_mahasiswa
ADD COLUMN jenis_pembimbing varchar (7)
191011 21:38:20	    16 Query	CREATE TABLE tnilai (id_nilai int (2) NOT NULL PRIMARY KEY)
191011 21:38:58	    16 Query	ALTER TABLE tnilai 
ADD COLUMN nilai_huruf varchar (2)
191011 21:39:21	    16 Query	ALTER TABLE tnilai 
ADD COLUMN bobot_nilai decimal (3,2)
191011 21:39:56	    16 Query	CREATE TABLE dosen_penguji (nama varchar (200))
191011 21:40:29	    16 Query	ALTER TABLE dosen_penguji a
ADD COLUMN nip varchar (50)
191011 21:40:38	    16 Query	ALTER TABLE dosen_penguji a
191011 21:40:41	    16 Query	ALTER TABLE dosen_penguji
191011 21:41:01	    16 Query	ALTER TABLE dosen_penguji 
ADD COLUM nip varchar (50)
191011 21:41:23	    16 Query	ALTER TABLE dosen_penguji 
ADD COLUMN nip varchar (50)
191011 21:41:46	    16 Query	ALTER TABLE dosen_penguji 
ADD COLUMN kode_dosen varchar (10)
191011 21:42:02	    16 Query	ALTER TABLE dosen_penguji 
ADD COLUMN status varchar (100)
191011 21:42:20	    16 Query	ALTER TABLE dosen_penguji 
ADD COLUMN nama_prodi varchar (200)
191011 21:42:44	    16 Query	ALTER TABLE dosen_penguji 
ADD COLUMN jenis_penguji char (1)
191011 21:42:52	    16 Query	desc dosen_penguji
191011 21:43:45	    16 Query	CREATE TABLE tsk_pembimbing (id_SK int (4) NOT NULL PRIMARY KEY)
191011 21:44:21	    16 Query	ALTER TABLE tsk_pembimbing
ADD COLUMN id_skripsi int (5)
191011 21:44:34	    16 Query	ALTER TABLE tsk_pembimbing
ADD COLUMN id_semester int (3)
191011 21:44:54	    16 Query	ALTER TABLE tsk_pembimbing
ADD COLUMN no_sk varchar (20)
191011 21:45:10	    16 Query	ALTER TABLE tsk_pembimbing
ADD COLUMN tanggal_SK date
191011 21:45:23	    16 Query	desc tsk_pembimbing
191011 21:47:22	    16 Query	CREATE TABLE tprodi (id_prodi int (5) not null primary key)
191011 21:48:31	    16 Query	ALTER TABLE tprodi DROP PRIMARY KEY, ADD PRIMARY KEY ('id_prodi','kode_prodi')
191011 21:49:13	    16 Query	ALTER TABLE tprodi 
ADD COLUMN kode
_prodi varchar (5)
191011 21:49:29	    16 Query	ALTER TABLE tprodi 
ADD COLUMN kode_prodi varchar (5)
191011 21:49:36	    16 Query	ALTER TABLE tprodi DROP PRIMARY KEY, ADD PRIMARY KEY ('id_prodi','kode_prodi')
191011 21:50:11	    16 Query	ALTER TABLE tprodi DROP PRIMARY KEY, ADD PRIMARY KEY ('id_prodi','kode_prodi')
191011 21:51:14	    16 Query	ALTER TABLE tprodi DROP PRIMARY KEY, ADD PRIMARY KEY (id_prodi,kode_prodi)
191011 21:51:43	    16 Query	ALTER TABLE tprodi 
ADD COLUMN nama varchar (200)
191011 21:51:59	    16 Query	ALTER TABLE tprodi 
ADD COLUMN status varchar (100)
191011 21:52:04	    16 Query	desc tprodi
191011 21:52:54	    16 Query	CREATE TABLE tseminar (id_seminar int (5) NOT NULL PRIMARY KEY )
191011 21:53:53	    16 Query	ALTER TABLE tseminar 
ADD COLUMN tanggal date
191011 21:54:19	    16 Query	ALTER TABLE tseminar 
ADD COLUMN id_nilai int (2)
191011 21:54:41	    16 Query	ALTER TABLE tseminar 
ADD COLUMN jenis_seminar char (1)
191011 21:55:01	    16 Query	ALTER TABLE tseminar 
ADD COLUMN id_mahasiswa int (255)
191011 21:55:19	    16 Query	ALTER TABLE tseminar 
ADD COLUMN status varchar (20)
191011 21:55:40	    16 Query	ALTER TABLE tseminar 
ADD COLUMN id_pembimbing int (255)
191011 21:55:56	    16 Query	ALTER TABLE tseminar 
ADD COLUMN id_penguji int (255)
191011 21:56:06	    16 Query	desc tseminar
191011 21:57:04	    16 Query	CREATE TABLE tmahasiswa (id_mahasiswa int (255) NOT NULL PRIMARY KEY )
191011 21:57:36	    16 Query	ALTER TABLE tmahasiswa
ADD COLUMN nama varchar (255)
191011 21:57:49	    16 Query	ALTER TABLE tmahasiswa
ADD COLUMN nim varchar (10)
191011 21:58:09	    16 Query	ALTER TABLE tmahasiswa
ADD COLUMN jk char (1)
191011 21:58:29	    16 Query	ALTER TABLE tmahasiswa
ADD COLUMN no_hp varchar (20)
191011 21:58:49	    16 Query	ALTER TABLE tmahasiswa
ADD COLUMN alamat varchar (255)
191011 21:59:08	    16 Query	ALTER TABLE tmahasiswa
ADD COLUMN tgl_masuk date
191011 21:59:19	    16 Query	ALTER TABLE tmahasiswa
ADD COLUMN tgl_lulus date
191011 21:59:42	    16 Query	ALTER TABLE tmahasiswa
ADD COLUMN status varchar (100)
191011 22:00:07	    16 Query	ALTER TABLE tmahasiswa
ADD COLUMN id_prodi int (5)
191011 22:00:54	    16 Query	ALTER TABLE tmahasiswa DROP PRIMARY KEY , ADD PRIMARY KEY (id_mahasiswa,nim)
191011 22:01:01	    16 Query	desc tmahasiswa
191011 22:01:42	    16 Query	CREATE TABLE tsemester (id_semester int (3) not null primary key )
191011 22:02:06	    16 Query	ALTER TABLE tsemester 
ADD COLUMN nama varchar (20)
191011 22:02:29	    16 Query	ALTER TABLE tsemester 
ADD COLUMN kode_semester varchar (10)
191011 22:02:54	    16 Query	ALTER TABLE tsemester 
ADD COLUMN status varchar (100)
191011 22:03:30	    16 Query	ALTER TABLE tsemester DROP PRIMARY KEY , ADD PRIMARY KEY (id_semester,kode_semester)
191011 22:03:40	    16 Query	desc tsemester
191011 22:04:45	    16 Query	CREATE TABLE tskripsi (id_skripsi int (5) not null primary key)
191011 22:05:10	    16 Query	ALTER TABLE tskripsi 
ADD COLUMN id_mahasiswa int (255)
191011 22:05:29	    16 Query	ALTER TABLE tskripsi 
ADD COLUMN judul varchar (255)
191011 22:05:49	    16 Query	ALTER TABLE tskripsi 
ADD COLUMN id_pembimbing int (255)
191011 22:06:06	    16 Query	ALTER TABLE tskripsi 
ADD COLUMN id_penguji int (255)
191011 22:06:12	    16 Query	desc tskripsi
191011 22:07:16	    16 Query	CREATE TABLE tpembimbing (id_pembimbing int (255) not null primary key )
191011 22:07:52	    16 Query	ALTER TABLE tpembimbing 
ADD COLUMN jenis_pembimbing varchar (7)
191011 22:08:10	    16 Query	ALTER TABLE tpembimbing 
ADD COLUMN id_dosen int (255)
191011 22:08:20	    16 Query	desc tpembimbing
191011 22:08:55	    16 Query	CREATE TABLE tsidang (id_sidang int (5) not null primary key )
191011 22:09:18	    16 Query	ALTER TABLE tsidang 
ADD COLUMN id_mahasiswa int (255)
191011 22:09:32	    16 Query	ALTER TABLE tsidang 
ADD COLUMN tanggal_sidang date
191011 22:09:55	    16 Query	ALTER TABLE tsidang 
ADD COLUMN id_nilai int (2)
191011 22:10:11	    16 Query	ALTER TABLE tsidang 
ADD COLUMN status varchar (20)
191011 22:10:17	    16 Query	desc tsidang
191011 22:10:57	    16 Query	CREATE TABLE dosen_pembimbing
191011 22:11:15	    16 Query	CREATE TABLE dosen_pembimbing (nama varchar (200)
191011 22:11:32	    16 Query	CREATE TABLE dosen_pembimbing (nama varchar (200))
191011 22:12:05	    16 Query	ALTER TABLE dosen_pembimbing 
ADD COLUMN  nip varchar (50)
191011 22:12:24	    16 Query	ALTER TABLE dosen_pembimbing 
ADD COLUMN  kode_dosen varchar (10)
191011 22:12:40	    16 Query	ALTER TABLE dosen_pembimbing 
ADD COLUMN  status varchar (100)
191011 22:12:57	    16 Query	ALTER TABLE dosen_pembimbing 
ADD COLUMN  nama_prodi varchar (200)
191011 22:13:23	    16 Query	ALTER TABLE dosen_pembimbing 

ADD COLUMN jenis_pembimbing varchar (7
)
191011 22:13:38	    16 Query	desc dosen_pembimbing
191011 22:14:42	    16 Query	CREATE TABLE tdosen (id_dosen int (255) not null primary key )
191011 22:15:07	    16 Query	ALTER TABLE tdosen
ADD COLUMN nama varchar (200)
191011 22:15:24	    16 Query	ALTER TABLE tdosen
ADD COLUMN nip varchar (50)
191011 22:15:44	    16 Query	ALTER TABLE tdosen
ADD COLUMN kode_dosen varchar (10)
191011 22:15:46	    16 Query	ALTER TABLE tdosen
ADD COLUMN kode_dosen varchar (10)
191011 22:16:07	    16 Query	ALTER TABLE tdosen
ADD COLUMN status varchar (100)
191011 22:16:29	    16 Query	ALTER TABLE tdosen
ALTER TABLE tdosen
ADD COLUMN id_prodi int (5)
191011 22:16:35	    16 Query	ALTER TABLE tdosen
ADD COLUMN id_prodi int (5)
191011 22:17:30	    16 Query	ALTER TABLE tdosen DROP PRIMARY KEY, ADD PRIMARY KEY (id_dosen,nip,kode_dosen)
191011 22:17:36	    16 Query	desc tdosen
191011 22:19:08	    16 Query	create table tpenguji (id_penguji int (255) not null primary key)
191011 22:19:39	    16 Query	alter table tpenguji
add column id_dosen int (255)
191011 22:20:00	    16 Query	alter table tpenguji
add column jenis_penguji char (1)
191011 22:20:07	    16 Query	desc tpenguji
191011 22:20:52	    16 Quit	
191011 22:22:15	    17 Connect	root@localhost as anonymous on 
		    17 Query	/*!40100 SET @@SQL_MODE='' */
		    17 Query	/*!40103 SET TIME_ZONE='+00:00' */
		    17 Query	set optimizer_switch='semijoin=off'
		    17 Query	SELECT LOGFILE_GROUP_NAME, FILE_NAME, TOTAL_EXTENTS, INITIAL_SIZE, ENGINE, EXTRA FROM INFORMATION_SCHEMA.FILES WHERE FILE_TYPE = 'UNDO LOG' AND FILE_NAME IS NOT NULL AND LOGFILE_GROUP_NAME IS NOT NULL AND LOGFILE_GROUP_NAME IN (SELECT DISTINCT LOGFILE_GROUP_NAME FROM INFORMATION_SCHEMA.FILES WHERE FILE_TYPE = 'DATAFILE' AND TABLESPACE_NAME IN (SELECT DISTINCT TABLESPACE_NAME FROM INFORMATION_SCHEMA.PARTITIONS WHERE TABLE_SCHEMA IN ('db_satu'))) GROUP BY LOGFILE_GROUP_NAME, FILE_NAME, ENGINE, TOTAL_EXTENTS, INITIAL_SIZE ORDER BY LOGFILE_GROUP_NAME
		    17 Query	SELECT DISTINCT TABLESPACE_NAME, FILE_NAME, LOGFILE_GROUP_NAME, EXTENT_SIZE, INITIAL_SIZE, ENGINE FROM INFORMATION_SCHEMA.FILES WHERE FILE_TYPE = 'DATAFILE' AND TABLESPACE_NAME IN (SELECT DISTINCT TABLESPACE_NAME FROM INFORMATION_SCHEMA.PARTITIONS WHERE TABLE_SCHEMA IN ('db_satu')) ORDER BY TABLESPACE_NAME, LOGFILE_GROUP_NAME
		    17 Query	set optimizer_switch=default
		    17 Init DB	db_satu
		    17 Query	SHOW TABLES LIKE '%'
		    17 Query	LOCK TABLES `tb_mahasiswa` READ /*!32311 LOCAL */,`tb_matakuliah` READ /*!32311 LOCAL */
		    17 Query	SELECT engine FROM INFORMATION_SCHEMA.TABLES WHERE table_schema = DATABASE() AND table_name = 'tb_mahasiswa'
		    17 Query	SET SQL_QUOTE_SHOW_CREATE=1
		    17 Query	SET SESSION character_set_results = 'binary'
		    17 Query	show create table `tb_mahasiswa`
		    17 Query	SET SESSION character_set_results = 'utf8mb4'
		    17 Query	show fields from `tb_mahasiswa`
		    17 Query	SELECT /*!40001 SQL_NO_CACHE */ `id`, `nim`, `nama`, `status` FROM `tb_mahasiswa`
		    17 Query	SET SESSION character_set_results = 'binary'
		    17 Init DB	db_satu
		    17 Query	select @@collation_database
		    17 Query	SELECT TRIGGER_NAME FROM INFORMATION_SCHEMA.TRIGGERS WHERE EVENT_OBJECT_SCHEMA = DATABASE() AND EVENT_OBJECT_TABLE = 'tb_mahasiswa'
		    17 Query	SET SESSION character_set_results = 'utf8mb4'
		    17 Query	SELECT engine FROM INFORMATION_SCHEMA.TABLES WHERE table_schema = DATABASE() AND table_name = 'tb_matakuliah'
		    17 Query	SET SQL_QUOTE_SHOW_CREATE=1
		    17 Query	SET SESSION character_set_results = 'binary'
		    17 Query	show create table `tb_matakuliah`
		    17 Query	SET SESSION character_set_results = 'utf8mb4'
		    17 Query	show fields from `tb_matakuliah`
		    17 Query	SELECT /*!40001 SQL_NO_CACHE */ `id`, `kode`, `nama`, `sks_mk` FROM `tb_matakuliah`
		    17 Query	SET SESSION character_set_results = 'binary'
		    17 Init DB	db_satu
		    17 Query	select @@collation_database
		    17 Query	SELECT TRIGGER_NAME FROM INFORMATION_SCHEMA.TRIGGERS WHERE EVENT_OBJECT_SCHEMA = DATABASE() AND EVENT_OBJECT_TABLE = 'tb_matakuliah'
		    17 Query	SET SESSION character_set_results = 'utf8mb4'
		    17 Query	UNLOCK TABLES
		    17 Quit	
191011 22:22:35	    18 Connect	root@localhost as anonymous on 
		    18 Query	/*!40100 SET @@SQL_MODE='' */
		    18 Query	/*!40103 SET TIME_ZONE='+00:00' */
		    18 Query	set optimizer_switch='semijoin=off'
		    18 Query	SELECT LOGFILE_GROUP_NAME, FILE_NAME, TOTAL_EXTENTS, INITIAL_SIZE, ENGINE, EXTRA FROM INFORMATION_SCHEMA.FILES WHERE FILE_TYPE = 'UNDO LOG' AND FILE_NAME IS NOT NULL AND LOGFILE_GROUP_NAME IS NOT NULL AND LOGFILE_GROUP_NAME IN (SELECT DISTINCT LOGFILE_GROUP_NAME FROM INFORMATION_SCHEMA.FILES WHERE FILE_TYPE = 'DATAFILE' AND TABLESPACE_NAME IN (SELECT DISTINCT TABLESPACE_NAME FROM INFORMATION_SCHEMA.PARTITIONS WHERE TABLE_SCHEMA IN ('db_dua'))) GROUP BY LOGFILE_GROUP_NAME, FILE_NAME, ENGINE, TOTAL_EXTENTS, INITIAL_SIZE ORDER BY LOGFILE_GROUP_NAME
		    18 Query	SELECT DISTINCT TABLESPACE_NAME, FILE_NAME, LOGFILE_GROUP_NAME, EXTENT_SIZE, INITIAL_SIZE, ENGINE FROM INFORMATION_SCHEMA.FILES WHERE FILE_TYPE = 'DATAFILE' AND TABLESPACE_NAME IN (SELECT DISTINCT TABLESPACE_NAME FROM INFORMATION_SCHEMA.PARTITIONS WHERE TABLE_SCHEMA IN ('db_dua')) ORDER BY TABLESPACE_NAME, LOGFILE_GROUP_NAME
		    18 Query	set optimizer_switch=default
		    18 Init DB	db_dua
		    18 Query	SHOW TABLES LIKE '%'
		    18 Query	LOCK TABLES `dosen_pembimbing` READ /*!32311 LOCAL */,`dosen_penguji` READ /*!32311 LOCAL */,`mahasiswa_prodi` READ /*!32311 LOCAL */,`seminar_mahasiswa` READ /*!32311 LOCAL */,`skripsi_mahasiswa` READ /*!32311 LOCAL */,`tdosen` READ /*!32311 LOCAL */,`tmahasiswa` READ /*!32311 LOCAL */,`tnilai` READ /*!32311 LOCAL */,`tpembimbing` READ /*!32311 LOCAL */,`tpenguji` READ /*!32311 LOCAL */,`tprodi` READ /*!32311 LOCAL */,`tsemester` READ /*!32311 LOCAL */,`tseminar` READ /*!32311 LOCAL */,`tsidang` READ /*!32311 LOCAL */,`tsk_pembimbing` READ /*!32311 LOCAL */,`tskripsi` READ /*!32311 LOCAL */,`untitled` READ /*!32311 LOCAL */
		    18 Query	SELECT engine FROM INFORMATION_SCHEMA.TABLES WHERE table_schema = DATABASE() AND table_name = 'dosen_pembimbing'
		    18 Query	SET SQL_QUOTE_SHOW_CREATE=1
		    18 Query	SET SESSION character_set_results = 'binary'
		    18 Query	show create table `dosen_pembimbing`
		    18 Query	SET SESSION character_set_results = 'utf8mb4'
		    18 Query	show fields from `dosen_pembimbing`
		    18 Query	SELECT /*!40001 SQL_NO_CACHE */ `nama`, `nip`, `kode_dosen`, `status`, `nama_prodi`, `jenis_pembimbing` FROM `dosen_pembimbing`
		    18 Query	SET SESSION character_set_results = 'binary'
		    18 Init DB	db_dua
		    18 Query	select @@collation_database
		    18 Query	SELECT TRIGGER_NAME FROM INFORMATION_SCHEMA.TRIGGERS WHERE EVENT_OBJECT_SCHEMA = DATABASE() AND EVENT_OBJECT_TABLE = 'dosen_pembimbing'
		    18 Query	SET SESSION character_set_results = 'utf8mb4'
		    18 Query	SELECT engine FROM INFORMATION_SCHEMA.TABLES WHERE table_schema = DATABASE() AND table_name = 'dosen_penguji'
		    18 Query	SET SQL_QUOTE_SHOW_CREATE=1
		    18 Query	SET SESSION character_set_results = 'binary'
		    18 Query	show create table `dosen_penguji`
		    18 Query	SET SESSION character_set_results = 'utf8mb4'
		    18 Query	show fields from `dosen_penguji`
		    18 Query	SELECT /*!40001 SQL_NO_CACHE */ `nama`, `nip`, `kode_dosen`, `status`, `nama_prodi`, `jenis_penguji` FROM `dosen_penguji`
		    18 Query	SET SESSION character_set_results = 'binary'
		    18 Init DB	db_dua
		    18 Query	select @@collation_database
		    18 Query	SELECT TRIGGER_NAME FROM INFORMATION_SCHEMA.TRIGGERS WHERE EVENT_OBJECT_SCHEMA = DATABASE() AND EVENT_OBJECT_TABLE = 'dosen_penguji'
		    18 Query	SET SESSION character_set_results = 'utf8mb4'
		    18 Query	SELECT engine FROM INFORMATION_SCHEMA.TABLES WHERE table_schema = DATABASE() AND table_name = 'mahasiswa_prodi'
		    18 Query	SET SQL_QUOTE_SHOW_CREATE=1
		    18 Query	SET SESSION character_set_results = 'binary'
		    18 Query	show create table `mahasiswa_prodi`
		    18 Query	SET SESSION character_set_results = 'utf8mb4'
		    18 Query	show fields from `mahasiswa_prodi`
		    18 Query	SELECT /*!40001 SQL_NO_CACHE */ `nama`, `nim`, `jk`, `no_hp`, `status`, `nama_prodi`, `tgl_masuk`, `tgl_lulus` FROM `mahasiswa_prodi`
		    18 Query	SET SESSION character_set_results = 'binary'
		    18 Init DB	db_dua
		    18 Query	select @@collation_database
		    18 Query	SELECT TRIGGER_NAME FROM INFORMATION_SCHEMA.TRIGGERS WHERE EVENT_OBJECT_SCHEMA = DATABASE() AND EVENT_OBJECT_TABLE = 'mahasiswa_prodi'
		    18 Query	SET SESSION character_set_results = 'utf8mb4'
		    18 Query	SELECT engine FROM INFORMATION_SCHEMA.TABLES WHERE table_schema = DATABASE() AND table_name = 'seminar_mahasiswa'
		    18 Query	SET SQL_QUOTE_SHOW_CREATE=1
		    18 Query	SET SESSION character_set_results = 'binary'
		    18 Query	show create table `seminar_mahasiswa`
		    18 Query	SET SESSION character_set_results = 'utf8mb4'
		    18 Query	show fields from `seminar_mahasiswa`
		    18 Query	SELECT /*!40001 SQL_NO_CACHE */ `nama`, `nim`, `jk`, `tgl_seminar`, `jenis_seminar`, `status`, `dosen_penguji`, `nip` FROM `seminar_mahasiswa`
		    18 Query	SET SESSION character_set_results = 'binary'
		    18 Init DB	db_dua
		    18 Query	select @@collation_database
		    18 Query	SELECT TRIGGER_NAME FROM INFORMATION_SCHEMA.TRIGGERS WHERE EVENT_OBJECT_SCHEMA = DATABASE() AND EVENT_OBJECT_TABLE = 'seminar_mahasiswa'
		    18 Query	SET SESSION character_set_results = 'utf8mb4'
		    18 Query	SELECT engine FROM INFORMATION_SCHEMA.TABLES WHERE table_schema = DATABASE() AND table_name = 'skripsi_mahasiswa'
		    18 Query	SET SQL_QUOTE_SHOW_CREATE=1
		    18 Query	SET SESSION character_set_results = 'binary'
		    18 Query	show create table `skripsi_mahasiswa`
		    18 Query	SET SESSION character_set_results = 'utf8mb4'
		    18 Query	show fields from `skripsi_mahasiswa`
		    18 Query	SELECT /*!40001 SQL_NO_CACHE */ `nama`, `nim`, `jk`, `nama_prodi`, `judul_skripsi`, `dosen_pembimbing`, `tgl_sidang`, `nilai_sidang`, `nip`, `jenis_pembimbing` FROM `skripsi_mahasiswa`
		    18 Query	SET SESSION character_set_results = 'binary'
		    18 Init DB	db_dua
		    18 Query	select @@collation_database
		    18 Query	SELECT TRIGGER_NAME FROM INFORMATION_SCHEMA.TRIGGERS WHERE EVENT_OBJECT_SCHEMA = DATABASE() AND EVENT_OBJECT_TABLE = 'skripsi_mahasiswa'
		    18 Query	SET SESSION character_set_results = 'utf8mb4'
		    18 Query	SELECT engine FROM INFORMATION_SCHEMA.TABLES WHERE table_schema = DATABASE() AND table_name = 'tdosen'
		    18 Query	SET SQL_QUOTE_SHOW_CREATE=1
		    18 Query	SET SESSION character_set_results = 'binary'
		    18 Query	show create table `tdosen`
		    18 Query	SET SESSION character_set_results = 'utf8mb4'
		    18 Query	show fields from `tdosen`
		    18 Query	SELECT /*!40001 SQL_NO_CACHE */ `id_dosen`, `nama`, `nip`, `kode_dosen`, `status`, `id_prodi` FROM `tdosen`
		    18 Query	SET SESSION character_set_results = 'binary'
		    18 Init DB	db_dua
		    18 Query	select @@collation_database
		    18 Query	SELECT TRIGGER_NAME FROM INFORMATION_SCHEMA.TRIGGERS WHERE EVENT_OBJECT_SCHEMA = DATABASE() AND EVENT_OBJECT_TABLE = 'tdosen'
		    18 Query	SET SESSION character_set_results = 'utf8mb4'
		    18 Query	SELECT engine FROM INFORMATION_SCHEMA.TABLES WHERE table_schema = DATABASE() AND table_name = 'tmahasiswa'
		    18 Query	SET SQL_QUOTE_SHOW_CREATE=1
		    18 Query	SET SESSION character_set_results = 'binary'
		    18 Query	show create table `tmahasiswa`
		    18 Query	SET SESSION character_set_results = 'utf8mb4'
		    18 Query	show fields from `tmahasiswa`
		    18 Query	SELECT /*!40001 SQL_NO_CACHE */ `id_mahasiswa`, `nama`, `nim`, `jk`, `no_hp`, `alamat`, `tgl_masuk`, `tgl_lulus`, `status`, `id_prodi` FROM `tmahasiswa`
		    18 Query	SET SESSION character_set_results = 'binary'
		    18 Init DB	db_dua
		    18 Query	select @@collation_database
		    18 Query	SELECT TRIGGER_NAME FROM INFORMATION_SCHEMA.TRIGGERS WHERE EVENT_OBJECT_SCHEMA = DATABASE() AND EVENT_OBJECT_TABLE = 'tmahasiswa'
		    18 Query	SET SESSION character_set_results = 'utf8mb4'
		    18 Query	SELECT engine FROM INFORMATION_SCHEMA.TABLES WHERE table_schema = DATABASE() AND table_name = 'tnilai'
		    18 Query	SET SQL_QUOTE_SHOW_CREATE=1
		    18 Query	SET SESSION character_set_results = 'binary'
		    18 Query	show create table `tnilai`
		    18 Query	SET SESSION character_set_results = 'utf8mb4'
		    18 Query	show fields from `tnilai`
		    18 Query	SELECT /*!40001 SQL_NO_CACHE */ `id_nilai`, `nilai_huruf`, `bobot_nilai` FROM `tnilai`
		    18 Query	SET SESSION character_set_results = 'binary'
		    18 Init DB	db_dua
		    18 Query	select @@collation_database
		    18 Query	SELECT TRIGGER_NAME FROM INFORMATION_SCHEMA.TRIGGERS WHERE EVENT_OBJECT_SCHEMA = DATABASE() AND EVENT_OBJECT_TABLE = 'tnilai'
		    18 Query	SET SESSION character_set_results = 'utf8mb4'
		    18 Query	SELECT engine FROM INFORMATION_SCHEMA.TABLES WHERE table_schema = DATABASE() AND table_name = 'tpembimbing'
		    18 Query	SET SQL_QUOTE_SHOW_CREATE=1
		    18 Query	SET SESSION character_set_results = 'binary'
		    18 Query	show create table `tpembimbing`
		    18 Query	SET SESSION character_set_results = 'utf8mb4'
		    18 Query	show fields from `tpembimbing`
		    18 Query	SELECT /*!40001 SQL_NO_CACHE */ `id_pembimbing`, `jenis_pembimbing`, `id_dosen` FROM `tpembimbing`
		    18 Query	SET SESSION character_set_results = 'binary'
		    18 Init DB	db_dua
		    18 Query	select @@collation_database
		    18 Query	SELECT TRIGGER_NAME FROM INFORMATION_SCHEMA.TRIGGERS WHERE EVENT_OBJECT_SCHEMA = DATABASE() AND EVENT_OBJECT_TABLE = 'tpembimbing'
		    18 Query	SET SESSION character_set_results = 'utf8mb4'
		    18 Query	SELECT engine FROM INFORMATION_SCHEMA.TABLES WHERE table_schema = DATABASE() AND table_name = 'tpenguji'
		    18 Query	SET SQL_QUOTE_SHOW_CREATE=1
		    18 Query	SET SESSION character_set_results = 'binary'
		    18 Query	show create table `tpenguji`
		    18 Query	SET SESSION character_set_results = 'utf8mb4'
		    18 Query	show fields from `tpenguji`
		    18 Query	SELECT /*!40001 SQL_NO_CACHE */ `id_penguji`, `id_dosen`, `jenis_penguji` FROM `tpenguji`
		    18 Query	SET SESSION character_set_results = 'binary'
		    18 Init DB	db_dua
		    18 Query	select @@collation_database
		    18 Query	SELECT TRIGGER_NAME FROM INFORMATION_SCHEMA.TRIGGERS WHERE EVENT_OBJECT_SCHEMA = DATABASE() AND EVENT_OBJECT_TABLE = 'tpenguji'
		    18 Query	SET SESSION character_set_results = 'utf8mb4'
		    18 Query	SELECT engine FROM INFORMATION_SCHEMA.TABLES WHERE table_schema = DATABASE() AND table_name = 'tprodi'
		    18 Query	SET SQL_QUOTE_SHOW_CREATE=1
		    18 Query	SET SESSION character_set_results = 'binary'
		    18 Query	show create table `tprodi`
		    18 Query	SET SESSION character_set_results = 'utf8mb4'
		    18 Query	show fields from `tprodi`
		    18 Query	SELECT /*!40001 SQL_NO_CACHE */ `id_prodi`, `kode_prodi`, `nama`, `status` FROM `tprodi`
		    18 Query	SET SESSION character_set_results = 'binary'
		    18 Init DB	db_dua
		    18 Query	select @@collation_database
		    18 Query	SELECT TRIGGER_NAME FROM INFORMATION_SCHEMA.TRIGGERS WHERE EVENT_OBJECT_SCHEMA = DATABASE() AND EVENT_OBJECT_TABLE = 'tprodi'
		    18 Query	SET SESSION character_set_results = 'utf8mb4'
		    18 Query	SELECT engine FROM INFORMATION_SCHEMA.TABLES WHERE table_schema = DATABASE() AND table_name = 'tsemester'
		    18 Query	SET SQL_QUOTE_SHOW_CREATE=1
		    18 Query	SET SESSION character_set_results = 'binary'
		    18 Query	show create table `tsemester`
		    18 Query	SET SESSION character_set_results = 'utf8mb4'
		    18 Query	show fields from `tsemester`
		    18 Query	SELECT /*!40001 SQL_NO_CACHE */ `id_semester`, `nama`, `kode_semester`, `status` FROM `tsemester`
		    18 Query	SET SESSION character_set_results = 'binary'
		    18 Init DB	db_dua
		    18 Query	select @@collation_database
		    18 Query	SELECT TRIGGER_NAME FROM INFORMATION_SCHEMA.TRIGGERS WHERE EVENT_OBJECT_SCHEMA = DATABASE() AND EVENT_OBJECT_TABLE = 'tsemester'
		    18 Query	SET SESSION character_set_results = 'utf8mb4'
		    18 Query	SELECT engine FROM INFORMATION_SCHEMA.TABLES WHERE table_schema = DATABASE() AND table_name = 'tseminar'
		    18 Query	SET SQL_QUOTE_SHOW_CREATE=1
		    18 Query	SET SESSION character_set_results = 'binary'
		    18 Query	show create table `tseminar`
		    18 Query	SET SESSION character_set_results = 'utf8mb4'
		    18 Query	show fields from `tseminar`
		    18 Query	SELECT /*!40001 SQL_NO_CACHE */ `id_seminar`, `tanggal`, `id_nilai`, `jenis_seminar`, `id_mahasiswa`, `status`, `id_pembimbing`, `id_penguji` FROM `tseminar`
		    18 Query	SET SESSION character_set_results = 'binary'
		    18 Init DB	db_dua
		    18 Query	select @@collation_database
		    18 Query	SELECT TRIGGER_NAME FROM INFORMATION_SCHEMA.TRIGGERS WHERE EVENT_OBJECT_SCHEMA = DATABASE() AND EVENT_OBJECT_TABLE = 'tseminar'
		    18 Query	SET SESSION character_set_results = 'utf8mb4'
		    18 Query	SELECT engine FROM INFORMATION_SCHEMA.TABLES WHERE table_schema = DATABASE() AND table_name = 'tsidang'
		    18 Query	SET SQL_QUOTE_SHOW_CREATE=1
		    18 Query	SET SESSION character_set_results = 'binary'
		    18 Query	show create table `tsidang`
		    18 Query	SET SESSION character_set_results = 'utf8mb4'
		    18 Query	show fields from `tsidang`
191011 22:22:36	    18 Query	SELECT /*!40001 SQL_NO_CACHE */ `id_sidang`, `id_mahasiswa`, `tanggal_sidang`, `id_nilai`, `status` FROM `tsidang`
		    18 Query	SET SESSION character_set_results = 'binary'
		    18 Init DB	db_dua
		    18 Query	select @@collation_database
		    18 Query	SELECT TRIGGER_NAME FROM INFORMATION_SCHEMA.TRIGGERS WHERE EVENT_OBJECT_SCHEMA = DATABASE() AND EVENT_OBJECT_TABLE = 'tsidang'
		    18 Query	SET SESSION character_set_results = 'utf8mb4'
		    18 Query	SELECT engine FROM INFORMATION_SCHEMA.TABLES WHERE table_schema = DATABASE() AND table_name = 'tsk_pembimbing'
		    18 Query	SET SQL_QUOTE_SHOW_CREATE=1
		    18 Query	SET SESSION character_set_results = 'binary'
		    18 Query	show create table `tsk_pembimbing`
		    18 Query	SET SESSION character_set_results = 'utf8mb4'
		    18 Query	show fields from `tsk_pembimbing`
		    18 Query	SELECT /*!40001 SQL_NO_CACHE */ `id_SK`, `id_skripsi`, `id_semester`, `no_sk`, `tanggal_SK` FROM `tsk_pembimbing`
		    18 Query	SET SESSION character_set_results = 'binary'
		    18 Init DB	db_dua
		    18 Query	select @@collation_database
		    18 Query	SELECT TRIGGER_NAME FROM INFORMATION_SCHEMA.TRIGGERS WHERE EVENT_OBJECT_SCHEMA = DATABASE() AND EVENT_OBJECT_TABLE = 'tsk_pembimbing'
		    18 Query	SET SESSION character_set_results = 'utf8mb4'
		    18 Query	SELECT engine FROM INFORMATION_SCHEMA.TABLES WHERE table_schema = DATABASE() AND table_name = 'tskripsi'
		    18 Query	SET SQL_QUOTE_SHOW_CREATE=1
		    18 Query	SET SESSION character_set_results = 'binary'
		    18 Query	show create table `tskripsi`
		    18 Query	SET SESSION character_set_results = 'utf8mb4'
		    18 Query	show fields from `tskripsi`
		    18 Query	SELECT /*!40001 SQL_NO_CACHE */ `id_skripsi`, `id_mahasiswa`, `judul`, `id_pembimbing`, `id_penguji` FROM `tskripsi`
		    18 Query	SET SESSION character_set_results = 'binary'
		    18 Init DB	db_dua
		    18 Query	select @@collation_database
		    18 Query	SELECT TRIGGER_NAME FROM INFORMATION_SCHEMA.TRIGGERS WHERE EVENT_OBJECT_SCHEMA = DATABASE() AND EVENT_OBJECT_TABLE = 'tskripsi'
		    18 Query	SET SESSION character_set_results = 'utf8mb4'
		    18 Query	SELECT engine FROM INFORMATION_SCHEMA.TABLES WHERE table_schema = DATABASE() AND table_name = 'untitled'
		    18 Query	SET SQL_QUOTE_SHOW_CREATE=1
		    18 Query	SET SESSION character_set_results = 'binary'
		    18 Query	show create table `untitled`
		    18 Query	SET SESSION character_set_results = 'utf8mb4'
		    18 Query	show fields from `untitled`
		    18 Query	SELECT /*!40001 SQL_NO_CACHE */ `nama` FROM `untitled`
		    18 Query	SET SESSION character_set_results = 'binary'
		    18 Init DB	db_dua
		    18 Query	select @@collation_database
		    18 Query	SELECT TRIGGER_NAME FROM INFORMATION_SCHEMA.TRIGGERS WHERE EVENT_OBJECT_SCHEMA = DATABASE() AND EVENT_OBJECT_TABLE = 'untitled'
		    18 Query	SET SESSION character_set_results = 'utf8mb4'
		    18 Query	UNLOCK TABLES
		    18 Quit	
