c:\xampp\mysql\bin\mysqld.exe, Version: 10.4.6-MariaDB (mariadb.org binary distribution). started with:
TCP Port: 3306, Named Pipe: C:/xampp/mysql/mysql.sock
Time		    Id Command	Argument
191029 21:27:58	     8 Query	create database data_mahasiswa
191029 21:28:06	     8 Query	SELECT DATABASE()
		     8 Init DB	data_mahasiswa
191029 21:28:31	     8 Query	CREATE TABLE fakultas (
kode varchar(1) PRIMARY KEY,
nama varchar(100) NOT NULL
)
191029 21:29:21	     8 Query	CREATE TABLE prodi (
kode int(2) ZEROFILL PRIMARY KEY,
nama varchar(100) NOT NULL,
kode_fakultas varchar(1) NOT NULL
)
191029 21:29:32	     8 Query	ALTER TABLE prodi ADD FOREIGN KEY(kode_fakultas) REFERENCES fakultas(kode)
191029 21:29:42	     8 Query	CREATE TABLE jalur_masuk (
kode enum('0','3','5') NOT NULL PRIMARY KEY,
nama enum('SN','SB','Mandiri') NOT NULL
)
191029 21:30:03	     8 Query	CREATE TABLE mahasiswa (
id int(2) ZEROFILL PRIMARY KEY AUTO_INCREMENT,
kode_fakultas varchar(1) NOT NULL,
kode_prodi int(2) ZEROFILL NOT NULL,
tahun_masuk int(4) NOT NULL,
jalur_masuk enum('0','3','5') NOT NULL,
nama varchar(100) NOT NULL
)
191029 21:30:13	     8 Query	ALTER TABLE mahasiswa ADD FOREIGN KEY(kode_fakultas) REFERENCES fakultas(kode)
191029 21:30:23	     8 Query	ALTER TABLE mahasiswa ADD FOREIGN KEY(kode_prodi) REFERENCES prodi(kode)
191029 21:30:31	     8 Query	ALTER TABLE mahasiswa ADD FOREIGN KEY(jalur_masuk) REFERENCES jalur_masuk(kode)
191029 21:31:36	     8 Query	CREATE TABLE nim (
nama varchar(100) NOT NULL,
nim varchar(10) NOT NULL
)
191029 21:31:49	     8 Query	INSERT INTO fakultas VALUES ('H','MIPA')
191029 21:32:01	     8 Query	INSERT INTO prodi VALUES (07,'Ilmu Komputer','H')
191029 21:32:10	     8 Query	INSERT INTO jalur_masuk VALUES ('3','SB')
191029 21:32:22	     8 Query	INSERT INTO mahasiswa VALUES (NULL,'H',07,2018,'3','Muh. Ainun Luthfi')
191029 21:32:42	     8 Query	INSERT INTO nim SELECT mahasiswa.nama, CONCAT(mahasiswa.kode_fakultas, mahasiswa.kode_prodi, '1', RIGHT(mahasiswa.tahun_masuk,2),'1',mahasiswa.jalur_masuk, mahasiswa.id) FROM mahasiswa 
JOIN jalur_masuk ON mahasiswa.jalur_masuk = jalur_masuk.kode 
JOIN fakultas ON mahasiswa.kode_fakultas = fakultas.kode 
JOIN prodi ON mahasiswa.kode_prodi = prodi.kode
191029 21:32:52	     8 Query	SELECT mahasiswa.nama AS NAMA, nim.nim AS NIM, fakultas.nama AS FAKULTAS, prodi.nama AS PRODI, mahasiswa.tahun_masuk AS ANGKATAN,jalur_masuk.nama AS JALUR_MASUK FROM mahasiswa 
JOIN jalur_masuk ON mahasiswa.jalur_masuk = jalur_masuk.kode 
JOIN fakultas ON mahasiswa.kode_fakultas = fakultas.kode 
JOIN prodi ON mahasiswa.kode_prodi = prodi.kode 
JOIN nim ON mahasiswa.nama = nim.nama
191029 21:33:04	     8 Query	INSERT INTO mahasiswa VALUES (NULL,'H',07,2018,'3','Muhammad Ulil Amri')
191029 21:33:22	     8 Query	INSERT INTO nim SELECT mahasiswa.nama, CONCAT(mahasiswa.kode_fakultas, mahasiswa.kode_prodi, '1', RIGHT(mahasiswa.tahun_masuk,2),'1',mahasiswa.jalur_masuk, mahasiswa.id) FROM mahasiswa JOIN jalur_masuk ON mahasiswa.jalur_masuk = jalur_masuk.kode JOIN fakultas ON mahasiswa.kode_fakultas = fakultas.kode JOIN prodi ON mahasiswa.kode_prodi = prodi.kode WHERE mahasiswa.id = 02
191029 21:34:28	     8 Query	SELECT mahasiswa.nama AS NAMA, nim.nim AS NIM, fakultas.nama AS FAKULTAS, prodi.nama AS PRODI, mahasiswa.tahun_masuk AS ANGKATAN,jalur_masuk.nama AS JALUR_MASUK FROM mahasiswa JOIN jalur_masuk ON mahasiswa.jalur_masuk = jalur_masuk.kode JOIN fakultas ON mahasiswa.kode_fakultas = fakultas.kode JOIN prodi ON mahasiswa.kode_prodi = prodi.kode JOIN nim ON mahasiswa.nama=nim.nama
191029 21:36:12	     8 Query	set global general_log=0
