c:\xampp\mysql\bin\mysqld.exe, Version: 10.1.34-MariaDB (mariadb.org binary distribution). started with:
TCP Port: 3306, Named Pipe: C:/xampp/mysql/mysql.sock
Time                 Id Command    Argument
191012 17:19:08	    2 Query	shoe database
191012 17:19:17	    2 Query	show database
191012 17:19:42	    2 Query	show databases
191012 17:20:10	    2 Query	create database
191012 17:21:01	    2 Query	create database tugas1
191012 17:21:13	    2 Query	show databases
191012 17:21:36	    2 Query	SELECT DATABASE()
		    2 Init DB	tugas1
191012 17:30:05	    2 Query	create table table_mahasiswa(
id_mhs int(10) auto_increment primary key,
nim_mhs int(10) not null,
nama_mhs varchar(25) not null)
191012 17:30:21	    2 Query	describe tugas1
191012 17:31:05	    2 Query	describe table_mahasiswa
191012 17:31:40	    2 Query	desc table_mahasiswa
191012 17:33:47	    2 Query	create table table_matakuliah(
id_mk int(11) auto_increment primary key)
191012 17:34:07	    2 Query	desc table_matakuliah
191012 17:36:44	    2 Query	alter table table_mahasiswa change nim_mhs nim_mhs unique not null
191012 17:37:45	    2 Query	alter table table_mahasiswa change nim_mhs nim_mhs int(10) unique not null
191012 17:38:23	    2 Query	desc table_mahasiswa
191012 17:41:28	    2 Query	alter table table_mahasiswa add column status_mhs enum('aktif','lulus') not null
191012 17:41:40	    2 Query	desc table_mahasiswa
191012 17:44:33	    2 Query	alter table table_matakuliah add column kode_mk int(11) not null
191012 17:45:53	    2 Query	alter table table_matakuliah add column nama_mk varchar(25) not null
191012 17:47:19	    2 Query	alter table table_matakuliah add column sks_mk enum('2','3','4')not null
191012 17:48:00	    2 Query	alter table table_mahasiswa change to tb_mahasiswa
191012 17:48:49	    2 Query	alter table table_mahasiswa rename to tb_mahasiswa
191012 17:49:07	    2 Query	desc tb_mahasiswa
191012 17:50:13	    2 Query	alter table table_matakuliah rename to tb_matakuliah
191012 17:50:28	    2 Query	desc tb_matakuliah
191012 17:51:55	    2 Query	alter table tb_mahasiswa change to id_mhs id int(10) auto_increment primary key
191012 17:52:20	    2 Query	alter table tb_mahasiswa change id_mhs id int(10) auto_increment primary key
191012 17:53:53	    2 Query	alter table tb_mahasiswa change id_mhs id int(11) auto_increment primary key
191012 17:54:48	    2 Query	alter table tb_mahasiswa change id_mhs id int(10) auto_increment primary key
191012 17:59:32	    2 Query	alter table tb_mahasiswa change column id_mhs id int(10) auto_increment primary key
191012 18:01:13	    2 Query	alter table tb_mahasiswa change id_mhs id int(10) auto_increment
191012 18:01:34	    2 Query	desc tb_mahasiswa
191012 18:02:30	    2 Query	alter table tb_mahasiswa change nim_mhs nim int(10) not null unique
191012 18:02:40	    2 Query	desc tb_mahasiswa
191012 18:06:06	    2 Query	alter table tb_mahasiswa change column nama_mhs nama varchar(25) not null
191012 18:07:33	    2 Query	alter table tb_mahasiswa change column status_mhs status enum('aktif','lulus') not null
191012 18:09:09	    2 Query	desc tb_matakuliah
191012 18:10:10	    2 Query	alter table tb_mahasiswa change column id_mk id int(11) auto_increment
191012 18:10:32	    2 Query	alter table tb_matakuliah change column id_mk id int(11) auto_increment
191012 18:11:05	    2 Query	alter table tb_matakuliah change column kode_mk kode int(11) not null
191012 18:11:47	    2 Query	alter table tb_matakuliah change column nama_mk nama varchar(25) not null
191012 18:12:29	    2 Query	alter table tb_matakuliah change column sks_mk sks enum('2','3','4') not null
191012 18:12:51	    2 Query	desc tb_matakuliah
191012 18:13:50	    2 Query	crate database tugas2
191012 18:14:05	    2 Query	create database tugas2
191012 18:14:18	    2 Query	show databases
191012 18:14:29	    2 Query	SELECT DATABASE()
		    2 Init DB	tugas2
191012 18:17:28	    2 Query	create table untitled(
nama varchar(225) )
191012 18:17:48	    2 Query	desc untitled
191012 18:19:37	    2 Query	alter table untitled change nama nama varchar(255) not null
191012 18:19:41	    2 Query	desc untitled
191012 18:23:30	    2 Query	create table mahasiswa_prodi(
nama varchar(255) not null,
nim varchar(10) not null,
jk char(1),
no_hp varchar(20) not null,
nama_prodi varchar(200) not null,
tgs_masuk date not null,
tgl_lulus date not null )
191012 18:24:16	    2 Query	alter table mahasiswa_prodi jk jk char(1) not null
191012 18:24:39	    2 Query	alter table mahasiswa_prodi change jk jk char(1) not null
191012 18:24:50	    2 Query	desc mahasiswa_prodi
191012 18:28:55	    2 Query	create seminar_mahasiswa(
nama varchar(225) not null,
nim varchar(10) not null,
jk char(1) not null,
tgl_seminar date no null,
jenis_seminar char(1) not null,
status varchar(20) not null,
dosen_penguji varchar(200) not null,
nip varchar(50) not null )
191012 18:31:07	    2 Query	create table seminar_mahasiswa(
nama varchar(225) not null,
nim varchar(10) not null,
jk char(1) not null,
tgl_seminar date no null,
jenis_seminar char(1) not null,
status varchar(20) not null,
dosen_penguji varchar(200) not null,
nip varchar(50) not null )
191012 18:32:44	    2 Query	create table seminar_mahasiswa(
nama varchar(225) not null,
nim varchar(10) not null,
jk char(1) not null,
tgl_seminar date not null,
jenis_seminar char(1) not null,
status varchar(20) not null,
dosen_penguji varchar(200) not null,
nip varchar(50) not null )
191012 18:33:02	    2 Query	desc seminar_mahasiswa
191012 19:10:58	    2 Query	create table tnilai(
id_nilai int(2) not null,
nilai_huruf varchar(2) not null,
bobot_nilai decimal(3,2) not null )
191012 19:11:46	    2 Query	desc tnilai
191012 19:14:49	    2 Query	create table mahasiswa_penguji (
nama varchar(200),
nip varchar(50) not null,
191012 19:16:19	    2 Query	ceate table mahasiswa_penguji (
nama varchar(200) not nul,
nip varchar(50) not null,
191012 19:18:59	    2 Query	ceate table mahasiswa_penguji (
nama varchar(200) not null,
nip varchar(50) not null,
kode_dosen varchar(10) not null,
status varchar(100) not null,
nama_prodi varchar(200) not null,
jenis_penguji varchar(1) not null )
191012 19:19:48	    2 Query	create table mahasiswa_penguji (
nama varchar(200) not null,
nip varchar(50) not null,
kode_dosen varchar(10) not null,
status varchar(100) not null,
nama_prodi varchar(200) not null,
jenis_penguji varchar(1) not null )
191012 19:20:04	    2 Query	desc mahasiswa_penguji
191012 19:22:49	    2 Query	create table tsk_pembimbing (
id_SK int(4) primary key,
id_skripsi int(5) not null,
id_semester int(3) not null,
no_sk varchar(20) not null,
tanggal_SK date not null )
191012 19:22:59	    2 Query	desc tsk_pembimbing
191012 19:27:57	    2 Query	create table skripsi_mahasiswa (
nama varchar(255) not null,
nim varchar(10) not null,
jk char(1) not null,
nama_prodi varchar(200) not null,
judul_skripsi varchar(255) not null,
dosen_pembimbing varchar(200) not null,
tgl_sidang date not null,
nilai_sidang varchar(50) not null,
nip varchar(50) not null,
jenis_pembimbing varchar(7) not null )
191012 19:28:12	    2 Query	desc skripsi_mahasiswa
191012 19:33:41	    2 Query	create table tseminar (
id_seminar int(5) primary key,
tanggal date not null,
id_nilai int(2) not null,
jenis_seminar char(1) not null,
id_mahasiswa int(255) not null,
status varchar(20) not null,
id_pembimbing int(255) not null,
id_penguji int(255) )
191012 19:33:55	    2 Query	desc tseminar
191012 19:34:10	    2 Query	create table tmahasiswa
191012 19:36:30	    2 Query	create table tmahasiswa (
id_mahasiswa int(255) not null,
nama varchar,
191012 19:38:11	    2 Query	alter table tseminar change id_penguji id_penguji int(255) not null
191012 19:42:23	    2 Query	create table tmahasiswa (
id_mahasiswa int(255) primary key,
nama varchar(255) not null,
nim varchar(10) primary key,
jk char(1) not null,
no_hp varchar(20) not null,
alamat varchar(255) not null,
tgl_masuk date not null,
tgl_lulus date not null,
status varchar(100) not null,

,
191012 19:43:52	    2 Query	create table tmahasiswa (
id_mahasiswa int(255) primary key,
nama varchar(255) not null,
nim varchar(10) primary key,
jk char(1) not null,
no_hp varchar(20) not null,
alamat varchar(255) not null,
tgl_masuk date not null,
tgl_lulus date not null,
status varchar(100) not null,
id_prodi int(5) not null )
191012 19:44:42	    2 Query	create table tmahasiswa (
id_mahasiswa int(255) primary key,
nama varchar(255) not null,
,
191012 19:45:33	    2 Query	create table tmahasiswa (
id_mahasiswa int(255) not null,
nama varchar(255) not null,
id_mahasiswa int(255) not null,
nama varchar(255) not null,
191012 19:46:02	    2 Query	create table tmahasiswa (
id_mahasiswa int(255) not null,
nama varchar(255) not null,
191012 19:47:34	    2 Query	create table tmahasiswa (
id_mahasiswa int(255) not null,
nama varchar(255) not null,
nim varchar(10) not null,
jk char(1) not null,
no_hp varchar(20) not null,
alamat varchar(255) not null,
tgl_masuk date not null,
tgl_lulus date not null,
status varchar(100) not null,
id_prodi int(5) not null )
191012 19:48:36	    2 Query	alter table tmahasiswa add primary key(id_mahasiswa, nim)
191012 19:48:45	    2 Query	desc tmahasiswa
191012 19:51:01	    2 Query	create table tprodi (
id_prodi int(5) not null,
kode_prodi varchar(20) not null,
nama varchar(200) not null,
status varchar(100) not null )
191012 19:51:48	    2 Query	alter table tprodi add primary key(id_prodi,kode_prodi)
191012 19:51:58	    2 Query	desc tprodi
191012 19:53:40	    2 Query	create table tsemester (
id_semester int(3) not null,
nama varchar(20) not null,
kode_semester varchar(10) not null,
status varchar(100) not null )
191012 19:54:24	    2 Query	create table tsemester add primary key(id_semester,kode_semester)
191012 19:54:58	    2 Query	alter table tsemester add primary key(id_semester,kode_semester)
191012 19:55:06	    2 Query	desc tsemester
191012 19:57:12	    2 Query	create table tskripsi (
id_skripsi int(5) primary key,
id_mahasiswa int(255) not null,
judul varchar(255) not null,
id_pembimbing int(255) not null,
id_penguji int(255) not null )
191012 19:57:23	    2 Query	desc tskripsi
191012 19:58:55	    2 Query	create table tpenguji (
id_penguji int(255) primary key,
id_dosen int(255) not null,
jenis_penguji )
191012 19:59:35	    2 Query	create table tpenguji (
id_penguji int(255) primary key,
id_dosen int(255) not null,
jenis_penguji char(1) not null )
191012 19:59:43	    2 Query	desc tpenguji
191012 20:01:47	    2 Query	create table tpembimbing (
id_pembimbing int(5) primary key,
jenis_pembimbing varchar(7) not null,
id_dosen int(255) not null )
191012 20:01:56	    2 Query	desc tpembimbing
191012 20:03:30	    2 Query	create table tdosen (
id_dosen int(255) not null,
nama varchar(200) not null,
nip varchar(50) not null,
kode_dosen varchar(10)
status varchar(100),
191012 20:06:12	    2 Query	create table tdosen (
id_dosen int(255) not null,
nama varchar(200) not null,
nip varchar(50) not null,
kode_dosen varchar(10) not null,
status varchar(100) not null,
id_prodi int(5) not null )
191012 20:07:01	    2 Query	alter table tdosen add primary key (id_dosen,nip,kode_dosen)
191012 20:07:08	    2 Query	desc tdosen
191012 20:10:03	    2 Query	create table dosen_pembimbing (
nama varchar(200) not null,
nip varchar(50) not null,
kode_dosen varchar(10) not null,
status varchar(100) not null,
nama_prodi varchar(200) not null,
jenis_pembimbing varchar(7) not null )
191012 20:10:15	    2 Query	desc dosen_pembimbing
191012 20:12:46	    2 Query	create table tsidang(
id_sidang int(5) primary key,
id_mahasiswa int(255) not null,
tanggal_sidang date not null,
id_nilai int(2) not null,
status varchar(20) not null )
191012 20:12:55	    2 Query	desc tsidang
191012 20:14:49	    2 Quit	
191012 20:20:03	    3 Connect	root@localhost as anonymous on 
		    3 Query	/*!40100 SET @@SQL_MODE='' */
		    3 Query	/*!40103 SET TIME_ZONE='+00:00' */
		    3 Query	set optimizer_switch='semijoin=off'
		    3 Query	SELECT LOGFILE_GROUP_NAME, FILE_NAME, TOTAL_EXTENTS, INITIAL_SIZE, ENGINE, EXTRA FROM INFORMATION_SCHEMA.FILES WHERE FILE_TYPE = 'UNDO LOG' AND FILE_NAME IS NOT NULL AND LOGFILE_GROUP_NAME IN (SELECT DISTINCT LOGFILE_GROUP_NAME FROM INFORMATION_SCHEMA.FILES WHERE FILE_TYPE = 'DATAFILE' AND TABLESPACE_NAME IN (SELECT DISTINCT TABLESPACE_NAME FROM INFORMATION_SCHEMA.PARTITIONS WHERE TABLE_SCHEMA IN ('tugas1'))) GROUP BY LOGFILE_GROUP_NAME, FILE_NAME, ENGINE ORDER BY LOGFILE_GROUP_NAME
		    3 Init DB	tugas1
		    3 Query	show tables
		    3 Query	LOCK TABLES `tb_mahasiswa` READ /*!32311 LOCAL */,`tb_matakuliah` READ /*!32311 LOCAL */
		    3 Query	SELECT engine FROM INFORMATION_SCHEMA.TABLES WHERE table_schema = DATABASE() AND table_name = 'tb_mahasiswa'
		    3 Query	SET SQL_QUOTE_SHOW_CREATE=1
		    3 Query	SET SESSION character_set_results = 'binary'
		    3 Query	show create table `tb_mahasiswa`
		    3 Query	SET SESSION character_set_results = 'utf8'
		    3 Query	show fields from `tb_mahasiswa`
		    3 Query	SELECT /*!40001 SQL_NO_CACHE */ * FROM `tb_mahasiswa`
		    3 Query	SET SESSION character_set_results = 'binary'
		    3 Init DB	tugas1
		    3 Query	select @@collation_database
		    3 Query	SELECT TRIGGER_NAME FROM INFORMATION_SCHEMA.TRIGGERS WHERE EVENT_OBJECT_SCHEMA = DATABASE() AND EVENT_OBJECT_TABLE = 'tb_mahasiswa'
		    3 Query	SET SESSION character_set_results = 'utf8'
		    3 Query	SELECT engine FROM INFORMATION_SCHEMA.TABLES WHERE table_schema = DATABASE() AND table_name = 'tb_matakuliah'
		    3 Query	SET SQL_QUOTE_SHOW_CREATE=1
		    3 Query	SET SESSION character_set_results = 'binary'
		    3 Query	show create table `tb_matakuliah`
		    3 Query	SET SESSION character_set_results = 'utf8'
		    3 Query	show fields from `tb_matakuliah`
		    3 Query	SELECT /*!40001 SQL_NO_CACHE */ * FROM `tb_matakuliah`
		    3 Query	SET SESSION character_set_results = 'binary'
		    3 Init DB	tugas1
		    3 Query	select @@collation_database
		    3 Query	SELECT TRIGGER_NAME FROM INFORMATION_SCHEMA.TRIGGERS WHERE EVENT_OBJECT_SCHEMA = DATABASE() AND EVENT_OBJECT_TABLE = 'tb_matakuliah'
		    3 Query	SET SESSION character_set_results = 'utf8'
		    3 Query	UNLOCK TABLES
		    3 Quit	
191012 20:26:31	    4 Connect	root@localhost as anonymous on 
		    4 Query	/*!40100 SET @@SQL_MODE='' */
		    4 Query	/*!40103 SET TIME_ZONE='+00:00' */
		    4 Query	set optimizer_switch='semijoin=off'
		    4 Query	SELECT LOGFILE_GROUP_NAME, FILE_NAME, TOTAL_EXTENTS, INITIAL_SIZE, ENGINE, EXTRA FROM INFORMATION_SCHEMA.FILES WHERE FILE_TYPE = 'UNDO LOG' AND FILE_NAME IS NOT NULL AND LOGFILE_GROUP_NAME IN (SELECT DISTINCT LOGFILE_GROUP_NAME FROM INFORMATION_SCHEMA.FILES WHERE FILE_TYPE = 'DATAFILE' AND TABLESPACE_NAME IN (SELECT DISTINCT TABLESPACE_NAME FROM INFORMATION_SCHEMA.PARTITIONS WHERE TABLE_SCHEMA IN ('tugas1'))) GROUP BY LOGFILE_GROUP_NAME, FILE_NAME, ENGINE ORDER BY LOGFILE_GROUP_NAME
		    4 Query	SELECT DISTINCT TABLESPACE_NAME, FILE_NAME, LOGFILE_GROUP_NAME, EXTENT_SIZE, INITIAL_SIZE, ENGINE FROM INFORMATION_SCHEMA.FILES WHERE FILE_TYPE = 'DATAFILE' AND TABLESPACE_NAME IN (SELECT DISTINCT TABLESPACE_NAME FROM INFORMATION_SCHEMA.PARTITIONS WHERE TABLE_SCHEMA IN ('tugas1')) ORDER BY TABLESPACE_NAME, LOGFILE_GROUP_NAME
		    4 Query	set optimizer_switch=default
		    4 Init DB	tugas1
		    4 Query	show tables
		    4 Query	LOCK TABLES `tb_mahasiswa` READ /*!32311 LOCAL */,`tb_matakuliah` READ /*!32311 LOCAL */
		    4 Query	SELECT engine FROM INFORMATION_SCHEMA.TABLES WHERE table_schema = DATABASE() AND table_name = 'tb_mahasiswa'
		    4 Query	SET SQL_QUOTE_SHOW_CREATE=1
		    4 Query	SET SESSION character_set_results = 'binary'
		    4 Query	show create table `tb_mahasiswa`
		    4 Query	SET SESSION character_set_results = 'utf8'
		    4 Query	show fields from `tb_mahasiswa`
		    4 Query	SELECT /*!40001 SQL_NO_CACHE */ * FROM `tb_mahasiswa`
		    4 Query	SET SESSION character_set_results = 'binary'
		    4 Init DB	tugas1
		    4 Query	select @@collation_database
		    4 Query	SELECT TRIGGER_NAME FROM INFORMATION_SCHEMA.TRIGGERS WHERE EVENT_OBJECT_SCHEMA = DATABASE() AND EVENT_OBJECT_TABLE = 'tb_mahasiswa'
		    4 Query	SET SESSION character_set_results = 'utf8'
		    4 Query	SELECT engine FROM INFORMATION_SCHEMA.TABLES WHERE table_schema = DATABASE() AND table_name = 'tb_matakuliah'
		    4 Query	SET SQL_QUOTE_SHOW_CREATE=1
		    4 Query	SET SESSION character_set_results = 'binary'
		    4 Query	show create table `tb_matakuliah`
		    4 Query	SET SESSION character_set_results = 'utf8'
		    4 Query	show fields from `tb_matakuliah`
		    4 Query	SELECT /*!40001 SQL_NO_CACHE */ * FROM `tb_matakuliah`
		    4 Query	SET SESSION character_set_results = 'binary'
		    4 Init DB	tugas1
		    4 Query	select @@collation_database
		    4 Query	SELECT TRIGGER_NAME FROM INFORMATION_SCHEMA.TRIGGERS WHERE EVENT_OBJECT_SCHEMA = DATABASE() AND EVENT_OBJECT_TABLE = 'tb_matakuliah'
		    4 Query	SET SESSION character_set_results = 'utf8'
		    4 Query	UNLOCK TABLES
		    4 Quit	
191012 20:26:52	    5 Connect	root@localhost as anonymous on 
		    5 Query	/*!40100 SET @@SQL_MODE='' */
		    5 Query	/*!40103 SET TIME_ZONE='+00:00' */
		    5 Query	set optimizer_switch='semijoin=off'
		    5 Query	SELECT LOGFILE_GROUP_NAME, FILE_NAME, TOTAL_EXTENTS, INITIAL_SIZE, ENGINE, EXTRA FROM INFORMATION_SCHEMA.FILES WHERE FILE_TYPE = 'UNDO LOG' AND FILE_NAME IS NOT NULL AND LOGFILE_GROUP_NAME IN (SELECT DISTINCT LOGFILE_GROUP_NAME FROM INFORMATION_SCHEMA.FILES WHERE FILE_TYPE = 'DATAFILE' AND TABLESPACE_NAME IN (SELECT DISTINCT TABLESPACE_NAME FROM INFORMATION_SCHEMA.PARTITIONS WHERE TABLE_SCHEMA IN ('tugas2'))) GROUP BY LOGFILE_GROUP_NAME, FILE_NAME, ENGINE ORDER BY LOGFILE_GROUP_NAME
		    5 Query	SELECT DISTINCT TABLESPACE_NAME, FILE_NAME, LOGFILE_GROUP_NAME, EXTENT_SIZE, INITIAL_SIZE, ENGINE FROM INFORMATION_SCHEMA.FILES WHERE FILE_TYPE = 'DATAFILE' AND TABLESPACE_NAME IN (SELECT DISTINCT TABLESPACE_NAME FROM INFORMATION_SCHEMA.PARTITIONS WHERE TABLE_SCHEMA IN ('tugas2')) ORDER BY TABLESPACE_NAME, LOGFILE_GROUP_NAME
		    5 Query	set optimizer_switch=default
		    5 Init DB	tugas2
		    5 Query	show tables
		    5 Query	LOCK TABLES `dosen_pembimbing` READ /*!32311 LOCAL */,`mahasiswa_penguji` READ /*!32311 LOCAL */,`mahasiswa_prodi` READ /*!32311 LOCAL */,`seminar_mahasiswa` READ /*!32311 LOCAL */,`skripsi_mahasiswa` READ /*!32311 LOCAL */,`tdosen` READ /*!32311 LOCAL */,`tmahasiswa` READ /*!32311 LOCAL */,`tnilai` READ /*!32311 LOCAL */,`tpembimbing` READ /*!32311 LOCAL */,`tpenguji` READ /*!32311 LOCAL */,`tprodi` READ /*!32311 LOCAL */,`tsemester` READ /*!32311 LOCAL */,`tseminar` READ /*!32311 LOCAL */,`tsidang` READ /*!32311 LOCAL */,`tsk_pembimbing` READ /*!32311 LOCAL */,`tskripsi` READ /*!32311 LOCAL */,`untitled` READ /*!32311 LOCAL */
		    5 Query	SELECT engine FROM INFORMATION_SCHEMA.TABLES WHERE table_schema = DATABASE() AND table_name = 'dosen_pembimbing'
		    5 Query	SET SQL_QUOTE_SHOW_CREATE=1
		    5 Query	SET SESSION character_set_results = 'binary'
		    5 Query	show create table `dosen_pembimbing`
		    5 Query	SET SESSION character_set_results = 'utf8'
		    5 Query	show fields from `dosen_pembimbing`
		    5 Query	SELECT /*!40001 SQL_NO_CACHE */ * FROM `dosen_pembimbing`
		    5 Query	SET SESSION character_set_results = 'binary'
		    5 Init DB	tugas2
		    5 Query	select @@collation_database
		    5 Query	SELECT TRIGGER_NAME FROM INFORMATION_SCHEMA.TRIGGERS WHERE EVENT_OBJECT_SCHEMA = DATABASE() AND EVENT_OBJECT_TABLE = 'dosen_pembimbing'
		    5 Query	SET SESSION character_set_results = 'utf8'
		    5 Query	SELECT engine FROM INFORMATION_SCHEMA.TABLES WHERE table_schema = DATABASE() AND table_name = 'mahasiswa_penguji'
		    5 Query	SET SQL_QUOTE_SHOW_CREATE=1
		    5 Query	SET SESSION character_set_results = 'binary'
		    5 Query	show create table `mahasiswa_penguji`
		    5 Query	SET SESSION character_set_results = 'utf8'
		    5 Query	show fields from `mahasiswa_penguji`
		    5 Query	SELECT /*!40001 SQL_NO_CACHE */ * FROM `mahasiswa_penguji`
		    5 Query	SET SESSION character_set_results = 'binary'
		    5 Init DB	tugas2
		    5 Query	select @@collation_database
		    5 Query	SELECT TRIGGER_NAME FROM INFORMATION_SCHEMA.TRIGGERS WHERE EVENT_OBJECT_SCHEMA = DATABASE() AND EVENT_OBJECT_TABLE = 'mahasiswa_penguji'
		    5 Query	SET SESSION character_set_results = 'utf8'
		    5 Query	SELECT engine FROM INFORMATION_SCHEMA.TABLES WHERE table_schema = DATABASE() AND table_name = 'mahasiswa_prodi'
		    5 Query	SET SQL_QUOTE_SHOW_CREATE=1
		    5 Query	SET SESSION character_set_results = 'binary'
		    5 Query	show create table `mahasiswa_prodi`
		    5 Query	SET SESSION character_set_results = 'utf8'
		    5 Query	show fields from `mahasiswa_prodi`
		    5 Query	SELECT /*!40001 SQL_NO_CACHE */ * FROM `mahasiswa_prodi`
		    5 Query	SET SESSION character_set_results = 'binary'
		    5 Init DB	tugas2
		    5 Query	select @@collation_database
		    5 Query	SELECT TRIGGER_NAME FROM INFORMATION_SCHEMA.TRIGGERS WHERE EVENT_OBJECT_SCHEMA = DATABASE() AND EVENT_OBJECT_TABLE = 'mahasiswa_prodi'
		    5 Query	SET SESSION character_set_results = 'utf8'
		    5 Query	SELECT engine FROM INFORMATION_SCHEMA.TABLES WHERE table_schema = DATABASE() AND table_name = 'seminar_mahasiswa'
		    5 Query	SET SQL_QUOTE_SHOW_CREATE=1
		    5 Query	SET SESSION character_set_results = 'binary'
		    5 Query	show create table `seminar_mahasiswa`
		    5 Query	SET SESSION character_set_results = 'utf8'
		    5 Query	show fields from `seminar_mahasiswa`
		    5 Query	SELECT /*!40001 SQL_NO_CACHE */ * FROM `seminar_mahasiswa`
		    5 Query	SET SESSION character_set_results = 'binary'
		    5 Init DB	tugas2
		    5 Query	select @@collation_database
		    5 Query	SELECT TRIGGER_NAME FROM INFORMATION_SCHEMA.TRIGGERS WHERE EVENT_OBJECT_SCHEMA = DATABASE() AND EVENT_OBJECT_TABLE = 'seminar_mahasiswa'
		    5 Query	SET SESSION character_set_results = 'utf8'
		    5 Query	SELECT engine FROM INFORMATION_SCHEMA.TABLES WHERE table_schema = DATABASE() AND table_name = 'skripsi_mahasiswa'
		    5 Query	SET SQL_QUOTE_SHOW_CREATE=1
		    5 Query	SET SESSION character_set_results = 'binary'
		    5 Query	show create table `skripsi_mahasiswa`
		    5 Query	SET SESSION character_set_results = 'utf8'
		    5 Query	show fields from `skripsi_mahasiswa`
		    5 Query	SELECT /*!40001 SQL_NO_CACHE */ * FROM `skripsi_mahasiswa`
		    5 Query	SET SESSION character_set_results = 'binary'
		    5 Init DB	tugas2
		    5 Query	select @@collation_database
		    5 Query	SELECT TRIGGER_NAME FROM INFORMATION_SCHEMA.TRIGGERS WHERE EVENT_OBJECT_SCHEMA = DATABASE() AND EVENT_OBJECT_TABLE = 'skripsi_mahasiswa'
		    5 Query	SET SESSION character_set_results = 'utf8'
		    5 Query	SELECT engine FROM INFORMATION_SCHEMA.TABLES WHERE table_schema = DATABASE() AND table_name = 'tdosen'
		    5 Query	SET SQL_QUOTE_SHOW_CREATE=1
		    5 Query	SET SESSION character_set_results = 'binary'
		    5 Query	show create table `tdosen`
		    5 Query	SET SESSION character_set_results = 'utf8'
		    5 Query	show fields from `tdosen`
		    5 Query	SELECT /*!40001 SQL_NO_CACHE */ * FROM `tdosen`
		    5 Query	SET SESSION character_set_results = 'binary'
		    5 Init DB	tugas2
		    5 Query	select @@collation_database
		    5 Query	SELECT TRIGGER_NAME FROM INFORMATION_SCHEMA.TRIGGERS WHERE EVENT_OBJECT_SCHEMA = DATABASE() AND EVENT_OBJECT_TABLE = 'tdosen'
		    5 Query	SET SESSION character_set_results = 'utf8'
		    5 Query	SELECT engine FROM INFORMATION_SCHEMA.TABLES WHERE table_schema = DATABASE() AND table_name = 'tmahasiswa'
		    5 Query	SET SQL_QUOTE_SHOW_CREATE=1
		    5 Query	SET SESSION character_set_results = 'binary'
		    5 Query	show create table `tmahasiswa`
		    5 Query	SET SESSION character_set_results = 'utf8'
		    5 Query	show fields from `tmahasiswa`
		    5 Query	SELECT /*!40001 SQL_NO_CACHE */ * FROM `tmahasiswa`
		    5 Query	SET SESSION character_set_results = 'binary'
		    5 Init DB	tugas2
		    5 Query	select @@collation_database
		    5 Query	SELECT TRIGGER_NAME FROM INFORMATION_SCHEMA.TRIGGERS WHERE EVENT_OBJECT_SCHEMA = DATABASE() AND EVENT_OBJECT_TABLE = 'tmahasiswa'
		    5 Query	SET SESSION character_set_results = 'utf8'
		    5 Query	SELECT engine FROM INFORMATION_SCHEMA.TABLES WHERE table_schema = DATABASE() AND table_name = 'tnilai'
		    5 Query	SET SQL_QUOTE_SHOW_CREATE=1
		    5 Query	SET SESSION character_set_results = 'binary'
		    5 Query	show create table `tnilai`
		    5 Query	SET SESSION character_set_results = 'utf8'
		    5 Query	show fields from `tnilai`
191012 20:26:53	    5 Query	SELECT /*!40001 SQL_NO_CACHE */ * FROM `tnilai`
		    5 Query	SET SESSION character_set_results = 'binary'
		    5 Init DB	tugas2
		    5 Query	select @@collation_database
		    5 Query	SELECT TRIGGER_NAME FROM INFORMATION_SCHEMA.TRIGGERS WHERE EVENT_OBJECT_SCHEMA = DATABASE() AND EVENT_OBJECT_TABLE = 'tnilai'
		    5 Query	SET SESSION character_set_results = 'utf8'
		    5 Query	SELECT engine FROM INFORMATION_SCHEMA.TABLES WHERE table_schema = DATABASE() AND table_name = 'tpembimbing'
		    5 Query	SET SQL_QUOTE_SHOW_CREATE=1
		    5 Query	SET SESSION character_set_results = 'binary'
		    5 Query	show create table `tpembimbing`
		    5 Query	SET SESSION character_set_results = 'utf8'
		    5 Query	show fields from `tpembimbing`
		    5 Query	SELECT /*!40001 SQL_NO_CACHE */ * FROM `tpembimbing`
		    5 Query	SET SESSION character_set_results = 'binary'
		    5 Init DB	tugas2
		    5 Query	select @@collation_database
		    5 Query	SELECT TRIGGER_NAME FROM INFORMATION_SCHEMA.TRIGGERS WHERE EVENT_OBJECT_SCHEMA = DATABASE() AND EVENT_OBJECT_TABLE = 'tpembimbing'
		    5 Query	SET SESSION character_set_results = 'utf8'
		    5 Query	SELECT engine FROM INFORMATION_SCHEMA.TABLES WHERE table_schema = DATABASE() AND table_name = 'tpenguji'
		    5 Query	SET SQL_QUOTE_SHOW_CREATE=1
		    5 Query	SET SESSION character_set_results = 'binary'
		    5 Query	show create table `tpenguji`
		    5 Query	SET SESSION character_set_results = 'utf8'
		    5 Query	show fields from `tpenguji`
		    5 Query	SELECT /*!40001 SQL_NO_CACHE */ * FROM `tpenguji`
		    5 Query	SET SESSION character_set_results = 'binary'
		    5 Init DB	tugas2
		    5 Query	select @@collation_database
		    5 Query	SELECT TRIGGER_NAME FROM INFORMATION_SCHEMA.TRIGGERS WHERE EVENT_OBJECT_SCHEMA = DATABASE() AND EVENT_OBJECT_TABLE = 'tpenguji'
		    5 Query	SET SESSION character_set_results = 'utf8'
		    5 Query	SELECT engine FROM INFORMATION_SCHEMA.TABLES WHERE table_schema = DATABASE() AND table_name = 'tprodi'
		    5 Query	SET SQL_QUOTE_SHOW_CREATE=1
		    5 Query	SET SESSION character_set_results = 'binary'
		    5 Query	show create table `tprodi`
		    5 Query	SET SESSION character_set_results = 'utf8'
		    5 Query	show fields from `tprodi`
		    5 Query	SELECT /*!40001 SQL_NO_CACHE */ * FROM `tprodi`
		    5 Query	SET SESSION character_set_results = 'binary'
		    5 Init DB	tugas2
		    5 Query	select @@collation_database
		    5 Query	SELECT TRIGGER_NAME FROM INFORMATION_SCHEMA.TRIGGERS WHERE EVENT_OBJECT_SCHEMA = DATABASE() AND EVENT_OBJECT_TABLE = 'tprodi'
		    5 Query	SET SESSION character_set_results = 'utf8'
		    5 Query	SELECT engine FROM INFORMATION_SCHEMA.TABLES WHERE table_schema = DATABASE() AND table_name = 'tsemester'
		    5 Query	SET SQL_QUOTE_SHOW_CREATE=1
		    5 Query	SET SESSION character_set_results = 'binary'
		    5 Query	show create table `tsemester`
		    5 Query	SET SESSION character_set_results = 'utf8'
		    5 Query	show fields from `tsemester`
		    5 Query	SELECT /*!40001 SQL_NO_CACHE */ * FROM `tsemester`
		    5 Query	SET SESSION character_set_results = 'binary'
		    5 Init DB	tugas2
		    5 Query	select @@collation_database
		    5 Query	SELECT TRIGGER_NAME FROM INFORMATION_SCHEMA.TRIGGERS WHERE EVENT_OBJECT_SCHEMA = DATABASE() AND EVENT_OBJECT_TABLE = 'tsemester'
		    5 Query	SET SESSION character_set_results = 'utf8'
		    5 Query	SELECT engine FROM INFORMATION_SCHEMA.TABLES WHERE table_schema = DATABASE() AND table_name = 'tseminar'
		    5 Query	SET SQL_QUOTE_SHOW_CREATE=1
		    5 Query	SET SESSION character_set_results = 'binary'
		    5 Query	show create table `tseminar`
		    5 Query	SET SESSION character_set_results = 'utf8'
		    5 Query	show fields from `tseminar`
		    5 Query	SELECT /*!40001 SQL_NO_CACHE */ * FROM `tseminar`
		    5 Query	SET SESSION character_set_results = 'binary'
		    5 Init DB	tugas2
		    5 Query	select @@collation_database
		    5 Query	SELECT TRIGGER_NAME FROM INFORMATION_SCHEMA.TRIGGERS WHERE EVENT_OBJECT_SCHEMA = DATABASE() AND EVENT_OBJECT_TABLE = 'tseminar'
		    5 Query	SET SESSION character_set_results = 'utf8'
		    5 Query	SELECT engine FROM INFORMATION_SCHEMA.TABLES WHERE table_schema = DATABASE() AND table_name = 'tsidang'
		    5 Query	SET SQL_QUOTE_SHOW_CREATE=1
		    5 Query	SET SESSION character_set_results = 'binary'
		    5 Query	show create table `tsidang`
		    5 Query	SET SESSION character_set_results = 'utf8'
		    5 Query	show fields from `tsidang`
		    5 Query	SELECT /*!40001 SQL_NO_CACHE */ * FROM `tsidang`
		    5 Query	SET SESSION character_set_results = 'binary'
		    5 Init DB	tugas2
		    5 Query	select @@collation_database
		    5 Query	SELECT TRIGGER_NAME FROM INFORMATION_SCHEMA.TRIGGERS WHERE EVENT_OBJECT_SCHEMA = DATABASE() AND EVENT_OBJECT_TABLE = 'tsidang'
		    5 Query	SET SESSION character_set_results = 'utf8'
		    5 Query	SELECT engine FROM INFORMATION_SCHEMA.TABLES WHERE table_schema = DATABASE() AND table_name = 'tsk_pembimbing'
		    5 Query	SET SQL_QUOTE_SHOW_CREATE=1
		    5 Query	SET SESSION character_set_results = 'binary'
		    5 Query	show create table `tsk_pembimbing`
		    5 Query	SET SESSION character_set_results = 'utf8'
		    5 Query	show fields from `tsk_pembimbing`
		    5 Query	SELECT /*!40001 SQL_NO_CACHE */ * FROM `tsk_pembimbing`
		    5 Query	SET SESSION character_set_results = 'binary'
		    5 Init DB	tugas2
		    5 Query	select @@collation_database
		    5 Query	SELECT TRIGGER_NAME FROM INFORMATION_SCHEMA.TRIGGERS WHERE EVENT_OBJECT_SCHEMA = DATABASE() AND EVENT_OBJECT_TABLE = 'tsk_pembimbing'
		    5 Query	SET SESSION character_set_results = 'utf8'
		    5 Query	SELECT engine FROM INFORMATION_SCHEMA.TABLES WHERE table_schema = DATABASE() AND table_name = 'tskripsi'
		    5 Query	SET SQL_QUOTE_SHOW_CREATE=1
		    5 Query	SET SESSION character_set_results = 'binary'
		    5 Query	show create table `tskripsi`
		    5 Query	SET SESSION character_set_results = 'utf8'
		    5 Query	show fields from `tskripsi`
		    5 Query	SELECT /*!40001 SQL_NO_CACHE */ * FROM `tskripsi`
		    5 Query	SET SESSION character_set_results = 'binary'
		    5 Init DB	tugas2
		    5 Query	select @@collation_database
		    5 Query	SELECT TRIGGER_NAME FROM INFORMATION_SCHEMA.TRIGGERS WHERE EVENT_OBJECT_SCHEMA = DATABASE() AND EVENT_OBJECT_TABLE = 'tskripsi'
		    5 Query	SET SESSION character_set_results = 'utf8'
		    5 Query	SELECT engine FROM INFORMATION_SCHEMA.TABLES WHERE table_schema = DATABASE() AND table_name = 'untitled'
		    5 Query	SET SQL_QUOTE_SHOW_CREATE=1
		    5 Query	SET SESSION character_set_results = 'binary'
		    5 Query	show create table `untitled`
		    5 Query	SET SESSION character_set_results = 'utf8'
		    5 Query	show fields from `untitled`
		    5 Query	SELECT /*!40001 SQL_NO_CACHE */ * FROM `untitled`
		    5 Query	SET SESSION character_set_results = 'binary'
		    5 Init DB	tugas2
		    5 Query	select @@collation_database
		    5 Query	SELECT TRIGGER_NAME FROM INFORMATION_SCHEMA.TRIGGERS WHERE EVENT_OBJECT_SCHEMA = DATABASE() AND EVENT_OBJECT_TABLE = 'untitled'
		    5 Query	SET SESSION character_set_results = 'utf8'
		    5 Query	UNLOCK TABLES
		    5 Quit	
191012 20:28:32	    6 Connect	root@localhost as anonymous on 
		    6 Query	/*!40100 SET @@SQL_MODE='' */
		    6 Query	/*!40103 SET TIME_ZONE='+00:00' */
		    6 Query	set optimizer_switch='semijoin=off'
		    6 Query	SELECT LOGFILE_GROUP_NAME, FILE_NAME, TOTAL_EXTENTS, INITIAL_SIZE, ENGINE, EXTRA FROM INFORMATION_SCHEMA.FILES WHERE FILE_TYPE = 'UNDO LOG' AND FILE_NAME IS NOT NULL AND LOGFILE_GROUP_NAME IN (SELECT DISTINCT LOGFILE_GROUP_NAME FROM INFORMATION_SCHEMA.FILES WHERE FILE_TYPE = 'DATAFILE' AND TABLESPACE_NAME IN (SELECT DISTINCT TABLESPACE_NAME FROM INFORMATION_SCHEMA.PARTITIONS WHERE TABLE_SCHEMA IN ('tugas1'))) GROUP BY LOGFILE_GROUP_NAME, FILE_NAME, ENGINE ORDER BY LOGFILE_GROUP_NAME
		    6 Query	SELECT DISTINCT TABLESPACE_NAME, FILE_NAME, LOGFILE_GROUP_NAME, EXTENT_SIZE, INITIAL_SIZE, ENGINE FROM INFORMATION_SCHEMA.FILES WHERE FILE_TYPE = 'DATAFILE' AND TABLESPACE_NAME IN (SELECT DISTINCT TABLESPACE_NAME FROM INFORMATION_SCHEMA.PARTITIONS WHERE TABLE_SCHEMA IN ('tugas1')) ORDER BY TABLESPACE_NAME, LOGFILE_GROUP_NAME
		    6 Query	set optimizer_switch=default
		    6 Init DB	tugas1
		    6 Query	show tables
		    6 Query	LOCK TABLES `tb_mahasiswa` READ /*!32311 LOCAL */,`tb_matakuliah` READ /*!32311 LOCAL */
		    6 Query	SELECT engine FROM INFORMATION_SCHEMA.TABLES WHERE table_schema = DATABASE() AND table_name = 'tb_mahasiswa'
		    6 Query	SET SQL_QUOTE_SHOW_CREATE=1
		    6 Query	SET SESSION character_set_results = 'binary'
		    6 Query	show create table `tb_mahasiswa`
		    6 Query	SET SESSION character_set_results = 'utf8'
		    6 Query	show fields from `tb_mahasiswa`
		    6 Query	SELECT /*!40001 SQL_NO_CACHE */ * FROM `tb_mahasiswa`
		    6 Query	SET SESSION character_set_results = 'binary'
		    6 Init DB	tugas1
		    6 Query	select @@collation_database
		    6 Query	SELECT TRIGGER_NAME FROM INFORMATION_SCHEMA.TRIGGERS WHERE EVENT_OBJECT_SCHEMA = DATABASE() AND EVENT_OBJECT_TABLE = 'tb_mahasiswa'
		    6 Query	SET SESSION character_set_results = 'utf8'
		    6 Query	SELECT engine FROM INFORMATION_SCHEMA.TABLES WHERE table_schema = DATABASE() AND table_name = 'tb_matakuliah'
		    6 Query	SET SQL_QUOTE_SHOW_CREATE=1
		    6 Query	SET SESSION character_set_results = 'binary'
		    6 Query	show create table `tb_matakuliah`
		    6 Query	SET SESSION character_set_results = 'utf8'
		    6 Query	show fields from `tb_matakuliah`
		    6 Query	SELECT /*!40001 SQL_NO_CACHE */ * FROM `tb_matakuliah`
		    6 Query	SET SESSION character_set_results = 'binary'
		    6 Init DB	tugas1
		    6 Query	select @@collation_database
		    6 Query	SELECT TRIGGER_NAME FROM INFORMATION_SCHEMA.TRIGGERS WHERE EVENT_OBJECT_SCHEMA = DATABASE() AND EVENT_OBJECT_TABLE = 'tb_matakuliah'
		    6 Query	SET SESSION character_set_results = 'utf8'
		    6 Query	UNLOCK TABLES
		    6 Quit	
